Log file open, 04/28/19 18:04:37
LogWindows: Failed to load 'aqProf.dll' (GetLastError=126)
LogWindows: File 'aqProf.dll' does not exist
LogWindows: Failed to load 'VSPerf140.dll' (GetLastError=126)
LogWindows: File 'VSPerf140.dll' does not exist
LogWindows: Failed to load 'VtuneApi.dll' (GetLastError=126)
LogWindows: File 'VtuneApi.dll' does not exist
LogWindows: Failed to load 'VtuneApi32e.dll' (GetLastError=126)
LogWindows: File 'VtuneApi32e.dll' does not exist
LogInit: Display: Running engine for game: LY_ICWhiteBox
LogPlatformFile: Not using cached read wrapper
LogTaskGraph: Started task graph with 5 named threads and 14 total threads with 3 sets of task threads.
LogStats: Stats thread started at 0.198839
LogD3D11RHI: Loaded GFSDK_Aftermath_Lib.x64.dll
LogICUInternationalization: Display: ICU TimeZone Detection - Raw Offset: -7:00, Platform Override: ''
LogPluginManager: Mounting plugin WindowsMoviePlayer
LogPluginManager: Mounting plugin SteamVR
LogPluginManager: Mounting plugin RuntimePhysXCooking
LogPluginManager: Mounting plugin ProceduralMeshComponent
LogPluginManager: Mounting plugin PhysXVehicles
LogPluginManager: Mounting plugin OculusVR
LogPluginManager: Plugin shader directory ../../../Engine/Plugins/Runtime/Oculus/OculusVR/Shaders found
LogPluginManager: Mapping shader source directory ../../../Engine/Plugins/Runtime/Oculus/OculusVR/Shaders to virtual directory /Plugin/OculusVR
LogPluginManager: Mounting plugin MobilePatchingUtils
LogPluginManager: Mounting plugin LocationServicesBPLibrary
LogPluginManager: Mounting plugin LinuxDeviceProfileSelector
LogPluginManager: Mounting plugin IOSDeviceProfileSelector
LogPluginManager: Mounting plugin ImmediatePhysics
LogPluginManager: Mounting plugin GoogleCloudMessaging
LogPluginManager: Mounting plugin ExampleDeviceProfileSelector
LogPluginManager: Mounting plugin EditableMesh
LogPluginManager: Mounting plugin CustomMeshComponent
LogPluginManager: Mounting plugin CableComponent
LogPluginManager: Mounting plugin AudioCapture
LogPluginManager: Mounting plugin ArchVisCharacter
LogPluginManager: Mounting plugin AppleMoviePlayer
LogPluginManager: Mounting plugin AndroidPermission
LogPluginManager: Mounting plugin AndroidMoviePlayer
LogPluginManager: Mounting plugin AndroidDeviceProfileSelector
LogPluginManager: Mounting plugin LauncherChunkInstaller
LogPluginManager: Mounting plugin OnlineSubsystemUtils
LogPluginManager: Mounting plugin OnlineSubsystemNull
LogPluginManager: Mounting plugin OnlineSubsystem
LogPluginManager: Mounting plugin OnlineSubsystemIOS
LogPluginManager: Mounting plugin OnlineSubsystemGooglePlay
LogPluginManager: Mounting plugin NUTUnrealEngine4
LogPluginManager: Mounting plugin NetcodeUnitTest
LogPluginManager: Mounting plugin MatineeToLevelSequence
LogPluginManager: Mounting plugin LevelSequenceEditor
LogPluginManager: Mounting plugin ActorSequence
LogPluginManager: Mounting plugin UdpMessaging
LogPluginManager: Mounting plugin TcpMessaging
LogPluginManager: Mounting plugin WmfMedia
LogPluginManager: Mounting plugin MediaPlayerEditor
LogPluginManager: Mounting plugin MediaCompositing
LogPluginManager: Mounting plugin LinearTimecode
LogPluginManager: Mounting plugin ImgMedia
LogPluginManager: Mounting plugin AvfMedia
LogPluginManager: Mounting plugin AndroidMedia
LogPluginManager: Mounting plugin MagicLeapMedia
LogPluginManager: Mounting plugin MagicLeapEmulator
LogPluginManager: Mounting plugin MagicLeap
LogPluginManager: Mounting plugin ProxyLODPlugin
LogPluginManager: Mounting plugin HTML5Networking
LogPluginManager: Mounting plugin GeometryCache
LogPluginManager: Mounting plugin CharacterAI
LogPluginManager: Mounting plugin BackChannel
LogPluginManager: Mounting plugin AppleVision
LogPluginManager: Mounting plugin AppleImageUtils
LogPluginManager: Mounting plugin AlembicImporter
LogPluginManager: Mounting plugin DatasmithContent
LogPluginManager: Mounting plugin SpeedTreeImporter
LogPluginManager: Mounting plugin PluginBrowser
LogPluginManager: Mounting plugin MobileLauncherProfileWizard
LogPluginManager: Mounting plugin MeshEditor
LogPluginManager: Mounting plugin MacGraphicsSwitching
LogPluginManager: Mounting plugin GameplayTagsEditor
LogPluginManager: Mounting plugin FacialAnimation
LogPluginManager: Mounting plugin DataValidation
LogPluginManager: Mounting plugin CryptoKeys
LogPluginManager: Mounting plugin AssetManagerEditor
LogPluginManager: Mounting plugin XCodeSourceCodeAccess
LogPluginManager: Mounting plugin VisualStudioSourceCodeAccess
LogPluginManager: Mounting plugin VisualStudioCodeSourceCodeAccess
LogPluginManager: Mounting plugin UObjectPlugin
LogPluginManager: Mounting plugin SubversionSourceControl
LogPluginManager: Mounting plugin PerforceSourceControl
LogPluginManager: Mounting plugin NullSourceCodeAccess
LogPluginManager: Mounting plugin KDevelopSourceCodeAccess
LogPluginManager: Mounting plugin GitSourceControl
LogPluginManager: Mounting plugin CodeLiteSourceCodeAccess
LogPluginManager: Mounting plugin CLionSourceCodeAccess
LogPluginManager: Mounting plugin LightPropagationVolume
LogPluginManager: Mounting plugin AISupport
LogPluginManager: Mounting plugin Paper2D
LogStreaming: Display: Took  0.179s to configure plugins.
LogInit: Using libcurl 7.55.1-DEV
LogInit:  - built for x86_64-pc-win32
LogInit:  - supports SSL with OpenSSL/1.0.2h
LogInit:  - supports HTTP deflate (compression) using libz 1.2.8
LogInit:  - other features:
LogInit:      CURL_VERSION_SSL
LogInit:      CURL_VERSION_LIBZ
LogInit:      CURL_VERSION_IPV6
LogInit:      CURL_VERSION_ASYNCHDNS
LogInit:      CURL_VERSION_LARGEFILE
LogInit:      CURL_VERSION_IDN
LogInit:  CurlRequestOptions (configurable via config and command line):
LogInit:  - bVerifyPeer = false  - Libcurl will NOT verify peer certificate
LogInit:  - bUseHttpProxy = false  - Libcurl will NOT use HTTP proxy
LogInit:  - bDontReuseConnections = false  - Libcurl will reuse connections
LogInit:  - CertBundlePath = nullptr  - Libcurl will use whatever was configured at build time.
LogInit:  - MaxHostConnections = 16  - Libcurl will limit the number of connections to a host
LogInit:  - LocalHostAddr = Default
LogInit:  - BufferSize = 65536
LogInit: WinSock: version 1.1 (2.2), MaxSocks=32767, MaxUdp=65467
LogInit: Build: ++UE4+Release-4.20-CL-4369336
LogInit: Engine Version: 4.20.3-4369336+++UE4+Release-4.20
LogInit: Compatible Engine Version: 4.20.0-4212847+++UE4+Release-4.20
LogInit: Net CL: 4212847
LogInit: OS: Windows 10 (), CPU: Intel(R) Core(TM) i5-7500 CPU @ 3.40GHz, GPU: NVIDIA GeForce GTX 1050
LogInit: Compiled (64-bit): Sep 17 2018 12:26:19
LogInit: Compiled with Visual C++: 19.13.26129.00
LogInit: Build Configuration: Development
LogInit: Branch Name: ++UE4+Release-4.20
LogInit: Command Line: 
LogInit: Base Directory: C:/Programs/Epic Games/UE_4.20/Engine/Binaries/Win64/
LogInit: Installed Engine Build: 1
LogDevObjectVersion: Number of dev versions registered: 20
LogDevObjectVersion:   Dev-Blueprints (B0D832E4-1F89-4F0D-ACCF-7EB736FD4AA2): 10
LogDevObjectVersion:   Dev-Build (E1C64328-A22C-4D53-A36C-8E866417BD8C): 0
LogDevObjectVersion:   Dev-Core (375EC13C-06E4-48FB-B500-84F0262A717E): 2
LogDevObjectVersion:   Dev-Editor (E4B068ED-F494-42E9-A231-DA0B2E46BB41): 24
LogDevObjectVersion:   Dev-Framework (CFFC743F-43B0-4480-9391-14DF171D2073): 34
LogDevObjectVersion:   Dev-Mobile (B02B49B5-BB20-44E9-A304-32B752E40360): 2
LogDevObjectVersion:   Dev-Networking (A4E4105C-59A1-49B5-A7C5-40C4547EDFEE): 0
LogDevObjectVersion:   Dev-Online (39C831C9-5AE6-47DC-9A44-9C173E1C8E7C): 0
LogDevObjectVersion:   Dev-Physics (78F01B33-EBEA-4F98-B9B4-84EACCB95AA2): 0
LogDevObjectVersion:   Dev-Platform (6631380F-2D4D-43E0-8009-CF276956A95A): 0
LogDevObjectVersion:   Dev-Rendering (12F88B9F-8875-4AFC-A67C-D90C383ABD29): 26
LogDevObjectVersion:   Dev-Sequencer (7B5AE74C-D270-4C10-A958-57980B212A5A): 9
LogDevObjectVersion:   Dev-VR (D7296918-1DD6-4BDD-9DE2-64A83CC13884): 2
LogDevObjectVersion:   Dev-LoadTimes (C2A15278-BFE7-4AFE-6C17-90FF531DF755): 1
LogDevObjectVersion:   Private-Geometry (6EACA3D4-40EC-4CC1-B786-8BED09428FC5): 3
LogDevObjectVersion:   Dev-AnimPhys (29E575DD-E0A3-4627-9D10-D276232CDCEA): 17
LogDevObjectVersion:   Dev-ReflectionCapture (6B266CEC-1EC7-4B8F-A30B-E4D90942FC07): 1
LogDevObjectVersion:   Dev-Automation (0DF73D61-A23F-47EA-B727-89E90C41499A): 1
LogDevObjectVersion:   FortniteMain (601D1886-AC64-4F84-AA16-D3DE0DEAC7D6): 12
LogDevObjectVersion:   Dev-Enterprise (9DFFBCD6-494F-0158-E221-12823C92A888): 1
LogStreaming: Display: Took  0.009s to delete old logs.
LogInit: Presizing for max 8388607 objects, including 0 objects not considered by GC, pre-allocating 0 bytes for permanent pool.
LogInit: Object subsystem initialized
[2019.04.29-00.04.38:356][  0]LogInit: Selected Device Profile: [Windows]
[2019.04.29-00.04.38:356][  0]LogInit: Applying CVar settings loaded from the selected device profile: [Windows]
[2019.04.29-00.04.38:365][  0]LogHAL: Display: Platform has ~ 8 GB [8546639872 / 8589934592 / 8], which maps to Default [LargestMinGB=32, LargerMinGB=12, DefaultMinGB=8, SmallerMinGB=6, SmallestMinGB=0)
[2019.04.29-00.04.38:365][  0]LogInit: Setting Device Profile CVar: [[r.Vulkan.UseRealUBs:1]]
[2019.04.29-00.04.38:365][  0]LogInit: Going up to parent DeviceProfile []
[2019.04.29-00.04.38:366][  0]LogInit: Computer: MLPC-KC97
[2019.04.29-00.04.38:366][  0]LogInit: User: u6004915
[2019.04.29-00.04.38:366][  0]LogInit: CPU Page size=4096, Cores=4
[2019.04.29-00.04.38:366][  0]LogInit: High frequency timer resolution =3.328130 MHz
[2019.04.29-00.04.38:366][  0]LogMemory: Memory total: Physical=8.0GB (8GB approx)
[2019.04.29-00.04.38:366][  0]LogMemory: Platform Memory Stats for Windows
[2019.04.29-00.04.38:366][  0]LogMemory: Process Physical Memory: 100.66 MB used, 100.66 MB peak
[2019.04.29-00.04.38:366][  0]LogMemory: Process Virtual Memory: 84.35 MB used, 84.35 MB peak
[2019.04.29-00.04.38:366][  0]LogMemory: Physical Memory: 4173.48 MB used,  3977.23 MB free, 8150.71 MB total
[2019.04.29-00.04.38:366][  0]LogMemory: Virtual Memory: 4620.66 MB used,  3977.23 MB free, 134217728.00 MB total
[2019.04.29-00.04.38:448][  0]LogInit: Using OS detected language (en-US).
[2019.04.29-00.04.38:448][  0]LogInit: Using OS detected locale (en-US).
[2019.04.29-00.04.38:450][  0]LogTextLocalizationManager: No specific localization for 'en-US' exists, so the 'en' localization will be used.
[2019.04.29-00.04.38:869][  0]LogStreaming: Display: Took  0.420s to InitEngineTextLocalization.
[2019.04.29-00.04.38:869][  0]LogInit: Setting process to per monitor DPI aware
[2019.04.29-00.04.38:910][  0]LogSlate: New Slate User Created.  User Index 0, Is Virtual User: 0
[2019.04.29-00.04.38:910][  0]LogSlate: Slate User Registered.  User Index 0, Is Virtual User: 0
[2019.04.29-00.04.39:407][  0]LogHMD: Failed to initialize OpenVR with code 110
[2019.04.29-00.04.39:407][  0]LogD3D11RHI: D3D11 adapters:
[2019.04.29-00.04.39:463][  0]LogD3D11RHI:    0. 'NVIDIA GeForce GTX 1050' (Feature Level 11_0)
[2019.04.29-00.04.39:463][  0]LogD3D11RHI:       1987/0/4075 MB DedicatedVideo/DedicatedSystem/SharedSystem, Outputs:2, VendorId:0x10de
[2019.04.29-00.04.39:466][  0]LogD3D11RHI:    1. 'Microsoft Basic Render Driver' (Feature Level 11_0)
[2019.04.29-00.04.39:466][  0]LogD3D11RHI:       0/0/4075 MB DedicatedVideo/DedicatedSystem/SharedSystem, Outputs:0, VendorId:0x1414
[2019.04.29-00.04.39:466][  0]LogD3D11RHI: Chosen D3D11 Adapter: 0
[2019.04.29-00.04.39:471][  0]LogD3D11RHI: Creating new Direct3DDevice
[2019.04.29-00.04.39:471][  0]LogD3D11RHI:     GPU DeviceId: 0x1c81 (for the marketing name, search the web for "GPU Device Id")
[2019.04.29-00.04.39:471][  0]LogWindows: EnumDisplayDevices:
[2019.04.29-00.04.39:471][  0]LogWindows:    0. 'NVIDIA GeForce GTX 1050' (P:1 D:1)
[2019.04.29-00.04.39:472][  0]LogWindows:    1. 'NVIDIA GeForce GTX 1050' (P:0 D:1)
[2019.04.29-00.04.39:473][  0]LogWindows:    2. 'NVIDIA GeForce GTX 1050' (P:0 D:0)
[2019.04.29-00.04.39:474][  0]LogWindows:    3. 'NVIDIA GeForce GTX 1050' (P:0 D:0)
[2019.04.29-00.04.39:475][  0]LogWindows: DebugString: FoundDriverCount:4 
[2019.04.29-00.04.39:475][  0]LogD3D11RHI:     Adapter Name: NVIDIA GeForce GTX 1050
[2019.04.29-00.04.39:475][  0]LogD3D11RHI:   Driver Version: 388.71 (internal:23.21.13.8871, unified:388.71)
[2019.04.29-00.04.39:475][  0]LogD3D11RHI:      Driver Date: 12-15-2017
[2019.04.29-00.04.39:475][  0]LogRHI: Texture pool is 1391 MB (70% of 1987 MB)
[2019.04.29-00.04.39:499][  0]LogD3D11RHI: Async texture creation enabled
[2019.04.29-00.04.39:509][  0]LogD3D11RHI: GPU Timing Frequency: 1000.000000 (Debug: 2 1)
[2019.04.29-00.04.39:534][  0]LogWindowsTextInputMethodSystem: Display: IME system now deactivated.
[2019.04.29-00.04.41:326][  0]LogWindowsTextInputMethodSystem: Display: IME system now deactivated.
[2019.04.29-00.04.41:326][  0]LogWindowsTextInputMethodSystem: Display: IME system now deactivated.
[2019.04.29-00.04.41:327][  0]LogShaderCompilers: Guid format shader working directory is -31 characters bigger than the processId version (../../../../../../Users/u6004915/Documents/GitHub/LY_AssetPipeline/LY_ICWhiteBox/Intermediate/Shaders/WorkingDirectory/7980/).
[2019.04.29-00.04.41:327][  0]LogShaderCompilers: Cleaned the shader compiler working directory 'C:/Users/u6004915/AppData/Local/Temp/UnrealShaderWorkingDir/81337D3545629678F7B8ECAE08C893C6/'.
[2019.04.29-00.04.42:994][  0]LogTemp: Display: Loaded TP AllDesktopTargetPlatform
[2019.04.29-00.04.43:010][  0]LogTemp: Display: Loaded TP MacClientTargetPlatform
[2019.04.29-00.04.43:025][  0]LogTemp: Display: Loaded TP MacNoEditorTargetPlatform
[2019.04.29-00.04.43:039][  0]LogTemp: Display: Loaded TP MacServerTargetPlatform
[2019.04.29-00.04.43:054][  0]LogTemp: Display: Loaded TP MacTargetPlatform
[2019.04.29-00.04.43:068][  0]LogTemp: Display: Loaded TP WindowsClientTargetPlatform
[2019.04.29-00.04.43:082][  0]LogTemp: Display: Loaded TP WindowsNoEditorTargetPlatform
[2019.04.29-00.04.43:097][  0]LogTemp: Display: Loaded TP WindowsServerTargetPlatform
[2019.04.29-00.04.43:104][  0]LogTemp: Display: Loaded TP WindowsTargetPlatform
[2019.04.29-00.04.43:112][  0]LogWindows: Failed to load 'C:/Programs/Epic Games/UE_4.20/Engine/Binaries/Win64/Lumin/UE4Editor-LuminTargetPlatform.dll' (GetLastError=126)
[2019.04.29-00.04.43:112][  0]LogWindows:   Missing import: UE4Editor-AndroidTargetPlatform.dll
[2019.04.29-00.04.43:113][  0]LogWindows:   Looked in: ../../../Engine/Binaries/Win64
[2019.04.29-00.04.43:113][  0]LogWindows:   Looked in: ../../../../../../Users/u6004915/Documents/GitHub/LY_AssetPipeline/LY_ICWhiteBox/Binaries/Win64
[2019.04.29-00.04.43:113][  0]LogWindows:   Looked in: C:\Users\u6004915\Documents\GitHub\LY_AssetPipeline\LY_ICWhiteBox\Binaries\Win64
[2019.04.29-00.04.43:113][  0]LogWindows:   Looked in: C:\Programs\Epic Games\UE_4.20\Engine\Plugins\Runtime\WindowsMoviePlayer\Binaries\Win64
[2019.04.29-00.04.43:113][  0]LogWindows:   Looked in: C:\Programs\Epic Games\UE_4.20\Engine\Plugins\Runtime\Steam\SteamVR\Binaries\Win64
[2019.04.29-00.04.43:113][  0]LogWindows:   Looked in: C:\Programs\Epic Games\UE_4.20\Engine\Plugins\Runtime\ProceduralMeshComponent\Binaries\Win64
[2019.04.29-00.04.43:113][  0]LogWindows:   Looked in: C:\Programs\Epic Games\UE_4.20\Engine\Plugins\Runtime\RuntimePhysXCooking\Binaries\Win64
[2019.04.29-00.04.43:113][  0]LogWindows:   Looked in: C:\Programs\Epic Games\UE_4.20\Engine\Plugins\Runtime\PhysXVehicles\Binaries\Win64
[2019.04.29-00.04.43:113][  0]LogWindows:   Looked in: C:\Programs\Epic Games\UE_4.20\Engine\Plugins\Runtime\Oculus\OculusVR\Binaries\Win64
[2019.04.29-00.04.43:113][  0]LogWindows:   Looked in: C:\Programs\Epic Games\UE_4.20\Engine\Plugins\Runtime\MobilePatchingUtils\Binaries\Win64
[2019.04.29-00.04.43:113][  0]LogWindows:   Looked in: C:\Programs\Epic Games\UE_4.20\Engine\Plugins\Runtime\LocationServicesBPLibrary\Binaries\Win64
[2019.04.29-00.04.43:113][  0]LogWindows:   Looked in: C:\Programs\Epic Games\UE_4.20\Engine\Plugins\Runtime\LinuxDeviceProfileSelector\Binaries\Win64
[2019.04.29-00.04.43:113][  0]LogWindows:   Looked in: C:\Programs\Epic Games\UE_4.20\Engine\Plugins\Runtime\IOSDeviceProfileSelector\Binaries\Win64
[2019.04.29-00.04.43:113][  0]LogWindows:   Looked in: C:\Programs\Epic Games\UE_4.20\Engine\Plugins\Runtime\ImmediatePhysics\Binaries\Win64
[2019.04.29-00.04.43:113][  0]LogWindows:   Looked in: C:\Programs\Epic Games\UE_4.20\Engine\Plugins\Runtime\GoogleCloudMessaging\Binaries\Win64
[2019.04.29-00.04.43:113][  0]LogWindows:   Looked in: C:\Programs\Epic Games\UE_4.20\Engine\Plugins\Runtime\ExampleDeviceProfileSelector\Binaries\Win64
[2019.04.29-00.04.43:113][  0]LogWindows:   Looked in: C:\Programs\Epic Games\UE_4.20\Engine\Plugins\Runtime\EditableMesh\Binaries\Win64
[2019.04.29-00.04.43:113][  0]LogWindows:   Looked in: C:\Programs\Epic Games\UE_4.20\Engine\Plugins\Runtime\CustomMeshComponent\Binaries\Win64
[2019.04.29-00.04.43:113][  0]LogWindows:   Looked in: C:\Programs\Epic Games\UE_4.20\Engine\Plugins\Runtime\CableComponent\Binaries\Win64
[2019.04.29-00.04.43:113][  0]LogWindows:   Looked in: C:\Programs\Epic Games\UE_4.20\Engine\Plugins\Runtime\AudioCapture\Binaries\Win64
[2019.04.29-00.04.43:113][  0]LogWindows:   Looked in: C:\Programs\Epic Games\UE_4.20\Engine\Plugins\Runtime\ArchVisCharacter\Binaries\Win64
[2019.04.29-00.04.43:113][  0]LogWindows:   Looked in: C:\Programs\Epic Games\UE_4.20\Engine\Plugins\Runtime\AppleMoviePlayer\Binaries\Win64
[2019.04.29-00.04.43:113][  0]LogWindows:   Looked in: C:\Programs\Epic Games\UE_4.20\Engine\Plugins\Runtime\AndroidPermission\Binaries\Win64
[2019.04.29-00.04.43:113][  0]LogWindows:   Looked in: C:\Programs\Epic Games\UE_4.20\Engine\Plugins\Runtime\AndroidMoviePlayer\Binaries\Win64
[2019.04.29-00.04.43:113][  0]LogWindows:   Looked in: C:\Programs\Epic Games\UE_4.20\Engine\Plugins\Runtime\AndroidDeviceProfileSelector\Binaries\Win64
[2019.04.29-00.04.43:113][  0]LogWindows:   Looked in: C:\Programs\Epic Games\UE_4.20\Engine\Plugins\Portal\LauncherChunkInstaller\Binaries\Win64
[2019.04.29-00.04.43:113][  0]LogWindows:   Looked in: C:\Programs\Epic Games\UE_4.20\Engine\Plugins\Online\OnlineSubsystemUtils\Binaries\Win64
[2019.04.29-00.04.43:113][  0]LogWindows:   Looked in: C:\Programs\Epic Games\UE_4.20\Engine\Plugins\Online\OnlineSubsystem\Binaries\Win64
[2019.04.29-00.04.43:113][  0]LogWindows:   Looked in: C:\Programs\Epic Games\UE_4.20\Engine\Plugins\Online\OnlineSubsystemNull\Binaries\Win64
[2019.04.29-00.04.43:113][  0]LogWindows:   Looked in: C:\Programs\Epic Games\UE_4.20\Engine\Plugins\Online\IOS\OnlineSubsystemIOS\Binaries\Win64
[2019.04.29-00.04.43:113][  0]LogWindows:   Looked in: C:\Programs\Epic Games\UE_4.20\Engine\Plugins\Online\Android\OnlineSubsystemGooglePlay\Binaries\Win64
[2019.04.29-00.04.43:113][  0]LogWindows:   Looked in: C:\Programs\Epic Games\UE_4.20\Engine\Plugins\NetcodeUnitTest\NUTUnrealEngine4\Binaries\Win64
[2019.04.29-00.04.43:113][  0]LogWindows:   Looked in: C:\Programs\Epic Games\UE_4.20\Engine\Plugins\NetcodeUnitTest\NetcodeUnitTest\Binaries\Win64
[2019.04.29-00.04.43:113][  0]LogWindows:   Looked in: C:\Programs\Epic Games\UE_4.20\Engine\Plugins\MovieScene\MatineeToLevelSequence\Binaries\Win64
[2019.04.29-00.04.43:113][  0]LogWindows:   Looked in: C:\Programs\Epic Games\UE_4.20\Engine\Plugins\MovieScene\LevelSequenceEditor\Binaries\Win64
[2019.04.29-00.04.43:113][  0]LogWindows:   Looked in: C:\Programs\Epic Games\UE_4.20\Engine\Plugins\MovieScene\ActorSequence\Binaries\Win64
[2019.04.29-00.04.43:113][  0]LogWindows:   Looked in: C:\Programs\Epic Games\UE_4.20\Engine\Plugins\Messaging\UdpMessaging\Binaries\Win64
[2019.04.29-00.04.43:113][  0]LogWindows:   Looked in: C:\Programs\Epic Games\UE_4.20\Engine\Plugins\Messaging\TcpMessaging\Binaries\Win64
[2019.04.29-00.04.43:113][  0]LogWindows:   Looked in: C:\Programs\Epic Games\UE_4.20\Engine\Plugins\Media\WmfMedia\Binaries\Win64
[2019.04.29-00.04.43:113][  0]LogWindows:   Looked in: C:\Programs\Epic Games\UE_4.20\Engine\Plugins\Media\MediaPlayerEditor\Binaries\Win64
[2019.04.29-00.04.43:113][  0]LogWindows:   Looked in: C:\Programs\Epic Games\UE_4.20\Engine\Plugins\Media\MediaCompositing\Binaries\Win64
[2019.04.29-00.04.43:113][  0]LogWindows:   Looked in: C:\Programs\Epic Games\UE_4.20\Engine\Plugins\Media\LinearTimecode\Binaries\Win64
[2019.04.29-00.04.43:113][  0]LogWindows:   Looked in: C:\Programs\Epic Games\UE_4.20\Engine\Plugins\Media\ImgMedia\Binaries\Win64
[2019.04.29-00.04.43:113][  0]LogWindows:   Looked in: C:\Programs\Epic Games\UE_4.20\Engine\Plugins\Media\AvfMedia\Binaries\Win64
[2019.04.29-00.04.43:113][  0]LogWindows:   Looked in: C:\Programs\Epic Games\UE_4.20\Engine\Plugins\Media\AndroidMedia\Binaries\Win64
[2019.04.29-00.04.43:113][  0]LogWindows:   Looked in: C:\Programs\Epic Games\UE_4.20\Engine\Plugins\Lumin\MagicLeapMedia\Binaries\Win64
[2019.04.29-00.04.43:113][  0]LogWindows:   Looked in: C:\Programs\Epic Games\UE_4.20\Engine\Plugins\Lumin\MagicLeap\Binaries\Win64
[2019.04.29-00.04.43:113][  0]LogWindows:   Looked in: C:\Programs\Epic Games\UE_4.20\Engine\Plugins\Lumin\MagicLeapEmulator\Binaries\Win64
[2019.04.29-00.04.43:113][  0]LogWindows:   Looked in: C:\Programs\Epic Games\UE_4.20\Engine\Plugins\Experimental\ProxyLODPlugin\Binaries\Win64
[2019.04.29-00.04.43:113][  0]LogWindows:   Looked in: C:\Programs\Epic Games\UE_4.20\Engine\Plugins\Experimental\HTML5Networking\Binaries\Win64
[2019.04.29-00.04.43:113][  0]LogWindows:   Looked in: C:\Programs\Epic Games\UE_4.20\Engine\Plugins\Experimental\GeometryCache\Binaries\Win64
[2019.04.29-00.04.43:113][  0]LogWindows:   Looked in: C:\Programs\Epic Games\UE_4.20\Engine\Plugins\Experimental\CharacterAI\Binaries\Win64
[2019.04.29-00.04.43:113][  0]LogWindows:   Looked in: C:\Programs\Epic Games\UE_4.20\Engine\Plugins\Experimental\BackChannel\Binaries\Win64
[2019.04.29-00.04.43:113][  0]LogWindows:   Looked in: C:\Programs\Epic Games\UE_4.20\Engine\Plugins\Experimental\AppleVision\Binaries\Win64
[2019.04.29-00.04.43:113][  0]LogWindows:   Looked in: C:\Programs\Epic Games\UE_4.20\Engine\Plugins\Experimental\AppleImageUtils\Binaries\Win64
[2019.04.29-00.04.43:113][  0]LogWindows:   Looked in: C:\Programs\Epic Games\UE_4.20\Engine\Plugins\Experimental\AlembicImporter\Binaries\Win64
[2019.04.29-00.04.43:113][  0]LogWindows:   Looked in: C:\Programs\Epic Games\UE_4.20\Engine\Plugins\Enterprise\DatasmithContent\Binaries\Win64
[2019.04.29-00.04.43:113][  0]LogWindows:   Looked in: C:\Programs\Epic Games\UE_4.20\Engine\Plugins\Editor\SpeedTreeImporter\Binaries\Win64
[2019.04.29-00.04.43:113][  0]LogWindows:   Looked in: C:\Programs\Epic Games\UE_4.20\Engine\Plugins\Editor\PluginBrowser\Binaries\Win64
[2019.04.29-00.04.43:113][  0]LogWindows:   Looked in: C:\Programs\Epic Games\UE_4.20\Engine\Plugins\Editor\MobileLauncherProfileWizard\Binaries\Win64
[2019.04.29-00.04.43:113][  0]LogWindows:   Looked in: C:\Programs\Epic Games\UE_4.20\Engine\Plugins\Editor\MeshEditor\Binaries\Win64
[2019.04.29-00.04.43:113][  0]LogWindows:   Looked in: C:\Programs\Epic Games\UE_4.20\Engine\Plugins\Editor\MacGraphicsSwitching\Binaries\Win64
[2019.04.29-00.04.43:113][  0]LogWindows:   Looked in: C:\Programs\Epic Games\UE_4.20\Engine\Plugins\Editor\GameplayTagsEditor\Binaries\Win64
[2019.04.29-00.04.43:113][  0]LogWindows:   Looked in: C:\Programs\Epic Games\UE_4.20\Engine\Plugins\Editor\AssetManagerEditor\Binaries\Win64
[2019.04.29-00.04.43:113][  0]LogWindows:   Looked in: C:\Programs\Epic Games\UE_4.20\Engine\Plugins\Editor\FacialAnimation\Binaries\Win64
[2019.04.29-00.04.43:113][  0]LogWindows:   Looked in: C:\Programs\Epic Games\UE_4.20\Engine\Plugins\Editor\DataValidation\Binaries\Win64
[2019.04.29-00.04.43:113][  0]LogWindows:   Looked in: C:\Programs\Epic Games\UE_4.20\Engine\Plugins\Editor\CryptoKeys\Binaries\Win64
[2019.04.29-00.04.43:113][  0]LogWindows:   Looked in: C:\Programs\Epic Games\UE_4.20\Engine\Plugins\Developer\XCodeSourceCodeAccess\Binaries\Win64
[2019.04.29-00.04.43:113][  0]LogWindows:   Looked in: C:\Programs\Epic Games\UE_4.20\Engine\Plugins\Developer\VisualStudioSourceCodeAccess\Binaries\Win64
[2019.04.29-00.04.43:113][  0]LogWindows:   Looked in: C:\Programs\Epic Games\UE_4.20\Engine\Plugins\Developer\VisualStudioCodeSourceCodeAccess\Binaries\Win64
[2019.04.29-00.04.43:113][  0]LogWindows:   Looked in: C:\Programs\Epic Games\UE_4.20\Engine\Plugins\Developer\UObjectPlugin\Binaries\Win64
[2019.04.29-00.04.43:113][  0]LogWindows:   Looked in: C:\Programs\Epic Games\UE_4.20\Engine\Plugins\Developer\SubversionSourceControl\Binaries\Win64
[2019.04.29-00.04.43:113][  0]LogWindows:   Looked in: C:\Programs\Epic Games\UE_4.20\Engine\Plugins\Developer\PerforceSourceControl\Binaries\Win64
[2019.04.29-00.04.43:113][  0]LogWindows:   Looked in: C:\Programs\Epic Games\UE_4.20\Engine\Plugins\Developer\NullSourceCodeAccess\Binaries\Win64
[2019.04.29-00.04.43:113][  0]LogWindows:   Looked in: C:\Programs\Epic Games\UE_4.20\Engine\Plugins\Developer\KDevelopSourceCodeAccess\Binaries\Win64
[2019.04.29-00.04.43:113][  0]LogWindows:   Looked in: C:\Programs\Epic Games\UE_4.20\Engine\Plugins\Developer\GitSourceControl\Binaries\Win64
[2019.04.29-00.04.43:113][  0]LogWindows:   Looked in: C:\Programs\Epic Games\UE_4.20\Engine\Plugins\Developer\CodeLiteSourceCodeAccess\Binaries\Win64
[2019.04.29-00.04.43:113][  0]LogWindows:   Looked in: C:\Programs\Epic Games\UE_4.20\Engine\Plugins\Developer\CLionSourceCodeAccess\Binaries\Win64
[2019.04.29-00.04.43:113][  0]LogWindows:   Looked in: C:\Programs\Epic Games\UE_4.20\Engine\Plugins\Blendables\LightPropagationVolume\Binaries\Win64
[2019.04.29-00.04.43:113][  0]LogWindows:   Looked in: C:\Programs\Epic Games\UE_4.20\Engine\Plugins\AI\AISupport\Binaries\Win64
[2019.04.29-00.04.43:113][  0]LogWindows:   Looked in: C:\Programs\Epic Games\UE_4.20\Engine\Plugins\2D\Paper2D\Binaries\Win64
[2019.04.29-00.04.43:113][  0]LogModuleManager: Warning: ModuleManager: Unable to load module 'C:/Programs/Epic Games/UE_4.20/Engine/Binaries/Win64/Lumin/UE4Editor-LuminTargetPlatform.dll' because the file couldn't be loaded by the OS.
[2019.04.29-00.04.43:126][  0]LogTemp: Display: Loaded TP LinuxClientTargetPlatform
[2019.04.29-00.04.43:139][  0]LogTemp: Display: Loaded TP LinuxNoEditorTargetPlatform
[2019.04.29-00.04.43:152][  0]LogTemp: Display: Loaded TP LinuxServerTargetPlatform
[2019.04.29-00.04.43:168][  0]LogTemp: Display: Loaded TP LinuxTargetPlatform
[2019.04.29-00.04.43:232][  0]LogTemp: Display: Loaded TP IOSTargetPlatform
[2019.04.29-00.04.43:232][  0]LogTemp: Display: Loaded TP IOSTargetPlatform
[2019.04.29-00.04.43:254][  0]LogTemp: Display: Loaded TP TVOSTargetPlatform
[2019.04.29-00.04.43:254][  0]LogTemp: Display: Loaded TP TVOSTargetPlatform
[2019.04.29-00.04.43:257][  0]LogTemp: Display: Loaded TP HTML5TargetPlatform
[2019.04.29-00.04.43:339][  0]LogTemp: Display: Loaded TP AndroidTargetPlatform
[2019.04.29-00.04.43:339][  0]LogTemp: Display: Loaded TP AndroidTargetPlatform
[2019.04.29-00.04.43:339][  0]LogTemp: Display: Loaded TP AndroidTargetPlatform
[2019.04.29-00.04.43:339][  0]LogTemp: Display: Loaded TP AndroidTargetPlatform
[2019.04.29-00.04.43:339][  0]LogTemp: Display: Loaded TP AndroidTargetPlatform
[2019.04.29-00.04.43:339][  0]LogTemp: Display: Loaded TP AndroidTargetPlatform
[2019.04.29-00.04.43:339][  0]LogTemp: Display: Loaded TP AndroidTargetPlatform
[2019.04.29-00.04.43:339][  0]LogTemp: Display: Loaded TP AndroidTargetPlatform
[2019.04.29-00.04.43:339][  0]LogTemp: Display: Loaded TP AndroidTargetPlatform
[2019.04.29-00.04.43:339][  0]LogTemp: Display: Loaded TP AndroidTargetPlatform
[2019.04.29-00.04.43:339][  0]LogTemp: Display: Loaded TP AndroidTargetPlatform
[2019.04.29-00.04.43:339][  0]LogTemp: Display: Loaded TP AndroidTargetPlatform
[2019.04.29-00.04.43:339][  0]LogTemp: Display: Loaded TP AndroidTargetPlatform
[2019.04.29-00.04.43:339][  0]LogTemp: Display: Loaded TP AndroidTargetPlatform
[2019.04.29-00.04.43:339][  0]LogTemp: Display: Loaded TP AndroidTargetPlatform
[2019.04.29-00.04.43:339][  0]LogTemp: Display: Loaded TP AndroidTargetPlatform
[2019.04.29-00.04.43:339][  0]LogTemp: Display: Loaded TP AndroidTargetPlatform
[2019.04.29-00.04.43:339][  0]LogTemp: Display: Loaded TP AndroidTargetPlatform
[2019.04.29-00.04.43:339][  0]LogTargetPlatformManager: Display: Building Assets For Windows
[2019.04.29-00.04.43:427][  0]LogXGEController: Cleaning working directory: C:/Users/u6004915/AppData/Local/Temp/UnrealXGEWorkingDir/
[2019.04.29-00.04.43:428][  0]LogXGEController: Cannot use XGE Controller as Incredibuild is not installed on this machine.
[2019.04.29-00.04.43:428][  0]LogShaderCompilers: Cannot use XGE Shader Compiler as Incredibuild is not installed on this machine.
[2019.04.29-00.04.43:428][  0]LogShaderCompilers: Display: Using Local Shader Compiler.
[2019.04.29-00.04.44:481][  0]LogDerivedDataCache: Display: Max Cache Size: 512 MB
[2019.04.29-00.04.44:573][  0]LogDerivedDataCache: Loaded boot cache 0.09s 86MB C:/Users/u6004915/AppData/Local/UnrealEngine/4.20/DerivedDataCache/Boot.ddc.
[2019.04.29-00.04.44:581][  0]LogDerivedDataCache: Display: Loaded Boot cache: C:/Users/u6004915/AppData/Local/UnrealEngine/4.20/DerivedDataCache/Boot.ddc
[2019.04.29-00.04.44:581][  0]LogDerivedDataCache: FDerivedDataBackendGraph:  Pak pak cache file ../../../../../../Users/u6004915/Documents/GitHub/LY_AssetPipeline/LY_ICWhiteBox/DerivedDataCache/DDC.ddp not found, will not use a pak cache.
[2019.04.29-00.04.44:581][  0]LogDerivedDataCache: Unable to find inner node Pak for hierarchical cache Hierarchy.
[2019.04.29-00.04.44:581][  0]LogDerivedDataCache: FDerivedDataBackendGraph:  CompressedPak pak cache file ../../../../../../Users/u6004915/Documents/GitHub/LY_AssetPipeline/LY_ICWhiteBox/DerivedDataCache/Compressed.ddp not found, will not use a pak cache.
[2019.04.29-00.04.44:581][  0]LogDerivedDataCache: Unable to find inner node CompressedPak for hierarchical cache Hierarchy.
[2019.04.29-00.04.44:597][  0]LogDerivedDataCache: Display: Pak cache opened for reading ../../../Engine/DerivedDataCache/Compressed.ddp.
[2019.04.29-00.04.44:610][  0]LogDerivedDataCache: Using Local data cache path C:/Users/u6004915/AppData/Local/UnrealEngine/Common/DerivedDataCache: Writable
[2019.04.29-00.04.44:610][  0]LogDerivedDataCache: Shared data cache path not found in *engine.ini, will not use an Shared cache.
[2019.04.29-00.04.44:610][  0]LogDerivedDataCache: Unable to find inner node Shared for hierarchical cache Hierarchy.
[2019.04.29-00.04.44:626][  0]LogMaterial: Verifying Global Shaders for PCD3D_SM5
[2019.04.29-00.04.44:627][  0]LogSlate: Using FreeType 2.6.0
[2019.04.29-00.04.44:629][  0]LogSlate: SlateFontServices - WITH_FREETYPE: 1, WITH_HARFBUZZ: 1
[2019.04.29-00.04.44:724][  0]LogAssetRegistry: FAssetRegistry took 0.0264 seconds to start up
[2019.04.29-00.04.45:039][  0]LogInit: Selected Device Profile: [Windows]
[2019.04.29-00.04.45:197][  0]LogSimplygon: Simplygon DLL not present - disabling.
[2019.04.29-00.04.45:205][  0]LogMeshReduction: Using SimplygonSwarm for distributed automatic mesh merging
[2019.04.29-00.04.45:205][  0]LogMeshReduction: Using ProxyLODMeshReduction for automatic mesh merging
[2019.04.29-00.04.45:205][  0]LogMeshReduction: Using QuadricMeshReduction for automatic static mesh reduction
[2019.04.29-00.04.45:205][  0]LogMeshReduction: No automatic skeletal mesh reduction module available
[2019.04.29-00.04.45:223][  0]LogNetVersion: LY_ICWhiteBox 1.0.0, NetCL: 4212847, EngineNetVer: 5, GameNetVer: 0 (Checksum: 3295391644)
[2019.04.29-00.04.45:823][  0]LogPackageLocalizationCache: Processed 11 localized package path(s) for 2 prioritized culture(s) in 0.099954 seconds
[2019.04.29-00.04.45:828][  0]LogUObjectArray: 38425 objects as part of root set at end of initial load.
[2019.04.29-00.04.45:828][  0]LogUObjectAllocator: 6690872 out of 0 bytes used by permanent object pool.
[2019.04.29-00.04.45:828][  0]LogUObjectArray: CloseDisregardForGC: 0/0 objects in disregard for GC pool
[2019.04.29-00.04.46:788][  0]LogUdpMessaging: Initializing bridge on interface 0.0.0.0:0 to multicast group 230.0.0.1:6666.
[2019.04.29-00.04.46:847][  0]LogTcpMessaging: Initializing TcpMessaging bridge
[2019.04.29-00.04.47:072][  0]LogOcInput: OculusInput pre-init called
[2019.04.29-00.04.47:163][  0]LogAndroidPermission: UAndroidPermissionCallbackProxy::GetInstance
[2019.04.29-00.04.47:379][  0]SourceControl: Source control is disabled
[2019.04.29-00.04.47:379][  0]SourceControl: Source control is disabled
[2019.04.29-00.04.47:383][  0]SourceControl: Source control is disabled
[2019.04.29-00.04.47:385][  0]SourceControl: Source control is disabled
[2019.04.29-00.04.47:477][  0]LogEngine: Initializing Engine...
[2019.04.29-00.04.47:478][  0]LogHMD: Failed to initialize OpenVR with code 110
[2019.04.29-00.04.47:479][  0]LogStats: UGameplayTagsManager::ConstructGameplayTagTree: ImportINI prefixes -  0.000 s
[2019.04.29-00.04.47:479][  0]LogStats: UGameplayTagsManager::ConstructGameplayTagTree: Construct from data asset -  0.000 s
[2019.04.29-00.04.47:479][  0]LogStats: UGameplayTagsManager::ConstructGameplayTagTree: ImportINI -  0.000 s
[2019.04.29-00.04.47:479][  0]LogStats: UGameplayTagsManager::ConstructGameplayTagTree: GameplayTagTreeChangedEvent.Broadcast -  0.000 s
[2019.04.29-00.04.47:760][  0]LogInit: Initializing FReadOnlyCVARCache
[2019.04.29-00.04.47:777][  0]LogAIModule: Creating AISystem for world Untitled
[2019.04.29-00.04.47:797][  0]LogInit: XAudio2 using 'Speakers (Realtek High Definition Audio)' : 2 channels at 48 kHz using 32 bits per sample (channel mask 0x3)
[2019.04.29-00.04.47:824][  0]LogInit: FAudioDevice initialized.
[2019.04.29-00.04.47:824][  0]LogNetVersion: Set ProjectVersion to 1.0.0.0. Version Checksum will be recalculated on next use.
[2019.04.29-00.04.50:570][  0]LogDerivedDataCache: Saved boot cache 2.75s 86MB C:/Users/u6004915/AppData/Local/UnrealEngine/4.20/DerivedDataCache/Boot.ddc.
[2019.04.29-00.04.50:619][  0]LogInit: Texture streaming: Enabled
[2019.04.29-00.04.50:652][  0]LogEngineSessionManager: EngineSessionManager initialized
[2019.04.29-00.04.50:652][  0]LogEngineSessionManager: EngineSessionManager sent abnormal shutdown report. Type=Crashed, SessionId={89C9DF3F-4E51-DA51-C5FC-CBB156153A6E}
[2019.04.29-00.04.50:669][  0]LogInit: Transaction tracking system initialized
[2019.04.29-00.04.50:697][  0]BlueprintLog: New page: Editor Load
[2019.04.29-00.04.50:803][  0]LocalizationService: Localization service is disabled
[2019.04.29-00.04.51:110][  0]LogCook: Display: Max memory allowance for cook 16384mb min free memory 0mb
[2019.04.29-00.04.51:110][  0]LogCook: Display: Mobile HDR setting 1
[2019.04.29-00.04.51:110][  0]LogGameplayTags: Display: UGameplayTagsManager::DoneAddingNativeTags. DelegateIsBound: 0
[2019.04.29-00.04.51:110][  0]LogStats: UGameplayTagsManager::ConstructGameplayTagTree: ImportINI prefixes -  0.000 s
[2019.04.29-00.04.51:110][  0]LogStats: UGameplayTagsManager::ConstructGameplayTagTree: Construct from data asset -  0.000 s
[2019.04.29-00.04.51:110][  0]LogStats: UGameplayTagsManager::ConstructGameplayTagTree: ImportINI -  0.000 s
[2019.04.29-00.04.51:110][  0]LogStats: UGameplayTagsManager::ConstructGameplayTagTree: GameplayTagTreeChangedEvent.Broadcast -  0.000 s
[2019.04.29-00.04.51:259][  0]LogFileCache: Scanning file cache for directory 'C:/Users/u6004915/Documents/GitHub/LY_AssetPipeline/LY_ICWhiteBox/Content/' took 0.01s
[2019.04.29-00.04.51:259][  0]SourceControl: Source control is disabled
[2019.04.29-00.04.51:349][  0]LogSlate: Took 0.000376 seconds to synchronously load lazily loaded font '../../../Engine/Content/Slate/Fonts/Roboto-Regular.ttf' (155K)
[2019.04.29-00.05.03:179][  0]LogSlate: Window 'Restore Packages' being destroyed
[2019.04.29-00.05.03:180][  0]LogWindowsTextInputMethodSystem: Display: IME system now deactivated.
[2019.04.29-00.05.03:182][  0]LogWindowsTextInputMethodSystem: Display: IME system now deactivated.
[2019.04.29-00.05.07:583][  0]LogSlate: Window 'Unable to Check Out From Source Control!' being destroyed
[2019.04.29-00.05.07:583][  0]LogWindowsTextInputMethodSystem: Display: IME system now deactivated.
[2019.04.29-00.05.07:586][  0]LogWindowsTextInputMethodSystem: Display: IME system now deactivated.
[2019.04.29-00.05.07:604][  0]Cmd: MAP LOAD FILE="../../../Engine/Content/Maps/Templates/Template_Default.umap" TEMPLATE=1 SHOWPROGRESS=1 FEATURELEVEL=3
[2019.04.29-00.05.07:605][  0]LightingResults: New page: Lighting Build
[2019.04.29-00.05.07:608][  0]MapCheck: New page: Map Check
[2019.04.29-00.05.07:608][  0]LightingResults: New page: Lighting Build
[2019.04.29-00.05.07:820][  0]LogAIModule: Creating AISystem for world Untitled_1
[2019.04.29-00.05.07:833][  0]LogEditorServer: Finished looking for orphan Actors (0.000 secs)
[2019.04.29-00.05.07:856][  0]Cmd: MAP CHECKDEP NOCLEARLOG
[2019.04.29-00.05.07:971][  0]MapCheck: Map check complete: 0 Error(s), 0 Warning(s), took 114.754ms to complete.
[2019.04.29-00.05.07:971][  0]LogFileHelpers: Loading map 'Template_Default' took 0.366
[2019.04.29-00.05.08:027][  0]LogSlate: Updating window title bar state: overlay mode, drag disabled, window buttons hidden, title bar hidden
[2019.04.29-00.05.08:034][  0]LogSlate: Updating window title bar state: overlay mode, drag disabled, window buttons hidden, title bar hidden
[2019.04.29-00.05.08:040][  0]LogSlate: Updating window title bar state: overlay mode, drag disabled, window buttons hidden, title bar hidden
[2019.04.29-00.05.08:047][  0]LogSlate: Updating window title bar state: overlay mode, drag disabled, window buttons hidden, title bar hidden
[2019.04.29-00.05.08:055][  0]LogCollectionManager: Loaded 0 collections in 0.001879 seconds
[2019.04.29-00.05.08:104][  0]LogFileCache: Scanning file cache for directory 'C:/Users/u6004915/Documents/GitHub/LY_AssetPipeline/LY_ICWhiteBox/Saved/Collections/' took 0.01s
[2019.04.29-00.05.08:104][  0]LogFileCache: Scanning file cache for directory 'C:/Users/u6004915/Documents/GitHub/LY_AssetPipeline/LY_ICWhiteBox/Content/Developers/u6004915/Collections/' took 0.01s
[2019.04.29-00.05.08:104][  0]LogFileCache: Scanning file cache for directory 'C:/Users/u6004915/Documents/GitHub/LY_AssetPipeline/LY_ICWhiteBox/Content/Collections/' took 0.01s
[2019.04.29-00.05.08:104][  0]LogCollectionManager: Rebuilt the GUID cache for 0 collections in 0.000001 seconds
[2019.04.29-00.05.08:112][  0]LogContentBrowser: Native class hierarchy populated in 0.0080 seconds. Added 2572 classes and 603 folders.
[2019.04.29-00.05.08:120][  0]LogContentBrowser: Native class hierarchy updated for 'WidgetCarousel' in 0.0003 seconds. Added 0 classes and 0 folders.
[2019.04.29-00.05.08:199][  0]LogContentBrowser: Native class hierarchy updated for 'AddContentDialog' in 0.0002 seconds. Added 0 classes and 0 folders.
[2019.04.29-00.05.08:206][  0]LogContentBrowser: Native class hierarchy updated for 'SceneOutliner' in 0.0003 seconds. Added 1 classes and 2 folders.
[2019.04.29-00.05.08:221][  0]LogSlate: Took 0.000434 seconds to synchronously load lazily loaded font '../../../Engine/Content/Slate/Fonts/Roboto-Bold.ttf' (160K)
[2019.04.29-00.05.08:226][  0]LogSlate: Took 0.000676 seconds to synchronously load lazily loaded font '../../../Engine/Content/Editor/Slate/Fonts/FontAwesome.ttf' (139K)
[2019.04.29-00.05.08:259][  0]LogRenderer: Reallocating scene render targets to support 1208x576 Format 10 NumSamples 1 (Frame:1).
[2019.04.29-00.05.08:416][  0]LogContentBrowser: Native class hierarchy updated for 'HierarchicalLODOutliner' in 0.0003 seconds. Added 0 classes and 0 folders.
[2019.04.29-00.05.08:416][  0]LogLoad: (Engine Initialization) Total time: 32.49 seconds
[2019.04.29-00.05.08:416][  0]LogLoad: (Engine Initialization) Total Blueprint compile time: 0.00 seconds
[2019.04.29-00.05.08:449][  0]LogContentStreaming: Texture pool size now 1000 MB
[2019.04.29-00.05.08:535][  0]LogSlate: Took 0.000459 seconds to synchronously load lazily loaded font '../../../Engine/Content/Slate/Fonts/Roboto-Light.ttf' (167K)
[2019.04.29-00.05.08:554][  1]LogAssetRegistry: Asset discovery search completed in 23.8517 seconds
[2019.04.29-00.05.08:555][  1]LogCollectionManager: Rebuilt the object cache for 0 collections in 0.000000 seconds (found 0 objects)
[2019.04.29-00.05.08:555][  1]LogCollectionManager: Fixed up redirectors for 0 collections in 0.000042 seconds (updated 0 objects)
[2019.04.29-00.05.09:447][103]LogSlate: Took 0.000503 seconds to synchronously load lazily loaded font '../../../Engine/Content/Slate/Fonts/Roboto-Light.ttf' (167K)
[2019.04.29-00.05.18:879][227]LogSlate: FSceneViewport::OnFocusLost() reason 0
[2019.04.29-00.05.19:022][236]LogSlate: Window 'LY_ICWhiteBox - Unreal Editor' being destroyed
[2019.04.29-00.05.19:023][236]LogWindowsTextInputMethodSystem: Display: IME system now deactivated.
[2019.04.29-00.05.19:025][236]LogWindowsTextInputMethodSystem: Display: IME system now deactivated.
[2019.04.29-00.05.19:179][237]Cmd: QUIT_EDITOR
[2019.04.29-00.05.19:220][237]LogExit: Preparing to exit.
[2019.04.29-00.05.19:890][237]LogExit: Editor shut down
[2019.04.29-00.05.19:890][237]LogExit: Transaction tracking system shut down
[2019.04.29-00.05.20:296][237]LogExit: Object subsystem successfully closed.
[2019.04.29-00.05.20:315][237]LogShaderCompilers: Display: Shaders left to compile 0
[2019.04.29-00.05.20:318][237]LogD3D11RHI: Shutdown
[2019.04.29-00.05.20:318][237]LogD3D11RHI: CleanupD3DDevice
[2019.04.29-00.05.20:320][237]LogD3D11RHI: ~FD3D11DynamicRHI
[2019.04.29-00.05.20:347][237]LogModuleManager: Shutting down and abandoning module HierarchicalLODOutliner (611)
[2019.04.29-00.05.20:347][237]LogModuleManager: Shutting down and abandoning module SceneOutliner (609)
[2019.04.29-00.05.20:347][237]LogModuleManager: Shutting down and abandoning module AddContentDialog (607)
[2019.04.29-00.05.20:349][237]LogModuleManager: Shutting down and abandoning module WidgetCarousel (606)
[2019.04.29-00.05.20:349][237]LogModuleManager: Shutting down and abandoning module EditorWidgets (603)
[2019.04.29-00.05.20:349][237]LogModuleManager: Shutting down and abandoning module CollectionManager (601)
[2019.04.29-00.05.20:349][237]LogModuleManager: Shutting down and abandoning module HierarchicalLODUtilities (599)
[2019.04.29-00.05.20:349][237]LogModuleManager: Shutting down and abandoning module StatsViewer (597)
[2019.04.29-00.05.20:349][237]LogModuleManager: Shutting down and abandoning module FoliageEdit (595)
[2019.04.29-00.05.20:350][237]LogModuleManager: Shutting down and abandoning module LandscapeEditor (593)
[2019.04.29-00.05.20:351][237]LogModuleManager: Shutting down and abandoning module MeshPaintMode (591)
[2019.04.29-00.05.20:351][237]LogModuleManager: Shutting down and abandoning module SceneDepthPickerMode (589)
[2019.04.29-00.05.20:351][237]LogModuleManager: Shutting down and abandoning module ActorPickerMode (587)
[2019.04.29-00.05.20:351][237]LogModuleManager: Shutting down and abandoning module GeometryMode (585)
[2019.04.29-00.05.20:351][237]LogModuleManager: Shutting down and abandoning module TextureAlignMode (583)
[2019.04.29-00.05.20:351][237]LogModuleManager: Shutting down and abandoning module BspMode (581)
[2019.04.29-00.05.20:351][237]LogModuleManager: Shutting down and abandoning module PIEPreviewDeviceProfileSelector (579)
[2019.04.29-00.05.20:351][237]LogModuleManager: Shutting down and abandoning module SequenceRecorderSections (577)
[2019.04.29-00.05.20:351][237]LogModuleManager: Shutting down and abandoning module AutomationWorker (575)
[2019.04.29-00.05.20:351][237]LogModuleManager: Shutting down and abandoning module SmartSnapping (573)
[2019.04.29-00.05.20:351][237]LogModuleManager: Shutting down and abandoning module CharacterAI (571)
[2019.04.29-00.05.20:351][237]LogModuleManager: Shutting down and abandoning module MagicLeapCameraPreviewFactory (569)
[2019.04.29-00.05.20:351][237]LogModuleManager: Shutting down and abandoning module MagicLeapMediaFactory (567)
[2019.04.29-00.05.20:351][237]LogModuleManager: Shutting down and abandoning module MagicLeapMediaEditor (565)
[2019.04.29-00.05.20:351][237]LogModuleManager: Shutting down and abandoning module AndroidMediaFactory (563)
[2019.04.29-00.05.20:351][237]LogModuleManager: Shutting down and abandoning module AndroidMediaEditor (561)
[2019.04.29-00.05.20:351][237]LogModuleManager: Shutting down and abandoning module AvfMediaFactory (559)
[2019.04.29-00.05.20:351][237]LogModuleManager: Shutting down and abandoning module AvfMediaEditor (557)
[2019.04.29-00.05.20:351][237]LogModuleManager: Shutting down and abandoning module OpenExrWrapper (555)
[2019.04.29-00.05.20:351][237]LogModuleManager: Shutting down and abandoning module ImgMediaFactory (553)
[2019.04.29-00.05.20:351][237]LogModuleManager: Shutting down and abandoning module ImgMediaEditor (551)
[2019.04.29-00.05.20:351][237]LogModuleManager: Shutting down and abandoning module MediaPlayerEditor (549)
[2019.04.29-00.05.20:351][237]LogModuleManager: Shutting down and abandoning module WmfMediaFactory (547)
[2019.04.29-00.05.20:351][237]LogModuleManager: Shutting down and abandoning module WmfMediaEditor (545)
[2019.04.29-00.05.20:351][237]LogModuleManager: Shutting down and abandoning module LevelSequenceEditor (543)
[2019.04.29-00.05.20:352][237]LogModuleManager: Shutting down and abandoning module PlacementMode (542)
[2019.04.29-00.05.20:352][237]LogModuleManager: Shutting down and abandoning module MaterialEditor (541)
[2019.04.29-00.05.20:352][237]LogModuleManager: Shutting down and abandoning module MatineeToLevelSequence (537)
[2019.04.29-00.05.20:352][237]LogModuleManager: Shutting down and abandoning module AudioCaptureEditor (535)
[2019.04.29-00.05.20:352][237]LogModuleManager: Shutting down and abandoning module SequenceRecorder (534)
[2019.04.29-00.05.20:352][237]LogModuleManager: Shutting down and abandoning module SessionServices (531)
[2019.04.29-00.05.20:352][237]LogModuleManager: Shutting down and abandoning module ViewportSnapping (529)
[2019.04.29-00.05.20:352][237]LogModuleManager: Shutting down and abandoning module ViewportInteraction (527)
[2019.04.29-00.05.20:352][237]LogModuleManager: Shutting down and abandoning module ClothPainter (525)
[2019.04.29-00.05.20:352][237]LogModuleManager: Shutting down and abandoning module SkeletalMeshEditor (524)
[2019.04.29-00.05.20:353][237]LogModuleManager: Shutting down and abandoning module LogVisualizer (521)
[2019.04.29-00.05.20:353][237]LogModuleManager: Shutting down and abandoning module IntroTutorials (519)
[2019.04.29-00.05.20:353][237]LogModuleManager: Shutting down and abandoning module GameProjectGeneration (518)
[2019.04.29-00.05.20:353][237]LogModuleManager: Shutting down and abandoning module AndroidPlatformEditor (515)
[2019.04.29-00.05.20:353][237]LogModuleManager: Shutting down and abandoning module HTML5PlatformEditor (513)
[2019.04.29-00.05.20:353][237]LogModuleManager: Shutting down and abandoning module IOSPlatformEditor (511)
[2019.04.29-00.05.20:353][237]LogModuleManager: Shutting down and abandoning module LuminPlatformEditor (509)
[2019.04.29-00.05.20:353][237]LogModuleManager: Shutting down and abandoning module AndroidDeviceDetection (508)
[2019.04.29-00.05.20:874][237]LogModuleManager: Shutting down and abandoning module WindowsPlatformEditor (505)
[2019.04.29-00.05.20:874][237]LogModuleManager: Shutting down and abandoning module AndroidRuntimeSettings (503)
[2019.04.29-00.05.20:874][237]LogModuleManager: Shutting down and abandoning module IOSRuntimeSettings (501)
[2019.04.29-00.05.20:874][237]LogModuleManager: Shutting down and abandoning module LuminRuntimeSettings (499)
[2019.04.29-00.05.20:874][237]LogModuleManager: Shutting down and abandoning module InputBindingEditor (497)
[2019.04.29-00.05.20:874][237]LogModuleManager: Shutting down and abandoning module MergeActors (495)
[2019.04.29-00.05.20:874][237]LogModuleManager: Shutting down and abandoning module LocalizationDashboard (493)
[2019.04.29-00.05.20:875][237]LogModuleManager: Shutting down and abandoning module LocalizationService (492)
[2019.04.29-00.05.20:875][237]LogModuleManager: Shutting down and abandoning module HardwareTargeting (489)
[2019.04.29-00.05.20:875][237]LogModuleManager: Shutting down and abandoning module DeviceProfileEditor (487)
[2019.04.29-00.05.20:875][237]LogModuleManager: Shutting down and abandoning module UndoHistory (485)
[2019.04.29-00.05.20:875][237]LogModuleManager: Shutting down and abandoning module XmlParser (483)
[2019.04.29-00.05.20:875][237]LogModuleManager: Shutting down and abandoning module Blutility (481)
[2019.04.29-00.05.20:875][237]LogModuleManager: Shutting down and abandoning module ProjectSettingsViewer (479)
[2019.04.29-00.05.20:875][237]LogModuleManager: Shutting down and abandoning module ProjectTargetPlatformEditor (478)
[2019.04.29-00.05.20:875][237]LogModuleManager: Shutting down and abandoning module EditorSettingsViewer (475)
[2019.04.29-00.05.20:875][237]LogModuleManager: Shutting down and abandoning module SettingsEditor (473)
[2019.04.29-00.05.20:875][237]LogModuleManager: Shutting down and abandoning module ProjectLauncher (471)
[2019.04.29-00.05.20:880][237]LogModuleManager: Shutting down and abandoning module SessionFrontend (469)
[2019.04.29-00.05.20:880][237]LogModuleManager: Shutting down and abandoning module ProfilerClient (467)
[2019.04.29-00.05.20:880][237]LogModuleManager: Shutting down and abandoning module DeviceManager (465)
[2019.04.29-00.05.20:880][237]LogModuleManager: Shutting down and abandoning module TargetDeviceServices (464)
[2019.04.29-00.05.20:944][237]LogModuleManager: Shutting down and abandoning module AutomationController (461)
[2019.04.29-00.05.20:944][237]LogModuleManager: Shutting down and abandoning module AutomationWindow (459)
[2019.04.29-00.05.20:944][237]LogModuleManager: Shutting down and abandoning module Layers (457)
[2019.04.29-00.05.20:945][237]LogModuleManager: Shutting down and abandoning module ComponentVisualizers (455)
[2019.04.29-00.05.20:945][237]LogModuleManager: Shutting down and abandoning module DetailCustomizations (453)
[2019.04.29-00.05.20:945][237]LogModuleManager: Shutting down and abandoning module PackagesDialog (451)
[2019.04.29-00.05.20:945][237]LogModuleManager: Shutting down and abandoning module Persona (449)
[2019.04.29-00.05.20:946][237]LogModuleManager: Shutting down and abandoning module AdvancedPreviewScene (448)
[2019.04.29-00.05.20:946][237]LogModuleManager: Shutting down and abandoning module AnimGraph (446)
[2019.04.29-00.05.20:946][237]LogModuleManager: Shutting down and abandoning module Kismet (443)
[2019.04.29-00.05.20:948][237]LogModuleManager: Shutting down and abandoning module GraphEditor (441)
[2019.04.29-00.05.20:948][237]LogModuleManager: Shutting down and abandoning module ClassViewer (439)
[2019.04.29-00.05.20:948][237]LogModuleManager: Shutting down and abandoning module Toolbox (437)
[2019.04.29-00.05.20:948][237]LogModuleManager: Shutting down and abandoning module ModuleUI (435)
[2019.04.29-00.05.20:948][237]LogModuleManager: Shutting down and abandoning module MovieSceneTools (433)
[2019.04.29-00.05.20:948][237]LogModuleManager: Shutting down and abandoning module OutputLog (431)
[2019.04.29-00.05.20:948][237]LogModuleManager: Shutting down and abandoning module GammaUI (429)
[2019.04.29-00.05.20:948][237]LogModuleManager: Shutting down and abandoning module Documentation (427)
[2019.04.29-00.05.20:948][237]LogModuleManager: Shutting down and abandoning module MovieSceneTracks (425)
[2019.04.29-00.05.20:948][237]LogModuleManager: Shutting down and abandoning module MovieScene (423)
[2019.04.29-00.05.20:948][237]LogModuleManager: Shutting down and abandoning module StreamingPauseRendering (421)
[2019.04.29-00.05.20:948][237]LogModuleManager: Shutting down and abandoning module LauncherPlatform (419)
[2019.04.29-00.05.20:949][237]LogModuleManager: Shutting down and abandoning module AnalyticsET (417)
[2019.04.29-00.05.20:949][237]LogModuleManager: Shutting down and abandoning module PortalServices (415)
[2019.04.29-00.05.20:949][237]LogModuleManager: Shutting down and abandoning module PortalRpc (413)
[2019.04.29-00.05.20:949][237]LogModuleManager: Shutting down and abandoning module MessagingRpc (411)
[2019.04.29-00.05.20:949][237]LogModuleManager: Shutting down and abandoning module AIModule (409)
[2019.04.29-00.05.20:949][237]LogModuleManager: Shutting down and abandoning module GameplayDebugger (408)
[2019.04.29-00.05.20:949][237]LogModuleManager: Shutting down and abandoning module AITestSuite (406)
[2019.04.29-00.05.20:949][237]LogModuleManager: Shutting down and abandoning module NavigationSystem (404)
[2019.04.29-00.05.20:949][237]LogModuleManager: Shutting down and abandoning module DesktopPlatform (401)
[2019.04.29-00.05.20:949][237]LogModuleManager: Shutting down and abandoning module ProfilerService (399)
[2019.04.29-00.05.21:000][237]LogModuleManager: Shutting down and abandoning module TaskGraph (397)
[2019.04.29-00.05.21:000][237]LogModuleManager: Shutting down and abandoning module PaperTiledImporter (395)
[2019.04.29-00.05.21:000][237]LogModuleManager: Shutting down and abandoning module PaperSpriteSheetImporter (393)
[2019.04.29-00.05.21:000][237]LogModuleManager: Shutting down and abandoning module Paper2DEditor (391)
[2019.04.29-00.05.21:001][237]LogModuleManager: Shutting down and abandoning module MeshPaint (390)
[2019.04.29-00.05.21:001][237]LogModuleManager: Shutting down and abandoning module LightPropagationVolumeEditor (387)
[2019.04.29-00.05.21:001][237]LogModuleManager: Shutting down and abandoning module CLionSourceCodeAccess (385)
[2019.04.29-00.05.21:001][237]LogModuleManager: Shutting down and abandoning module GitSourceControl (383)
[2019.04.29-00.05.21:001][237]LogModuleManager: Shutting down and abandoning module PerforceSourceControl (381)
[2019.04.29-00.05.21:001][237]LogModuleManager: Shutting down and abandoning module SubversionSourceControl (379)
[2019.04.29-00.05.21:001][237]LogModuleManager: Shutting down and abandoning module SourceControl (378)
[2019.04.29-00.05.21:001][237]LogModuleManager: Shutting down and abandoning module UObjectPlugin (375)
[2019.04.29-00.05.21:001][237]LogModuleManager: Shutting down and abandoning module VisualStudioCodeSourceCodeAccess (373)
[2019.04.29-00.05.21:001][237]LogModuleManager: Shutting down and abandoning module VisualStudioSourceCodeAccess (371)
[2019.04.29-00.05.21:001][237]LogModuleManager: Shutting down and abandoning module CryptoKeysOpenSSL (369)
[2019.04.29-00.05.21:001][237]LogModuleManager: Shutting down and abandoning module CryptoKeys (367)
[2019.04.29-00.05.21:001][237]LogModuleManager: Shutting down and abandoning module PolygonModeling (365)
[2019.04.29-00.05.21:001][237]LogModuleManager: Shutting down and abandoning module MeshEditor (363)
[2019.04.29-00.05.21:001][237]LogModuleManager: Shutting down and abandoning module MobileLauncherProfileWizard (361)
[2019.04.29-00.05.21:002][237]LogModuleManager: Shutting down and abandoning module PluginBrowser (359)
[2019.04.29-00.05.21:002][237]LogModuleManager: Shutting down and abandoning module SpeedTreeImporter (357)
[2019.04.29-00.05.21:002][237]LogModuleManager: Shutting down and abandoning module DatasmithContentEditor (355)
[2019.04.29-00.05.21:002][237]LogModuleManager: Shutting down and abandoning module DatasmithContent (353)
[2019.04.29-00.05.21:003][237]LogModuleManager: Shutting down and abandoning module AlembicImporter (351)
[2019.04.29-00.05.21:003][237]LogModuleManager: Shutting down and abandoning module AlembicLibrary (350)
[2019.04.29-00.05.21:003][237]LogModuleManager: Shutting down and abandoning module AppleImageUtils (347)
[2019.04.29-00.05.21:003][237]LogModuleManager: Shutting down and abandoning module AppleVision (345)
[2019.04.29-00.05.21:003][237]LogModuleManager: Shutting down and abandoning module BackChannel (343)
[2019.04.29-00.05.21:003][237]LogModuleManager: Shutting down and abandoning module GeometryCacheTracks (341)
[2019.04.29-00.05.21:003][237]LogModuleManager: Shutting down and abandoning module GeometryCache (339)
[2019.04.29-00.05.21:003][237]LogModuleManager: Shutting down and abandoning module GeometryCacheSequencer (337)
[2019.04.29-00.05.21:003][237]LogModuleManager: Shutting down and abandoning module GeometryCacheEd (335)
[2019.04.29-00.05.21:003][237]LogModuleManager: Shutting down and abandoning module HTML5Networking (333)
[2019.04.29-00.05.21:003][237]LogModuleManager: Shutting down and abandoning module ImgMedia (331)
[2019.04.29-00.05.21:006][237]LogModuleManager: Shutting down and abandoning module LinearTimecode (329)
[2019.04.29-00.05.21:006][237]LogModuleManager: Shutting down and abandoning module MediaCompositingEditor (327)
[2019.04.29-00.05.21:006][237]LogModuleManager: Shutting down and abandoning module MediaCompositing (325)
[2019.04.29-00.05.21:006][237]LogModuleManager: Shutting down and abandoning module NetcodeUnitTest (323)
[2019.04.29-00.05.21:007][237]LogModuleManager: Shutting down and abandoning module NUTUnrealEngine4 (321)
[2019.04.29-00.05.21:007][237]LogModuleManager: Shutting down and abandoning module AndroidPermission (319)
[2019.04.29-00.05.21:007][237]LogModuleManager: Shutting down and abandoning module ArchVisCharacter (317)
[2019.04.29-00.05.21:007][237]LogModuleManager: Shutting down and abandoning module AudioCapture (315)
[2019.04.29-00.05.21:007][237]LogModuleManager: Shutting down and abandoning module CableComponent (313)
[2019.04.29-00.05.21:007][237]LogModuleManager: Shutting down and abandoning module CustomMeshComponent (311)
[2019.04.29-00.05.21:007][237]LogModuleManager: Shutting down and abandoning module EditableMesh (309)
[2019.04.29-00.05.21:008][237]LogModuleManager: Shutting down and abandoning module MobilePatchingUtils (307)
[2019.04.29-00.05.21:008][237]LogModuleManager: Shutting down and abandoning module OculusInput (305)
[2019.04.29-00.05.21:008][237]LogModuleManager: Shutting down and abandoning module ProceduralMeshComponentEditor (303)
[2019.04.29-00.05.21:008][237]LogModuleManager: Shutting down and abandoning module ProceduralMeshComponent (301)
[2019.04.29-00.05.21:008][237]LogModuleManager: Shutting down and abandoning module SteamVRController (299)
[2019.04.29-00.05.21:008][237]LogModuleManager: Shutting down and abandoning module Paper2D (297)
[2019.04.29-00.05.21:008][237]LogModuleManager: Shutting down and abandoning module AISupportModule (295)
[2019.04.29-00.05.21:008][237]LogModuleManager: Shutting down and abandoning module LightPropagationVolumeRuntime (293)
[2019.04.29-00.05.21:008][237]LogModuleManager: Shutting down and abandoning module AssetManagerEditor (291)
[2019.04.29-00.05.21:008][237]LogModuleManager: Shutting down and abandoning module TreeMap (290)
[2019.04.29-00.05.21:008][237]LogModuleManager: Shutting down and abandoning module DataValidation (287)
[2019.04.29-00.05.21:008][237]LogModuleManager: Shutting down and abandoning module LevelEditor (286)
[2019.04.29-00.05.21:009][237]LogModuleManager: Shutting down and abandoning module PixelInspectorModule (285)
[2019.04.29-00.05.21:009][237]LogModuleManager: Shutting down and abandoning module CommonMenuExtensions (283)
[2019.04.29-00.05.21:009][237]LogModuleManager: Shutting down and abandoning module MainFrame (281)
[2019.04.29-00.05.21:009][237]LogModuleManager: Shutting down and abandoning module HotReload (280)
[2019.04.29-00.05.21:009][237]LogModuleManager: Shutting down and abandoning module ContentBrowser (276)
[2019.04.29-00.05.21:010][237]LogModuleManager: Shutting down and abandoning module FacialAnimationEditor (273)
[2019.04.29-00.05.21:010][237]LogModuleManager: Shutting down and abandoning module FacialAnimation (271)
[2019.04.29-00.05.21:010][237]LogModuleManager: Shutting down and abandoning module GameplayTagsEditor (269)
[2019.04.29-00.05.21:010][237]LogModuleManager: Shutting down and abandoning module MagicLeapAudio (267)
[2019.04.29-00.05.21:011][237]LogModuleManager: Shutting down and abandoning module TcpMessaging (265)
[2019.04.29-00.05.21:111][237]LogModuleManager: Shutting down and abandoning module UdpMessaging (263)
[2019.04.29-00.05.21:211][237]LogModuleManager: Shutting down and abandoning module ActorSequence (261)
[2019.04.29-00.05.21:211][237]LogModuleManager: Shutting down and abandoning module ImmediatePhysicsEditor (259)
[2019.04.29-00.05.21:211][237]LogModuleManager: Shutting down and abandoning module ImmediatePhysics (257)
[2019.04.29-00.05.21:211][237]LogModuleManager: Shutting down and abandoning module LocationServicesBPLibrary (255)
[2019.04.29-00.05.21:211][237]LogModuleManager: Shutting down and abandoning module OculusEditor (253)
[2019.04.29-00.05.21:211][237]LogModuleManager: Shutting down and abandoning module PhysXVehiclesEditor (251)
[2019.04.29-00.05.21:211][237]LogModuleManager: Shutting down and abandoning module PhysXVehicles (249)
[2019.04.29-00.05.21:211][237]LogModuleManager: Shutting down and abandoning module RuntimePhysXCooking (247)
[2019.04.29-00.05.21:211][237]LogModuleManager: Shutting down and abandoning module WmfMedia (245)
[2019.04.29-00.05.21:211][237]LogModuleManager: Shutting down and abandoning module Media (244)
[2019.04.29-00.05.21:218][237]LogModuleManager: Shutting down and abandoning module WindowsMoviePlayer (241)
[2019.04.29-00.05.21:218][237]LogModuleManager: Shutting down and abandoning module PacketHandler (239)
[2019.04.29-00.05.21:219][237]LogModuleManager: Shutting down and abandoning module ClothingSystemEditor (237)
[2019.04.29-00.05.21:219][237]LogModuleManager: Shutting down and abandoning module ClothingSystemRuntime (235)
[2019.04.29-00.05.21:225][237]LogModuleManager: Shutting down and abandoning module MediaAssets (233)
[2019.04.29-00.05.21:225][237]LogModuleManager: Shutting down and abandoning module Overlay (231)
[2019.04.29-00.05.21:225][237]LogModuleManager: Shutting down and abandoning module OverlayEditor (230)
[2019.04.29-00.05.21:225][237]LogModuleManager: Shutting down and abandoning module VREditor (227)
[2019.04.29-00.05.21:226][237]LogModuleManager: Shutting down and abandoning module StringTableEditor (225)
[2019.04.29-00.05.21:226][237]LogModuleManager: Shutting down and abandoning module GameplayTasksEditor (223)
[2019.04.29-00.05.21:226][237]LogModuleManager: Shutting down and abandoning module BehaviorTreeEditor (221)
[2019.04.29-00.05.21:226][237]LogModuleManager: Shutting down and abandoning module FunctionalTesting (219)
[2019.04.29-00.05.21:226][237]LogModuleManager: Shutting down and abandoning module CollisionAnalyzer (217)
[2019.04.29-00.05.21:226][237]LogModuleManager: Shutting down and abandoning module WorkspaceMenuStructure (216)
[2019.04.29-00.05.21:226][237]LogModuleManager: Shutting down and abandoning module UMG (213)
[2019.04.29-00.05.21:226][237]LogModuleManager: Shutting down and abandoning module UMGEditor (212)
[2019.04.29-00.05.21:228][237]LogModuleManager: Shutting down and abandoning module Sequencer (211)
[2019.04.29-00.05.21:230][237]LogModuleManager: Shutting down and abandoning module MessageLog (208)
[2019.04.29-00.05.21:230][237]LogModuleManager: Shutting down and abandoning module SlateReflector (203)
[2019.04.29-00.05.21:231][237]LogModuleManager: Shutting down and abandoning module Slate (201)
[2019.04.29-00.05.21:231][237]LogModuleManager: Shutting down and abandoning module EditorStyle (199)
[2019.04.29-00.05.21:232][237]LogModuleManager: Shutting down and abandoning module MRMesh (197)
[2019.04.29-00.05.21:232][237]LogModuleManager: Shutting down and abandoning module SourceCodeAccess (195)
[2019.04.29-00.05.21:232][237]LogModuleManager: Shutting down and abandoning module HeadMountedDisplay (193)
[2019.04.29-00.05.21:232][237]LogModuleManager: Shutting down and abandoning module XAudio2 (191)
[2019.04.29-00.05.21:232][237]LogModuleManager: Shutting down and abandoning module Networking (189)
[2019.04.29-00.05.21:232][237]LogModuleManager: Shutting down and abandoning module Core (187)
[2019.04.29-00.05.21:232][237]LogModuleManager: Shutting down and abandoning module LevelSequence (185)
[2019.04.29-00.05.21:232][237]LogModuleManager: Shutting down and abandoning module KismetCompiler (183)
[2019.04.29-00.05.21:232][237]LogModuleManager: Shutting down and abandoning module MeshUtilities (181)
[2019.04.29-00.05.21:232][237]LogModuleManager: Shutting down and abandoning module MeshMergeUtilities (180)
[2019.04.29-00.05.21:232][237]LogModuleManager: Shutting down and abandoning module MeshReductionInterface (179)
[2019.04.29-00.05.21:232][237]LogModuleManager: Shutting down and abandoning module SimplygonSwarm (178)
[2019.04.29-00.05.21:232][237]LogModuleManager: Shutting down and abandoning module ProxyLODMeshReduction (176)
[2019.04.29-00.05.21:233][237]LogModuleManager: Shutting down and abandoning module SimplygonMeshReduction (174)
[2019.04.29-00.05.21:233][237]LogModuleManager: Shutting down and abandoning module QuadricMeshReduction (172)
[2019.04.29-00.05.21:233][237]LogModuleManager: Shutting down and abandoning module MaterialBaking (168)
[2019.04.29-00.05.21:233][237]LogModuleManager: Shutting down and abandoning module DirectoryWatcher (164)
[2019.04.29-00.05.21:233][237]LogModuleManager: Shutting down and abandoning module DerivedDataCache (161)
[2019.04.29-00.05.21:649][237]LogDerivedDataCache: Shutdown
[2019.04.29-00.05.21:649][237]LogModuleManager: Shutting down and abandoning module XGEController (159)
[2019.04.29-00.05.21:649][237]LogXGEController: Cleaning working directory: C:/Users/u6004915/AppData/Local/Temp/UnrealXGEWorkingDir/
[2019.04.29-00.05.21:649][237]LogModuleManager: Shutting down and abandoning module TargetPlatform (157)
[2019.04.29-00.05.21:649][237]LogModuleManager: Shutting down and abandoning module VulkanShaderFormat (156)
[2019.04.29-00.05.21:649][237]LogModuleManager: Shutting down and abandoning module ShaderFormatVectorVM (154)
[2019.04.29-00.05.21:649][237]LogModuleManager: Shutting down and abandoning module ShaderFormatOpenGL (152)
[2019.04.29-00.05.21:649][237]LogModuleManager: Shutting down and abandoning module ShaderFormatD3D (150)
[2019.04.29-00.05.21:649][237]LogModuleManager: Shutting down and abandoning module MetalShaderFormat (148)
[2019.04.29-00.05.21:649][237]LogModuleManager: Shutting down and abandoning module TextureFormatUncompressed (146)
[2019.04.29-00.05.21:649][237]LogModuleManager: Shutting down and abandoning module TextureFormatPVR (144)
[2019.04.29-00.05.21:649][237]LogModuleManager: Shutting down and abandoning module TextureFormatDXT (142)
[2019.04.29-00.05.21:649][237]LogModuleManager: Shutting down and abandoning module TextureFormatIntelISPCTexComp (140)
[2019.04.29-00.05.21:649][237]LogModuleManager: Shutting down and abandoning module TextureFormatASTC (138)
[2019.04.29-00.05.21:649][237]LogModuleManager: Shutting down and abandoning module ImageWrapper (137)
[2019.04.29-00.05.21:649][237]LogModuleManager: Shutting down and abandoning module TextureFormatAndroid (134)
[2019.04.29-00.05.21:649][237]LogModuleManager: Shutting down and abandoning module AudioFormatOpus (132)
[2019.04.29-00.05.21:649][237]LogModuleManager: Shutting down and abandoning module AudioFormatOgg (130)
[2019.04.29-00.05.21:650][237]LogModuleManager: Shutting down and abandoning module AudioFormatADPCM (128)
[2019.04.29-00.05.21:650][237]LogModuleManager: Shutting down and abandoning module AndroidTargetPlatform (126)
[2019.04.29-00.05.21:653][237]LogModuleManager: Shutting down and abandoning module HTML5TargetPlatform (124)
[2019.04.29-00.05.21:653][237]LogModuleManager: Shutting down and abandoning module TVOSTargetPlatform (122)
[2019.04.29-00.05.21:654][237]LogModuleManager: Shutting down and abandoning module Messaging (120)
[2019.04.29-00.05.21:654][237]LogModuleManager: Shutting down and abandoning module IOSTargetPlatform (118)
[2019.04.29-00.05.21:655][237]LogModuleManager: Shutting down and abandoning module LinuxTargetPlatform (116)
[2019.04.29-00.05.21:655][237]LogModuleManager: Shutting down and abandoning module LinuxServerTargetPlatform (114)
[2019.04.29-00.05.21:655][237]LogModuleManager: Shutting down and abandoning module LinuxNoEditorTargetPlatform (112)
[2019.04.29-00.05.21:655][237]LogModuleManager: Shutting down and abandoning module LinuxClientTargetPlatform (110)
[2019.04.29-00.05.21:655][237]LogModuleManager: Shutting down and abandoning module WindowsTargetPlatform (107)
[2019.04.29-00.05.21:655][237]LogModuleManager: Shutting down and abandoning module WindowsServerTargetPlatform (105)
[2019.04.29-00.05.21:655][237]LogModuleManager: Shutting down and abandoning module WindowsNoEditorTargetPlatform (103)
[2019.04.29-00.05.21:655][237]LogModuleManager: Shutting down and abandoning module WindowsClientTargetPlatform (101)
[2019.04.29-00.05.21:655][237]LogModuleManager: Shutting down and abandoning module MacTargetPlatform (99)
[2019.04.29-00.05.21:655][237]LogModuleManager: Shutting down and abandoning module MacServerTargetPlatform (97)
[2019.04.29-00.05.21:655][237]LogModuleManager: Shutting down and abandoning module MacNoEditorTargetPlatform (95)
[2019.04.29-00.05.21:655][237]LogModuleManager: Shutting down and abandoning module MacClientTargetPlatform (93)
[2019.04.29-00.05.21:655][237]LogModuleManager: Shutting down and abandoning module AllDesktopTargetPlatform (91)
[2019.04.29-00.05.21:655][237]LogModuleManager: Shutting down and abandoning module InputCore (88)
[2019.04.29-00.05.21:655][237]LogModuleManager: Shutting down and abandoning module Settings (86)
[2019.04.29-00.05.21:655][237]LogModuleManager: Shutting down and abandoning module PhysXCooking (84)
[2019.04.29-00.05.21:655][237]LogModuleManager: Shutting down and abandoning module MagicLeapPrivileges (82)
[2019.04.29-00.05.21:655][237]LogModuleManager: Shutting down and abandoning module MagicLeapIdentity (80)
[2019.04.29-00.05.21:655][237]LogModuleManager: Shutting down and abandoning module MagicLeapHelperVulkan (78)
[2019.04.29-00.05.21:655][237]LogModuleManager: Shutting down and abandoning module MagicLeapHelperOpenGL (76)
[2019.04.29-00.05.21:655][237]LogModuleManager: Shutting down and abandoning module MagicLeapSecureStorage (74)
[2019.04.29-00.05.21:655][237]LogModuleManager: Shutting down and abandoning module MagicLeapGestures (72)
[2019.04.29-00.05.21:655][237]LogModuleManager: Shutting down and abandoning module MagicLeapEyeTracker (70)
[2019.04.29-00.05.21:655][237]LogModuleManager: Shutting down and abandoning module MagicLeapController (68)
[2019.04.29-00.05.21:655][237]LogSlate: Slate User Destroyed.  User Index 0, Is Virtual User: 0
[2019.04.29-00.05.21:655][237]LogModuleManager: Shutting down and abandoning module MagicLeap (66)
[2019.04.29-00.05.21:655][237]LogModuleManager: Shutting down and abandoning module MagicLeapEmulator (64)
[2019.04.29-00.05.21:655][237]LogModuleManager: Shutting down and abandoning module OnlineSubsystem (62)
[2019.04.29-00.05.21:661][237]LogModuleManager: Shutting down and abandoning module XMPP (57)
[2019.04.29-00.05.21:662][237]LogModuleManager: Shutting down and abandoning module WebSockets (56)
[2019.04.29-00.05.21:672][237]LogModuleManager: Shutting down and abandoning module HTTP (53)
[2019.04.29-00.05.21:672][237]LogHttp: Display: Http module shutting down, but needs to wait on 1 outstanding Http requests:
[2019.04.29-00.05.21:672][237]LogHttp: Display: 	verb=[POST] url=[https://datarouter.ol.epicgames.com/datarouter/api/v1/public/data?SessionID=%7BE2C620CD-4DFC-7A13-C3DD-62831518377F%7D&AppID=UEEditor.Rocket.Release&AppVersion=4.20.3-4369336%2B%2B%2BUE4%2BRelease-4.20&UserID=665b343f40113e0966e3c494b8562251%7C26a1740ef7ba42058c6a48be90758b2a%7C09c165f0-e203-4a55-bbce-e8fb89e4f458&AppEnvironment=datacollector-binary&UploadType=eteventstream] status=Processing
[2019.04.29-00.05.21:686][237]LogModuleManager: Shutting down and abandoning module SSL (52)
[2019.04.29-00.05.21:687][237]LogModuleManager: Shutting down and abandoning module OnlineBlueprintSupport (48)
[2019.04.29-00.05.21:687][237]LogModuleManager: Shutting down and abandoning module LauncherChunkInstaller (44)
[2019.04.29-00.05.21:687][237]LogModuleManager: Shutting down and abandoning module ExampleDeviceProfileSelector (42)
[2019.04.29-00.05.21:687][237]LogModuleManager: Shutting down and abandoning module OculusHMD (40)
[2019.04.29-00.05.21:687][237]LogModuleManager: Shutting down and abandoning module SteamVR (38)
[2019.04.29-00.05.21:687][237]LogModuleManager: Shutting down and abandoning module AnimationModifiers (36)
[2019.04.29-00.05.21:687][237]LogModuleManager: Shutting down and abandoning module PropertyEditor (35)
[2019.04.29-00.05.21:687][237]LogModuleManager: Shutting down and abandoning module AudioEditor (32)
[2019.04.29-00.05.21:687][237]LogModuleManager: Shutting down and abandoning module TextureCompressor (30)
[2019.04.29-00.05.21:687][237]LogModuleManager: Shutting down and abandoning module ShaderCore (28)
[2019.04.29-00.05.21:687][237]LogModuleManager: Shutting down and abandoning module Landscape (26)
[2019.04.29-00.05.21:687][237]LogModuleManager: Shutting down and abandoning module SlateRHIRenderer (24)
[2019.04.29-00.05.21:689][237]LogModuleManager: Shutting down and abandoning module OpenGLDrv (22)
[2019.04.29-00.05.21:689][237]LogModuleManager: Shutting down and abandoning module D3D11RHI (20)
[2019.04.29-00.05.21:689][237]LogModuleManager: Shutting down and abandoning module AnimGraphRuntime (18)
[2019.04.29-00.05.21:689][237]LogModuleManager: Shutting down and abandoning module Renderer (16)
[2019.04.29-00.05.21:689][237]LogModuleManager: Shutting down and abandoning module Engine (14)
[2019.04.29-00.05.21:689][237]LogModuleManager: Shutting down and abandoning module CoreUObject (12)
[2019.04.29-00.05.21:689][237]LogModuleManager: Shutting down and abandoning module NetworkFile (10)
[2019.04.29-00.05.21:689][237]LogModuleManager: Shutting down and abandoning module CookedIterativeFile (8)
[2019.04.29-00.05.21:689][237]LogModuleManager: Shutting down and abandoning module StreamingFile (6)
[2019.04.29-00.05.21:689][237]LogModuleManager: Shutting down and abandoning module SandboxFile (4)
[2019.04.29-00.05.21:689][237]LogModuleManager: Shutting down and abandoning module PakFile (2)
[2019.04.29-00.05.21:694][237]LogExit: Exiting.
[2019.04.29-00.05.21:705][237]Log file closed, 04/28/19 18:05:21
