Log file open, 04/28/19 10:29:48
LogWindows: Failed to load 'aqProf.dll' (GetLastError=126)
LogWindows: File 'aqProf.dll' does not exist
LogWindows: Failed to load 'VSPerf140.dll' (GetLastError=126)
LogWindows: File 'VSPerf140.dll' does not exist
LogWindows: Failed to load 'VtuneApi.dll' (GetLastError=126)
LogWindows: File 'VtuneApi.dll' does not exist
LogWindows: Failed to load 'VtuneApi32e.dll' (GetLastError=126)
LogWindows: File 'VtuneApi32e.dll' does not exist
LogInit: Display: Running engine for game: LY_ICWhiteBox
LogPlatformFile: Not using cached read wrapper
LogTaskGraph: Started task graph with 5 named threads and 23 total threads with 3 sets of task threads.
LogStats: Stats thread started at 0.320674
LogD3D11RHI: Loaded GFSDK_Aftermath_Lib.x64.dll
LogICUInternationalization: Display: ICU TimeZone Detection - Raw Offset: -7:00, Platform Override: ''
LogPluginManager: Mounting plugin Paper2D
LogPluginManager: Mounting plugin AISupport
LogPluginManager: Mounting plugin LightPropagationVolume
LogPluginManager: Mounting plugin CLionSourceCodeAccess
LogPluginManager: Mounting plugin CodeLiteSourceCodeAccess
LogPluginManager: Mounting plugin GitSourceControl
LogPluginManager: Mounting plugin KDevelopSourceCodeAccess
LogPluginManager: Mounting plugin NullSourceCodeAccess
LogPluginManager: Mounting plugin PerforceSourceControl
LogPluginManager: Mounting plugin SubversionSourceControl
LogPluginManager: Mounting plugin UObjectPlugin
LogPluginManager: Mounting plugin VisualStudioCodeSourceCodeAccess
LogPluginManager: Mounting plugin VisualStudioSourceCodeAccess
LogPluginManager: Mounting plugin XCodeSourceCodeAccess
LogPluginManager: Mounting plugin AssetManagerEditor
LogPluginManager: Mounting plugin CryptoKeys
LogPluginManager: Mounting plugin DataValidation
LogPluginManager: Mounting plugin FacialAnimation
LogPluginManager: Mounting plugin GameplayTagsEditor
LogPluginManager: Mounting plugin MacGraphicsSwitching
LogPluginManager: Mounting plugin MeshEditor
LogPluginManager: Mounting plugin MobileLauncherProfileWizard
LogPluginManager: Mounting plugin PluginBrowser
LogPluginManager: Mounting plugin SpeedTreeImporter
LogPluginManager: Mounting plugin DatasmithContent
LogPluginManager: Mounting plugin AlembicImporter
LogPluginManager: Mounting plugin AppleImageUtils
LogPluginManager: Mounting plugin AppleVision
LogPluginManager: Mounting plugin BackChannel
LogPluginManager: Mounting plugin CharacterAI
LogPluginManager: Mounting plugin GeometryCache
LogPluginManager: Mounting plugin HTML5Networking
LogPluginManager: Mounting plugin ProxyLODPlugin
LogPluginManager: Mounting plugin MagicLeap
LogPluginManager: Mounting plugin MagicLeapEmulator
LogPluginManager: Mounting plugin MagicLeapMedia
LogPluginManager: Mounting plugin AndroidMedia
LogPluginManager: Mounting plugin AvfMedia
LogPluginManager: Mounting plugin ImgMedia
LogPluginManager: Mounting plugin LinearTimecode
LogPluginManager: Mounting plugin MediaCompositing
LogPluginManager: Mounting plugin MediaPlayerEditor
LogPluginManager: Mounting plugin WmfMedia
LogPluginManager: Mounting plugin TcpMessaging
LogPluginManager: Mounting plugin UdpMessaging
LogPluginManager: Mounting plugin ActorSequence
LogPluginManager: Mounting plugin LevelSequenceEditor
LogPluginManager: Mounting plugin MatineeToLevelSequence
LogPluginManager: Mounting plugin NetcodeUnitTest
LogPluginManager: Mounting plugin NUTUnrealEngine4
LogPluginManager: Mounting plugin OnlineSubsystemGooglePlay
LogPluginManager: Mounting plugin OnlineSubsystemIOS
LogPluginManager: Mounting plugin OnlineSubsystem
LogPluginManager: Mounting plugin OnlineSubsystemNull
LogPluginManager: Mounting plugin OnlineSubsystemUtils
LogPluginManager: Mounting plugin LauncherChunkInstaller
LogPluginManager: Mounting plugin AndroidDeviceProfileSelector
LogPluginManager: Mounting plugin AndroidMoviePlayer
LogPluginManager: Mounting plugin AndroidPermission
LogPluginManager: Mounting plugin AppleMoviePlayer
LogPluginManager: Mounting plugin ArchVisCharacter
LogPluginManager: Mounting plugin AudioCapture
LogPluginManager: Mounting plugin CableComponent
LogPluginManager: Mounting plugin CustomMeshComponent
LogPluginManager: Mounting plugin EditableMesh
LogPluginManager: Mounting plugin ExampleDeviceProfileSelector
LogPluginManager: Mounting plugin GoogleCloudMessaging
LogPluginManager: Mounting plugin ImmediatePhysics
LogPluginManager: Mounting plugin IOSDeviceProfileSelector
LogPluginManager: Mounting plugin LinuxDeviceProfileSelector
LogPluginManager: Mounting plugin LocationServicesBPLibrary
LogPluginManager: Mounting plugin MobilePatchingUtils
LogPluginManager: Mounting plugin OculusVR
LogPluginManager: Plugin shader directory ../../../Engine/Plugins/Runtime/Oculus/OculusVR/Shaders found
LogPluginManager: Mapping shader source directory ../../../Engine/Plugins/Runtime/Oculus/OculusVR/Shaders to virtual directory /Plugin/OculusVR
LogPluginManager: Mounting plugin PhysXVehicles
LogPluginManager: Mounting plugin ProceduralMeshComponent
LogPluginManager: Mounting plugin RuntimePhysXCooking
LogPluginManager: Mounting plugin SteamVR
LogPluginManager: Mounting plugin WindowsMoviePlayer
LogStreaming: Display: Took  0.209s to configure plugins.
LogInit: Using libcurl 7.55.1-DEV
LogInit:  - built for x86_64-pc-win32
LogInit:  - supports SSL with OpenSSL/1.0.2h
LogInit:  - supports HTTP deflate (compression) using libz 1.2.8
LogInit:  - other features:
LogInit:      CURL_VERSION_SSL
LogInit:      CURL_VERSION_LIBZ
LogInit:      CURL_VERSION_IPV6
LogInit:      CURL_VERSION_ASYNCHDNS
LogInit:      CURL_VERSION_LARGEFILE
LogInit:      CURL_VERSION_IDN
LogInit:  CurlRequestOptions (configurable via config and command line):
LogInit:  - bVerifyPeer = false  - Libcurl will NOT verify peer certificate
LogInit:  - bUseHttpProxy = false  - Libcurl will NOT use HTTP proxy
LogInit:  - bDontReuseConnections = false  - Libcurl will reuse connections
LogInit:  - CertBundlePath = nullptr  - Libcurl will use whatever was configured at build time.
LogInit:  - MaxHostConnections = 16  - Libcurl will limit the number of connections to a host
LogInit:  - LocalHostAddr = Default
LogInit:  - BufferSize = 65536
LogInit: WinSock: version 1.1 (2.2), MaxSocks=32767, MaxUdp=65467
LogInit: Build: ++UE4+Release-4.20-CL-4369336
LogInit: Engine Version: 4.20.3-4369336+++UE4+Release-4.20
LogInit: Compatible Engine Version: 4.20.0-4212847+++UE4+Release-4.20
LogInit: Net CL: 4212847
LogInit: OS: Windows 10 (), CPU: Intel(R) Core(TM) i5-8300H CPU @ 2.30GHz, GPU: Intel(R) UHD Graphics 630
LogInit: Compiled (64-bit): Sep 17 2018 12:26:19
LogInit: Compiled with Visual C++: 19.13.26129.00
LogInit: Build Configuration: Development
LogInit: Branch Name: ++UE4+Release-4.20
LogInit: Command Line:  
LogInit: Base Directory: C:/Program Files/Epic Games/UE_4.20/Engine/Binaries/Win64/
LogInit: Installed Engine Build: 1
LogDevObjectVersion: Number of dev versions registered: 20
LogDevObjectVersion:   Dev-Blueprints (B0D832E4-1F89-4F0D-ACCF-7EB736FD4AA2): 10
LogDevObjectVersion:   Dev-Build (E1C64328-A22C-4D53-A36C-8E866417BD8C): 0
LogDevObjectVersion:   Dev-Core (375EC13C-06E4-48FB-B500-84F0262A717E): 2
LogDevObjectVersion:   Dev-Editor (E4B068ED-F494-42E9-A231-DA0B2E46BB41): 24
LogDevObjectVersion:   Dev-Framework (CFFC743F-43B0-4480-9391-14DF171D2073): 34
LogDevObjectVersion:   Dev-Mobile (B02B49B5-BB20-44E9-A304-32B752E40360): 2
LogDevObjectVersion:   Dev-Networking (A4E4105C-59A1-49B5-A7C5-40C4547EDFEE): 0
LogDevObjectVersion:   Dev-Online (39C831C9-5AE6-47DC-9A44-9C173E1C8E7C): 0
LogDevObjectVersion:   Dev-Physics (78F01B33-EBEA-4F98-B9B4-84EACCB95AA2): 0
LogDevObjectVersion:   Dev-Platform (6631380F-2D4D-43E0-8009-CF276956A95A): 0
LogDevObjectVersion:   Dev-Rendering (12F88B9F-8875-4AFC-A67C-D90C383ABD29): 26
LogDevObjectVersion:   Dev-Sequencer (7B5AE74C-D270-4C10-A958-57980B212A5A): 9
LogDevObjectVersion:   Dev-VR (D7296918-1DD6-4BDD-9DE2-64A83CC13884): 2
LogDevObjectVersion:   Dev-LoadTimes (C2A15278-BFE7-4AFE-6C17-90FF531DF755): 1
LogDevObjectVersion:   Private-Geometry (6EACA3D4-40EC-4CC1-B786-8BED09428FC5): 3
LogDevObjectVersion:   Dev-AnimPhys (29E575DD-E0A3-4627-9D10-D276232CDCEA): 17
LogDevObjectVersion:   Dev-ReflectionCapture (6B266CEC-1EC7-4B8F-A30B-E4D90942FC07): 1
LogDevObjectVersion:   Dev-Automation (0DF73D61-A23F-47EA-B727-89E90C41499A): 1
LogDevObjectVersion:   FortniteMain (601D1886-AC64-4F84-AA16-D3DE0DEAC7D6): 12
LogDevObjectVersion:   Dev-Enterprise (9DFFBCD6-494F-0158-E221-12823C92A888): 1
LogStreaming: Display: Took  0.002s to delete old logs.
LogInit: Presizing for max 8388607 objects, including 0 objects not considered by GC, pre-allocating 0 bytes for permanent pool.
LogInit: Object subsystem initialized
[2019.04.28-16.29.49:454][  0]LogInit: Selected Device Profile: [Windows]
[2019.04.28-16.29.49:455][  0]LogInit: Applying CVar settings loaded from the selected device profile: [Windows]
[2019.04.28-16.29.49:473][  0]LogHAL: Display: Platform has ~ 8 GB [8424574976 / 8589934592 / 8], which maps to Default [LargestMinGB=32, LargerMinGB=12, DefaultMinGB=8, SmallerMinGB=6, SmallestMinGB=0)
[2019.04.28-16.29.49:473][  0]LogInit: Setting Device Profile CVar: [[r.Vulkan.UseRealUBs:1]]
[2019.04.28-16.29.49:473][  0]LogInit: Going up to parent DeviceProfile []
[2019.04.28-16.29.49:473][  0]LogInit: Computer: DESKTOP-4HEA2F2
[2019.04.28-16.29.49:473][  0]LogInit: User: darkn
[2019.04.28-16.29.49:473][  0]LogInit: CPU Page size=4096, Cores=4
[2019.04.28-16.29.49:473][  0]LogInit: High frequency timer resolution =2.249996 MHz
[2019.04.28-16.29.49:474][  0]LogMemory: Memory total: Physical=7.8GB (8GB approx)
[2019.04.28-16.29.49:474][  0]LogMemory: Platform Memory Stats for Windows
[2019.04.28-16.29.49:474][  0]LogMemory: Process Physical Memory: 99.31 MB used, 99.31 MB peak
[2019.04.28-16.29.49:474][  0]LogMemory: Process Virtual Memory: 91.00 MB used, 91.00 MB peak
[2019.04.28-16.29.49:474][  0]LogMemory: Physical Memory: 6520.73 MB used,  1513.57 MB free, 8034.30 MB total
[2019.04.28-16.29.49:474][  0]LogMemory: Virtual Memory: 4645.23 MB used,  1513.57 MB free, 134217728.00 MB total
[2019.04.28-16.29.49:503][  0]LogInit: Using OS detected language (en-US).
[2019.04.28-16.29.49:503][  0]LogInit: Using OS detected locale (en-US).
[2019.04.28-16.29.49:505][  0]LogTextLocalizationManager: No specific localization for 'en-US' exists, so the 'en' localization will be used.
[2019.04.28-16.29.50:032][  0]LogStreaming: Display: Took  0.529s to InitEngineTextLocalization.
[2019.04.28-16.29.50:032][  0]LogInit: Setting process to per monitor DPI aware
[2019.04.28-16.29.50:080][  0]LogSlate: New Slate User Created.  User Index 0, Is Virtual User: 0
[2019.04.28-16.29.50:080][  0]LogSlate: Slate User Registered.  User Index 0, Is Virtual User: 0
[2019.04.28-16.29.50:460][  0]LogHMD: Failed to initialize OpenVR with code 110
[2019.04.28-16.29.50:460][  0]LogD3D11RHI: D3D11 adapters:
[2019.04.28-16.29.50:548][  0]LogD3D11RHI:    0. 'NVIDIA GeForce GTX 1050 Ti' (Feature Level 11_0)
[2019.04.28-16.29.50:548][  0]LogD3D11RHI:       4029/0/4017 MB DedicatedVideo/DedicatedSystem/SharedSystem, Outputs:1, VendorId:0x10de
[2019.04.28-16.29.50:566][  0]LogD3D11RHI:    1. 'Intel(R) UHD Graphics 630' (Feature Level 11_0)
[2019.04.28-16.29.50:566][  0]LogD3D11RHI:       128/0/4017 MB DedicatedVideo/DedicatedSystem/SharedSystem, Outputs:0, VendorId:0x8086
[2019.04.28-16.29.50:570][  0]LogD3D11RHI:    2. 'Microsoft Basic Render Driver' (Feature Level 11_0)
[2019.04.28-16.29.50:570][  0]LogD3D11RHI:       0/0/4017 MB DedicatedVideo/DedicatedSystem/SharedSystem, Outputs:0, VendorId:0x1414
[2019.04.28-16.29.50:570][  0]LogD3D11RHI: Chosen D3D11 Adapter: 0
[2019.04.28-16.29.50:613][  0]LogD3D11RHI: Creating new Direct3DDevice
[2019.04.28-16.29.50:613][  0]LogD3D11RHI:     GPU DeviceId: 0x1c8c (for the marketing name, search the web for "GPU Device Id")
[2019.04.28-16.29.50:613][  0]LogWindows: EnumDisplayDevices:
[2019.04.28-16.29.50:614][  0]LogWindows:    0. 'Intel(R) UHD Graphics 630' (P:1 D:1)
[2019.04.28-16.29.50:614][  0]LogWindows:    1. 'Intel(R) UHD Graphics 630' (P:0 D:0)
[2019.04.28-16.29.50:614][  0]LogWindows:    2. 'Intel(R) UHD Graphics 630' (P:0 D:0)
[2019.04.28-16.29.50:615][  0]LogWindows:    3. 'NVIDIA GeForce GTX 1050 Ti' (P:0 D:0)
[2019.04.28-16.29.50:615][  0]LogWindows: DebugString: PrimaryIsNotTheChoosenAdapter PrimaryIsNotTheChoosenAdapter PrimaryIsNotTheChoosenAdapter 
[2019.04.28-16.29.50:615][  0]LogD3D11RHI:     Adapter Name: NVIDIA GeForce GTX 1050 Ti
[2019.04.28-16.29.50:615][  0]LogD3D11RHI:   Driver Version: 388.73 (internal:23.21.13.8873, unified:388.73)
[2019.04.28-16.29.50:615][  0]LogD3D11RHI:      Driver Date: 12-18-2017
[2019.04.28-16.29.50:615][  0]LogRHI: Texture pool is 2820 MB (70% of 4029 MB)
[2019.04.28-16.29.50:662][  0]LogD3D11RHI: Async texture creation enabled
[2019.04.28-16.29.50:682][  0]LogD3D11RHI: GPU Timing Frequency: 1000.000000 (Debug: 2 1)
[2019.04.28-16.29.50:684][  0]LogShaderCompilers: Guid format shader working directory is -32 characters bigger than the processId version (../../../../../../Users/darkn/Documents/GitHub/LY_AssetPipeline/LY_ICWhiteBox/Intermediate/Shaders/WorkingDirectory/10628/).
[2019.04.28-16.29.50:684][  0]LogShaderCompilers: Cleaned the shader compiler working directory 'C:/Users/darkn/AppData/Local/Temp/UnrealShaderWorkingDir/C08DDBE042D58BE2BE87C4A61CB43C8B/'.
[2019.04.28-16.29.51:106][  0]LogTemp: Display: Loaded TP AllDesktopTargetPlatform
[2019.04.28-16.29.51:127][  0]LogTemp: Display: Loaded TP MacClientTargetPlatform
[2019.04.28-16.29.51:147][  0]LogTemp: Display: Loaded TP MacNoEditorTargetPlatform
[2019.04.28-16.29.51:170][  0]LogTemp: Display: Loaded TP MacServerTargetPlatform
[2019.04.28-16.29.51:194][  0]LogTemp: Display: Loaded TP MacTargetPlatform
[2019.04.28-16.29.51:231][  0]LogTemp: Display: Loaded TP WindowsClientTargetPlatform
[2019.04.28-16.29.51:260][  0]LogTemp: Display: Loaded TP WindowsNoEditorTargetPlatform
[2019.04.28-16.29.51:281][  0]LogTemp: Display: Loaded TP WindowsServerTargetPlatform
[2019.04.28-16.29.51:291][  0]LogTemp: Display: Loaded TP WindowsTargetPlatform
[2019.04.28-16.29.51:447][  0]LogTemp: Display: Loaded TP AndroidTargetPlatform
[2019.04.28-16.29.51:448][  0]LogTemp: Display: Loaded TP AndroidTargetPlatform
[2019.04.28-16.29.51:448][  0]LogTemp: Display: Loaded TP AndroidTargetPlatform
[2019.04.28-16.29.51:448][  0]LogTemp: Display: Loaded TP AndroidTargetPlatform
[2019.04.28-16.29.51:448][  0]LogTemp: Display: Loaded TP AndroidTargetPlatform
[2019.04.28-16.29.51:448][  0]LogTemp: Display: Loaded TP AndroidTargetPlatform
[2019.04.28-16.29.51:448][  0]LogTemp: Display: Loaded TP AndroidTargetPlatform
[2019.04.28-16.29.51:448][  0]LogTemp: Display: Loaded TP AndroidTargetPlatform
[2019.04.28-16.29.51:448][  0]LogTemp: Display: Loaded TP AndroidTargetPlatform
[2019.04.28-16.29.51:448][  0]LogTemp: Display: Loaded TP AndroidTargetPlatform
[2019.04.28-16.29.51:448][  0]LogTemp: Display: Loaded TP AndroidTargetPlatform
[2019.04.28-16.29.51:448][  0]LogTemp: Display: Loaded TP AndroidTargetPlatform
[2019.04.28-16.29.51:448][  0]LogTemp: Display: Loaded TP AndroidTargetPlatform
[2019.04.28-16.29.51:448][  0]LogTemp: Display: Loaded TP AndroidTargetPlatform
[2019.04.28-16.29.51:448][  0]LogTemp: Display: Loaded TP AndroidTargetPlatform
[2019.04.28-16.29.51:448][  0]LogTemp: Display: Loaded TP AndroidTargetPlatform
[2019.04.28-16.29.51:448][  0]LogTemp: Display: Loaded TP AndroidTargetPlatform
[2019.04.28-16.29.51:448][  0]LogTemp: Display: Loaded TP AndroidTargetPlatform
[2019.04.28-16.29.51:450][  0]LogTemp: Display: Loaded TP HTML5TargetPlatform
[2019.04.28-16.29.51:564][  0]LogTemp: Display: Loaded TP IOSTargetPlatform
[2019.04.28-16.29.51:564][  0]LogTemp: Display: Loaded TP IOSTargetPlatform
[2019.04.28-16.29.51:645][  0]LogTemp: Display: Loaded TP TVOSTargetPlatform
[2019.04.28-16.29.51:645][  0]LogTemp: Display: Loaded TP TVOSTargetPlatform
[2019.04.28-16.29.51:685][  0]LogTemp: Display: Loaded TP LinuxClientTargetPlatform
[2019.04.28-16.29.51:724][  0]LogTemp: Display: Loaded TP LinuxNoEditorTargetPlatform
[2019.04.28-16.29.51:780][  0]LogTemp: Display: Loaded TP LinuxServerTargetPlatform
[2019.04.28-16.29.51:799][  0]LogTemp: Display: Loaded TP LinuxTargetPlatform
[2019.04.28-16.29.51:815][  0]LogTemp: Display: Loaded TP LuminTargetPlatform
[2019.04.28-16.29.51:815][  0]LogTargetPlatformManager: Display: Building Assets For Windows
[2019.04.28-16.29.51:930][  0]LogXGEController: Cannot use XGE Controller as Incredibuild is not installed on this machine.
[2019.04.28-16.29.51:930][  0]LogShaderCompilers: Cannot use XGE Shader Compiler as Incredibuild is not installed on this machine.
[2019.04.28-16.29.51:930][  0]LogShaderCompilers: Display: Using Local Shader Compiler.
[2019.04.28-16.29.53:320][  0]LogDerivedDataCache: Display: Max Cache Size: 512 MB
[2019.04.28-16.29.53:412][  0]LogDerivedDataCache: Loaded boot cache 0.09s 71MB C:/Users/darkn/AppData/Local/UnrealEngine/4.20/DerivedDataCache/Boot.ddc.
[2019.04.28-16.29.53:412][  0]LogDerivedDataCache: Display: Loaded Boot cache: C:/Users/darkn/AppData/Local/UnrealEngine/4.20/DerivedDataCache/Boot.ddc
[2019.04.28-16.29.53:413][  0]LogDerivedDataCache: FDerivedDataBackendGraph:  Pak pak cache file ../../../../../../Users/darkn/Documents/GitHub/LY_AssetPipeline/LY_ICWhiteBox/DerivedDataCache/DDC.ddp not found, will not use a pak cache.
[2019.04.28-16.29.53:413][  0]LogDerivedDataCache: Unable to find inner node Pak for hierarchical cache Hierarchy.
[2019.04.28-16.29.53:413][  0]LogDerivedDataCache: FDerivedDataBackendGraph:  CompressedPak pak cache file ../../../../../../Users/darkn/Documents/GitHub/LY_AssetPipeline/LY_ICWhiteBox/DerivedDataCache/Compressed.ddp not found, will not use a pak cache.
[2019.04.28-16.29.53:413][  0]LogDerivedDataCache: Unable to find inner node CompressedPak for hierarchical cache Hierarchy.
[2019.04.28-16.29.53:442][  0]LogDerivedDataCache: Display: Pak cache opened for reading ../../../Engine/DerivedDataCache/Compressed.ddp.
[2019.04.28-16.29.53:455][  0]LogDerivedDataCache: Using Local data cache path C:/Users/darkn/AppData/Local/UnrealEngine/Common/DerivedDataCache: Writable
[2019.04.28-16.29.53:455][  0]LogDerivedDataCache: Shared data cache path not found in *engine.ini, will not use an Shared cache.
[2019.04.28-16.29.53:455][  0]LogDerivedDataCache: Unable to find inner node Shared for hierarchical cache Hierarchy.
[2019.04.28-16.29.53:488][  0]LogMaterial: Verifying Global Shaders for PCD3D_SM5
[2019.04.28-16.29.53:491][  0]LogSlate: Using FreeType 2.6.0
[2019.04.28-16.29.53:492][  0]LogSlate: SlateFontServices - WITH_FREETYPE: 1, WITH_HARFBUZZ: 1
[2019.04.28-16.29.53:612][  0]LogAssetRegistry: FAssetRegistry took 0.0299 seconds to start up
[2019.04.28-16.29.54:239][  0]LogInit: Selected Device Profile: [Windows]
[2019.04.28-16.29.54:441][  0]LogSimplygon: Simplygon DLL not present - disabling.
[2019.04.28-16.29.54:447][  0]LogMeshReduction: Using SimplygonSwarm for distributed automatic mesh merging
[2019.04.28-16.29.54:447][  0]LogMeshReduction: Using ProxyLODMeshReduction for automatic mesh merging
[2019.04.28-16.29.54:447][  0]LogMeshReduction: Using QuadricMeshReduction for automatic static mesh reduction
[2019.04.28-16.29.54:447][  0]LogMeshReduction: No automatic skeletal mesh reduction module available
[2019.04.28-16.29.54:469][  0]LogNetVersion: LY_ICWhiteBox 1.0.0, NetCL: 4212847, EngineNetVer: 5, GameNetVer: 0 (Checksum: 3295391644)
[2019.04.28-16.29.55:390][  0]LogPackageLocalizationCache: Processed 11 localized package path(s) for 2 prioritized culture(s) in 0.152167 seconds
[2019.04.28-16.29.55:398][  0]LogUObjectArray: 38425 objects as part of root set at end of initial load.
[2019.04.28-16.29.55:398][  0]LogUObjectAllocator: 6690872 out of 0 bytes used by permanent object pool.
[2019.04.28-16.29.55:398][  0]LogUObjectArray: CloseDisregardForGC: 0/0 objects in disregard for GC pool
[2019.04.28-16.29.57:033][  0]LogTcpMessaging: Initializing TcpMessaging bridge
[2019.04.28-16.29.57:047][  0]LogUdpMessaging: Initializing bridge on interface 0.0.0.0:0 to multicast group 230.0.0.1:6666.
[2019.04.28-16.29.57:375][  0]SourceControl: Source control is disabled
[2019.04.28-16.29.57:375][  0]SourceControl: Source control is disabled
[2019.04.28-16.29.57:378][  0]SourceControl: Source control is disabled
[2019.04.28-16.29.57:379][  0]SourceControl: Source control is disabled
[2019.04.28-16.29.57:598][  0]LogAndroidPermission: UAndroidPermissionCallbackProxy::GetInstance
[2019.04.28-16.29.57:734][  0]LogOcInput: OculusInput pre-init called
[2019.04.28-16.29.57:905][  0]LogEngine: Initializing Engine...
[2019.04.28-16.29.57:907][  0]LogHMD: Failed to initialize OpenVR with code 110
[2019.04.28-16.29.57:910][  0]LogStats: UGameplayTagsManager::ConstructGameplayTagTree: ImportINI prefixes -  0.000 s
[2019.04.28-16.29.57:910][  0]LogStats: UGameplayTagsManager::ConstructGameplayTagTree: Construct from data asset -  0.000 s
[2019.04.28-16.29.57:910][  0]LogStats: UGameplayTagsManager::ConstructGameplayTagTree: ImportINI -  0.000 s
[2019.04.28-16.29.57:910][  0]LogStats: UGameplayTagsManager::ConstructGameplayTagTree: GameplayTagTreeChangedEvent.Broadcast -  0.000 s
[2019.04.28-16.29.58:221][  0]LogInit: Initializing FReadOnlyCVARCache
[2019.04.28-16.29.58:245][  0]LogAIModule: Creating AISystem for world Untitled
[2019.04.28-16.29.58:350][  0]LogInit: XAudio2 using 'Speakers (Realtek High Definition Audio)' : 2 channels at 48 kHz using 32 bits per sample (channel mask 0x3)
[2019.04.28-16.29.58:378][  0]LogInit: FAudioDevice initialized.
[2019.04.28-16.29.58:378][  0]LogNetVersion: Set ProjectVersion to 1.0.0.0. Version Checksum will be recalculated on next use.
[2019.04.28-16.29.58:452][  0]LogDerivedDataCache: Saved boot cache 0.07s 71MB C:/Users/darkn/AppData/Local/UnrealEngine/4.20/DerivedDataCache/Boot.ddc.
[2019.04.28-16.29.58:470][  0]LogInit: Texture streaming: Enabled
[2019.04.28-16.29.58:502][  0]LogEngineSessionManager: EngineSessionManager initialized
[2019.04.28-16.29.58:528][  0]LogInit: Transaction tracking system initialized
[2019.04.28-16.29.58:578][  0]BlueprintLog: New page: Editor Load
[2019.04.28-16.29.58:701][  0]LocalizationService: Localization service is disabled
[2019.04.28-16.29.59:460][  0]LogCook: Display: Max memory allowance for cook 16384mb min free memory 0mb
[2019.04.28-16.29.59:460][  0]LogCook: Display: Mobile HDR setting 1
[2019.04.28-16.29.59:460][  0]LogGameplayTags: Display: UGameplayTagsManager::DoneAddingNativeTags. DelegateIsBound: 0
[2019.04.28-16.29.59:460][  0]LogStats: UGameplayTagsManager::ConstructGameplayTagTree: ImportINI prefixes -  0.000 s
[2019.04.28-16.29.59:460][  0]LogStats: UGameplayTagsManager::ConstructGameplayTagTree: Construct from data asset -  0.000 s
[2019.04.28-16.29.59:460][  0]LogStats: UGameplayTagsManager::ConstructGameplayTagTree: ImportINI -  0.000 s
[2019.04.28-16.29.59:460][  0]LogStats: UGameplayTagsManager::ConstructGameplayTagTree: GameplayTagTreeChangedEvent.Broadcast -  0.000 s
[2019.04.28-16.29.59:619][  0]LogFileCache: Scanning file cache for directory 'C:/Users/darkn/Documents/GitHub/LY_AssetPipeline/LY_ICWhiteBox/Content/' took 0.01s
[2019.04.28-16.29.59:629][  0]SourceControl: Source control is disabled
[2019.04.28-16.29.59:629][  0]Cmd: MAP LOAD FILE="../../../Engine/Content/Maps/Templates/Template_Default.umap" TEMPLATE=1 SHOWPROGRESS=1 FEATURELEVEL=3
[2019.04.28-16.29.59:630][  0]LightingResults: New page: Lighting Build
[2019.04.28-16.29.59:634][  0]MapCheck: New page: Map Check
[2019.04.28-16.29.59:634][  0]LightingResults: New page: Lighting Build
[2019.04.28-16.29.59:948][  0]LogAIModule: Creating AISystem for world Untitled_1
[2019.04.28-16.29.59:956][  0]LogEditorServer: Finished looking for orphan Actors (0.000 secs)
[2019.04.28-16.29.59:993][  0]Cmd: MAP CHECKDEP NOCLEARLOG
[2019.04.28-16.30.00:104][  0]MapCheck: Map check complete: 0 Error(s), 0 Warning(s), took 110.309ms to complete.
[2019.04.28-16.30.00:104][  0]LogFileHelpers: Loading map 'Template_Default' took 0.475
[2019.04.28-16.30.00:281][  0]LogSlate: Updating window title bar state: overlay mode, drag disabled, window buttons hidden, title bar hidden
[2019.04.28-16.30.00:299][  0]LogSlate: Updating window title bar state: overlay mode, drag disabled, window buttons hidden, title bar hidden
[2019.04.28-16.30.00:317][  0]LogSlate: Updating window title bar state: overlay mode, drag disabled, window buttons hidden, title bar hidden
[2019.04.28-16.30.00:335][  0]LogSlate: Updating window title bar state: overlay mode, drag disabled, window buttons hidden, title bar hidden
[2019.04.28-16.30.00:352][  0]LogCollectionManager: Loaded 0 collections in 0.005182 seconds
[2019.04.28-16.30.00:410][  0]LogFileCache: Scanning file cache for directory 'C:/Users/darkn/Documents/GitHub/LY_AssetPipeline/LY_ICWhiteBox/Saved/Collections/' took 0.01s
[2019.04.28-16.30.00:411][  0]LogFileCache: Scanning file cache for directory 'C:/Users/darkn/Documents/GitHub/LY_AssetPipeline/LY_ICWhiteBox/Content/Developers/darkn/Collections/' took 0.01s
[2019.04.28-16.30.00:411][  0]LogFileCache: Scanning file cache for directory 'C:/Users/darkn/Documents/GitHub/LY_AssetPipeline/LY_ICWhiteBox/Content/Collections/' took 0.01s
[2019.04.28-16.30.00:411][  0]LogCollectionManager: Rebuilt the GUID cache for 0 collections in 0.000001 seconds
[2019.04.28-16.30.00:445][  0]LogContentBrowser: Native class hierarchy populated in 0.0336 seconds. Added 2572 classes and 603 folders.
[2019.04.28-16.30.00:471][  0]LogContentBrowser: Native class hierarchy updated for 'WidgetCarousel' in 0.0009 seconds. Added 0 classes and 0 folders.
[2019.04.28-16.30.00:685][  0]LogContentBrowser: Native class hierarchy updated for 'AddContentDialog' in 0.0007 seconds. Added 0 classes and 0 folders.
[2019.04.28-16.30.00:700][  0]LogContentBrowser: Native class hierarchy updated for 'SceneOutliner' in 0.0009 seconds. Added 1 classes and 2 folders.
[2019.04.28-16.30.00:755][  0]LogSlate: Took 0.000722 seconds to synchronously load lazily loaded font '../../../Engine/Content/Slate/Fonts/Roboto-Regular.ttf' (155K)
[2019.04.28-16.30.00:767][  0]LogSlate: Took 0.000834 seconds to synchronously load lazily loaded font '../../../Engine/Content/Slate/Fonts/Roboto-Bold.ttf' (160K)
[2019.04.28-16.30.00:786][  0]LogSlate: Took 0.000400 seconds to synchronously load lazily loaded font '../../../Engine/Content/Editor/Slate/Fonts/FontAwesome.ttf' (139K)
[2019.04.28-16.30.00:898][  0]LogRenderer: Reallocating scene render targets to support 964x436 Format 10 NumSamples 1 (Frame:1).
[2019.04.28-16.30.01:170][  0]LogContentBrowser: Native class hierarchy updated for 'HierarchicalLODOutliner' in 0.0007 seconds. Added 0 classes and 0 folders.
[2019.04.28-16.30.01:170][  0]LogLoad: (Engine Initialization) Total time: 14.82 seconds
[2019.04.28-16.30.01:170][  0]LogLoad: (Engine Initialization) Total Blueprint compile time: 0.00 seconds
[2019.04.28-16.30.01:193][  0]LogWindowsTextInputMethodSystem: Display: IME system now deactivated.
[2019.04.28-16.30.01:238][  0]LogContentStreaming: Texture pool size now 1000 MB
[2019.04.28-16.30.01:495][  4]LogAssetRegistry: Asset discovery search completed in 7.9063 seconds
[2019.04.28-16.30.01:502][  4]LogCollectionManager: Rebuilt the object cache for 0 collections in 0.000000 seconds (found 0 objects)
[2019.04.28-16.30.01:502][  4]LogCollectionManager: Fixed up redirectors for 0 collections in 0.000144 seconds (updated 0 objects)
[2019.04.28-16.30.02:297][ 28]LogSlate: Took 0.000634 seconds to synchronously load lazily loaded font '../../../Engine/Content/Slate/Fonts/Roboto-Light.ttf' (167K)
[2019.04.28-16.30.05:154][112]LogSlate: FSceneViewport::OnFocusLost() reason 0
[2019.04.28-16.30.05:288][114]LogAssetEditorManager: Opening Asset editor for Material /Game/LY_Bldg/lambert10SG.lambert10SG
[2019.04.28-16.30.05:292][114]LogMaterial: Display: Missing cached shader map for material lambert10SG, compiling. 
[2019.04.28-16.30.05:794][114]LogMaterial: Display: Missing cached shader map for material lambert10SG, compiling. 
[2019.04.28-16.30.05:820][114]LogMaterial: Display: Missing cached shader map for material lambert10SG, compiling. 
[2019.04.28-16.30.05:846][114]LogShaderCompilers: Display: Shaders left to compile 21
[2019.04.28-16.30.05:846][114]LogShaderCompilers: Display: Shaders left to compile 20
[2019.04.28-16.30.05:846][114]LogShaderCompilers: Display: Shaders left to compile 19
[2019.04.28-16.30.05:846][114]LogShaderCompilers: Display: Shaders left to compile 18
[2019.04.28-16.30.05:872][114]LogMaterial: Display: Missing cached shader map for material FMatExpressionPreview MaterialExpressionTextureSample_0, compiling. 
[2019.04.28-16.30.05:942][114]LogSlate: Took 0.000421 seconds to synchronously load lazily loaded font '../../../Engine/Content/Slate/Fonts/Roboto-BoldCondensed.ttf' (158K)
[2019.04.28-16.30.05:952][114]LogSlate: Took 0.000307 seconds to synchronously load lazily loaded font '../../../Engine/Content/Slate/Fonts/Roboto-Light.ttf' (167K)
[2019.04.28-16.30.06:957][138]LogShaderCompilers: Display: Shaders left to compile 19
[2019.04.28-16.30.07:030][140]LogShaderCompilers: Display: Shaders left to compile 18
[2019.04.28-16.30.07:054][141]LogShaderCompilers: Display: Shaders left to compile 17
[2019.04.28-16.30.07:094][142]LogShaderCompilers: Display: Shaders left to compile 16
[2019.04.28-16.30.07:393][148]LogShaderCompilers: Display: Shaders left to compile 15
[2019.04.28-16.30.07:508][152]LogShaderCompilers: Display: Shaders left to compile 14
[2019.04.28-16.30.07:541][153]LogShaderCompilers: Display: Shaders left to compile 13
[2019.04.28-16.30.07:552][153]LogShaderCompilers: Display: Shaders left to compile 12
[2019.04.28-16.30.07:789][158]LogShaderCompilers: Display: Shaders left to compile 11
[2019.04.28-16.30.08:087][164]LogShaderCompilers: Display: Shaders left to compile 10
[2019.04.28-16.30.08:389][170]LogShaderCompilers: Display: Shaders left to compile 9
[2019.04.28-16.30.08:452][172]LogShaderCompilers: Display: Shaders left to compile 8
[2019.04.28-16.30.08:653][178]LogShaderCompilers: Display: Shaders left to compile 7
[2019.04.28-16.30.08:867][184]LogShaderCompilers: Display: Shaders left to compile 6
[2019.04.28-16.30.08:928][186]LogShaderCompilers: Display: Shaders left to compile 5
[2019.04.28-16.30.09:284][195]LogShaderCompilers: Display: Shaders left to compile 4
[2019.04.28-16.30.09:343][196]LogShaderCompilers: Display: Shaders left to compile 3
[2019.04.28-16.30.09:476][199]LogShaderCompilers: Display: Shaders left to compile 2
[2019.04.28-16.30.09:593][201]LogShaderCompilers: Display: Shaders left to compile 1
[2019.04.28-16.30.09:944][207]MaterialEditorStats: Base pass shader: 102 instructions
[2019.04.28-16.30.09:944][207]MaterialEditorStats: Base pass shader with Volumetric Lightmap: 175 instructions
[2019.04.28-16.30.09:944][207]MaterialEditorStats: Base pass vertex shader: 36 instructions
[2019.04.28-16.30.09:944][207]MaterialEditorStats: Texture samplers: 4/16
[2019.04.28-16.30.09:944][207]MaterialEditorStats: Texture Lookups (Est.): VS(0), PS(1)
[2019.04.28-16.30.09:944][207]MaterialEditorStats: User interpolators: 2/4 Scalars (1/4 Vectors) (TexCoords: 2, Custom: 0)
[2019.04.28-16.30.12:229][252]LogMaterial: Display: Missing cached shader map for material lambert10SG, compiling. 
[2019.04.28-16.30.12:279][252]LogMaterial: Warning: FMaterialUniformExpressionTexture had invalid TextureIndex! (0 / 0)
[2019.04.28-16.30.12:469][253]LogShaderCompilers: Display: Shaders left to compile 21
[2019.04.28-16.30.12:469][253]LogShaderCompilers: Display: Shaders left to compile 20
[2019.04.28-16.30.12:469][253]LogShaderCompilers: Display: Shaders left to compile 19
[2019.04.28-16.30.12:469][253]LogShaderCompilers: Display: Shaders left to compile 18
[2019.04.28-16.30.12:817][266]LogShaderCompilers: Display: Shaders left to compile 17
[2019.04.28-16.30.12:853][267]LogShaderCompilers: Display: Shaders left to compile 16
[2019.04.28-16.30.12:853][267]LogShaderCompilers: Display: Shaders left to compile 15
[2019.04.28-16.30.12:884][268]LogShaderCompilers: Display: Shaders left to compile 14
[2019.04.28-16.30.13:144][276]LogShaderCompilers: Display: Shaders left to compile 13
[2019.04.28-16.30.13:150][276]LogShaderCompilers: Display: Shaders left to compile 12
[2019.04.28-16.30.13:166][276]LogShaderCompilers: Display: Shaders left to compile 11
[2019.04.28-16.30.13:186][277]LogShaderCompilers: Display: Shaders left to compile 10
[2019.04.28-16.30.13:450][285]LogShaderCompilers: Display: Shaders left to compile 9
[2019.04.28-16.30.13:633][290]LogShaderCompilers: Display: Shaders left to compile 8
[2019.04.28-16.30.13:916][299]LogShaderCompilers: Display: Shaders left to compile 7
[2019.04.28-16.30.14:018][302]LogShaderCompilers: Display: Shaders left to compile 6
[2019.04.28-16.30.14:215][308]LogShaderCompilers: Display: Shaders left to compile 5
[2019.04.28-16.30.14:350][312]LogShaderCompilers: Display: Shaders left to compile 4
[2019.04.28-16.30.14:448][315]LogShaderCompilers: Display: Shaders left to compile 3
[2019.04.28-16.30.14:791][325]LogShaderCompilers: Display: Shaders left to compile 2
[2019.04.28-16.30.14:820][326]LogShaderCompilers: Display: Shaders left to compile 1
[2019.04.28-16.30.15:431][344]MaterialEditorStats: Base pass shader: 99 instructions
[2019.04.28-16.30.15:431][344]MaterialEditorStats: Base pass shader with Volumetric Lightmap: 172 instructions
[2019.04.28-16.30.15:431][344]MaterialEditorStats: Base pass vertex shader: 32 instructions
[2019.04.28-16.30.15:431][344]MaterialEditorStats: Texture samplers: 3/16
[2019.04.28-16.30.20:502][496]LogEditorTransaction: Undo Material Editor: Delete
[2019.04.28-16.30.20:542][496]LogMaterial: Display: Missing cached shader map for material lambert10SG, compiling. 
[2019.04.28-16.30.20:597][496]LogShaderCompilers: Display: Shaders left to compile 21
[2019.04.28-16.30.20:597][496]LogShaderCompilers: Display: Shaders left to compile 20
[2019.04.28-16.30.20:597][496]LogShaderCompilers: Display: Shaders left to compile 19
[2019.04.28-16.30.20:597][496]LogShaderCompilers: Display: Shaders left to compile 18
[2019.04.28-16.30.20:605][496]LogMaterial: Display: Missing cached shader map for material lambert10SG, compiling. 
[2019.04.28-16.30.20:706][496]LogMaterial: Display: Missing cached shader map for material FMatExpressionPreview MaterialExpressionTextureSample_0, compiling. 
[2019.04.28-16.30.21:085][505]LogShaderCompilers: Display: Shaders left to compile 23
[2019.04.28-16.30.21:136][506]LogShaderCompilers: Display: Shaders left to compile 22
[2019.04.28-16.30.21:156][506]LogShaderCompilers: Display: Shaders left to compile 21
[2019.04.28-16.30.21:175][507]LogShaderCompilers: Display: Shaders left to compile 20
[2019.04.28-16.30.21:507][513]LogShaderCompilers: Display: Shaders left to compile 19
[2019.04.28-16.30.21:526][514]LogShaderCompilers: Display: Shaders left to compile 18
[2019.04.28-16.30.21:558][514]LogShaderCompilers: Display: Shaders left to compile 17
[2019.04.28-16.30.21:573][515]LogShaderCompilers: Display: Shaders left to compile 16
[2019.04.28-16.30.21:828][519]LogShaderCompilers: Display: Shaders left to compile 15
[2019.04.28-16.30.21:840][519]LogShaderCompilers: Display: Shaders left to compile 14
[2019.04.28-16.30.21:840][519]LogShaderCompilers: Display: Shaders left to compile 13
[2019.04.28-16.30.21:876][520]LogShaderCompilers: Display: Shaders left to compile 12
[2019.04.28-16.30.22:114][524]LogShaderCompilers: Display: Shaders left to compile 11
[2019.04.28-16.30.22:316][527]LogShaderCompilers: Display: Shaders left to compile 10
[2019.04.28-16.30.22:515][530]LogShaderCompilers: Display: Shaders left to compile 9
[2019.04.28-16.30.22:570][531]LogShaderCompilers: Display: Shaders left to compile 8
[2019.04.28-16.30.22:756][534]LogShaderCompilers: Display: Shaders left to compile 7
[2019.04.28-16.30.22:926][536]LogShaderCompilers: Display: Shaders left to compile 6
[2019.04.28-16.30.23:008][538]LogShaderCompilers: Display: Shaders left to compile 5
[2019.04.28-16.30.23:198][539]LogMaterial: Display: Missing cached shader map for material lambert10SG, compiling. 
[2019.04.28-16.30.23:313][540]LogShaderCompilers: Display: Shaders left to compile 23
[2019.04.28-16.30.23:351][542]LogShaderCompilers: Display: Shaders left to compile 22
[2019.04.28-16.30.23:526][546]LogShaderCompilers: Display: Shaders left to compile 21
[2019.04.28-16.30.23:641][549]LogShaderCompilers: Display: Shaders left to compile 20
[2019.04.28-16.30.23:810][549]LogShaderCompilers: Display: Shaders left to compile 19
[2019.04.28-16.30.23:846][549]LogShaderCompilers: Display: Shaders left to compile 18
[2019.04.28-16.30.23:903][549]LogShaderCompilers: Display: Shaders left to compile 17
[2019.04.28-16.30.24:013][549]LogShaderCompilers: Display: Shaders left to compile 16
[2019.04.28-16.30.24:134][549]LogD3D11RHI: Timed out while waiting for GPU to catch up. (0.5 s)
[2019.04.28-16.30.24:138][549]LogShaderCompilers: Display: Shaders left to compile 15
[2019.04.28-16.30.24:148][549]LogD3D11RHI: Error: Result failed 
 at D:\Build\++UE4\Sync\Engine\Source\Runtime\Windows\D3D11RHI\Private\D3D11Query.cpp:146 
 with error DXGI_ERROR_DEVICE_REMOVED DXGI_ERROR_DEVICE_HUNG
[2019.04.28-16.30.24:148][549]LogD3D11RHI: [Aftermath] GDynamicRHI=0000019158E2C100, GDX11NVAfterMathEnabled=0, Result=0xFFFFFFFF, bDeviceActive=0
[2019.04.28-16.30.24:148][549]LogWindows: Windows GetLastError: The operation completed successfully. (0)
[2019.04.28-16.30.27:804][549]LogShaderCompilers: Display: Shaders left to compile 14
[2019.04.28-16.30.27:804][549]LogShaderCompilers: Display: Shaders left to compile 13
[2019.04.28-16.30.27:804][549]LogShaderCompilers: Display: Shaders left to compile 12
[2019.04.28-16.30.27:804][549]LogShaderCompilers: Display: Shaders left to compile 11
[2019.04.28-16.30.27:804][549]LogShaderCompilers: Display: Shaders left to compile 10
[2019.04.28-16.30.27:804][549]LogShaderCompilers: Display: Shaders left to compile 9
[2019.04.28-16.30.27:804][549]LogShaderCompilers: Display: Shaders left to compile 8
[2019.04.28-16.30.27:804][549]LogShaderCompilers: Display: Shaders left to compile 7
[2019.04.28-16.30.27:804][549]LogShaderCompilers: Display: Shaders left to compile 6
[2019.04.28-16.30.27:805][549]LogShaderCompilers: Display: Shaders left to compile 5
[2019.04.28-16.30.27:805][549]LogShaderCompilers: Display: Shaders left to compile 4
[2019.04.28-16.30.27:805][549]LogShaderCompilers: Display: Shaders left to compile 3
[2019.04.28-16.30.27:805][549]LogShaderCompilers: Display: Shaders left to compile 2
[2019.04.28-16.30.27:805][549]LogShaderCompilers: Display: Shaders left to compile 1
[2019.04.28-16.30.27:805][549]LogWindows: Windows GetLastError: The operation completed successfully. (0)
[2019.04.28-16.30.27:807][549]LogWindows: Error: === Critical error: ===
[2019.04.28-16.30.27:807][549]LogWindows: Error: 
[2019.04.28-16.30.27:807][549]LogWindows: Error: Fatal error: [File:D:\Build\++UE4\Sync\Engine\Source\Runtime\RenderCore\Private\RenderingThread.cpp] [Line: 826] 
[2019.04.28-16.30.27:807][549]LogWindows: Error: Rendering thread exception:
[2019.04.28-16.30.27:807][549]LogWindows: Error: Fatal error: [File:D:\Build\++UE4\Sync\Engine\Source\Runtime\Windows\D3D11RHI\Private\D3D11Util.cpp] [Line: 200] 
[2019.04.28-16.30.27:807][549]LogWindows: Error: Unreal Engine is exiting due to D3D device being lost. (Error: 0x887A0006 - 'HUNG')
[2019.04.28-16.30.27:808][549]LogWindows: Error: 
[2019.04.28-16.30.27:808][549]LogWindows: Error: 
[2019.04.28-16.30.27:808][549]LogWindows: Error: [Callstack] 0x00007fffb413a388 KERNELBASE.dll!UnknownFunction []
[2019.04.28-16.30.27:808][549]LogWindows: Error: [Callstack] 0x00007fff7d636850 UE4Editor-ApplicationCore.dll!UnknownFunction []
[2019.04.28-16.30.27:808][549]LogWindows: Error: [Callstack] 0x00007fff411c62fc UE4Editor-Core.dll!UnknownFunction []
[2019.04.28-16.30.27:808][549]LogWindows: Error: [Callstack] 0x00007fff411551db UE4Editor-Core.dll!UnknownFunction []
[2019.04.28-16.30.27:808][549]LogWindows: Error: [Callstack] 0x00007fff2e40adea UE4Editor-D3D11RHI.dll!UnknownFunction []
[2019.04.28-16.30.27:808][549]LogWindows: Error: [Callstack] 0x00007fff2e40e6e4 UE4Editor-D3D11RHI.dll!UnknownFunction []
[2019.04.28-16.30.27:808][549]LogWindows: Error: [Callstack] 0x00007fff2e3e5951 UE4Editor-D3D11RHI.dll!UnknownFunction []
[2019.04.28-16.30.27:808][549]LogWindows: Error: [Callstack] 0x00007fff2e3fabf8 UE4Editor-D3D11RHI.dll!UnknownFunction []
[2019.04.28-16.30.27:808][549]LogWindows: Error: [Callstack] 0x00007fff7d6cb106 UE4Editor-RHI.dll!UnknownFunction []
[2019.04.28-16.30.27:808][549]LogWindows: Error: [Callstack] 0x00007fff2e1a1b42 UE4Editor-SlateRHIRenderer.dll!UnknownFunction []
[2019.04.28-16.30.27:808][549]LogWindows: Error: [Callstack] 0x00007fff2e1a7d0a UE4Editor-SlateRHIRenderer.dll!UnknownFunction []
[2019.04.28-16.30.27:808][549]LogWindows: Error: [Callstack] 0x00007fff40fe1f92 UE4Editor-Core.dll!UnknownFunction []
[2019.04.28-16.30.27:808][549]LogWindows: Error: [Callstack] 0x00007fff40fe2456 UE4Editor-Core.dll!UnknownFunction []
[2019.04.28-16.30.27:808][549]LogWindows: Error: [Callstack] 0x00007fff7d9175f9 UE4Editor-RenderCore.dll!UnknownFunction []
[2019.04.28-16.30.27:809][549]LogWindows: Error: [Callstack] 0x00007fff7d918574 UE4Editor-RenderCore.dll!UnknownFunction []
[2019.04.28-16.30.27:809][549]LogWindows: Error: [Callstack] 0x00007fff41426b7c UE4Editor-Core.dll!UnknownFunction []
[2019.04.28-16.30.27:809][549]LogWindows: Error: [Callstack] 0x00007fff414217c7 UE4Editor-Core.dll!UnknownFunction []
[2019.04.28-16.30.27:809][549]LogWindows: Error: [Callstack] 0x00007fffb6634034 KERNEL32.DLL!UnknownFunction []
[2019.04.28-16.30.27:809][549]LogWindows: Error: [Callstack] 0x00007fffb7963691 ntdll.dll!UnknownFunction []
[2019.04.28-16.30.27:809][549]LogWindows: Error: 
[2019.04.28-16.30.27:809][549]LogWindows: Error: 
[2019.04.28-16.30.27:809][549]LogWindows: Error: 
[2019.04.28-16.30.27:809][549]LogWindows: Error: 
[2019.04.28-16.30.27:838][549]LogExit: Executing StaticShutdownAfterError
[2019.04.28-16.30.27:855][549]LogWindows: FPlatformMisc::RequestExit(1)
[2019.04.28-16.30.27:858][549]Log file closed, 04/28/19 10:30:27
