Log file open, 04/29/19 10:15:10
LogWindows: Failed to load 'aqProf.dll' (GetLastError=126)
LogWindows: File 'aqProf.dll' does not exist
LogWindows: Failed to load 'VSPerf140.dll' (GetLastError=126)
LogWindows: File 'VSPerf140.dll' does not exist
LogWindows: Failed to load 'VtuneApi.dll' (GetLastError=126)
LogWindows: File 'VtuneApi.dll' does not exist
LogWindows: Failed to load 'VtuneApi32e.dll' (GetLastError=126)
LogWindows: File 'VtuneApi32e.dll' does not exist
LogInit: Display: Running engine for game: LY_ICWhiteBox
LogPlatformFile: Not using cached read wrapper
LogTaskGraph: Started task graph with 5 named threads and 14 total threads with 3 sets of task threads.
LogStats: Stats thread started at 0.832393
LogD3D11RHI: Loaded GFSDK_Aftermath_Lib.x64.dll
LogICUInternationalization: Display: ICU TimeZone Detection - Raw Offset: -7:00, Platform Override: ''
LogPluginManager: Mounting plugin WindowsMoviePlayer
LogPluginManager: Mounting plugin SteamVR
LogPluginManager: Mounting plugin RuntimePhysXCooking
LogPluginManager: Mounting plugin ProceduralMeshComponent
LogPluginManager: Mounting plugin PhysXVehicles
LogPluginManager: Mounting plugin OculusVR
LogPluginManager: Plugin shader directory ../../../Engine/Plugins/Runtime/Oculus/OculusVR/Shaders found
LogPluginManager: Mapping shader source directory ../../../Engine/Plugins/Runtime/Oculus/OculusVR/Shaders to virtual directory /Plugin/OculusVR
LogPluginManager: Mounting plugin MobilePatchingUtils
LogPluginManager: Mounting plugin LocationServicesBPLibrary
LogPluginManager: Mounting plugin LinuxDeviceProfileSelector
LogPluginManager: Mounting plugin IOSDeviceProfileSelector
LogPluginManager: Mounting plugin ImmediatePhysics
LogPluginManager: Mounting plugin GoogleCloudMessaging
LogPluginManager: Mounting plugin ExampleDeviceProfileSelector
LogPluginManager: Mounting plugin EditableMesh
LogPluginManager: Mounting plugin CustomMeshComponent
LogPluginManager: Mounting plugin CableComponent
LogPluginManager: Mounting plugin AudioCapture
LogPluginManager: Mounting plugin ArchVisCharacter
LogPluginManager: Mounting plugin AppleMoviePlayer
LogPluginManager: Mounting plugin AndroidPermission
LogPluginManager: Mounting plugin AndroidMoviePlayer
LogPluginManager: Mounting plugin AndroidDeviceProfileSelector
LogPluginManager: Mounting plugin LauncherChunkInstaller
LogPluginManager: Mounting plugin OnlineSubsystemUtils
LogPluginManager: Mounting plugin OnlineSubsystemNull
LogPluginManager: Mounting plugin OnlineSubsystem
LogPluginManager: Mounting plugin OnlineSubsystemIOS
LogPluginManager: Mounting plugin OnlineSubsystemGooglePlay
LogPluginManager: Mounting plugin NUTUnrealEngine4
LogPluginManager: Mounting plugin NetcodeUnitTest
LogPluginManager: Mounting plugin MatineeToLevelSequence
LogPluginManager: Mounting plugin LevelSequenceEditor
LogPluginManager: Mounting plugin ActorSequence
LogPluginManager: Mounting plugin UdpMessaging
LogPluginManager: Mounting plugin TcpMessaging
LogPluginManager: Mounting plugin WmfMedia
LogPluginManager: Mounting plugin MediaPlayerEditor
LogPluginManager: Mounting plugin MediaCompositing
LogPluginManager: Mounting plugin LinearTimecode
LogPluginManager: Mounting plugin ImgMedia
LogPluginManager: Mounting plugin AvfMedia
LogPluginManager: Mounting plugin AndroidMedia
LogPluginManager: Mounting plugin MagicLeapMedia
LogPluginManager: Mounting plugin MagicLeapEmulator
LogPluginManager: Mounting plugin MagicLeap
LogPluginManager: Mounting plugin ProxyLODPlugin
LogPluginManager: Mounting plugin HTML5Networking
LogPluginManager: Mounting plugin GeometryCache
LogPluginManager: Mounting plugin CharacterAI
LogPluginManager: Mounting plugin BackChannel
LogPluginManager: Mounting plugin AppleVision
LogPluginManager: Mounting plugin AppleImageUtils
LogPluginManager: Mounting plugin AlembicImporter
LogPluginManager: Mounting plugin DatasmithContent
LogPluginManager: Mounting plugin SpeedTreeImporter
LogPluginManager: Mounting plugin PluginBrowser
LogPluginManager: Mounting plugin MobileLauncherProfileWizard
LogPluginManager: Mounting plugin MeshEditor
LogPluginManager: Mounting plugin MacGraphicsSwitching
LogPluginManager: Mounting plugin GameplayTagsEditor
LogPluginManager: Mounting plugin FacialAnimation
LogPluginManager: Mounting plugin DataValidation
LogPluginManager: Mounting plugin CryptoKeys
LogPluginManager: Mounting plugin AssetManagerEditor
LogPluginManager: Mounting plugin XCodeSourceCodeAccess
LogPluginManager: Mounting plugin VisualStudioSourceCodeAccess
LogPluginManager: Mounting plugin VisualStudioCodeSourceCodeAccess
LogPluginManager: Mounting plugin UObjectPlugin
LogPluginManager: Mounting plugin SubversionSourceControl
LogPluginManager: Mounting plugin PerforceSourceControl
LogPluginManager: Mounting plugin NullSourceCodeAccess
LogPluginManager: Mounting plugin KDevelopSourceCodeAccess
LogPluginManager: Mounting plugin GitSourceControl
LogPluginManager: Mounting plugin CodeLiteSourceCodeAccess
LogPluginManager: Mounting plugin CLionSourceCodeAccess
LogPluginManager: Mounting plugin LightPropagationVolume
LogPluginManager: Mounting plugin AISupport
LogPluginManager: Mounting plugin Paper2D
LogStreaming: Display: Took  0.290s to configure plugins.
LogInit: Using libcurl 7.55.1-DEV
LogInit:  - built for x86_64-pc-win32
LogInit:  - supports SSL with OpenSSL/1.0.2h
LogInit:  - supports HTTP deflate (compression) using libz 1.2.8
LogInit:  - other features:
LogInit:      CURL_VERSION_SSL
LogInit:      CURL_VERSION_LIBZ
LogInit:      CURL_VERSION_IPV6
LogInit:      CURL_VERSION_ASYNCHDNS
LogInit:      CURL_VERSION_LARGEFILE
LogInit:      CURL_VERSION_IDN
LogInit:  CurlRequestOptions (configurable via config and command line):
LogInit:  - bVerifyPeer = false  - Libcurl will NOT verify peer certificate
LogInit:  - bUseHttpProxy = false  - Libcurl will NOT use HTTP proxy
LogInit:  - bDontReuseConnections = false  - Libcurl will reuse connections
LogInit:  - CertBundlePath = nullptr  - Libcurl will use whatever was configured at build time.
LogInit:  - MaxHostConnections = 16  - Libcurl will limit the number of connections to a host
LogInit:  - LocalHostAddr = Default
LogInit:  - BufferSize = 65536
LogInit: WinSock: version 1.1 (2.2), MaxSocks=32767, MaxUdp=65467
LogInit: Build: ++UE4+Release-4.20-CL-4369336
LogInit: Engine Version: 4.20.3-4369336+++UE4+Release-4.20
LogInit: Compatible Engine Version: 4.20.0-4212847+++UE4+Release-4.20
LogInit: Net CL: 4212847
LogInit: OS: Windows 10 (), CPU: Intel(R) Core(TM) i5-7500 CPU @ 3.40GHz, GPU: NVIDIA GeForce GTX 1050
LogInit: Compiled (64-bit): Sep 17 2018 12:26:19
LogInit: Compiled with Visual C++: 19.13.26129.00
LogInit: Build Configuration: Development
LogInit: Branch Name: ++UE4+Release-4.20
LogInit: Command Line:  
LogInit: Base Directory: C:/Programs/Epic Games/UE_4.20/Engine/Binaries/Win64/
LogInit: Installed Engine Build: 1
LogDevObjectVersion: Number of dev versions registered: 20
LogDevObjectVersion:   Dev-Blueprints (B0D832E4-1F89-4F0D-ACCF-7EB736FD4AA2): 10
LogDevObjectVersion:   Dev-Build (E1C64328-A22C-4D53-A36C-8E866417BD8C): 0
LogDevObjectVersion:   Dev-Core (375EC13C-06E4-48FB-B500-84F0262A717E): 2
LogDevObjectVersion:   Dev-Editor (E4B068ED-F494-42E9-A231-DA0B2E46BB41): 24
LogDevObjectVersion:   Dev-Framework (CFFC743F-43B0-4480-9391-14DF171D2073): 34
LogDevObjectVersion:   Dev-Mobile (B02B49B5-BB20-44E9-A304-32B752E40360): 2
LogDevObjectVersion:   Dev-Networking (A4E4105C-59A1-49B5-A7C5-40C4547EDFEE): 0
LogDevObjectVersion:   Dev-Online (39C831C9-5AE6-47DC-9A44-9C173E1C8E7C): 0
LogDevObjectVersion:   Dev-Physics (78F01B33-EBEA-4F98-B9B4-84EACCB95AA2): 0
LogDevObjectVersion:   Dev-Platform (6631380F-2D4D-43E0-8009-CF276956A95A): 0
LogDevObjectVersion:   Dev-Rendering (12F88B9F-8875-4AFC-A67C-D90C383ABD29): 26
LogDevObjectVersion:   Dev-Sequencer (7B5AE74C-D270-4C10-A958-57980B212A5A): 9
LogDevObjectVersion:   Dev-VR (D7296918-1DD6-4BDD-9DE2-64A83CC13884): 2
LogDevObjectVersion:   Dev-LoadTimes (C2A15278-BFE7-4AFE-6C17-90FF531DF755): 1
LogDevObjectVersion:   Private-Geometry (6EACA3D4-40EC-4CC1-B786-8BED09428FC5): 3
LogDevObjectVersion:   Dev-AnimPhys (29E575DD-E0A3-4627-9D10-D276232CDCEA): 17
LogDevObjectVersion:   Dev-ReflectionCapture (6B266CEC-1EC7-4B8F-A30B-E4D90942FC07): 1
LogDevObjectVersion:   Dev-Automation (0DF73D61-A23F-47EA-B727-89E90C41499A): 1
LogDevObjectVersion:   FortniteMain (601D1886-AC64-4F84-AA16-D3DE0DEAC7D6): 12
LogDevObjectVersion:   Dev-Enterprise (9DFFBCD6-494F-0158-E221-12823C92A888): 1
LogStreaming: Display: Took  0.011s to delete old logs.
LogInit: Presizing for max 8388607 objects, including 0 objects not considered by GC, pre-allocating 0 bytes for permanent pool.
LogInit: Object subsystem initialized
[2019.04.29-16.15.10:949][  0]LogInit: Selected Device Profile: [Windows]
[2019.04.29-16.15.10:949][  0]LogInit: Applying CVar settings loaded from the selected device profile: [Windows]
[2019.04.29-16.15.10:962][  0]LogHAL: Display: Platform has ~ 8 GB [8546631680 / 8589934592 / 8], which maps to Default [LargestMinGB=32, LargerMinGB=12, DefaultMinGB=8, SmallerMinGB=6, SmallestMinGB=0)
[2019.04.29-16.15.10:963][  0]LogInit: Setting Device Profile CVar: [[r.Vulkan.UseRealUBs:1]]
[2019.04.29-16.15.10:963][  0]LogInit: Going up to parent DeviceProfile []
[2019.04.29-16.15.10:966][  0]LogInit: Computer: MLPC-KC52
[2019.04.29-16.15.10:966][  0]LogInit: User: u6004915
[2019.04.29-16.15.10:966][  0]LogInit: CPU Page size=4096, Cores=4
[2019.04.29-16.15.10:966][  0]LogInit: High frequency timer resolution =3.328125 MHz
[2019.04.29-16.15.10:966][  0]LogMemory: Memory total: Physical=8.0GB (8GB approx)
[2019.04.29-16.15.10:966][  0]LogMemory: Platform Memory Stats for Windows
[2019.04.29-16.15.10:966][  0]LogMemory: Process Physical Memory: 100.10 MB used, 100.10 MB peak
[2019.04.29-16.15.10:966][  0]LogMemory: Process Virtual Memory: 84.23 MB used, 84.23 MB peak
[2019.04.29-16.15.10:966][  0]LogMemory: Physical Memory: 3955.67 MB used,  4195.04 MB free, 8150.70 MB total
[2019.04.29-16.15.10:966][  0]LogMemory: Virtual Memory: 4620.66 MB used,  4195.04 MB free, 134217728.00 MB total
[2019.04.29-16.15.11:117][  0]LogInit: Using OS detected language (en-US).
[2019.04.29-16.15.11:117][  0]LogInit: Using OS detected locale (en-US).
[2019.04.29-16.15.11:120][  0]LogTextLocalizationManager: No specific localization for 'en-US' exists, so the 'en' localization will be used.
[2019.04.29-16.15.11:534][  0]LogStreaming: Display: Took  0.411s to InitEngineTextLocalization.
[2019.04.29-16.15.11:534][  0]LogInit: Setting process to per monitor DPI aware
[2019.04.29-16.15.11:602][  0]LogSlate: New Slate User Created.  User Index 0, Is Virtual User: 0
[2019.04.29-16.15.11:602][  0]LogSlate: Slate User Registered.  User Index 0, Is Virtual User: 0
[2019.04.29-16.15.12:300][  0]LogHMD: Failed to initialize OpenVR with code 110
[2019.04.29-16.15.12:300][  0]LogD3D11RHI: D3D11 adapters:
[2019.04.29-16.15.12:366][  0]LogD3D11RHI:    0. 'NVIDIA GeForce GTX 1050' (Feature Level 11_0)
[2019.04.29-16.15.12:366][  0]LogD3D11RHI:       1987/0/4075 MB DedicatedVideo/DedicatedSystem/SharedSystem, Outputs:2, VendorId:0x10de
[2019.04.29-16.15.12:369][  0]LogD3D11RHI:    1. 'Microsoft Basic Render Driver' (Feature Level 11_0)
[2019.04.29-16.15.12:369][  0]LogD3D11RHI:       0/0/4075 MB DedicatedVideo/DedicatedSystem/SharedSystem, Outputs:0, VendorId:0x1414
[2019.04.29-16.15.12:369][  0]LogD3D11RHI: Chosen D3D11 Adapter: 0
[2019.04.29-16.15.12:375][  0]LogD3D11RHI: Creating new Direct3DDevice
[2019.04.29-16.15.12:375][  0]LogD3D11RHI:     GPU DeviceId: 0x1c81 (for the marketing name, search the web for "GPU Device Id")
[2019.04.29-16.15.12:376][  0]LogWindows: EnumDisplayDevices:
[2019.04.29-16.15.12:376][  0]LogWindows:    0. 'NVIDIA GeForce GTX 1050' (P:0 D:1)
[2019.04.29-16.15.12:377][  0]LogWindows:    1. 'NVIDIA GeForce GTX 1050' (P:1 D:1)
[2019.04.29-16.15.12:378][  0]LogWindows:    2. 'NVIDIA GeForce GTX 1050' (P:0 D:0)
[2019.04.29-16.15.12:378][  0]LogWindows:    3. 'NVIDIA GeForce GTX 1050' (P:0 D:0)
[2019.04.29-16.15.12:379][  0]LogWindows: DebugString: FoundDriverCount:4 
[2019.04.29-16.15.12:379][  0]LogD3D11RHI:     Adapter Name: NVIDIA GeForce GTX 1050
[2019.04.29-16.15.12:379][  0]LogD3D11RHI:   Driver Version: 388.71 (internal:23.21.13.8871, unified:388.71)
[2019.04.29-16.15.12:379][  0]LogD3D11RHI:      Driver Date: 12-15-2017
[2019.04.29-16.15.12:379][  0]LogRHI: Texture pool is 1391 MB (70% of 1987 MB)
[2019.04.29-16.15.12:412][  0]LogD3D11RHI: Async texture creation enabled
[2019.04.29-16.15.12:437][  0]LogD3D11RHI: GPU Timing Frequency: 1000.000000 (Debug: 2 1)
[2019.04.29-16.15.17:269][  0]LogWindowsTextInputMethodSystem: Display: IME system now deactivated.
[2019.04.29-16.15.17:276][  0]LogShaderCompilers: Guid format shader working directory is -32 characters bigger than the processId version (../../../../../../Users/u6004915/Documents/GitHub/LY_AssetPipeline/LY_ICWhiteBox/Intermediate/Shaders/WorkingDirectory/11476/).
[2019.04.29-16.15.17:277][  0]LogShaderCompilers: Cleaned the shader compiler working directory 'C:/Users/u6004915/AppData/Local/Temp/UnrealShaderWorkingDir/78883C9B4D1C339657315EB0FABBC38C/'.
[2019.04.29-16.15.19:131][  0]LogTemp: Display: Loaded TP AllDesktopTargetPlatform
[2019.04.29-16.15.19:149][  0]LogTemp: Display: Loaded TP MacClientTargetPlatform
[2019.04.29-16.15.19:166][  0]LogTemp: Display: Loaded TP MacNoEditorTargetPlatform
[2019.04.29-16.15.19:183][  0]LogTemp: Display: Loaded TP MacServerTargetPlatform
[2019.04.29-16.15.19:203][  0]LogTemp: Display: Loaded TP MacTargetPlatform
[2019.04.29-16.15.19:222][  0]LogTemp: Display: Loaded TP WindowsClientTargetPlatform
[2019.04.29-16.15.19:240][  0]LogTemp: Display: Loaded TP WindowsNoEditorTargetPlatform
[2019.04.29-16.15.19:259][  0]LogTemp: Display: Loaded TP WindowsServerTargetPlatform
[2019.04.29-16.15.19:270][  0]LogTemp: Display: Loaded TP WindowsTargetPlatform
[2019.04.29-16.15.19:282][  0]LogWindows: Failed to load 'C:/Programs/Epic Games/UE_4.20/Engine/Binaries/Win64/Lumin/UE4Editor-LuminTargetPlatform.dll' (GetLastError=126)
[2019.04.29-16.15.19:283][  0]LogWindows:   Missing import: UE4Editor-AndroidTargetPlatform.dll
[2019.04.29-16.15.19:283][  0]LogWindows:   Looked in: ../../../Engine/Binaries/Win64
[2019.04.29-16.15.19:283][  0]LogWindows:   Looked in: ../../../../../../Users/u6004915/Documents/GitHub/LY_AssetPipeline/LY_ICWhiteBox/Binaries/Win64
[2019.04.29-16.15.19:283][  0]LogWindows:   Looked in: C:\Users\u6004915\Documents\GitHub\LY_AssetPipeline\LY_ICWhiteBox\Binaries\Win64
[2019.04.29-16.15.19:283][  0]LogWindows:   Looked in: C:\Programs\Epic Games\UE_4.20\Engine\Plugins\Runtime\WindowsMoviePlayer\Binaries\Win64
[2019.04.29-16.15.19:283][  0]LogWindows:   Looked in: C:\Programs\Epic Games\UE_4.20\Engine\Plugins\Runtime\Steam\SteamVR\Binaries\Win64
[2019.04.29-16.15.19:283][  0]LogWindows:   Looked in: C:\Programs\Epic Games\UE_4.20\Engine\Plugins\Runtime\ProceduralMeshComponent\Binaries\Win64
[2019.04.29-16.15.19:283][  0]LogWindows:   Looked in: C:\Programs\Epic Games\UE_4.20\Engine\Plugins\Runtime\RuntimePhysXCooking\Binaries\Win64
[2019.04.29-16.15.19:283][  0]LogWindows:   Looked in: C:\Programs\Epic Games\UE_4.20\Engine\Plugins\Runtime\PhysXVehicles\Binaries\Win64
[2019.04.29-16.15.19:283][  0]LogWindows:   Looked in: C:\Programs\Epic Games\UE_4.20\Engine\Plugins\Runtime\Oculus\OculusVR\Binaries\Win64
[2019.04.29-16.15.19:283][  0]LogWindows:   Looked in: C:\Programs\Epic Games\UE_4.20\Engine\Plugins\Runtime\MobilePatchingUtils\Binaries\Win64
[2019.04.29-16.15.19:283][  0]LogWindows:   Looked in: C:\Programs\Epic Games\UE_4.20\Engine\Plugins\Runtime\LocationServicesBPLibrary\Binaries\Win64
[2019.04.29-16.15.19:283][  0]LogWindows:   Looked in: C:\Programs\Epic Games\UE_4.20\Engine\Plugins\Runtime\LinuxDeviceProfileSelector\Binaries\Win64
[2019.04.29-16.15.19:283][  0]LogWindows:   Looked in: C:\Programs\Epic Games\UE_4.20\Engine\Plugins\Runtime\IOSDeviceProfileSelector\Binaries\Win64
[2019.04.29-16.15.19:283][  0]LogWindows:   Looked in: C:\Programs\Epic Games\UE_4.20\Engine\Plugins\Runtime\ImmediatePhysics\Binaries\Win64
[2019.04.29-16.15.19:283][  0]LogWindows:   Looked in: C:\Programs\Epic Games\UE_4.20\Engine\Plugins\Runtime\GoogleCloudMessaging\Binaries\Win64
[2019.04.29-16.15.19:283][  0]LogWindows:   Looked in: C:\Programs\Epic Games\UE_4.20\Engine\Plugins\Runtime\ExampleDeviceProfileSelector\Binaries\Win64
[2019.04.29-16.15.19:283][  0]LogWindows:   Looked in: C:\Programs\Epic Games\UE_4.20\Engine\Plugins\Runtime\EditableMesh\Binaries\Win64
[2019.04.29-16.15.19:283][  0]LogWindows:   Looked in: C:\Programs\Epic Games\UE_4.20\Engine\Plugins\Runtime\CustomMeshComponent\Binaries\Win64
[2019.04.29-16.15.19:283][  0]LogWindows:   Looked in: C:\Programs\Epic Games\UE_4.20\Engine\Plugins\Runtime\CableComponent\Binaries\Win64
[2019.04.29-16.15.19:283][  0]LogWindows:   Looked in: C:\Programs\Epic Games\UE_4.20\Engine\Plugins\Runtime\AudioCapture\Binaries\Win64
[2019.04.29-16.15.19:283][  0]LogWindows:   Looked in: C:\Programs\Epic Games\UE_4.20\Engine\Plugins\Runtime\ArchVisCharacter\Binaries\Win64
[2019.04.29-16.15.19:283][  0]LogWindows:   Looked in: C:\Programs\Epic Games\UE_4.20\Engine\Plugins\Runtime\AppleMoviePlayer\Binaries\Win64
[2019.04.29-16.15.19:283][  0]LogWindows:   Looked in: C:\Programs\Epic Games\UE_4.20\Engine\Plugins\Runtime\AndroidPermission\Binaries\Win64
[2019.04.29-16.15.19:283][  0]LogWindows:   Looked in: C:\Programs\Epic Games\UE_4.20\Engine\Plugins\Runtime\AndroidMoviePlayer\Binaries\Win64
[2019.04.29-16.15.19:283][  0]LogWindows:   Looked in: C:\Programs\Epic Games\UE_4.20\Engine\Plugins\Runtime\AndroidDeviceProfileSelector\Binaries\Win64
[2019.04.29-16.15.19:283][  0]LogWindows:   Looked in: C:\Programs\Epic Games\UE_4.20\Engine\Plugins\Portal\LauncherChunkInstaller\Binaries\Win64
[2019.04.29-16.15.19:283][  0]LogWindows:   Looked in: C:\Programs\Epic Games\UE_4.20\Engine\Plugins\Online\OnlineSubsystemUtils\Binaries\Win64
[2019.04.29-16.15.19:283][  0]LogWindows:   Looked in: C:\Programs\Epic Games\UE_4.20\Engine\Plugins\Online\OnlineSubsystem\Binaries\Win64
[2019.04.29-16.15.19:283][  0]LogWindows:   Looked in: C:\Programs\Epic Games\UE_4.20\Engine\Plugins\Online\OnlineSubsystemNull\Binaries\Win64
[2019.04.29-16.15.19:283][  0]LogWindows:   Looked in: C:\Programs\Epic Games\UE_4.20\Engine\Plugins\Online\IOS\OnlineSubsystemIOS\Binaries\Win64
[2019.04.29-16.15.19:283][  0]LogWindows:   Looked in: C:\Programs\Epic Games\UE_4.20\Engine\Plugins\Online\Android\OnlineSubsystemGooglePlay\Binaries\Win64
[2019.04.29-16.15.19:283][  0]LogWindows:   Looked in: C:\Programs\Epic Games\UE_4.20\Engine\Plugins\NetcodeUnitTest\NUTUnrealEngine4\Binaries\Win64
[2019.04.29-16.15.19:283][  0]LogWindows:   Looked in: C:\Programs\Epic Games\UE_4.20\Engine\Plugins\NetcodeUnitTest\NetcodeUnitTest\Binaries\Win64
[2019.04.29-16.15.19:283][  0]LogWindows:   Looked in: C:\Programs\Epic Games\UE_4.20\Engine\Plugins\MovieScene\MatineeToLevelSequence\Binaries\Win64
[2019.04.29-16.15.19:283][  0]LogWindows:   Looked in: C:\Programs\Epic Games\UE_4.20\Engine\Plugins\MovieScene\LevelSequenceEditor\Binaries\Win64
[2019.04.29-16.15.19:283][  0]LogWindows:   Looked in: C:\Programs\Epic Games\UE_4.20\Engine\Plugins\MovieScene\ActorSequence\Binaries\Win64
[2019.04.29-16.15.19:283][  0]LogWindows:   Looked in: C:\Programs\Epic Games\UE_4.20\Engine\Plugins\Messaging\UdpMessaging\Binaries\Win64
[2019.04.29-16.15.19:283][  0]LogWindows:   Looked in: C:\Programs\Epic Games\UE_4.20\Engine\Plugins\Messaging\TcpMessaging\Binaries\Win64
[2019.04.29-16.15.19:283][  0]LogWindows:   Looked in: C:\Programs\Epic Games\UE_4.20\Engine\Plugins\Media\WmfMedia\Binaries\Win64
[2019.04.29-16.15.19:283][  0]LogWindows:   Looked in: C:\Programs\Epic Games\UE_4.20\Engine\Plugins\Media\MediaPlayerEditor\Binaries\Win64
[2019.04.29-16.15.19:283][  0]LogWindows:   Looked in: C:\Programs\Epic Games\UE_4.20\Engine\Plugins\Media\MediaCompositing\Binaries\Win64
[2019.04.29-16.15.19:283][  0]LogWindows:   Looked in: C:\Programs\Epic Games\UE_4.20\Engine\Plugins\Media\LinearTimecode\Binaries\Win64
[2019.04.29-16.15.19:283][  0]LogWindows:   Looked in: C:\Programs\Epic Games\UE_4.20\Engine\Plugins\Media\ImgMedia\Binaries\Win64
[2019.04.29-16.15.19:283][  0]LogWindows:   Looked in: C:\Programs\Epic Games\UE_4.20\Engine\Plugins\Media\AvfMedia\Binaries\Win64
[2019.04.29-16.15.19:283][  0]LogWindows:   Looked in: C:\Programs\Epic Games\UE_4.20\Engine\Plugins\Media\AndroidMedia\Binaries\Win64
[2019.04.29-16.15.19:283][  0]LogWindows:   Looked in: C:\Programs\Epic Games\UE_4.20\Engine\Plugins\Lumin\MagicLeapMedia\Binaries\Win64
[2019.04.29-16.15.19:283][  0]LogWindows:   Looked in: C:\Programs\Epic Games\UE_4.20\Engine\Plugins\Lumin\MagicLeap\Binaries\Win64
[2019.04.29-16.15.19:283][  0]LogWindows:   Looked in: C:\Programs\Epic Games\UE_4.20\Engine\Plugins\Lumin\MagicLeapEmulator\Binaries\Win64
[2019.04.29-16.15.19:283][  0]LogWindows:   Looked in: C:\Programs\Epic Games\UE_4.20\Engine\Plugins\Experimental\ProxyLODPlugin\Binaries\Win64
[2019.04.29-16.15.19:283][  0]LogWindows:   Looked in: C:\Programs\Epic Games\UE_4.20\Engine\Plugins\Experimental\HTML5Networking\Binaries\Win64
[2019.04.29-16.15.19:283][  0]LogWindows:   Looked in: C:\Programs\Epic Games\UE_4.20\Engine\Plugins\Experimental\GeometryCache\Binaries\Win64
[2019.04.29-16.15.19:283][  0]LogWindows:   Looked in: C:\Programs\Epic Games\UE_4.20\Engine\Plugins\Experimental\CharacterAI\Binaries\Win64
[2019.04.29-16.15.19:283][  0]LogWindows:   Looked in: C:\Programs\Epic Games\UE_4.20\Engine\Plugins\Experimental\BackChannel\Binaries\Win64
[2019.04.29-16.15.19:283][  0]LogWindows:   Looked in: C:\Programs\Epic Games\UE_4.20\Engine\Plugins\Experimental\AppleVision\Binaries\Win64
[2019.04.29-16.15.19:283][  0]LogWindows:   Looked in: C:\Programs\Epic Games\UE_4.20\Engine\Plugins\Experimental\AppleImageUtils\Binaries\Win64
[2019.04.29-16.15.19:283][  0]LogWindows:   Looked in: C:\Programs\Epic Games\UE_4.20\Engine\Plugins\Experimental\AlembicImporter\Binaries\Win64
[2019.04.29-16.15.19:284][  0]LogWindows:   Looked in: C:\Programs\Epic Games\UE_4.20\Engine\Plugins\Enterprise\DatasmithContent\Binaries\Win64
[2019.04.29-16.15.19:284][  0]LogWindows:   Looked in: C:\Programs\Epic Games\UE_4.20\Engine\Plugins\Editor\SpeedTreeImporter\Binaries\Win64
[2019.04.29-16.15.19:284][  0]LogWindows:   Looked in: C:\Programs\Epic Games\UE_4.20\Engine\Plugins\Editor\PluginBrowser\Binaries\Win64
[2019.04.29-16.15.19:284][  0]LogWindows:   Looked in: C:\Programs\Epic Games\UE_4.20\Engine\Plugins\Editor\MobileLauncherProfileWizard\Binaries\Win64
[2019.04.29-16.15.19:284][  0]LogWindows:   Looked in: C:\Programs\Epic Games\UE_4.20\Engine\Plugins\Editor\MeshEditor\Binaries\Win64
[2019.04.29-16.15.19:284][  0]LogWindows:   Looked in: C:\Programs\Epic Games\UE_4.20\Engine\Plugins\Editor\MacGraphicsSwitching\Binaries\Win64
[2019.04.29-16.15.19:284][  0]LogWindows:   Looked in: C:\Programs\Epic Games\UE_4.20\Engine\Plugins\Editor\GameplayTagsEditor\Binaries\Win64
[2019.04.29-16.15.19:284][  0]LogWindows:   Looked in: C:\Programs\Epic Games\UE_4.20\Engine\Plugins\Editor\AssetManagerEditor\Binaries\Win64
[2019.04.29-16.15.19:284][  0]LogWindows:   Looked in: C:\Programs\Epic Games\UE_4.20\Engine\Plugins\Editor\FacialAnimation\Binaries\Win64
[2019.04.29-16.15.19:284][  0]LogWindows:   Looked in: C:\Programs\Epic Games\UE_4.20\Engine\Plugins\Editor\DataValidation\Binaries\Win64
[2019.04.29-16.15.19:284][  0]LogWindows:   Looked in: C:\Programs\Epic Games\UE_4.20\Engine\Plugins\Editor\CryptoKeys\Binaries\Win64
[2019.04.29-16.15.19:284][  0]LogWindows:   Looked in: C:\Programs\Epic Games\UE_4.20\Engine\Plugins\Developer\XCodeSourceCodeAccess\Binaries\Win64
[2019.04.29-16.15.19:284][  0]LogWindows:   Looked in: C:\Programs\Epic Games\UE_4.20\Engine\Plugins\Developer\VisualStudioSourceCodeAccess\Binaries\Win64
[2019.04.29-16.15.19:284][  0]LogWindows:   Looked in: C:\Programs\Epic Games\UE_4.20\Engine\Plugins\Developer\VisualStudioCodeSourceCodeAccess\Binaries\Win64
[2019.04.29-16.15.19:284][  0]LogWindows:   Looked in: C:\Programs\Epic Games\UE_4.20\Engine\Plugins\Developer\UObjectPlugin\Binaries\Win64
[2019.04.29-16.15.19:284][  0]LogWindows:   Looked in: C:\Programs\Epic Games\UE_4.20\Engine\Plugins\Developer\SubversionSourceControl\Binaries\Win64
[2019.04.29-16.15.19:284][  0]LogWindows:   Looked in: C:\Programs\Epic Games\UE_4.20\Engine\Plugins\Developer\PerforceSourceControl\Binaries\Win64
[2019.04.29-16.15.19:284][  0]LogWindows:   Looked in: C:\Programs\Epic Games\UE_4.20\Engine\Plugins\Developer\NullSourceCodeAccess\Binaries\Win64
[2019.04.29-16.15.19:284][  0]LogWindows:   Looked in: C:\Programs\Epic Games\UE_4.20\Engine\Plugins\Developer\KDevelopSourceCodeAccess\Binaries\Win64
[2019.04.29-16.15.19:284][  0]LogWindows:   Looked in: C:\Programs\Epic Games\UE_4.20\Engine\Plugins\Developer\GitSourceControl\Binaries\Win64
[2019.04.29-16.15.19:284][  0]LogWindows:   Looked in: C:\Programs\Epic Games\UE_4.20\Engine\Plugins\Developer\CodeLiteSourceCodeAccess\Binaries\Win64
[2019.04.29-16.15.19:284][  0]LogWindows:   Looked in: C:\Programs\Epic Games\UE_4.20\Engine\Plugins\Developer\CLionSourceCodeAccess\Binaries\Win64
[2019.04.29-16.15.19:284][  0]LogWindows:   Looked in: C:\Programs\Epic Games\UE_4.20\Engine\Plugins\Blendables\LightPropagationVolume\Binaries\Win64
[2019.04.29-16.15.19:284][  0]LogWindows:   Looked in: C:\Programs\Epic Games\UE_4.20\Engine\Plugins\AI\AISupport\Binaries\Win64
[2019.04.29-16.15.19:284][  0]LogWindows:   Looked in: C:\Programs\Epic Games\UE_4.20\Engine\Plugins\2D\Paper2D\Binaries\Win64
[2019.04.29-16.15.19:284][  0]LogModuleManager: Warning: ModuleManager: Unable to load module 'C:/Programs/Epic Games/UE_4.20/Engine/Binaries/Win64/Lumin/UE4Editor-LuminTargetPlatform.dll' because the file couldn't be loaded by the OS.
[2019.04.29-16.15.19:300][  0]LogTemp: Display: Loaded TP LinuxClientTargetPlatform
[2019.04.29-16.15.19:316][  0]LogTemp: Display: Loaded TP LinuxNoEditorTargetPlatform
[2019.04.29-16.15.19:332][  0]LogTemp: Display: Loaded TP LinuxServerTargetPlatform
[2019.04.29-16.15.19:351][  0]LogTemp: Display: Loaded TP LinuxTargetPlatform
[2019.04.29-16.15.19:427][  0]LogTemp: Display: Loaded TP IOSTargetPlatform
[2019.04.29-16.15.19:427][  0]LogTemp: Display: Loaded TP IOSTargetPlatform
[2019.04.29-16.15.19:453][  0]LogTemp: Display: Loaded TP TVOSTargetPlatform
[2019.04.29-16.15.19:454][  0]LogTemp: Display: Loaded TP TVOSTargetPlatform
[2019.04.29-16.15.19:461][  0]LogTemp: Display: Loaded TP HTML5TargetPlatform
[2019.04.29-16.15.19:559][  0]LogTemp: Display: Loaded TP AndroidTargetPlatform
[2019.04.29-16.15.19:560][  0]LogTemp: Display: Loaded TP AndroidTargetPlatform
[2019.04.29-16.15.19:560][  0]LogTemp: Display: Loaded TP AndroidTargetPlatform
[2019.04.29-16.15.19:560][  0]LogTemp: Display: Loaded TP AndroidTargetPlatform
[2019.04.29-16.15.19:560][  0]LogTemp: Display: Loaded TP AndroidTargetPlatform
[2019.04.29-16.15.19:560][  0]LogTemp: Display: Loaded TP AndroidTargetPlatform
[2019.04.29-16.15.19:560][  0]LogTemp: Display: Loaded TP AndroidTargetPlatform
[2019.04.29-16.15.19:560][  0]LogTemp: Display: Loaded TP AndroidTargetPlatform
[2019.04.29-16.15.19:560][  0]LogTemp: Display: Loaded TP AndroidTargetPlatform
[2019.04.29-16.15.19:560][  0]LogTemp: Display: Loaded TP AndroidTargetPlatform
[2019.04.29-16.15.19:560][  0]LogTemp: Display: Loaded TP AndroidTargetPlatform
[2019.04.29-16.15.19:560][  0]LogTemp: Display: Loaded TP AndroidTargetPlatform
[2019.04.29-16.15.19:560][  0]LogTemp: Display: Loaded TP AndroidTargetPlatform
[2019.04.29-16.15.19:560][  0]LogTemp: Display: Loaded TP AndroidTargetPlatform
[2019.04.29-16.15.19:560][  0]LogTemp: Display: Loaded TP AndroidTargetPlatform
[2019.04.29-16.15.19:560][  0]LogTemp: Display: Loaded TP AndroidTargetPlatform
[2019.04.29-16.15.19:560][  0]LogTemp: Display: Loaded TP AndroidTargetPlatform
[2019.04.29-16.15.19:560][  0]LogTemp: Display: Loaded TP AndroidTargetPlatform
[2019.04.29-16.15.19:560][  0]LogTargetPlatformManager: Display: Building Assets For Windows
[2019.04.29-16.15.20:102][  0]LogXGEController: Cleaning working directory: C:/Users/u6004915/AppData/Local/Temp/UnrealXGEWorkingDir/
[2019.04.29-16.15.20:102][  0]LogXGEController: Cannot use XGE Controller as Incredibuild is not installed on this machine.
[2019.04.29-16.15.20:102][  0]LogShaderCompilers: Cannot use XGE Shader Compiler as Incredibuild is not installed on this machine.
[2019.04.29-16.15.20:102][  0]LogShaderCompilers: Display: Using Local Shader Compiler.
[2019.04.29-16.15.21:636][  0]LogDerivedDataCache: Display: Max Cache Size: 512 MB
[2019.04.29-16.15.21:637][  0]LogDerivedDataCache: Display: Starting with empty Boot cache
[2019.04.29-16.15.21:637][  0]LogDerivedDataCache: FDerivedDataBackendGraph:  Pak pak cache file ../../../../../../Users/u6004915/Documents/GitHub/LY_AssetPipeline/LY_ICWhiteBox/DerivedDataCache/DDC.ddp not found, will not use a pak cache.
[2019.04.29-16.15.21:637][  0]LogDerivedDataCache: Unable to find inner node Pak for hierarchical cache Hierarchy.
[2019.04.29-16.15.21:637][  0]LogDerivedDataCache: FDerivedDataBackendGraph:  CompressedPak pak cache file ../../../../../../Users/u6004915/Documents/GitHub/LY_AssetPipeline/LY_ICWhiteBox/DerivedDataCache/Compressed.ddp not found, will not use a pak cache.
[2019.04.29-16.15.21:637][  0]LogDerivedDataCache: Unable to find inner node CompressedPak for hierarchical cache Hierarchy.
[2019.04.29-16.15.21:657][  0]LogDerivedDataCache: Display: Pak cache opened for reading ../../../Engine/DerivedDataCache/Compressed.ddp.
[2019.04.29-16.15.21:672][  0]LogDerivedDataCache: Using Local data cache path C:/Users/u6004915/AppData/Local/UnrealEngine/Common/DerivedDataCache: Writable
[2019.04.29-16.15.21:672][  0]LogDerivedDataCache: Shared data cache path not found in *engine.ini, will not use an Shared cache.
[2019.04.29-16.15.21:672][  0]LogDerivedDataCache: Unable to find inner node Shared for hierarchical cache Hierarchy.
[2019.04.29-16.15.21:724][  0]LogMaterial: Verifying Global Shaders for PCD3D_SM5
[2019.04.29-16.15.21:732][  0]LogSlate: Using FreeType 2.6.0
[2019.04.29-16.15.21:738][  0]LogSlate: SlateFontServices - WITH_FREETYPE: 1, WITH_HARFBUZZ: 1
[2019.04.29-16.15.21:931][  0]LogAssetRegistry: FAssetRegistry took 0.0319 seconds to start up
[2019.04.29-16.15.22:409][  0]LogInit: Selected Device Profile: [Windows]
[2019.04.29-16.15.22:751][  0]LogSimplygon: Simplygon DLL not present - disabling.
[2019.04.29-16.15.22:775][  0]LogMeshReduction: Using SimplygonSwarm for distributed automatic mesh merging
[2019.04.29-16.15.22:776][  0]LogMeshReduction: Using ProxyLODMeshReduction for automatic mesh merging
[2019.04.29-16.15.22:776][  0]LogMeshReduction: Using QuadricMeshReduction for automatic static mesh reduction
[2019.04.29-16.15.22:776][  0]LogMeshReduction: No automatic skeletal mesh reduction module available
[2019.04.29-16.15.22:838][  0]LogNetVersion: LY_ICWhiteBox 1.0.0, NetCL: 4212847, EngineNetVer: 5, GameNetVer: 0 (Checksum: 3295391644)
[2019.04.29-16.15.24:084][  0]LogPackageLocalizationCache: Processed 11 localized package path(s) for 2 prioritized culture(s) in 0.138251 seconds
[2019.04.29-16.15.24:091][  0]LogUObjectArray: 38447 objects as part of root set at end of initial load.
[2019.04.29-16.15.24:091][  0]LogUObjectAllocator: 6692632 out of 0 bytes used by permanent object pool.
[2019.04.29-16.15.24:091][  0]LogUObjectArray: CloseDisregardForGC: 0/0 objects in disregard for GC pool
[2019.04.29-16.15.26:405][  0]LogUdpMessaging: Initializing bridge on interface 0.0.0.0:0 to multicast group 230.0.0.1:6666.
[2019.04.29-16.15.26:467][  0]LogTcpMessaging: Initializing TcpMessaging bridge
[2019.04.29-16.15.26:869][  0]LogOcInput: OculusInput pre-init called
[2019.04.29-16.15.27:003][  0]LogAndroidPermission: UAndroidPermissionCallbackProxy::GetInstance
[2019.04.29-16.15.27:433][  0]SourceControl: Source control is disabled
[2019.04.29-16.15.27:433][  0]SourceControl: Source control is disabled
[2019.04.29-16.15.27:446][  0]SourceControl: Source control is disabled
[2019.04.29-16.15.27:453][  0]SourceControl: Source control is disabled
[2019.04.29-16.15.27:676][  0]LogEngine: Initializing Engine...
[2019.04.29-16.15.27:680][  0]LogHMD: Failed to initialize OpenVR with code 110
[2019.04.29-16.15.27:684][  0]LogStats: UGameplayTagsManager::ConstructGameplayTagTree: ImportINI prefixes -  0.000 s
[2019.04.29-16.15.27:684][  0]LogStats: UGameplayTagsManager::ConstructGameplayTagTree: Construct from data asset -  0.000 s
[2019.04.29-16.15.27:684][  0]LogStats: UGameplayTagsManager::ConstructGameplayTagTree: ImportINI -  0.000 s
[2019.04.29-16.15.27:684][  0]LogStats: UGameplayTagsManager::ConstructGameplayTagTree: GameplayTagTreeChangedEvent.Broadcast -  0.000 s
[2019.04.29-16.15.28:133][  0]LogInit: Initializing FReadOnlyCVARCache
[2019.04.29-16.15.28:194][  0]LogAIModule: Creating AISystem for world Untitled
[2019.04.29-16.15.28:351][  0]LogInit: XAudio2 using 'Speakers (Realtek High Definition Audio)' : 6 channels at 48 kHz using 32 bits per sample (channel mask 0x3f)
[2019.04.29-16.15.28:409][  0]LogInit: FAudioDevice initialized.
[2019.04.29-16.15.28:415][  0]LogNetVersion: Set ProjectVersion to 1.0.0.0. Version Checksum will be recalculated on next use.
[2019.04.29-16.15.28:691][  0]LogDerivedDataCache: Saved boot cache 0.28s 87MB C:/Users/u6004915/AppData/Local/UnrealEngine/4.20/DerivedDataCache/Boot.ddc.
[2019.04.29-16.15.28:750][  0]LogInit: Texture streaming: Enabled
[2019.04.29-16.15.28:869][  0]LogEngineSessionManager: EngineSessionManager initialized
[2019.04.29-16.15.28:921][  0]LogInit: Transaction tracking system initialized
[2019.04.29-16.15.29:169][  0]BlueprintLog: New page: Editor Load
[2019.04.29-16.15.29:585][  0]LocalizationService: Localization service is disabled
[2019.04.29-16.15.30:066][  0]LogCook: Display: Max memory allowance for cook 16384mb min free memory 0mb
[2019.04.29-16.15.30:067][  0]LogCook: Display: Mobile HDR setting 1
[2019.04.29-16.15.30:067][  0]LogGameplayTags: Display: UGameplayTagsManager::DoneAddingNativeTags. DelegateIsBound: 0
[2019.04.29-16.15.30:067][  0]LogStats: UGameplayTagsManager::ConstructGameplayTagTree: ImportINI prefixes -  0.000 s
[2019.04.29-16.15.30:067][  0]LogStats: UGameplayTagsManager::ConstructGameplayTagTree: Construct from data asset -  0.000 s
[2019.04.29-16.15.30:067][  0]LogStats: UGameplayTagsManager::ConstructGameplayTagTree: ImportINI -  0.000 s
[2019.04.29-16.15.30:067][  0]LogFileCache: Scanning file cache for directory 'C:/Users/u6004915/Documents/GitHub/LY_AssetPipeline/LY_ICWhiteBox/Content/' took 0.01s
[2019.04.29-16.15.30:067][  0]LogStats: UGameplayTagsManager::ConstructGameplayTagTree: GameplayTagTreeChangedEvent.Broadcast -  0.000 s
[2019.04.29-16.15.30:469][  0]SourceControl: Source control is disabled
[2019.04.29-16.15.30:470][  0]Cmd: MAP LOAD FILE="../../../Engine/Content/Maps/Templates/Template_Default.umap" TEMPLATE=1 SHOWPROGRESS=1 FEATURELEVEL=3
[2019.04.29-16.15.30:472][  0]LightingResults: New page: Lighting Build
[2019.04.29-16.15.30:484][  0]MapCheck: New page: Map Check
[2019.04.29-16.15.30:484][  0]LightingResults: New page: Lighting Build
[2019.04.29-16.15.30:803][  0]LogAIModule: Creating AISystem for world Untitled_1
[2019.04.29-16.15.30:829][  0]LogEditorServer: Finished looking for orphan Actors (0.000 secs)
[2019.04.29-16.15.30:857][  0]Cmd: MAP CHECKDEP NOCLEARLOG
[2019.04.29-16.15.31:043][  0]MapCheck: Map check complete: 0 Error(s), 0 Warning(s), took 186.714ms to complete.
[2019.04.29-16.15.31:043][  0]LogFileHelpers: Loading map 'Template_Default' took 0.575
[2019.04.29-16.15.31:142][  0]LogWindowsTextInputMethodSystem: Display: IME system now deactivated.
[2019.04.29-16.15.31:225][  0]LogSlate: Updating window title bar state: overlay mode, drag disabled, window buttons hidden, title bar hidden
[2019.04.29-16.15.31:233][  0]LogSlate: Updating window title bar state: overlay mode, drag disabled, window buttons hidden, title bar hidden
[2019.04.29-16.15.31:240][  0]LogSlate: Updating window title bar state: overlay mode, drag disabled, window buttons hidden, title bar hidden
[2019.04.29-16.15.31:246][  0]LogSlate: Updating window title bar state: overlay mode, drag disabled, window buttons hidden, title bar hidden
[2019.04.29-16.15.31:268][  0]LogCollectionManager: Loaded 0 collections in 0.003466 seconds
[2019.04.29-16.15.31:339][  0]LogFileCache: Scanning file cache for directory 'C:/Users/u6004915/Documents/GitHub/LY_AssetPipeline/LY_ICWhiteBox/Saved/Collections/' took 0.01s
[2019.04.29-16.15.31:339][  0]LogFileCache: Scanning file cache for directory 'C:/Users/u6004915/Documents/GitHub/LY_AssetPipeline/LY_ICWhiteBox/Content/Developers/u6004915/Collections/' took 0.01s
[2019.04.29-16.15.31:339][  0]LogFileCache: Scanning file cache for directory 'C:/Users/u6004915/Documents/GitHub/LY_AssetPipeline/LY_ICWhiteBox/Content/Collections/' took 0.01s
[2019.04.29-16.15.31:339][  0]LogCollectionManager: Rebuilt the GUID cache for 0 collections in 0.000000 seconds
[2019.04.29-16.15.31:350][  0]LogContentBrowser: Native class hierarchy populated in 0.0094 seconds. Added 2572 classes and 603 folders.
[2019.04.29-16.15.31:369][  0]LogContentBrowser: Native class hierarchy updated for 'WidgetCarousel' in 0.0003 seconds. Added 0 classes and 0 folders.
[2019.04.29-16.15.31:543][  0]LogContentBrowser: Native class hierarchy updated for 'AddContentDialog' in 0.0003 seconds. Added 0 classes and 0 folders.
[2019.04.29-16.15.31:616][  0]LogContentBrowser: Native class hierarchy updated for 'SceneOutliner' in 0.0004 seconds. Added 1 classes and 2 folders.
[2019.04.29-16.15.31:910][  0]LogSlate: Took 0.011018 seconds to synchronously load lazily loaded font '../../../Engine/Content/Slate/Fonts/Roboto-Regular.ttf' (155K)
[2019.04.29-16.15.31:926][  0]LogSlate: Took 0.004748 seconds to synchronously load lazily loaded font '../../../Engine/Content/Slate/Fonts/Roboto-Bold.ttf' (160K)
[2019.04.29-16.15.31:958][  0]LogSlate: Took 0.014562 seconds to synchronously load lazily loaded font '../../../Engine/Content/Editor/Slate/Fonts/FontAwesome.ttf' (139K)
[2019.04.29-16.15.32:129][  0]LogRenderer: Reallocating scene render targets to support 1208x576 Format 10 NumSamples 1 (Frame:1).
[2019.04.29-16.15.32:412][  0]LogSlate: FSceneViewport::OnFocusLost() reason 2
[2019.04.29-16.15.32:437][  0]LogSlate: Window 'Tutorials' being destroyed
[2019.04.29-16.15.32:477][  0]LogContentBrowser: Native class hierarchy updated for 'HierarchicalLODOutliner' in 0.0003 seconds. Added 0 classes and 0 folders.
[2019.04.29-16.15.32:477][  0]LogLoad: (Engine Initialization) Total time: 26.21 seconds
[2019.04.29-16.15.32:477][  0]LogLoad: (Engine Initialization) Total Blueprint compile time: 0.00 seconds
[2019.04.29-16.15.32:517][  0]LogContentStreaming: Texture pool size now 1000 MB
[2019.04.29-16.15.32:541][  0]LogSlate: Took 0.001837 seconds to synchronously load lazily loaded font '../../../Engine/Content/Slate/Fonts/Roboto-Light.ttf' (167K)
[2019.04.29-16.15.32:588][  1]LogAssetRegistry: Asset discovery search completed in 10.6811 seconds
[2019.04.29-16.15.32:590][  1]LogCollectionManager: Rebuilt the object cache for 0 collections in 0.000000 seconds (found 0 objects)
[2019.04.29-16.15.32:590][  1]LogCollectionManager: Fixed up redirectors for 0 collections in 0.000257 seconds (updated 0 objects)
[2019.04.29-16.15.51:230][212]LogSlate: FSceneViewport::OnFocusLost() reason 0
[2019.04.29-16.15.52:431][354]LogSlate: Took 0.000653 seconds to synchronously load lazily loaded font '../../../Engine/Content/Slate/Fonts/Roboto-Light.ttf' (167K)
[2019.04.29-16.15.57:419][354]LogTexture: Display: Building textures: WoodNormRoof (BC5, 2048X2048)
[2019.04.29-16.15.57:419][354]LogStaticMesh: Building static mesh BigBldg...
[2019.04.29-16.15.57:429][354]LogStaticMesh: Built static mesh [0.01s] /Game/LY_Bldg/BigBldg.BigBldg
[2019.04.29-16.15.57:433][354]LogStaticMesh: Building static mesh BigGateWall...
[2019.04.29-16.15.57:437][354]LogStaticMesh: Built static mesh [0.00s] /Game/LY_Wall/BigGateWall.BigGateWall
[2019.04.29-16.15.57:463][354]LogStaticMesh: Building static mesh BigRoof...
[2019.04.29-16.15.57:469][354]LogStaticMesh: Built static mesh [0.01s] /Game/LY_Roof/BigRoof.BigRoof
[2019.04.29-16.15.57:473][354]LogStaticMesh: Building static mesh BigSupport...
[2019.04.29-16.15.57:477][354]LogStaticMesh: Built static mesh [0.00s] /Game/LY_Support/BigSupport.BigSupport
[2019.04.29-16.15.57:481][354]LogStaticMesh: Building static mesh BldgFloor...
[2019.04.29-16.15.57:485][354]LogStaticMesh: Built static mesh [0.00s] /Game/LY_Bldg/BldgFloor.BldgFloor
[2019.04.29-16.15.57:511][354]LogStaticMesh: Building static mesh Bridge...
[2019.04.29-16.15.57:518][354]LogStaticMesh: Built static mesh [0.01s] /Game/LY_WalkWay/Bridge.Bridge
[2019.04.29-16.15.57:522][354]LogStaticMesh: Building static mesh Gate...
[2019.04.29-16.15.57:525][354]LogStaticMesh: Built static mesh [0.00s] /Game/LY_Gate/Gate.Gate
[2019.04.29-16.15.57:528][354]LogStaticMesh: Building static mesh GateTop...
[2019.04.29-16.15.57:532][354]LogStaticMesh: Built static mesh [0.00s] /Game/LY_Gate/GateTop.GateTop
[2019.04.29-16.15.57:543][354]LogTexture: Display: Building textures: WoodTextRoof (AutoDXT, 2048X2048)
[2019.04.29-16.15.57:543][354]LogStaticMesh: Building static mesh GazeboFloor...
[2019.04.29-16.15.57:617][354]LogStaticMesh: Built static mesh [0.07s] /Game/LY_Gazebo/GazeboFloor.GazeboFloor
[2019.04.29-16.15.57:637][354]LogStaticMesh: Building static mesh GazeboRoofMid...
[2019.04.29-16.15.57:685][354]LogStaticMesh: Built static mesh [0.05s] /Game/LY_Gazebo/GazeboRoofMid.GazeboRoofMid
[2019.04.29-16.15.57:713][354]LogStaticMesh: Building static mesh GazeboRoofTop...
[2019.04.29-16.15.57:741][354]LogStaticMesh: Built static mesh [0.04s] /Game/LY_Gazebo/GazeboRoofTop.GazeboRoofTop
[2019.04.29-16.15.57:758][354]LogStaticMesh: Building static mesh HalfRoof...
[2019.04.29-16.15.57:763][354]LogStaticMesh: Built static mesh [0.01s] /Game/LY_Roof/HalfRoof.HalfRoof
[2019.04.29-16.15.57:766][354]LogStaticMesh: Building static mesh InnerWall...
[2019.04.29-16.15.57:769][354]LogStaticMesh: Built static mesh [0.00s] /Game/LY_Wall/InnerWall.InnerWall
[2019.04.29-16.15.57:772][354]LogStaticMesh: Building static mesh OuterWall...
[2019.04.29-16.15.57:776][354]LogStaticMesh: Built static mesh [0.00s] /Game/LY_Wall/OuterWall.OuterWall
[2019.04.29-16.15.57:779][354]LogStaticMesh: Building static mesh SmallBldg...
[2019.04.29-16.15.57:783][354]LogStaticMesh: Built static mesh [0.00s] /Game/LY_Bldg/SmallBldg.SmallBldg
[2019.04.29-16.15.57:787][354]LogStaticMesh: Building static mesh SmallRoof...
[2019.04.29-16.15.57:815][354]LogStaticMesh: Built static mesh [0.03s] /Game/LY_Roof/SmallRoof.SmallRoof
[2019.04.29-16.15.57:823][354]LogStaticMesh: Building static mesh WalkWay...
[2019.04.29-16.15.57:827][354]LogStaticMesh: Built static mesh [0.00s] /Game/LY_WalkWay/WalkWay.WalkWay
[2019.04.29-16.16.02:219][354]LogTexture: Display: Building textures: WoodNormWall (BC5, 1024X1024)
[2019.04.29-16.16.02:219][354]LogTexture: Display: Building textures: WoodNormGazebo (BC5, 1024X1024)
[2019.04.29-16.16.02:219][354]LogTexture: Display: Building textures: WoodTextGazebo (AutoDXT, 1024X1024)
[2019.04.29-16.16.02:219][354]LogTexture: Display: Building textures: WoodTextWall (AutoDXT, 1024X1024)
[2019.04.29-16.16.02:219][354]LogTexture: Display: Building textures: WoodTextGRoof (AutoDXT, 2048X2048)
[2019.04.29-16.16.02:509][354]LogTexture: Display: Building textures: BlackText (AutoDXT, 7200X7200)
[2019.04.29-16.16.03:778][354]LogTexture: Display: Building textures: WoodNormGRoof (BC5, 2048X2048)
[2019.04.29-16.16.03:778][354]LogTexture: Display: Building textures: WoodNormWalkway (BC5, 1024X1024)
[2019.04.29-16.16.03:804][354]LogMaterial: Display: Missing cached shader map for material lambert3SG, compiling. 
[2019.04.29-16.16.03:870][354]LogMaterial: Display: Missing cached shader map for material lambert14SG, compiling. 
[2019.04.29-16.16.03:886][354]LogShaderCompilers: Display: Shaders left to compile 22
[2019.04.29-16.16.03:886][354]LogShaderCompilers: Display: Shaders left to compile 12
[2019.04.29-16.16.03:886][354]LogShaderCompilers: Display: Shaders left to compile 2
[2019.04.29-16.16.03:886][354]LogMaterial: Display: Missing cached shader map for material lambert8SG, compiling. 
[2019.04.29-16.16.03:902][354]LogMaterial: Display: Missing cached shader map for material lambert22SG, compiling. 
[2019.04.29-16.16.05:382][354]LogTexture: Display: Building textures: WoodTextWalkway (AutoDXT, 1024X1024)
[2019.04.29-16.16.05:382][354]LogTexture: Display: Building textures: WoodNormSupport (BC5, 512X512)
[2019.04.29-16.16.05:382][354]LogTexture: Display: Building textures: WoodTextSupport (AutoDXT, 512X512)
[2019.04.29-16.16.05:382][354]LogTexture: Display: Building textures: WoodNormGate (BC5, 1024X1024)
[2019.04.29-16.16.05:386][354]LogMaterial: Display: Missing cached shader map for material lambert18SG, compiling. 
[2019.04.29-16.16.05:399][354]LogMaterial: Display: Missing cached shader map for material lambert11SG, compiling. 
[2019.04.29-16.16.05:419][354]LogMaterial: Display: Missing cached shader map for material lambert17SG, compiling. 
[2019.04.29-16.16.05:435][354]LogMaterial: Display: Missing cached shader map for material lambert7SG, compiling. 
[2019.04.29-16.16.05:448][354]LogMaterial: Display: Missing cached shader map for material lambert15SG, compiling. 
[2019.04.29-16.16.07:210][354]LogTexture: Display: Building textures: WoodTextGate (AutoDXT, 1024X1024)
[2019.04.29-16.16.07:211][354]LogTexture: Display: Building textures: WoodTextBldg (AutoDXT, 2048X2048)
[2019.04.29-16.16.07:211][354]LogShaderCompilers: Display: Shaders left to compile 176
[2019.04.29-16.16.07:211][354]LogMaterial: Display: Missing cached shader map for material lambert4SG, compiling. 
[2019.04.29-16.16.07:225][354]LogMaterial: Display: Missing cached shader map for material lambert13SG, compiling. 
[2019.04.29-16.16.08:161][354]LogTexture: Display: Building textures: WoodNormBldg (BC5, 2048X2048)
[2019.04.29-16.16.08:161][354]LogMaterial: Display: Missing cached shader map for material lambert6SG, compiling. 
[2019.04.29-16.16.08:183][354]LogMaterial: Display: Missing cached shader map for material LY_WB, compiling. 
[2019.04.29-16.16.08:196][354]LogMaterial: Display: Missing cached shader map for material lambert12SG, compiling. 
[2019.04.29-16.16.08:213][354]LogTexture: Display: Building textures: WoodTextFloor (AutoDXT, 1024X1024)
[2019.04.29-16.16.08:213][354]LogMaterial: Display: Missing cached shader map for material lambert5SG, compiling. 
[2019.04.29-16.16.08:435][354]LogTexture: Display: Building textures: WoodNormFloor (BC5, 1024X1024)
[2019.04.29-16.16.08:786][354]LogMaterial: Display: Missing cached shader map for material lambert16SG, compiling. 
[2019.04.29-16.16.08:801][354]LogMaterial: Display: Missing cached shader map for material lambert10SG, compiling. 
[2019.04.29-16.16.08:815][354]LogAIModule: Creating AISystem for world LY_ICWhiteBox
[2019.04.29-16.16.08:998][354]LogAssetEditorManager: Opening Asset editor for World /Game/LY_ICWhiteBox.LY_ICWhiteBox
[2019.04.29-16.16.09:057][354]Cmd: MAP LOAD FILE="../../../../../../Users/u6004915/Documents/GitHub/LY_AssetPipeline/LY_ICWhiteBox/Content/LY_ICWhiteBox.umap" TEMPLATE=0 SHOWPROGRESS=1 FEATURELEVEL=3
[2019.04.29-16.16.09:058][354]LightingResults: New page: Lighting Build
[2019.04.29-16.16.09:058][354]LoadErrors: New page: Loading map: LY_ICWhiteBox.umap
[2019.04.29-16.16.09:079][354]MapCheck: New page: Map Check
[2019.04.29-16.16.09:079][354]LightingResults: New page: Lighting Build
[2019.04.29-16.16.09:316][354]LogEditorServer: Finished looking for orphan Actors (0.001 secs)
[2019.04.29-16.16.09:398][354]Cmd: MAP CHECKDEP NOCLEARLOG
[2019.04.29-16.16.09:659][354]MapCheck: Map check complete: 0 Error(s), 0 Warning(s), took 261.469ms to complete.
[2019.04.29-16.16.09:666][354]LogFileHelpers: Loading map 'LY_ICWhiteBox' took 0.611
[2019.04.29-16.16.10:403][369]LogShaderCompilers: Display: Shaders left to compile 342
[2019.04.29-16.16.10:538][378]LogShaderCompilers: Display: Shaders left to compile 332
[2019.04.29-16.16.18:343][160]LogShaderCompilers: Display: Shaders left to compile 322
[2019.04.29-16.16.20:350][302]LogShaderCompilers: Display: Shaders left to compile 312
[2019.04.29-16.16.22:246][365]LogShaderCompilers: Display: Shaders left to compile 302
[2019.04.29-16.16.22:760][380]LogShaderCompilers: Display: Shaders left to compile 292
[2019.04.29-16.16.22:906][387]LogShaderCompilers: Display: Shaders left to compile 282
[2019.04.29-16.16.25:246][463]LogShaderCompilers: Display: Shaders left to compile 272
[2019.04.29-16.16.25:529][473]LogShaderCompilers: Display: Shaders left to compile 262
[2019.04.29-16.16.25:705][478]LogShaderCompilers: Display: Shaders left to compile 252
[2019.04.29-16.16.27:709][541]LogShaderCompilers: Display: Shaders left to compile 242
[2019.04.29-16.16.28:051][550]LogShaderCompilers: Display: Shaders left to compile 232
[2019.04.29-16.16.28:876][578]LogShaderCompilers: Display: Shaders left to compile 222
[2019.04.29-16.16.29:810][612]LogShaderCompilers: Display: Shaders left to compile 212
[2019.04.29-16.16.30:787][645]LogShaderCompilers: Display: Shaders left to compile 202
[2019.04.29-16.16.31:627][670]LogShaderCompilers: Display: Shaders left to compile 192
[2019.04.29-16.16.33:286][715]LogShaderCompilers: Display: Shaders left to compile 182
[2019.04.29-16.16.33:358][717]LogShaderCompilers: Display: Shaders left to compile 172
[2019.04.29-16.16.34:901][761]LogShaderCompilers: Display: Shaders left to compile 162
[2019.04.29-16.16.36:016][797]LogShaderCompilers: Display: Shaders left to compile 152
[2019.04.29-16.16.36:016][797]LogShaderCompilers: Display: Shaders left to compile 142
[2019.04.29-16.16.37:686][854]LogShaderCompilers: Display: Shaders left to compile 132
[2019.04.29-16.16.38:237][874]LogShaderCompilers: Display: Shaders left to compile 122
[2019.04.29-16.16.39:198][906]LogShaderCompilers: Display: Shaders left to compile 112
[2019.04.29-16.16.39:726][924]LogShaderCompilers: Display: Shaders left to compile 102
[2019.04.29-16.16.40:944][961]LogShaderCompilers: Display: Shaders left to compile 92
[2019.04.29-16.16.41:604][978]LogShaderCompilers: Display: Shaders left to compile 82
[2019.04.29-16.16.42:758][ 15]LogShaderCompilers: Display: Shaders left to compile 72
[2019.04.29-16.16.43:121][ 27]LogShaderCompilers: Display: Shaders left to compile 62
[2019.04.29-16.16.44:256][ 29]LogShaderCompilers: Display: Shaders left to compile 52
[2019.04.29-16.16.45:086][ 59]LogShaderCompilers: Display: Shaders left to compile 42
[2019.04.29-16.16.45:371][ 62]LogShaderCompilers: Display: Shaders left to compile 32
[2019.04.29-16.16.46:646][ 65]LogShaderCompilers: Display: Shaders left to compile 22
[2019.04.29-16.16.46:770][ 68]LogShaderCompilers: Display: Shaders left to compile 12
[2019.04.29-16.16.47:889][ 92]LogShaderCompilers: Display: Shaders left to compile 2
[2019.04.29-16.17.29:801][ 14]LogEditorViewport: Clicking on Actor (LMB): StaticMeshActor (Brush_SmallRoof21)
[2019.04.29-16.17.32:185][121]Cmd: CAMERA ALIGN ACTIVEVIEWPORTONLY
[2019.04.29-16.17.44:626][812]LogEditorViewport: Clicking on Actor (LMB): StaticMeshActor (Brush_BigBldg36)
[2019.04.29-16.17.44:996][828]Cmd: CAMERA ALIGN ACTIVEVIEWPORTONLY
[2019.04.29-16.17.48:943][225]LogEditorViewport: Clicking Background
[2019.04.29-16.18.09:293][316]LogEditorViewport: Clicking on Actor (LMB): StaticMeshActor (Brush_SmallRoof22)
[2019.04.29-16.18.10:612][367]Cmd: CAMERA ALIGN ACTIVEVIEWPORTONLY
[2019.04.29-16.18.17:187][808]LogEditorViewport: Clicking on Actor (LMB): StaticMeshActor (Brush_WalkWay728)
[2019.04.29-16.18.17:449][821]Cmd: CAMERA ALIGN ACTIVEVIEWPORTONLY
[2019.04.29-16.18.23:923][439]LogSlate: FSceneViewport::OnFocusLost() reason 0
[2019.04.29-16.18.55:829][588]LogFactory: FactoryCreateFile: StaticMesh with FbxFactory (0 0 ../../../../../../Users/u6004915/Documents/GitHub/LY_AssetPipeline/Maya/Vehicle/LY_OCVehicle/Vehicle.obj)
[2019.04.29-16.18.55:874][588]LogFbx: Loading FBX Scene from ../../../../../../Users/u6004915/Documents/GitHub/LY_AssetPipeline/Maya/Vehicle/LY_OCVehicle/Vehicle.obj
[2019.04.29-16.18.56:440][588]LogFbx: FBX Scene Loaded Succesfully
[2019.04.29-16.18.58:260][588]LogSlate: Window 'FBX Import Options' being destroyed
[2019.04.29-16.18.58:486][588]LogLinker: Can't find file '/Game/Vehicle/WoodTextMix2'
[2019.04.29-16.18.58:487][588]LogLinker: Can't find file '/Game/Vehicle/WoodTextMix2'
[2019.04.29-16.18.58:771][588]LogTexture: Display: Building textures: WoodTextMix2 (AutoDXT, 4096X4096)
[2019.04.29-16.19.09:446][588]LogMaterial: Display: Missing cached shader map for material lambert2SG, compiling. 
[2019.04.29-16.19.09:497][588]LogShaderCompilers: Display: Shaders left to compile 22
[2019.04.29-16.19.09:497][588]LogShaderCompilers: Display: Shaders left to compile 12
[2019.04.29-16.19.09:497][588]LogShaderCompilers: Display: Shaders left to compile 2
[2019.04.29-16.19.09:497][588]LogFbx: Warning: Triangulating static mesh polySurface141polySurface2
[2019.04.29-16.19.11:679][588]LogStaticMesh: Building static mesh Vehicle...
[2019.04.29-16.19.15:938][588]LogStaticMesh: Built static mesh [4.26s] /Game/Vehicle/Vehicle.Vehicle
[2019.04.29-16.19.16:020][588]FBXImport: Warning: No smoothing group information was found in this FBX scene.  Please make sure to enable the 'Export Smoothing Groups' option in the FBX Exporter plug-in before exporting the file.  Even for tools that don't support smoothing groups, the FBX Exporter will generate appropriate smoothing data at export-time so that correct vertex normals can be inferred while importing. 
[2019.04.29-16.19.23:402][175]LogSlate: Window 'Message Log' being destroyed
[2019.04.29-16.19.23:406][175]LogSlate: Window 'Message Log' being destroyed
[2019.04.29-16.19.25:052][309]LogActorFactory: Actor Factory created Vehicle
[2019.04.29-16.19.26:167][386]LogActorFactory: Actor Factory created Vehicle
[2019.04.29-16.19.29:771][694]Cmd: CAMERA ALIGN ACTIVEVIEWPORTONLY
[2019.04.29-16.19.39:184][627]LogSlate: FSceneViewport::OnFocusLost() reason 0
[2019.04.29-16.19.47:742][ 91]Cmd: TRANSACTION UNDO
[2019.04.29-16.19.47:742][ 91]LogEditorTransaction: Undo Move Actors
[2019.04.29-16.19.49:413][140]LogSlate: FSceneViewport::OnFocusLost() reason 0
[2019.04.29-16.20.06:710][389]Cmd: CAMERA ALIGN ACTIVEVIEWPORTONLY
[2019.04.29-16.20.20:417][525]LogSlate: FSceneViewport::OnFocusLost() reason 0
[2019.04.29-16.20.29:665][123]LogStaticMesh: Building static mesh mann...
[2019.04.29-16.20.29:791][123]LogStaticMesh: Built static mesh [0.13s] /Game/mann.mann
[2019.04.29-16.20.29:847][123]LogActorFactory: Actor Factory created mann
[2019.04.29-16.20.32:135][280]LogActorFactory: Actor Factory created mann
[2019.04.29-16.20.32:652][308]Cmd: CAMERA ALIGN ACTIVEVIEWPORTONLY
[2019.04.29-16.20.38:438][932]LogSlate: FSceneViewport::OnFocusLost() reason 0
[2019.04.29-16.20.51:883][526]LogSlate: FSceneViewport::OnFocusLost() reason 0
[2019.04.29-16.20.57:116][133]LogEditorViewport: Clicking on Actor (LMB): StaticMeshActor (Brush_WalkWay691)
[2019.04.29-16.20.58:215][252]LogEditorViewport: Clicking on Actor (LMB): StaticMeshActor (Vehicle)
[2019.04.29-16.21.02:150][698]Cmd: CAMERA ALIGN ACTIVEVIEWPORTONLY
[2019.04.29-16.21.07:586][ 72]LogEditorViewport: Clicking on Actor (LMB): StaticMeshActor (Brush_WalkWay850)
[2019.04.29-16.21.08:451][121]LogEditorViewport: Clicking on Actor (LMB): StaticMeshActor (mann)
[2019.04.29-16.21.10:169][228]LogWindows: LaunchURL http://docs.unrealengine.com/latest/INT/Engine/UI/LevelEditor/Viewports/ViewportControls/index.html
[2019.04.29-16.21.10:177][228]LogSlate: FSceneViewport::OnFocusLost() reason 0
[2019.04.29-16.21.16:865][599]Cmd: CAMERA ALIGN ACTIVEVIEWPORTONLY
[2019.04.29-16.21.25:934][551]LogEditorViewport: Clicking on Actor (LMB): StaticMeshActor (Vehicle)
[2019.04.29-16.21.29:872][918]LogSlate: FSceneViewport::OnFocusLost() reason 0
[2019.04.29-16.21.38:113][652]LogEditorViewport: Clicking on Actor (context menu): StaticMeshActor (Brush_WalkWay884)
[2019.04.29-16.21.38:198][652]LogSlate: FSceneViewport::OnFocusLost() reason 2
[2019.04.29-16.21.39:596][806]LogEditorViewport: Clicking on Actor (LMB): StaticMeshActor (Brush_WalkWay944)
[2019.04.29-16.21.40:240][838]LogEditorViewport: Clicking on Actor (LMB): StaticMeshActor (Brush_WalkWay1083)
[2019.04.29-16.21.41:195][890]LogEditorViewport: Clicking on Actor (LMB): StaticMeshActor (Vehicle)
[2019.04.29-16.21.54:213][731]LogEditorViewport: Clicking on Actor (LMB): StaticMeshActor (Vehicle)
[2019.04.29-16.22.12:311][459]Cmd: TRANSACTION UNDO
[2019.04.29-16.22.12:311][459]LogEditorTransaction: Undo Move Actors
[2019.04.29-16.22.13:665][535]LogSlate: FSceneViewport::OnFocusLost() reason 0
[2019.04.29-16.22.36:695][318]LogEditorViewport: Clicking on Actor (LMB): StaticMeshActor (mann)
[2019.04.29-16.22.48:673][242]Cmd: CAMERA ALIGN ACTIVEVIEWPORTONLY
[2019.04.29-16.23.12:746][157]LogEditorViewport: Clicking Background
[2019.04.29-16.23.17:184][598]LogEditorViewport: Clicking on Actor (LMB): StaticMeshActor (mann)
[2019.04.29-16.23.18:606][713]LogSlate: FSceneViewport::OnFocusLost() reason 0
[2019.04.29-16.23.46:981][487]LogEditorViewport: Clicking on Actor (LMB): StaticMeshActor (Vehicle)
[2019.04.29-16.23.49:533][671]LogSlate: FSceneViewport::OnFocusLost() reason 0
[2019.04.29-16.24.28:868][998]LogSlate: FSceneViewport::OnFocusLost() reason 0
[2019.04.29-16.24.46:768][484]LogEditorViewport: Clicking Background
[2019.04.29-16.24.59:899][809]LogEditorViewport: Clicking on Actor (LMB): StaticMeshActor (Vehicle)
[2019.04.29-16.25.01:529][929]LogSlate: FSceneViewport::OnFocusLost() reason 0
[2019.04.29-16.25.07:149][382]LogEditorViewport: Clicking on Actor (LMB): StaticMeshActor (Vehicle)
[2019.04.29-16.25.16:400][173]LogSlate: FSceneViewport::OnFocusLost() reason 0
[2019.04.29-16.25.48:901][715]LogEditorViewport: Clicking on Actor (LMB): StaticMeshActor (mann)
[2019.04.29-16.25.50:225][816]Cmd: CAMERA ALIGN ACTIVEVIEWPORTONLY
[2019.04.29-16.25.52:430][998]LogEditorViewport: Clicking Background
[2019.04.29-16.25.57:840][520]LogEditorViewport: Clicking on Actor (LMB): StaticMeshActor (mann)
[2019.04.29-16.26.11:761][903]Cmd: DELETE
[2019.04.29-16.26.11:761][903]Cmd: ACTOR DELETE
[2019.04.29-16.26.11:899][903]LogEditorActor: Deleted Actor: StaticMeshActor
[2019.04.29-16.26.11:935][903]LogEditorActor: Deleted 1 Actors (0.167 secs)
[2019.04.29-16.26.18:048][306]LogEditorViewport: Clicking on Actor (LMB): StaticMeshActor (Vehicle)
[2019.04.29-16.26.20:735][436]LogSlate: FSceneViewport::OnFocusLost() reason 0
[2019.04.29-16.26.44:012][417]LogEditorViewport: Clicking on Actor (LMB): StaticMeshActor (Vehicle)
[2019.04.29-16.27.01:861][803]LogEditorViewport: Clicking on Actor (LMB): StaticMeshActor (Brush_WalkWay861)
[2019.04.29-16.27.02:237][825]Cmd: CAMERA ALIGN ACTIVEVIEWPORTONLY
[2019.04.29-16.27.03:566][971]LogEditorViewport: Clicking on Actor (LMB): StaticMeshActor (Vehicle)
[2019.04.29-16.27.03:775][987]Cmd: CAMERA ALIGN ACTIVEVIEWPORTONLY
[2019.04.29-16.27.08:627][359]LogSlate: FSceneViewport::OnFocusLost() reason 0
[2019.04.29-16.27.13:441][698]LogEditorViewport: Clicking Background
[2019.04.29-16.27.26:220][721]LogSlate: FSceneViewport::OnFocusLost() reason 2
[2019.04.29-16.27.27:225][836]LogSlate: FSceneViewport::OnFocusLost() reason 2
[2019.04.29-16.27.34:914][836]LogSavePackage: Moving '../../../../../../Users/u6004915/Documents/GitHub/LY_AssetPipeline/LY_ICWhiteBox/Saved/LY_ICWhiteBox5FF0342C43105D91327064AA03A37825.tmp' to '../../../../../../Users/u6004915/Documents/GitHub/LY_AssetPipeline/LY_ICWhiteBox/Content/LY_ICWhiteBox.umap'
[2019.04.29-16.27.34:947][836]LogFileHelpers: Saving map 'LY_ICWhiteBox' took 7.708
[2019.04.29-16.27.34:987][836]Cmd: OBJ SAVEPACKAGE PACKAGE="/Game/Vehicle/lambert2SG" FILE="../../../../../../Users/u6004915/Documents/GitHub/LY_AssetPipeline/LY_ICWhiteBox/Content/Vehicle/lambert2SG.uasset" SILENT=true
[2019.04.29-16.27.35:001][836]LogSavePackage: Moving '../../../../../../Users/u6004915/Documents/GitHub/LY_AssetPipeline/LY_ICWhiteBox/Saved/lambert2SG17BFE5FF4B93FF3D53A8D5B1EBDD1D41.tmp' to '../../../../../../Users/u6004915/Documents/GitHub/LY_AssetPipeline/LY_ICWhiteBox/Content/Vehicle/lambert2SG.uasset'
[2019.04.29-16.27.35:040][836]Cmd: OBJ SAVEPACKAGE PACKAGE="/Game/Vehicle/Vehicle" FILE="../../../../../../Users/u6004915/Documents/GitHub/LY_AssetPipeline/LY_ICWhiteBox/Content/Vehicle/Vehicle.uasset" SILENT=true
[2019.04.29-16.27.35:055][836]LogSavePackage: Moving '../../../../../../Users/u6004915/Documents/GitHub/LY_AssetPipeline/LY_ICWhiteBox/Saved/Vehicle625260D94EEEF8AF9B4D1CA1C485D284.tmp' to '../../../../../../Users/u6004915/Documents/GitHub/LY_AssetPipeline/LY_ICWhiteBox/Content/Vehicle/Vehicle.uasset'
[2019.04.29-16.27.35:071][836]Cmd: OBJ SAVEPACKAGE PACKAGE="/Game/Vehicle/WoodTextMix2" FILE="../../../../../../Users/u6004915/Documents/GitHub/LY_AssetPipeline/LY_ICWhiteBox/Content/Vehicle/WoodTextMix2.uasset" SILENT=true
[2019.04.29-16.27.36:762][836]LogSavePackage: Moving '../../../../../../Users/u6004915/Documents/GitHub/LY_AssetPipeline/LY_ICWhiteBox/Saved/WoodTextMix2D71B9AB148214DF367E089825C49C547.tmp' to '../../../../../../Users/u6004915/Documents/GitHub/LY_AssetPipeline/LY_ICWhiteBox/Content/Vehicle/WoodTextMix2.uasset'
[2019.04.29-16.28.21:518][419]LogSlate: FSceneViewport::OnFocusLost() reason 0
[2019.04.29-17.30.44:325][758]LogSlate: FSceneViewport::OnFocusLost() reason 2
[2019.04.29-17.30.50:493][185]LogSlate: FSceneViewport::OnFocusLost() reason 0
[2019.04.29-17.30.50:669][196]LogSlate: Window 'LY_ICWhiteBox - Unreal Editor' being destroyed
[2019.04.29-17.30.50:674][196]LogWindowsTextInputMethodSystem: Display: IME system now deactivated.
[2019.04.29-17.30.50:961][197]Cmd: QUIT_EDITOR
[2019.04.29-17.30.51:081][197]LogExit: Preparing to exit.
[2019.04.29-17.30.52:092][197]LogExit: Editor shut down
[2019.04.29-17.30.52:093][197]LogExit: Transaction tracking system shut down
[2019.04.29-17.30.52:953][197]LogExit: Object subsystem successfully closed.
[2019.04.29-17.30.52:981][197]LogShaderCompilers: Display: Shaders left to compile 0
[2019.04.29-17.30.52:987][197]LogD3D11RHI: Shutdown
[2019.04.29-17.30.52:987][197]LogD3D11RHI: CleanupD3DDevice
[2019.04.29-17.30.53:006][197]LogD3D11RHI: ~FD3D11DynamicRHI
[2019.04.29-17.30.53:062][197]LogModuleManager: Shutting down and abandoning module MeshBuilder (613)
[2019.04.29-17.30.53:062][197]LogModuleManager: Shutting down and abandoning module HierarchicalLODOutliner (611)
[2019.04.29-17.30.53:062][197]LogModuleManager: Shutting down and abandoning module SceneOutliner (609)
[2019.04.29-17.30.53:062][197]LogModuleManager: Shutting down and abandoning module AddContentDialog (607)
[2019.04.29-17.30.53:065][197]LogModuleManager: Shutting down and abandoning module WidgetCarousel (606)
[2019.04.29-17.30.53:065][197]LogModuleManager: Shutting down and abandoning module EditorWidgets (603)
[2019.04.29-17.30.53:065][197]LogModuleManager: Shutting down and abandoning module CollectionManager (601)
[2019.04.29-17.30.53:066][197]LogModuleManager: Shutting down and abandoning module HierarchicalLODUtilities (599)
[2019.04.29-17.30.53:066][197]LogModuleManager: Shutting down and abandoning module StatsViewer (597)
[2019.04.29-17.30.53:066][197]LogModuleManager: Shutting down and abandoning module FoliageEdit (595)
[2019.04.29-17.30.53:066][197]LogModuleManager: Shutting down and abandoning module LandscapeEditor (593)
[2019.04.29-17.30.53:067][197]LogModuleManager: Shutting down and abandoning module MeshPaintMode (591)
[2019.04.29-17.30.53:068][197]LogModuleManager: Shutting down and abandoning module SceneDepthPickerMode (589)
[2019.04.29-17.30.53:068][197]LogModuleManager: Shutting down and abandoning module ActorPickerMode (587)
[2019.04.29-17.30.53:068][197]LogModuleManager: Shutting down and abandoning module GeometryMode (585)
[2019.04.29-17.30.53:068][197]LogModuleManager: Shutting down and abandoning module TextureAlignMode (583)
[2019.04.29-17.30.53:068][197]LogModuleManager: Shutting down and abandoning module BspMode (581)
[2019.04.29-17.30.53:068][197]LogModuleManager: Shutting down and abandoning module PIEPreviewDeviceProfileSelector (579)
[2019.04.29-17.30.53:068][197]LogModuleManager: Shutting down and abandoning module SequenceRecorderSections (577)
[2019.04.29-17.30.53:068][197]LogModuleManager: Shutting down and abandoning module AutomationWorker (575)
[2019.04.29-17.30.53:068][197]LogModuleManager: Shutting down and abandoning module SmartSnapping (573)
[2019.04.29-17.30.53:068][197]LogModuleManager: Shutting down and abandoning module CharacterAI (571)
[2019.04.29-17.30.53:068][197]LogModuleManager: Shutting down and abandoning module MagicLeapCameraPreviewFactory (569)
[2019.04.29-17.30.53:068][197]LogModuleManager: Shutting down and abandoning module MagicLeapMediaFactory (567)
[2019.04.29-17.30.53:068][197]LogModuleManager: Shutting down and abandoning module MagicLeapMediaEditor (565)
[2019.04.29-17.30.53:068][197]LogModuleManager: Shutting down and abandoning module AndroidMediaFactory (563)
[2019.04.29-17.30.53:068][197]LogModuleManager: Shutting down and abandoning module AndroidMediaEditor (561)
[2019.04.29-17.30.53:068][197]LogModuleManager: Shutting down and abandoning module AvfMediaFactory (559)
[2019.04.29-17.30.53:068][197]LogModuleManager: Shutting down and abandoning module AvfMediaEditor (557)
[2019.04.29-17.30.53:068][197]LogModuleManager: Shutting down and abandoning module OpenExrWrapper (555)
[2019.04.29-17.30.53:068][197]LogModuleManager: Shutting down and abandoning module ImgMediaFactory (553)
[2019.04.29-17.30.53:068][197]LogModuleManager: Shutting down and abandoning module ImgMediaEditor (551)
[2019.04.29-17.30.53:068][197]LogModuleManager: Shutting down and abandoning module MediaPlayerEditor (549)
[2019.04.29-17.30.53:069][197]LogModuleManager: Shutting down and abandoning module WmfMediaFactory (547)
[2019.04.29-17.30.53:069][197]LogModuleManager: Shutting down and abandoning module WmfMediaEditor (545)
[2019.04.29-17.30.53:069][197]LogModuleManager: Shutting down and abandoning module LevelSequenceEditor (543)
[2019.04.29-17.30.53:069][197]LogModuleManager: Shutting down and abandoning module PlacementMode (542)
[2019.04.29-17.30.53:069][197]LogModuleManager: Shutting down and abandoning module MaterialEditor (541)
[2019.04.29-17.30.53:070][197]LogModuleManager: Shutting down and abandoning module MatineeToLevelSequence (537)
[2019.04.29-17.30.53:070][197]LogModuleManager: Shutting down and abandoning module AudioCaptureEditor (535)
[2019.04.29-17.30.53:070][197]LogModuleManager: Shutting down and abandoning module SequenceRecorder (534)
[2019.04.29-17.30.53:070][197]LogModuleManager: Shutting down and abandoning module SessionServices (531)
[2019.04.29-17.30.53:070][197]LogModuleManager: Shutting down and abandoning module ViewportSnapping (529)
[2019.04.29-17.30.53:070][197]LogModuleManager: Shutting down and abandoning module ViewportInteraction (527)
[2019.04.29-17.30.53:070][197]LogModuleManager: Shutting down and abandoning module ClothPainter (525)
[2019.04.29-17.30.53:071][197]LogModuleManager: Shutting down and abandoning module SkeletalMeshEditor (524)
[2019.04.29-17.30.53:071][197]LogModuleManager: Shutting down and abandoning module LogVisualizer (521)
[2019.04.29-17.30.53:073][197]LogModuleManager: Shutting down and abandoning module IntroTutorials (519)
[2019.04.29-17.30.53:073][197]LogModuleManager: Shutting down and abandoning module GameProjectGeneration (518)
[2019.04.29-17.30.53:074][197]LogModuleManager: Shutting down and abandoning module AndroidPlatformEditor (515)
[2019.04.29-17.30.53:074][197]LogModuleManager: Shutting down and abandoning module HTML5PlatformEditor (513)
[2019.04.29-17.30.53:074][197]LogModuleManager: Shutting down and abandoning module IOSPlatformEditor (511)
[2019.04.29-17.30.53:074][197]LogModuleManager: Shutting down and abandoning module LuminPlatformEditor (509)
[2019.04.29-17.30.53:074][197]LogModuleManager: Shutting down and abandoning module AndroidDeviceDetection (508)
[2019.04.29-17.30.54:031][197]LogModuleManager: Shutting down and abandoning module WindowsPlatformEditor (505)
[2019.04.29-17.30.54:031][197]LogModuleManager: Shutting down and abandoning module AndroidRuntimeSettings (503)
[2019.04.29-17.30.54:031][197]LogModuleManager: Shutting down and abandoning module IOSRuntimeSettings (501)
[2019.04.29-17.30.54:031][197]LogModuleManager: Shutting down and abandoning module LuminRuntimeSettings (499)
[2019.04.29-17.30.54:031][197]LogModuleManager: Shutting down and abandoning module InputBindingEditor (497)
[2019.04.29-17.30.54:032][197]LogModuleManager: Shutting down and abandoning module MergeActors (495)
[2019.04.29-17.30.54:033][197]LogModuleManager: Shutting down and abandoning module LocalizationDashboard (493)
[2019.04.29-17.30.54:033][197]LogModuleManager: Shutting down and abandoning module LocalizationService (492)
[2019.04.29-17.30.54:033][197]LogModuleManager: Shutting down and abandoning module HardwareTargeting (489)
[2019.04.29-17.30.54:033][197]LogModuleManager: Shutting down and abandoning module DeviceProfileEditor (487)
[2019.04.29-17.30.54:033][197]LogModuleManager: Shutting down and abandoning module UndoHistory (485)
[2019.04.29-17.30.54:034][197]LogModuleManager: Shutting down and abandoning module XmlParser (483)
[2019.04.29-17.30.54:034][197]LogModuleManager: Shutting down and abandoning module Blutility (481)
[2019.04.29-17.30.54:034][197]LogModuleManager: Shutting down and abandoning module ProjectSettingsViewer (479)
[2019.04.29-17.30.54:034][197]LogModuleManager: Shutting down and abandoning module ProjectTargetPlatformEditor (478)
[2019.04.29-17.30.54:034][197]LogModuleManager: Shutting down and abandoning module EditorSettingsViewer (475)
[2019.04.29-17.30.54:034][197]LogModuleManager: Shutting down and abandoning module SettingsEditor (473)
[2019.04.29-17.30.54:034][197]LogModuleManager: Shutting down and abandoning module ProjectLauncher (471)
[2019.04.29-17.30.54:035][197]LogModuleManager: Shutting down and abandoning module SessionFrontend (469)
[2019.04.29-17.30.54:035][197]LogModuleManager: Shutting down and abandoning module ProfilerClient (467)
[2019.04.29-17.30.54:036][197]LogModuleManager: Shutting down and abandoning module DeviceManager (465)
[2019.04.29-17.30.54:036][197]LogModuleManager: Shutting down and abandoning module TargetDeviceServices (464)
[2019.04.29-17.30.54:102][197]LogModuleManager: Shutting down and abandoning module AutomationController (461)
[2019.04.29-17.30.54:102][197]LogModuleManager: Shutting down and abandoning module AutomationWindow (459)
[2019.04.29-17.30.54:103][197]LogModuleManager: Shutting down and abandoning module Layers (457)
[2019.04.29-17.30.54:105][197]LogModuleManager: Shutting down and abandoning module ComponentVisualizers (455)
[2019.04.29-17.30.54:105][197]LogModuleManager: Shutting down and abandoning module DetailCustomizations (453)
[2019.04.29-17.30.54:105][197]LogModuleManager: Shutting down and abandoning module PackagesDialog (451)
[2019.04.29-17.30.54:105][197]LogModuleManager: Shutting down and abandoning module Persona (449)
[2019.04.29-17.30.54:106][197]LogModuleManager: Shutting down and abandoning module AdvancedPreviewScene (448)
[2019.04.29-17.30.54:106][197]LogModuleManager: Shutting down and abandoning module AnimGraph (446)
[2019.04.29-17.30.54:107][197]LogModuleManager: Shutting down and abandoning module Kismet (443)
[2019.04.29-17.30.54:107][197]LogModuleManager: Shutting down and abandoning module GraphEditor (441)
[2019.04.29-17.30.54:110][197]LogModuleManager: Shutting down and abandoning module ClassViewer (439)
[2019.04.29-17.30.54:110][197]LogModuleManager: Shutting down and abandoning module Toolbox (437)
[2019.04.29-17.30.54:110][197]LogModuleManager: Shutting down and abandoning module ModuleUI (435)
[2019.04.29-17.30.54:110][197]LogModuleManager: Shutting down and abandoning module MovieSceneTools (433)
[2019.04.29-17.30.54:111][197]LogModuleManager: Shutting down and abandoning module OutputLog (431)
[2019.04.29-17.30.54:111][197]LogModuleManager: Shutting down and abandoning module GammaUI (429)
[2019.04.29-17.30.54:111][197]LogModuleManager: Shutting down and abandoning module Documentation (427)
[2019.04.29-17.30.54:111][197]LogModuleManager: Shutting down and abandoning module MovieSceneTracks (425)
[2019.04.29-17.30.54:111][197]LogModuleManager: Shutting down and abandoning module MovieScene (423)
[2019.04.29-17.30.54:111][197]LogModuleManager: Shutting down and abandoning module StreamingPauseRendering (421)
[2019.04.29-17.30.54:111][197]LogModuleManager: Shutting down and abandoning module LauncherPlatform (419)
[2019.04.29-17.30.54:111][197]LogModuleManager: Shutting down and abandoning module AnalyticsET (417)
[2019.04.29-17.30.54:111][197]LogModuleManager: Shutting down and abandoning module PortalServices (415)
[2019.04.29-17.30.54:112][197]LogModuleManager: Shutting down and abandoning module PortalRpc (413)
[2019.04.29-17.30.54:112][197]LogModuleManager: Shutting down and abandoning module MessagingRpc (411)
[2019.04.29-17.30.54:112][197]LogModuleManager: Shutting down and abandoning module AIModule (409)
[2019.04.29-17.30.54:112][197]LogModuleManager: Shutting down and abandoning module GameplayDebugger (408)
[2019.04.29-17.30.54:112][197]LogModuleManager: Shutting down and abandoning module AITestSuite (406)
[2019.04.29-17.30.54:112][197]LogModuleManager: Shutting down and abandoning module NavigationSystem (404)
[2019.04.29-17.30.54:113][197]LogModuleManager: Shutting down and abandoning module DesktopPlatform (401)
[2019.04.29-17.30.54:113][197]LogModuleManager: Shutting down and abandoning module ProfilerService (399)
[2019.04.29-17.30.54:117][197]LogModuleManager: Shutting down and abandoning module TaskGraph (397)
[2019.04.29-17.30.54:118][197]LogModuleManager: Shutting down and abandoning module PaperTiledImporter (395)
[2019.04.29-17.30.54:118][197]LogModuleManager: Shutting down and abandoning module PaperSpriteSheetImporter (393)
[2019.04.29-17.30.54:118][197]LogModuleManager: Shutting down and abandoning module Paper2DEditor (391)
[2019.04.29-17.30.54:119][197]LogModuleManager: Shutting down and abandoning module MeshPaint (390)
[2019.04.29-17.30.54:119][197]LogModuleManager: Shutting down and abandoning module LightPropagationVolumeEditor (387)
[2019.04.29-17.30.54:119][197]LogModuleManager: Shutting down and abandoning module CLionSourceCodeAccess (385)
[2019.04.29-17.30.54:119][197]LogModuleManager: Shutting down and abandoning module GitSourceControl (383)
[2019.04.29-17.30.54:119][197]LogModuleManager: Shutting down and abandoning module PerforceSourceControl (381)
[2019.04.29-17.30.54:120][197]LogModuleManager: Shutting down and abandoning module SubversionSourceControl (379)
[2019.04.29-17.30.54:121][197]LogModuleManager: Shutting down and abandoning module SourceControl (378)
[2019.04.29-17.30.54:121][197]LogModuleManager: Shutting down and abandoning module UObjectPlugin (375)
[2019.04.29-17.30.54:121][197]LogModuleManager: Shutting down and abandoning module VisualStudioCodeSourceCodeAccess (373)
[2019.04.29-17.30.54:121][197]LogModuleManager: Shutting down and abandoning module VisualStudioSourceCodeAccess (371)
[2019.04.29-17.30.54:121][197]LogModuleManager: Shutting down and abandoning module CryptoKeysOpenSSL (369)
[2019.04.29-17.30.54:121][197]LogModuleManager: Shutting down and abandoning module CryptoKeys (367)
[2019.04.29-17.30.54:121][197]LogModuleManager: Shutting down and abandoning module PolygonModeling (365)
[2019.04.29-17.30.54:121][197]LogModuleManager: Shutting down and abandoning module MeshEditor (363)
[2019.04.29-17.30.54:121][197]LogModuleManager: Shutting down and abandoning module MobileLauncherProfileWizard (361)
[2019.04.29-17.30.54:121][197]LogModuleManager: Shutting down and abandoning module PluginBrowser (359)
[2019.04.29-17.30.54:122][197]LogModuleManager: Shutting down and abandoning module SpeedTreeImporter (357)
[2019.04.29-17.30.54:122][197]LogModuleManager: Shutting down and abandoning module DatasmithContentEditor (355)
[2019.04.29-17.30.54:122][197]LogModuleManager: Shutting down and abandoning module DatasmithContent (353)
[2019.04.29-17.30.54:123][197]LogModuleManager: Shutting down and abandoning module AlembicImporter (351)
[2019.04.29-17.30.54:123][197]LogModuleManager: Shutting down and abandoning module AlembicLibrary (350)
[2019.04.29-17.30.54:123][197]LogModuleManager: Shutting down and abandoning module AppleImageUtils (347)
[2019.04.29-17.30.54:123][197]LogModuleManager: Shutting down and abandoning module AppleVision (345)
[2019.04.29-17.30.54:123][197]LogModuleManager: Shutting down and abandoning module BackChannel (343)
[2019.04.29-17.30.54:123][197]LogModuleManager: Shutting down and abandoning module GeometryCacheTracks (341)
[2019.04.29-17.30.54:123][197]LogModuleManager: Shutting down and abandoning module GeometryCache (339)
[2019.04.29-17.30.54:123][197]LogModuleManager: Shutting down and abandoning module GeometryCacheSequencer (337)
[2019.04.29-17.30.54:123][197]LogModuleManager: Shutting down and abandoning module GeometryCacheEd (335)
[2019.04.29-17.30.54:123][197]LogModuleManager: Shutting down and abandoning module HTML5Networking (333)
[2019.04.29-17.30.54:123][197]LogModuleManager: Shutting down and abandoning module ImgMedia (331)
[2019.04.29-17.30.54:127][197]LogModuleManager: Shutting down and abandoning module LinearTimecode (329)
[2019.04.29-17.30.54:127][197]LogModuleManager: Shutting down and abandoning module MediaCompositingEditor (327)
[2019.04.29-17.30.54:127][197]LogModuleManager: Shutting down and abandoning module MediaCompositing (325)
[2019.04.29-17.30.54:127][197]LogModuleManager: Shutting down and abandoning module NetcodeUnitTest (323)
[2019.04.29-17.30.54:128][197]LogModuleManager: Shutting down and abandoning module NUTUnrealEngine4 (321)
[2019.04.29-17.30.54:128][197]LogModuleManager: Shutting down and abandoning module AndroidPermission (319)
[2019.04.29-17.30.54:128][197]LogModuleManager: Shutting down and abandoning module ArchVisCharacter (317)
[2019.04.29-17.30.54:128][197]LogModuleManager: Shutting down and abandoning module AudioCapture (315)
[2019.04.29-17.30.54:128][197]LogModuleManager: Shutting down and abandoning module CableComponent (313)
[2019.04.29-17.30.54:128][197]LogModuleManager: Shutting down and abandoning module CustomMeshComponent (311)
[2019.04.29-17.30.54:128][197]LogModuleManager: Shutting down and abandoning module EditableMesh (309)
[2019.04.29-17.30.54:129][197]LogModuleManager: Shutting down and abandoning module MobilePatchingUtils (307)
[2019.04.29-17.30.54:129][197]LogModuleManager: Shutting down and abandoning module OculusInput (305)
[2019.04.29-17.30.54:129][197]LogModuleManager: Shutting down and abandoning module ProceduralMeshComponentEditor (303)
[2019.04.29-17.30.54:129][197]LogModuleManager: Shutting down and abandoning module ProceduralMeshComponent (301)
[2019.04.29-17.30.54:129][197]LogModuleManager: Shutting down and abandoning module SteamVRController (299)
[2019.04.29-17.30.54:129][197]LogModuleManager: Shutting down and abandoning module Paper2D (297)
[2019.04.29-17.30.54:129][197]LogModuleManager: Shutting down and abandoning module AISupportModule (295)
[2019.04.29-17.30.54:129][197]LogModuleManager: Shutting down and abandoning module LightPropagationVolumeRuntime (293)
[2019.04.29-17.30.54:129][197]LogModuleManager: Shutting down and abandoning module AssetManagerEditor (291)
[2019.04.29-17.30.54:130][197]LogModuleManager: Shutting down and abandoning module TreeMap (290)
[2019.04.29-17.30.54:130][197]LogModuleManager: Shutting down and abandoning module DataValidation (287)
[2019.04.29-17.30.54:130][197]LogModuleManager: Shutting down and abandoning module LevelEditor (286)
[2019.04.29-17.30.54:131][197]LogModuleManager: Shutting down and abandoning module PixelInspectorModule (285)
[2019.04.29-17.30.54:131][197]LogModuleManager: Shutting down and abandoning module CommonMenuExtensions (283)
[2019.04.29-17.30.54:132][197]LogModuleManager: Shutting down and abandoning module MainFrame (281)
[2019.04.29-17.30.54:132][197]LogModuleManager: Shutting down and abandoning module HotReload (280)
[2019.04.29-17.30.54:132][197]LogModuleManager: Shutting down and abandoning module ContentBrowser (276)
[2019.04.29-17.30.54:135][197]LogModuleManager: Shutting down and abandoning module FacialAnimationEditor (273)
[2019.04.29-17.30.54:135][197]LogModuleManager: Shutting down and abandoning module FacialAnimation (271)
[2019.04.29-17.30.54:135][197]LogModuleManager: Shutting down and abandoning module GameplayTagsEditor (269)
[2019.04.29-17.30.54:136][197]LogModuleManager: Shutting down and abandoning module MagicLeapAudio (267)
[2019.04.29-17.30.54:136][197]LogModuleManager: Shutting down and abandoning module TcpMessaging (265)
[2019.04.29-17.30.54:237][197]LogModuleManager: Shutting down and abandoning module UdpMessaging (263)
[2019.04.29-17.30.54:337][197]LogModuleManager: Shutting down and abandoning module ActorSequence (261)
[2019.04.29-17.30.54:337][197]LogModuleManager: Shutting down and abandoning module ImmediatePhysicsEditor (259)
[2019.04.29-17.30.54:337][197]LogModuleManager: Shutting down and abandoning module ImmediatePhysics (257)
[2019.04.29-17.30.54:337][197]LogModuleManager: Shutting down and abandoning module LocationServicesBPLibrary (255)
[2019.04.29-17.30.54:337][197]LogModuleManager: Shutting down and abandoning module OculusEditor (253)
[2019.04.29-17.30.54:337][197]LogModuleManager: Shutting down and abandoning module PhysXVehiclesEditor (251)
[2019.04.29-17.30.54:337][197]LogModuleManager: Shutting down and abandoning module PhysXVehicles (249)
[2019.04.29-17.30.54:337][197]LogModuleManager: Shutting down and abandoning module RuntimePhysXCooking (247)
[2019.04.29-17.30.54:337][197]LogModuleManager: Shutting down and abandoning module WmfMedia (245)
[2019.04.29-17.30.54:340][197]LogModuleManager: Shutting down and abandoning module Media (244)
[2019.04.29-17.30.54:347][197]LogModuleManager: Shutting down and abandoning module WindowsMoviePlayer (241)
[2019.04.29-17.30.54:348][197]LogModuleManager: Shutting down and abandoning module PacketHandler (239)
[2019.04.29-17.30.54:348][197]LogModuleManager: Shutting down and abandoning module ClothingSystemEditor (237)
[2019.04.29-17.30.54:348][197]LogModuleManager: Shutting down and abandoning module ClothingSystemRuntime (235)
[2019.04.29-17.30.54:349][197]LogModuleManager: Shutting down and abandoning module MediaAssets (233)
[2019.04.29-17.30.54:349][197]LogModuleManager: Shutting down and abandoning module Overlay (231)
[2019.04.29-17.30.54:349][197]LogModuleManager: Shutting down and abandoning module OverlayEditor (230)
[2019.04.29-17.30.54:349][197]LogModuleManager: Shutting down and abandoning module VREditor (227)
[2019.04.29-17.30.54:350][197]LogModuleManager: Shutting down and abandoning module StringTableEditor (225)
[2019.04.29-17.30.54:350][197]LogModuleManager: Shutting down and abandoning module GameplayTasksEditor (223)
[2019.04.29-17.30.54:350][197]LogModuleManager: Shutting down and abandoning module BehaviorTreeEditor (221)
[2019.04.29-17.30.54:352][197]LogModuleManager: Shutting down and abandoning module FunctionalTesting (219)
[2019.04.29-17.30.54:352][197]LogModuleManager: Shutting down and abandoning module CollisionAnalyzer (217)
[2019.04.29-17.30.54:353][197]LogModuleManager: Shutting down and abandoning module WorkspaceMenuStructure (216)
[2019.04.29-17.30.54:353][197]LogModuleManager: Shutting down and abandoning module UMG (213)
[2019.04.29-17.30.54:354][197]LogModuleManager: Shutting down and abandoning module UMGEditor (212)
[2019.04.29-17.30.54:355][197]LogModuleManager: Shutting down and abandoning module Sequencer (211)
[2019.04.29-17.30.54:357][197]LogModuleManager: Shutting down and abandoning module MessageLog (208)
[2019.04.29-17.30.54:357][197]LogModuleManager: Shutting down and abandoning module SlateReflector (203)
[2019.04.29-17.30.54:358][197]LogModuleManager: Shutting down and abandoning module Slate (201)
[2019.04.29-17.30.54:358][197]LogModuleManager: Shutting down and abandoning module EditorStyle (199)
[2019.04.29-17.30.54:361][197]LogModuleManager: Shutting down and abandoning module MRMesh (197)
[2019.04.29-17.30.54:361][197]LogModuleManager: Shutting down and abandoning module SourceCodeAccess (195)
[2019.04.29-17.30.54:361][197]LogModuleManager: Shutting down and abandoning module HeadMountedDisplay (193)
[2019.04.29-17.30.54:361][197]LogModuleManager: Shutting down and abandoning module XAudio2 (191)
[2019.04.29-17.30.54:361][197]LogModuleManager: Shutting down and abandoning module Networking (189)
[2019.04.29-17.30.54:361][197]LogModuleManager: Shutting down and abandoning module Core (187)
[2019.04.29-17.30.54:361][197]LogModuleManager: Shutting down and abandoning module LevelSequence (185)
[2019.04.29-17.30.54:361][197]LogModuleManager: Shutting down and abandoning module KismetCompiler (183)
[2019.04.29-17.30.54:361][197]LogModuleManager: Shutting down and abandoning module MeshUtilities (181)
[2019.04.29-17.30.54:361][197]LogModuleManager: Shutting down and abandoning module MeshMergeUtilities (180)
[2019.04.29-17.30.54:361][197]LogModuleManager: Shutting down and abandoning module MeshReductionInterface (179)
[2019.04.29-17.30.54:361][197]LogModuleManager: Shutting down and abandoning module SimplygonSwarm (178)
[2019.04.29-17.30.54:362][197]LogModuleManager: Shutting down and abandoning module ProxyLODMeshReduction (176)
[2019.04.29-17.30.54:363][197]LogModuleManager: Shutting down and abandoning module SimplygonMeshReduction (174)
[2019.04.29-17.30.54:363][197]LogModuleManager: Shutting down and abandoning module QuadricMeshReduction (172)
[2019.04.29-17.30.54:363][197]LogModuleManager: Shutting down and abandoning module MaterialBaking (168)
[2019.04.29-17.30.54:364][197]LogModuleManager: Shutting down and abandoning module DirectoryWatcher (164)
[2019.04.29-17.30.54:364][197]LogModuleManager: Shutting down and abandoning module DerivedDataCache (161)
[2019.04.29-17.30.54:370][197]LogDerivedDataCache: Shutdown
[2019.04.29-17.30.54:370][197]LogModuleManager: Shutting down and abandoning module XGEController (159)
[2019.04.29-17.30.54:370][197]LogXGEController: Cleaning working directory: C:/Users/u6004915/AppData/Local/Temp/UnrealXGEWorkingDir/
[2019.04.29-17.30.54:371][197]LogModuleManager: Shutting down and abandoning module TargetPlatform (157)
[2019.04.29-17.30.54:371][197]LogModuleManager: Shutting down and abandoning module VulkanShaderFormat (156)
[2019.04.29-17.30.54:371][197]LogModuleManager: Shutting down and abandoning module ShaderFormatVectorVM (154)
[2019.04.29-17.30.54:372][197]LogModuleManager: Shutting down and abandoning module ShaderFormatOpenGL (152)
[2019.04.29-17.30.54:372][197]LogModuleManager: Shutting down and abandoning module ShaderFormatD3D (150)
[2019.04.29-17.30.54:372][197]LogModuleManager: Shutting down and abandoning module MetalShaderFormat (148)
[2019.04.29-17.30.54:373][197]LogModuleManager: Shutting down and abandoning module TextureFormatUncompressed (146)
[2019.04.29-17.30.54:373][197]LogModuleManager: Shutting down and abandoning module TextureFormatPVR (144)
[2019.04.29-17.30.54:373][197]LogModuleManager: Shutting down and abandoning module TextureFormatDXT (142)
[2019.04.29-17.30.54:373][197]LogModuleManager: Shutting down and abandoning module TextureFormatIntelISPCTexComp (140)
[2019.04.29-17.30.54:373][197]LogModuleManager: Shutting down and abandoning module TextureFormatASTC (138)
[2019.04.29-17.30.54:373][197]LogModuleManager: Shutting down and abandoning module ImageWrapper (137)
[2019.04.29-17.30.54:373][197]LogModuleManager: Shutting down and abandoning module TextureFormatAndroid (134)
[2019.04.29-17.30.54:373][197]LogModuleManager: Shutting down and abandoning module AudioFormatOpus (132)
[2019.04.29-17.30.54:374][197]LogModuleManager: Shutting down and abandoning module AudioFormatOgg (130)
[2019.04.29-17.30.54:374][197]LogModuleManager: Shutting down and abandoning module AudioFormatADPCM (128)
[2019.04.29-17.30.54:374][197]LogModuleManager: Shutting down and abandoning module AndroidTargetPlatform (126)
[2019.04.29-17.30.54:404][197]LogModuleManager: Shutting down and abandoning module HTML5TargetPlatform (124)
[2019.04.29-17.30.54:404][197]LogModuleManager: Shutting down and abandoning module TVOSTargetPlatform (122)
[2019.04.29-17.30.54:409][197]LogModuleManager: Shutting down and abandoning module Messaging (120)
[2019.04.29-17.30.54:409][197]LogModuleManager: Shutting down and abandoning module IOSTargetPlatform (118)
[2019.04.29-17.30.54:415][197]LogModuleManager: Shutting down and abandoning module LinuxTargetPlatform (116)
[2019.04.29-17.30.54:415][197]LogModuleManager: Shutting down and abandoning module LinuxServerTargetPlatform (114)
[2019.04.29-17.30.54:415][197]LogModuleManager: Shutting down and abandoning module LinuxNoEditorTargetPlatform (112)
[2019.04.29-17.30.54:415][197]LogModuleManager: Shutting down and abandoning module LinuxClientTargetPlatform (110)
[2019.04.29-17.30.54:415][197]LogModuleManager: Shutting down and abandoning module WindowsTargetPlatform (107)
[2019.04.29-17.30.54:415][197]LogModuleManager: Shutting down and abandoning module WindowsServerTargetPlatform (105)
[2019.04.29-17.30.54:415][197]LogModuleManager: Shutting down and abandoning module WindowsNoEditorTargetPlatform (103)
[2019.04.29-17.30.54:415][197]LogModuleManager: Shutting down and abandoning module WindowsClientTargetPlatform (101)
[2019.04.29-17.30.54:415][197]LogModuleManager: Shutting down and abandoning module MacTargetPlatform (99)
[2019.04.29-17.30.54:416][197]LogModuleManager: Shutting down and abandoning module MacServerTargetPlatform (97)
[2019.04.29-17.30.54:416][197]LogModuleManager: Shutting down and abandoning module MacNoEditorTargetPlatform (95)
[2019.04.29-17.30.54:416][197]LogModuleManager: Shutting down and abandoning module MacClientTargetPlatform (93)
[2019.04.29-17.30.54:416][197]LogModuleManager: Shutting down and abandoning module AllDesktopTargetPlatform (91)
[2019.04.29-17.30.54:416][197]LogModuleManager: Shutting down and abandoning module InputCore (88)
[2019.04.29-17.30.54:416][197]LogModuleManager: Shutting down and abandoning module Settings (86)
[2019.04.29-17.30.54:416][197]LogModuleManager: Shutting down and abandoning module PhysXCooking (84)
[2019.04.29-17.30.54:416][197]LogModuleManager: Shutting down and abandoning module MagicLeapPrivileges (82)
[2019.04.29-17.30.54:416][197]LogModuleManager: Shutting down and abandoning module MagicLeapIdentity (80)
[2019.04.29-17.30.54:416][197]LogModuleManager: Shutting down and abandoning module MagicLeapHelperVulkan (78)
[2019.04.29-17.30.54:416][197]LogModuleManager: Shutting down and abandoning module MagicLeapHelperOpenGL (76)
[2019.04.29-17.30.54:416][197]LogModuleManager: Shutting down and abandoning module MagicLeapSecureStorage (74)
[2019.04.29-17.30.54:416][197]LogModuleManager: Shutting down and abandoning module MagicLeapGestures (72)
[2019.04.29-17.30.54:416][197]LogModuleManager: Shutting down and abandoning module MagicLeapEyeTracker (70)
[2019.04.29-17.30.54:416][197]LogModuleManager: Shutting down and abandoning module MagicLeapController (68)
[2019.04.29-17.30.54:416][197]LogSlate: Slate User Destroyed.  User Index 0, Is Virtual User: 0
[2019.04.29-17.30.54:416][197]LogModuleManager: Shutting down and abandoning module MagicLeap (66)
[2019.04.29-17.30.54:417][197]LogModuleManager: Shutting down and abandoning module MagicLeapEmulator (64)
[2019.04.29-17.30.54:417][197]LogModuleManager: Shutting down and abandoning module OnlineSubsystem (62)
[2019.04.29-17.30.54:418][197]LogModuleManager: Shutting down and abandoning module XMPP (57)
[2019.04.29-17.30.54:420][197]LogModuleManager: Shutting down and abandoning module WebSockets (56)
[2019.04.29-17.30.54:436][197]LogModuleManager: Shutting down and abandoning module HTTP (53)
[2019.04.29-17.30.54:436][197]LogHttp: Display: Http module shutting down, but needs to wait on 1 outstanding Http requests:
[2019.04.29-17.30.54:436][197]LogHttp: Display: 	verb=[POST] url=[https://datarouter.ol.epicgames.com/datarouter/api/v1/public/data?SessionID=%7B5E1A39D2-4FB7-77BB-1CF4-79B05A336A29%7D&AppID=UEEditor.Rocket.Release&AppVersion=4.20.3-4369336%2B%2B%2BUE4%2BRelease-4.20&UserID=665b343f40113e0966e3c494b8562251%7C26a1740ef7ba42058c6a48be90758b2a%7C9ab8c938-72b1-4f9e-ae4e-e0a34a0ae903&AppEnvironment=datacollector-binary&UploadType=eteventstream] status=Processing
[2019.04.29-17.30.54:465][197]LogModuleManager: Shutting down and abandoning module SSL (52)
[2019.04.29-17.30.54:467][197]LogModuleManager: Shutting down and abandoning module OnlineBlueprintSupport (48)
[2019.04.29-17.30.54:467][197]LogModuleManager: Shutting down and abandoning module LauncherChunkInstaller (44)
[2019.04.29-17.30.54:467][197]LogModuleManager: Shutting down and abandoning module ExampleDeviceProfileSelector (42)
[2019.04.29-17.30.54:467][197]LogModuleManager: Shutting down and abandoning module OculusHMD (40)
[2019.04.29-17.30.54:467][197]LogModuleManager: Shutting down and abandoning module SteamVR (38)
[2019.04.29-17.30.54:467][197]LogModuleManager: Shutting down and abandoning module AnimationModifiers (36)
[2019.04.29-17.30.54:468][197]LogModuleManager: Shutting down and abandoning module PropertyEditor (35)
[2019.04.29-17.30.54:468][197]LogModuleManager: Shutting down and abandoning module AudioEditor (32)
[2019.04.29-17.30.54:469][197]LogModuleManager: Shutting down and abandoning module TextureCompressor (30)
[2019.04.29-17.30.54:469][197]LogModuleManager: Shutting down and abandoning module ShaderCore (28)
[2019.04.29-17.30.54:469][197]LogModuleManager: Shutting down and abandoning module Landscape (26)
[2019.04.29-17.30.54:469][197]LogModuleManager: Shutting down and abandoning module SlateRHIRenderer (24)
[2019.04.29-17.30.54:470][197]LogModuleManager: Shutting down and abandoning module OpenGLDrv (22)
[2019.04.29-17.30.54:471][197]LogModuleManager: Shutting down and abandoning module D3D11RHI (20)
[2019.04.29-17.30.54:471][197]LogModuleManager: Shutting down and abandoning module AnimGraphRuntime (18)
[2019.04.29-17.30.54:471][197]LogModuleManager: Shutting down and abandoning module Renderer (16)
[2019.04.29-17.30.54:471][197]LogModuleManager: Shutting down and abandoning module Engine (14)
[2019.04.29-17.30.54:471][197]LogModuleManager: Shutting down and abandoning module CoreUObject (12)
[2019.04.29-17.30.54:471][197]LogModuleManager: Shutting down and abandoning module NetworkFile (10)
[2019.04.29-17.30.54:471][197]LogModuleManager: Shutting down and abandoning module CookedIterativeFile (8)
[2019.04.29-17.30.54:471][197]LogModuleManager: Shutting down and abandoning module StreamingFile (6)
[2019.04.29-17.30.54:471][197]LogModuleManager: Shutting down and abandoning module SandboxFile (4)
[2019.04.29-17.30.54:471][197]LogModuleManager: Shutting down and abandoning module PakFile (2)
[2019.04.29-17.30.54:475][197]LogExit: Exiting.
[2019.04.29-17.30.54:495][197]Log file closed, 04/29/19 11:30:54
