Log file open, 05/04/19 14:12:01
LogWindows: Failed to load 'aqProf.dll' (GetLastError=126)
LogWindows: File 'aqProf.dll' does not exist
LogWindows: Failed to load 'VSPerf140.dll' (GetLastError=126)
LogWindows: File 'VSPerf140.dll' does not exist
LogWindows: Failed to load 'VtuneApi.dll' (GetLastError=126)
LogWindows: File 'VtuneApi.dll' does not exist
LogWindows: Failed to load 'VtuneApi32e.dll' (GetLastError=126)
LogWindows: File 'VtuneApi32e.dll' does not exist
LogInit: Display: Running engine for game: LY_CityBlock
LogPlatformFile: Not using cached read wrapper
LogTaskGraph: Started task graph with 5 named threads and 14 total threads with 3 sets of task threads.
LogStats: Stats thread started at 0.813174
LogD3D11RHI: Loaded GFSDK_Aftermath_Lib.x64.dll
LogICUInternationalization: Display: ICU TimeZone Detection - Raw Offset: -7:00, Platform Override: ''
LogPluginManager: Mounting plugin WindowsMoviePlayer
LogPluginManager: Mounting plugin SteamVR
LogPluginManager: Mounting plugin RuntimePhysXCooking
LogPluginManager: Mounting plugin ProceduralMeshComponent
LogPluginManager: Mounting plugin PhysXVehicles
LogPluginManager: Mounting plugin OculusVR
LogPluginManager: Plugin shader directory ../../../Engine/Plugins/Runtime/Oculus/OculusVR/Shaders found
LogPluginManager: Mapping shader source directory ../../../Engine/Plugins/Runtime/Oculus/OculusVR/Shaders to virtual directory /Plugin/OculusVR
LogPluginManager: Mounting plugin MobilePatchingUtils
LogPluginManager: Mounting plugin LocationServicesBPLibrary
LogPluginManager: Mounting plugin LinuxDeviceProfileSelector
LogPluginManager: Mounting plugin IOSDeviceProfileSelector
LogPluginManager: Mounting plugin ImmediatePhysics
LogPluginManager: Mounting plugin GoogleCloudMessaging
LogPluginManager: Mounting plugin ExampleDeviceProfileSelector
LogPluginManager: Mounting plugin EditableMesh
LogPluginManager: Mounting plugin CustomMeshComponent
LogPluginManager: Mounting plugin CableComponent
LogPluginManager: Mounting plugin AudioCapture
LogPluginManager: Mounting plugin ArchVisCharacter
LogPluginManager: Mounting plugin AppleMoviePlayer
LogPluginManager: Mounting plugin AndroidPermission
LogPluginManager: Mounting plugin AndroidMoviePlayer
LogPluginManager: Mounting plugin AndroidDeviceProfileSelector
LogPluginManager: Mounting plugin LauncherChunkInstaller
LogPluginManager: Mounting plugin OnlineSubsystemUtils
LogPluginManager: Mounting plugin OnlineSubsystemNull
LogPluginManager: Mounting plugin OnlineSubsystem
LogPluginManager: Mounting plugin OnlineSubsystemIOS
LogPluginManager: Mounting plugin OnlineSubsystemGooglePlay
LogPluginManager: Mounting plugin NUTUnrealEngine4
LogPluginManager: Mounting plugin NetcodeUnitTest
LogPluginManager: Mounting plugin MatineeToLevelSequence
LogPluginManager: Mounting plugin LevelSequenceEditor
LogPluginManager: Mounting plugin ActorSequence
LogPluginManager: Mounting plugin UdpMessaging
LogPluginManager: Mounting plugin TcpMessaging
LogPluginManager: Mounting plugin WmfMedia
LogPluginManager: Mounting plugin MediaPlayerEditor
LogPluginManager: Mounting plugin MediaCompositing
LogPluginManager: Mounting plugin LinearTimecode
LogPluginManager: Mounting plugin ImgMedia
LogPluginManager: Mounting plugin AvfMedia
LogPluginManager: Mounting plugin AndroidMedia
LogPluginManager: Mounting plugin MagicLeapMedia
LogPluginManager: Mounting plugin MagicLeapEmulator
LogPluginManager: Mounting plugin MagicLeap
LogPluginManager: Mounting plugin ProxyLODPlugin
LogPluginManager: Mounting plugin HTML5Networking
LogPluginManager: Mounting plugin GeometryCache
LogPluginManager: Mounting plugin CharacterAI
LogPluginManager: Mounting plugin BackChannel
LogPluginManager: Mounting plugin AppleVision
LogPluginManager: Mounting plugin AppleImageUtils
LogPluginManager: Mounting plugin AlembicImporter
LogPluginManager: Mounting plugin DatasmithContent
LogPluginManager: Mounting plugin SpeedTreeImporter
LogPluginManager: Mounting plugin PluginBrowser
LogPluginManager: Mounting plugin MobileLauncherProfileWizard
LogPluginManager: Mounting plugin MeshEditor
LogPluginManager: Mounting plugin MacGraphicsSwitching
LogPluginManager: Mounting plugin GameplayTagsEditor
LogPluginManager: Mounting plugin FacialAnimation
LogPluginManager: Mounting plugin DataValidation
LogPluginManager: Mounting plugin CryptoKeys
LogPluginManager: Mounting plugin AssetManagerEditor
LogPluginManager: Mounting plugin XCodeSourceCodeAccess
LogPluginManager: Mounting plugin VisualStudioSourceCodeAccess
LogPluginManager: Mounting plugin VisualStudioCodeSourceCodeAccess
LogPluginManager: Mounting plugin UObjectPlugin
LogPluginManager: Mounting plugin SubversionSourceControl
LogPluginManager: Mounting plugin PerforceSourceControl
LogPluginManager: Mounting plugin NullSourceCodeAccess
LogPluginManager: Mounting plugin KDevelopSourceCodeAccess
LogPluginManager: Mounting plugin GitSourceControl
LogPluginManager: Mounting plugin CodeLiteSourceCodeAccess
LogPluginManager: Mounting plugin CLionSourceCodeAccess
LogPluginManager: Mounting plugin LightPropagationVolume
LogPluginManager: Mounting plugin AISupport
LogPluginManager: Mounting plugin Paper2D
LogStreaming: Display: Took  0.248s to configure plugins.
LogInit: Using libcurl 7.55.1-DEV
LogInit:  - built for x86_64-pc-win32
LogInit:  - supports SSL with OpenSSL/1.0.2h
LogInit:  - supports HTTP deflate (compression) using libz 1.2.8
LogInit:  - other features:
LogInit:      CURL_VERSION_SSL
LogInit:      CURL_VERSION_LIBZ
LogInit:      CURL_VERSION_IPV6
LogInit:      CURL_VERSION_ASYNCHDNS
LogInit:      CURL_VERSION_LARGEFILE
LogInit:      CURL_VERSION_IDN
LogInit:  CurlRequestOptions (configurable via config and command line):
LogInit:  - bVerifyPeer = false  - Libcurl will NOT verify peer certificate
LogInit:  - bUseHttpProxy = false  - Libcurl will NOT use HTTP proxy
LogInit:  - bDontReuseConnections = false  - Libcurl will reuse connections
LogInit:  - CertBundlePath = nullptr  - Libcurl will use whatever was configured at build time.
LogInit:  - MaxHostConnections = 16  - Libcurl will limit the number of connections to a host
LogInit:  - LocalHostAddr = Default
LogInit:  - BufferSize = 65536
LogInit: WinSock: version 1.1 (2.2), MaxSocks=32767, MaxUdp=65467
LogInit: Build: ++UE4+Release-4.20-CL-4369336
LogInit: Engine Version: 4.20.3-4369336+++UE4+Release-4.20
LogInit: Compatible Engine Version: 4.20.0-4212847+++UE4+Release-4.20
LogInit: Net CL: 4212847
LogInit: OS: Windows 10 (), CPU: Intel(R) Core(TM) i5-7500 CPU @ 3.40GHz, GPU: NVIDIA GeForce GTX 1050
LogInit: Compiled (64-bit): Sep 17 2018 12:26:19
LogInit: Compiled with Visual C++: 19.13.26129.00
LogInit: Build Configuration: Development
LogInit: Branch Name: ++UE4+Release-4.20
LogInit: Command Line:  
LogInit: Base Directory: C:/Programs/Epic Games/UE_4.20/Engine/Binaries/Win64/
LogInit: Installed Engine Build: 1
LogDevObjectVersion: Number of dev versions registered: 20
LogDevObjectVersion:   Dev-Blueprints (B0D832E4-1F89-4F0D-ACCF-7EB736FD4AA2): 10
LogDevObjectVersion:   Dev-Build (E1C64328-A22C-4D53-A36C-8E866417BD8C): 0
LogDevObjectVersion:   Dev-Core (375EC13C-06E4-48FB-B500-84F0262A717E): 2
LogDevObjectVersion:   Dev-Editor (E4B068ED-F494-42E9-A231-DA0B2E46BB41): 24
LogDevObjectVersion:   Dev-Framework (CFFC743F-43B0-4480-9391-14DF171D2073): 34
LogDevObjectVersion:   Dev-Mobile (B02B49B5-BB20-44E9-A304-32B752E40360): 2
LogDevObjectVersion:   Dev-Networking (A4E4105C-59A1-49B5-A7C5-40C4547EDFEE): 0
LogDevObjectVersion:   Dev-Online (39C831C9-5AE6-47DC-9A44-9C173E1C8E7C): 0
LogDevObjectVersion:   Dev-Physics (78F01B33-EBEA-4F98-B9B4-84EACCB95AA2): 0
LogDevObjectVersion:   Dev-Platform (6631380F-2D4D-43E0-8009-CF276956A95A): 0
LogDevObjectVersion:   Dev-Rendering (12F88B9F-8875-4AFC-A67C-D90C383ABD29): 26
LogDevObjectVersion:   Dev-Sequencer (7B5AE74C-D270-4C10-A958-57980B212A5A): 9
LogDevObjectVersion:   Dev-VR (D7296918-1DD6-4BDD-9DE2-64A83CC13884): 2
LogDevObjectVersion:   Dev-LoadTimes (C2A15278-BFE7-4AFE-6C17-90FF531DF755): 1
LogDevObjectVersion:   Private-Geometry (6EACA3D4-40EC-4CC1-B786-8BED09428FC5): 3
LogDevObjectVersion:   Dev-AnimPhys (29E575DD-E0A3-4627-9D10-D276232CDCEA): 17
LogDevObjectVersion:   Dev-ReflectionCapture (6B266CEC-1EC7-4B8F-A30B-E4D90942FC07): 1
LogDevObjectVersion:   Dev-Automation (0DF73D61-A23F-47EA-B727-89E90C41499A): 1
LogDevObjectVersion:   FortniteMain (601D1886-AC64-4F84-AA16-D3DE0DEAC7D6): 12
LogDevObjectVersion:   Dev-Enterprise (9DFFBCD6-494F-0158-E221-12823C92A888): 1
LogStreaming: Display: Took  0.007s to delete old logs.
LogInit: Presizing for max 8388607 objects, including 0 objects not considered by GC, pre-allocating 0 bytes for permanent pool.
LogInit: Object subsystem initialized
[2019.05.04-20.12.02:547][  0]LogInit: Selected Device Profile: [Windows]
[2019.05.04-20.12.02:547][  0]LogInit: Applying CVar settings loaded from the selected device profile: [Windows]
[2019.05.04-20.12.02:559][  0]LogHAL: Display: Platform has ~ 8 GB [8546631680 / 8589934592 / 8], which maps to Default [LargestMinGB=32, LargerMinGB=12, DefaultMinGB=8, SmallerMinGB=6, SmallestMinGB=0)
[2019.05.04-20.12.02:559][  0]LogInit: Setting Device Profile CVar: [[r.Vulkan.UseRealUBs:1]]
[2019.05.04-20.12.02:560][  0]LogInit: Going up to parent DeviceProfile []
[2019.05.04-20.12.02:563][  0]LogInit: Computer: MLPC-KC52
[2019.05.04-20.12.02:563][  0]LogInit: User: u6004915
[2019.05.04-20.12.02:563][  0]LogInit: CPU Page size=4096, Cores=4
[2019.05.04-20.12.02:563][  0]LogInit: High frequency timer resolution =3.328127 MHz
[2019.05.04-20.12.02:563][  0]LogMemory: Memory total: Physical=8.0GB (8GB approx)
[2019.05.04-20.12.02:563][  0]LogMemory: Platform Memory Stats for Windows
[2019.05.04-20.12.02:563][  0]LogMemory: Process Physical Memory: 99.26 MB used, 99.26 MB peak
[2019.05.04-20.12.02:563][  0]LogMemory: Process Virtual Memory: 82.62 MB used, 82.62 MB peak
[2019.05.04-20.12.02:563][  0]LogMemory: Physical Memory: 3940.34 MB used,  4210.36 MB free, 8150.70 MB total
[2019.05.04-20.12.02:563][  0]LogMemory: Virtual Memory: 4619.10 MB used,  4210.36 MB free, 134217728.00 MB total
[2019.05.04-20.12.02:706][  0]LogInit: Using OS detected language (en-US).
[2019.05.04-20.12.02:706][  0]LogInit: Using OS detected locale (en-US).
[2019.05.04-20.12.02:708][  0]LogTextLocalizationManager: No specific localization for 'en-US' exists, so the 'en' localization will be used.
[2019.05.04-20.12.03:146][  0]LogStreaming: Display: Took  0.438s to InitEngineTextLocalization.
[2019.05.04-20.12.03:147][  0]LogInit: Setting process to per monitor DPI aware
[2019.05.04-20.12.03:214][  0]LogSlate: New Slate User Created.  User Index 0, Is Virtual User: 0
[2019.05.04-20.12.03:214][  0]LogSlate: Slate User Registered.  User Index 0, Is Virtual User: 0
[2019.05.04-20.12.04:001][  0]LogHMD: Failed to initialize OpenVR with code 110
[2019.05.04-20.12.04:001][  0]LogD3D11RHI: D3D11 adapters:
[2019.05.04-20.12.04:059][  0]LogD3D11RHI:    0. 'NVIDIA GeForce GTX 1050' (Feature Level 11_0)
[2019.05.04-20.12.04:059][  0]LogD3D11RHI:       1987/0/4075 MB DedicatedVideo/DedicatedSystem/SharedSystem, Outputs:2, VendorId:0x10de
[2019.05.04-20.12.04:062][  0]LogD3D11RHI:    1. 'Microsoft Basic Render Driver' (Feature Level 11_0)
[2019.05.04-20.12.04:062][  0]LogD3D11RHI:       0/0/4075 MB DedicatedVideo/DedicatedSystem/SharedSystem, Outputs:0, VendorId:0x1414
[2019.05.04-20.12.04:062][  0]LogD3D11RHI: Chosen D3D11 Adapter: 0
[2019.05.04-20.12.04:067][  0]LogD3D11RHI: Creating new Direct3DDevice
[2019.05.04-20.12.04:067][  0]LogD3D11RHI:     GPU DeviceId: 0x1c81 (for the marketing name, search the web for "GPU Device Id")
[2019.05.04-20.12.04:068][  0]LogWindows: EnumDisplayDevices:
[2019.05.04-20.12.04:068][  0]LogWindows:    0. 'NVIDIA GeForce GTX 1050' (P:0 D:1)
[2019.05.04-20.12.04:069][  0]LogWindows:    1. 'NVIDIA GeForce GTX 1050' (P:1 D:1)
[2019.05.04-20.12.04:070][  0]LogWindows:    2. 'NVIDIA GeForce GTX 1050' (P:0 D:0)
[2019.05.04-20.12.04:070][  0]LogWindows:    3. 'NVIDIA GeForce GTX 1050' (P:0 D:0)
[2019.05.04-20.12.04:071][  0]LogWindows: DebugString: FoundDriverCount:4 
[2019.05.04-20.12.04:071][  0]LogD3D11RHI:     Adapter Name: NVIDIA GeForce GTX 1050
[2019.05.04-20.12.04:071][  0]LogD3D11RHI:   Driver Version: 388.71 (internal:23.21.13.8871, unified:388.71)
[2019.05.04-20.12.04:071][  0]LogD3D11RHI:      Driver Date: 12-15-2017
[2019.05.04-20.12.04:071][  0]LogRHI: Texture pool is 1391 MB (70% of 1987 MB)
[2019.05.04-20.12.04:102][  0]LogD3D11RHI: Async texture creation enabled
[2019.05.04-20.12.04:127][  0]LogD3D11RHI: GPU Timing Frequency: 1000.000000 (Debug: 2 1)
[2019.05.04-20.12.05:911][  0]LogWindowsTextInputMethodSystem: Display: IME system now deactivated.
[2019.05.04-20.12.05:915][  0]LogShaderCompilers: Guid format shader working directory is -31 characters bigger than the processId version (../../../../../../Users/u6004915/Documents/GitHub/LY_AssetPipeline/LY_CityBlock/Intermediate/Shaders/WorkingDirectory/11252/).
[2019.05.04-20.12.05:915][  0]LogShaderCompilers: Cleaned the shader compiler working directory 'C:/Users/u6004915/AppData/Local/Temp/UnrealShaderWorkingDir/B2A563134E41448F02BD28BC691AC865/'.
[2019.05.04-20.12.07:623][  0]LogTemp: Display: Loaded TP AllDesktopTargetPlatform
[2019.05.04-20.12.07:640][  0]LogTemp: Display: Loaded TP MacClientTargetPlatform
[2019.05.04-20.12.07:657][  0]LogTemp: Display: Loaded TP MacNoEditorTargetPlatform
[2019.05.04-20.12.07:674][  0]LogTemp: Display: Loaded TP MacServerTargetPlatform
[2019.05.04-20.12.07:692][  0]LogTemp: Display: Loaded TP MacTargetPlatform
[2019.05.04-20.12.07:711][  0]LogTemp: Display: Loaded TP WindowsClientTargetPlatform
[2019.05.04-20.12.07:728][  0]LogTemp: Display: Loaded TP WindowsNoEditorTargetPlatform
[2019.05.04-20.12.07:745][  0]LogTemp: Display: Loaded TP WindowsServerTargetPlatform
[2019.05.04-20.12.07:756][  0]LogTemp: Display: Loaded TP WindowsTargetPlatform
[2019.05.04-20.12.07:768][  0]LogWindows: Failed to load 'C:/Programs/Epic Games/UE_4.20/Engine/Binaries/Win64/Lumin/UE4Editor-LuminTargetPlatform.dll' (GetLastError=126)
[2019.05.04-20.12.07:769][  0]LogWindows:   Missing import: UE4Editor-AndroidTargetPlatform.dll
[2019.05.04-20.12.07:769][  0]LogWindows:   Looked in: ../../../Engine/Binaries/Win64
[2019.05.04-20.12.07:769][  0]LogWindows:   Looked in: ../../../../../../Users/u6004915/Documents/GitHub/LY_AssetPipeline/LY_CityBlock/Binaries/Win64
[2019.05.04-20.12.07:769][  0]LogWindows:   Looked in: C:\Users\u6004915\Documents\GitHub\LY_AssetPipeline\LY_CityBlock\Binaries\Win64
[2019.05.04-20.12.07:769][  0]LogWindows:   Looked in: C:\Programs\Epic Games\UE_4.20\Engine\Plugins\Runtime\WindowsMoviePlayer\Binaries\Win64
[2019.05.04-20.12.07:769][  0]LogWindows:   Looked in: C:\Programs\Epic Games\UE_4.20\Engine\Plugins\Runtime\Steam\SteamVR\Binaries\Win64
[2019.05.04-20.12.07:769][  0]LogWindows:   Looked in: C:\Programs\Epic Games\UE_4.20\Engine\Plugins\Runtime\ProceduralMeshComponent\Binaries\Win64
[2019.05.04-20.12.07:769][  0]LogWindows:   Looked in: C:\Programs\Epic Games\UE_4.20\Engine\Plugins\Runtime\RuntimePhysXCooking\Binaries\Win64
[2019.05.04-20.12.07:769][  0]LogWindows:   Looked in: C:\Programs\Epic Games\UE_4.20\Engine\Plugins\Runtime\PhysXVehicles\Binaries\Win64
[2019.05.04-20.12.07:769][  0]LogWindows:   Looked in: C:\Programs\Epic Games\UE_4.20\Engine\Plugins\Runtime\Oculus\OculusVR\Binaries\Win64
[2019.05.04-20.12.07:769][  0]LogWindows:   Looked in: C:\Programs\Epic Games\UE_4.20\Engine\Plugins\Runtime\MobilePatchingUtils\Binaries\Win64
[2019.05.04-20.12.07:769][  0]LogWindows:   Looked in: C:\Programs\Epic Games\UE_4.20\Engine\Plugins\Runtime\LocationServicesBPLibrary\Binaries\Win64
[2019.05.04-20.12.07:769][  0]LogWindows:   Looked in: C:\Programs\Epic Games\UE_4.20\Engine\Plugins\Runtime\LinuxDeviceProfileSelector\Binaries\Win64
[2019.05.04-20.12.07:769][  0]LogWindows:   Looked in: C:\Programs\Epic Games\UE_4.20\Engine\Plugins\Runtime\IOSDeviceProfileSelector\Binaries\Win64
[2019.05.04-20.12.07:769][  0]LogWindows:   Looked in: C:\Programs\Epic Games\UE_4.20\Engine\Plugins\Runtime\ImmediatePhysics\Binaries\Win64
[2019.05.04-20.12.07:769][  0]LogWindows:   Looked in: C:\Programs\Epic Games\UE_4.20\Engine\Plugins\Runtime\GoogleCloudMessaging\Binaries\Win64
[2019.05.04-20.12.07:769][  0]LogWindows:   Looked in: C:\Programs\Epic Games\UE_4.20\Engine\Plugins\Runtime\ExampleDeviceProfileSelector\Binaries\Win64
[2019.05.04-20.12.07:769][  0]LogWindows:   Looked in: C:\Programs\Epic Games\UE_4.20\Engine\Plugins\Runtime\EditableMesh\Binaries\Win64
[2019.05.04-20.12.07:769][  0]LogWindows:   Looked in: C:\Programs\Epic Games\UE_4.20\Engine\Plugins\Runtime\CustomMeshComponent\Binaries\Win64
[2019.05.04-20.12.07:769][  0]LogWindows:   Looked in: C:\Programs\Epic Games\UE_4.20\Engine\Plugins\Runtime\CableComponent\Binaries\Win64
[2019.05.04-20.12.07:769][  0]LogWindows:   Looked in: C:\Programs\Epic Games\UE_4.20\Engine\Plugins\Runtime\AudioCapture\Binaries\Win64
[2019.05.04-20.12.07:769][  0]LogWindows:   Looked in: C:\Programs\Epic Games\UE_4.20\Engine\Plugins\Runtime\ArchVisCharacter\Binaries\Win64
[2019.05.04-20.12.07:769][  0]LogWindows:   Looked in: C:\Programs\Epic Games\UE_4.20\Engine\Plugins\Runtime\AppleMoviePlayer\Binaries\Win64
[2019.05.04-20.12.07:769][  0]LogWindows:   Looked in: C:\Programs\Epic Games\UE_4.20\Engine\Plugins\Runtime\AndroidPermission\Binaries\Win64
[2019.05.04-20.12.07:769][  0]LogWindows:   Looked in: C:\Programs\Epic Games\UE_4.20\Engine\Plugins\Runtime\AndroidMoviePlayer\Binaries\Win64
[2019.05.04-20.12.07:769][  0]LogWindows:   Looked in: C:\Programs\Epic Games\UE_4.20\Engine\Plugins\Runtime\AndroidDeviceProfileSelector\Binaries\Win64
[2019.05.04-20.12.07:769][  0]LogWindows:   Looked in: C:\Programs\Epic Games\UE_4.20\Engine\Plugins\Portal\LauncherChunkInstaller\Binaries\Win64
[2019.05.04-20.12.07:769][  0]LogWindows:   Looked in: C:\Programs\Epic Games\UE_4.20\Engine\Plugins\Online\OnlineSubsystemUtils\Binaries\Win64
[2019.05.04-20.12.07:769][  0]LogWindows:   Looked in: C:\Programs\Epic Games\UE_4.20\Engine\Plugins\Online\OnlineSubsystem\Binaries\Win64
[2019.05.04-20.12.07:769][  0]LogWindows:   Looked in: C:\Programs\Epic Games\UE_4.20\Engine\Plugins\Online\OnlineSubsystemNull\Binaries\Win64
[2019.05.04-20.12.07:769][  0]LogWindows:   Looked in: C:\Programs\Epic Games\UE_4.20\Engine\Plugins\Online\IOS\OnlineSubsystemIOS\Binaries\Win64
[2019.05.04-20.12.07:769][  0]LogWindows:   Looked in: C:\Programs\Epic Games\UE_4.20\Engine\Plugins\Online\Android\OnlineSubsystemGooglePlay\Binaries\Win64
[2019.05.04-20.12.07:769][  0]LogWindows:   Looked in: C:\Programs\Epic Games\UE_4.20\Engine\Plugins\NetcodeUnitTest\NUTUnrealEngine4\Binaries\Win64
[2019.05.04-20.12.07:769][  0]LogWindows:   Looked in: C:\Programs\Epic Games\UE_4.20\Engine\Plugins\NetcodeUnitTest\NetcodeUnitTest\Binaries\Win64
[2019.05.04-20.12.07:769][  0]LogWindows:   Looked in: C:\Programs\Epic Games\UE_4.20\Engine\Plugins\MovieScene\MatineeToLevelSequence\Binaries\Win64
[2019.05.04-20.12.07:769][  0]LogWindows:   Looked in: C:\Programs\Epic Games\UE_4.20\Engine\Plugins\MovieScene\LevelSequenceEditor\Binaries\Win64
[2019.05.04-20.12.07:769][  0]LogWindows:   Looked in: C:\Programs\Epic Games\UE_4.20\Engine\Plugins\MovieScene\ActorSequence\Binaries\Win64
[2019.05.04-20.12.07:769][  0]LogWindows:   Looked in: C:\Programs\Epic Games\UE_4.20\Engine\Plugins\Messaging\UdpMessaging\Binaries\Win64
[2019.05.04-20.12.07:769][  0]LogWindows:   Looked in: C:\Programs\Epic Games\UE_4.20\Engine\Plugins\Messaging\TcpMessaging\Binaries\Win64
[2019.05.04-20.12.07:769][  0]LogWindows:   Looked in: C:\Programs\Epic Games\UE_4.20\Engine\Plugins\Media\WmfMedia\Binaries\Win64
[2019.05.04-20.12.07:769][  0]LogWindows:   Looked in: C:\Programs\Epic Games\UE_4.20\Engine\Plugins\Media\MediaPlayerEditor\Binaries\Win64
[2019.05.04-20.12.07:769][  0]LogWindows:   Looked in: C:\Programs\Epic Games\UE_4.20\Engine\Plugins\Media\MediaCompositing\Binaries\Win64
[2019.05.04-20.12.07:769][  0]LogWindows:   Looked in: C:\Programs\Epic Games\UE_4.20\Engine\Plugins\Media\LinearTimecode\Binaries\Win64
[2019.05.04-20.12.07:769][  0]LogWindows:   Looked in: C:\Programs\Epic Games\UE_4.20\Engine\Plugins\Media\ImgMedia\Binaries\Win64
[2019.05.04-20.12.07:769][  0]LogWindows:   Looked in: C:\Programs\Epic Games\UE_4.20\Engine\Plugins\Media\AvfMedia\Binaries\Win64
[2019.05.04-20.12.07:769][  0]LogWindows:   Looked in: C:\Programs\Epic Games\UE_4.20\Engine\Plugins\Media\AndroidMedia\Binaries\Win64
[2019.05.04-20.12.07:769][  0]LogWindows:   Looked in: C:\Programs\Epic Games\UE_4.20\Engine\Plugins\Lumin\MagicLeapMedia\Binaries\Win64
[2019.05.04-20.12.07:769][  0]LogWindows:   Looked in: C:\Programs\Epic Games\UE_4.20\Engine\Plugins\Lumin\MagicLeap\Binaries\Win64
[2019.05.04-20.12.07:769][  0]LogWindows:   Looked in: C:\Programs\Epic Games\UE_4.20\Engine\Plugins\Lumin\MagicLeapEmulator\Binaries\Win64
[2019.05.04-20.12.07:769][  0]LogWindows:   Looked in: C:\Programs\Epic Games\UE_4.20\Engine\Plugins\Experimental\ProxyLODPlugin\Binaries\Win64
[2019.05.04-20.12.07:769][  0]LogWindows:   Looked in: C:\Programs\Epic Games\UE_4.20\Engine\Plugins\Experimental\HTML5Networking\Binaries\Win64
[2019.05.04-20.12.07:769][  0]LogWindows:   Looked in: C:\Programs\Epic Games\UE_4.20\Engine\Plugins\Experimental\GeometryCache\Binaries\Win64
[2019.05.04-20.12.07:769][  0]LogWindows:   Looked in: C:\Programs\Epic Games\UE_4.20\Engine\Plugins\Experimental\CharacterAI\Binaries\Win64
[2019.05.04-20.12.07:769][  0]LogWindows:   Looked in: C:\Programs\Epic Games\UE_4.20\Engine\Plugins\Experimental\BackChannel\Binaries\Win64
[2019.05.04-20.12.07:769][  0]LogWindows:   Looked in: C:\Programs\Epic Games\UE_4.20\Engine\Plugins\Experimental\AppleVision\Binaries\Win64
[2019.05.04-20.12.07:769][  0]LogWindows:   Looked in: C:\Programs\Epic Games\UE_4.20\Engine\Plugins\Experimental\AppleImageUtils\Binaries\Win64
[2019.05.04-20.12.07:769][  0]LogWindows:   Looked in: C:\Programs\Epic Games\UE_4.20\Engine\Plugins\Experimental\AlembicImporter\Binaries\Win64
[2019.05.04-20.12.07:769][  0]LogWindows:   Looked in: C:\Programs\Epic Games\UE_4.20\Engine\Plugins\Enterprise\DatasmithContent\Binaries\Win64
[2019.05.04-20.12.07:769][  0]LogWindows:   Looked in: C:\Programs\Epic Games\UE_4.20\Engine\Plugins\Editor\SpeedTreeImporter\Binaries\Win64
[2019.05.04-20.12.07:769][  0]LogWindows:   Looked in: C:\Programs\Epic Games\UE_4.20\Engine\Plugins\Editor\PluginBrowser\Binaries\Win64
[2019.05.04-20.12.07:769][  0]LogWindows:   Looked in: C:\Programs\Epic Games\UE_4.20\Engine\Plugins\Editor\MobileLauncherProfileWizard\Binaries\Win64
[2019.05.04-20.12.07:769][  0]LogWindows:   Looked in: C:\Programs\Epic Games\UE_4.20\Engine\Plugins\Editor\MeshEditor\Binaries\Win64
[2019.05.04-20.12.07:769][  0]LogWindows:   Looked in: C:\Programs\Epic Games\UE_4.20\Engine\Plugins\Editor\MacGraphicsSwitching\Binaries\Win64
[2019.05.04-20.12.07:769][  0]LogWindows:   Looked in: C:\Programs\Epic Games\UE_4.20\Engine\Plugins\Editor\GameplayTagsEditor\Binaries\Win64
[2019.05.04-20.12.07:769][  0]LogWindows:   Looked in: C:\Programs\Epic Games\UE_4.20\Engine\Plugins\Editor\AssetManagerEditor\Binaries\Win64
[2019.05.04-20.12.07:769][  0]LogWindows:   Looked in: C:\Programs\Epic Games\UE_4.20\Engine\Plugins\Editor\FacialAnimation\Binaries\Win64
[2019.05.04-20.12.07:769][  0]LogWindows:   Looked in: C:\Programs\Epic Games\UE_4.20\Engine\Plugins\Editor\DataValidation\Binaries\Win64
[2019.05.04-20.12.07:769][  0]LogWindows:   Looked in: C:\Programs\Epic Games\UE_4.20\Engine\Plugins\Editor\CryptoKeys\Binaries\Win64
[2019.05.04-20.12.07:769][  0]LogWindows:   Looked in: C:\Programs\Epic Games\UE_4.20\Engine\Plugins\Developer\XCodeSourceCodeAccess\Binaries\Win64
[2019.05.04-20.12.07:769][  0]LogWindows:   Looked in: C:\Programs\Epic Games\UE_4.20\Engine\Plugins\Developer\VisualStudioSourceCodeAccess\Binaries\Win64
[2019.05.04-20.12.07:769][  0]LogWindows:   Looked in: C:\Programs\Epic Games\UE_4.20\Engine\Plugins\Developer\VisualStudioCodeSourceCodeAccess\Binaries\Win64
[2019.05.04-20.12.07:769][  0]LogWindows:   Looked in: C:\Programs\Epic Games\UE_4.20\Engine\Plugins\Developer\UObjectPlugin\Binaries\Win64
[2019.05.04-20.12.07:769][  0]LogWindows:   Looked in: C:\Programs\Epic Games\UE_4.20\Engine\Plugins\Developer\SubversionSourceControl\Binaries\Win64
[2019.05.04-20.12.07:769][  0]LogWindows:   Looked in: C:\Programs\Epic Games\UE_4.20\Engine\Plugins\Developer\PerforceSourceControl\Binaries\Win64
[2019.05.04-20.12.07:769][  0]LogWindows:   Looked in: C:\Programs\Epic Games\UE_4.20\Engine\Plugins\Developer\NullSourceCodeAccess\Binaries\Win64
[2019.05.04-20.12.07:769][  0]LogWindows:   Looked in: C:\Programs\Epic Games\UE_4.20\Engine\Plugins\Developer\KDevelopSourceCodeAccess\Binaries\Win64
[2019.05.04-20.12.07:769][  0]LogWindows:   Looked in: C:\Programs\Epic Games\UE_4.20\Engine\Plugins\Developer\GitSourceControl\Binaries\Win64
[2019.05.04-20.12.07:769][  0]LogWindows:   Looked in: C:\Programs\Epic Games\UE_4.20\Engine\Plugins\Developer\CodeLiteSourceCodeAccess\Binaries\Win64
[2019.05.04-20.12.07:769][  0]LogWindows:   Looked in: C:\Programs\Epic Games\UE_4.20\Engine\Plugins\Developer\CLionSourceCodeAccess\Binaries\Win64
[2019.05.04-20.12.07:769][  0]LogWindows:   Looked in: C:\Programs\Epic Games\UE_4.20\Engine\Plugins\Blendables\LightPropagationVolume\Binaries\Win64
[2019.05.04-20.12.07:770][  0]LogWindows:   Looked in: C:\Programs\Epic Games\UE_4.20\Engine\Plugins\AI\AISupport\Binaries\Win64
[2019.05.04-20.12.07:770][  0]LogWindows:   Looked in: C:\Programs\Epic Games\UE_4.20\Engine\Plugins\2D\Paper2D\Binaries\Win64
[2019.05.04-20.12.07:770][  0]LogModuleManager: Warning: ModuleManager: Unable to load module 'C:/Programs/Epic Games/UE_4.20/Engine/Binaries/Win64/Lumin/UE4Editor-LuminTargetPlatform.dll' because the file couldn't be loaded by the OS.
[2019.05.04-20.12.07:785][  0]LogTemp: Display: Loaded TP LinuxClientTargetPlatform
[2019.05.04-20.12.07:800][  0]LogTemp: Display: Loaded TP LinuxNoEditorTargetPlatform
[2019.05.04-20.12.07:816][  0]LogTemp: Display: Loaded TP LinuxServerTargetPlatform
[2019.05.04-20.12.07:836][  0]LogTemp: Display: Loaded TP LinuxTargetPlatform
[2019.05.04-20.12.07:910][  0]LogTemp: Display: Loaded TP IOSTargetPlatform
[2019.05.04-20.12.07:910][  0]LogTemp: Display: Loaded TP IOSTargetPlatform
[2019.05.04-20.12.07:937][  0]LogTemp: Display: Loaded TP TVOSTargetPlatform
[2019.05.04-20.12.07:937][  0]LogTemp: Display: Loaded TP TVOSTargetPlatform
[2019.05.04-20.12.07:945][  0]LogTemp: Display: Loaded TP HTML5TargetPlatform
[2019.05.04-20.12.08:045][  0]LogTemp: Display: Loaded TP AndroidTargetPlatform
[2019.05.04-20.12.08:045][  0]LogTemp: Display: Loaded TP AndroidTargetPlatform
[2019.05.04-20.12.08:045][  0]LogTemp: Display: Loaded TP AndroidTargetPlatform
[2019.05.04-20.12.08:045][  0]LogTemp: Display: Loaded TP AndroidTargetPlatform
[2019.05.04-20.12.08:045][  0]LogTemp: Display: Loaded TP AndroidTargetPlatform
[2019.05.04-20.12.08:045][  0]LogTemp: Display: Loaded TP AndroidTargetPlatform
[2019.05.04-20.12.08:045][  0]LogTemp: Display: Loaded TP AndroidTargetPlatform
[2019.05.04-20.12.08:045][  0]LogTemp: Display: Loaded TP AndroidTargetPlatform
[2019.05.04-20.12.08:045][  0]LogTemp: Display: Loaded TP AndroidTargetPlatform
[2019.05.04-20.12.08:045][  0]LogTemp: Display: Loaded TP AndroidTargetPlatform
[2019.05.04-20.12.08:045][  0]LogTemp: Display: Loaded TP AndroidTargetPlatform
[2019.05.04-20.12.08:045][  0]LogTemp: Display: Loaded TP AndroidTargetPlatform
[2019.05.04-20.12.08:045][  0]LogTemp: Display: Loaded TP AndroidTargetPlatform
[2019.05.04-20.12.08:045][  0]LogTemp: Display: Loaded TP AndroidTargetPlatform
[2019.05.04-20.12.08:045][  0]LogTemp: Display: Loaded TP AndroidTargetPlatform
[2019.05.04-20.12.08:045][  0]LogTemp: Display: Loaded TP AndroidTargetPlatform
[2019.05.04-20.12.08:045][  0]LogTemp: Display: Loaded TP AndroidTargetPlatform
[2019.05.04-20.12.08:045][  0]LogTemp: Display: Loaded TP AndroidTargetPlatform
[2019.05.04-20.12.08:045][  0]LogTargetPlatformManager: Display: Building Assets For Windows
[2019.05.04-20.12.08:243][  0]LogXGEController: Cleaning working directory: C:/Users/u6004915/AppData/Local/Temp/UnrealXGEWorkingDir/
[2019.05.04-20.12.08:244][  0]LogXGEController: Cannot use XGE Controller as Incredibuild is not installed on this machine.
[2019.05.04-20.12.08:244][  0]LogShaderCompilers: Cannot use XGE Shader Compiler as Incredibuild is not installed on this machine.
[2019.05.04-20.12.08:244][  0]LogShaderCompilers: Display: Using Local Shader Compiler.
[2019.05.04-20.12.09:678][  0]LogDerivedDataCache: Display: Max Cache Size: 512 MB
[2019.05.04-20.12.09:989][  0]LogDerivedDataCache: Loaded boot cache 0.31s 71MB C:/Users/u6004915/AppData/Local/UnrealEngine/4.20/DerivedDataCache/Boot.ddc.
[2019.05.04-20.12.09:997][  0]LogDerivedDataCache: Display: Loaded Boot cache: C:/Users/u6004915/AppData/Local/UnrealEngine/4.20/DerivedDataCache/Boot.ddc
[2019.05.04-20.12.09:997][  0]LogDerivedDataCache: FDerivedDataBackendGraph:  Pak pak cache file ../../../../../../Users/u6004915/Documents/GitHub/LY_AssetPipeline/LY_CityBlock/DerivedDataCache/DDC.ddp not found, will not use a pak cache.
[2019.05.04-20.12.09:997][  0]LogDerivedDataCache: Unable to find inner node Pak for hierarchical cache Hierarchy.
[2019.05.04-20.12.09:997][  0]LogDerivedDataCache: FDerivedDataBackendGraph:  CompressedPak pak cache file ../../../../../../Users/u6004915/Documents/GitHub/LY_AssetPipeline/LY_CityBlock/DerivedDataCache/Compressed.ddp not found, will not use a pak cache.
[2019.05.04-20.12.09:997][  0]LogDerivedDataCache: Unable to find inner node CompressedPak for hierarchical cache Hierarchy.
[2019.05.04-20.12.10:016][  0]LogDerivedDataCache: Display: Pak cache opened for reading ../../../Engine/DerivedDataCache/Compressed.ddp.
[2019.05.04-20.12.10:031][  0]LogDerivedDataCache: Using Local data cache path C:/Users/u6004915/AppData/Local/UnrealEngine/Common/DerivedDataCache: Writable
[2019.05.04-20.12.10:031][  0]LogDerivedDataCache: Shared data cache path not found in *engine.ini, will not use an Shared cache.
[2019.05.04-20.12.10:031][  0]LogDerivedDataCache: Unable to find inner node Shared for hierarchical cache Hierarchy.
[2019.05.04-20.12.10:052][  0]LogMaterial: Verifying Global Shaders for PCD3D_SM5
[2019.05.04-20.12.10:063][  0]LogSlate: Using FreeType 2.6.0
[2019.05.04-20.12.10:070][  0]LogSlate: SlateFontServices - WITH_FREETYPE: 1, WITH_HARFBUZZ: 1
[2019.05.04-20.12.10:266][  0]LogAssetRegistry: FAssetRegistry took 0.0317 seconds to start up
[2019.05.04-20.12.10:758][  0]LogInit: Selected Device Profile: [Windows]
[2019.05.04-20.12.11:028][  0]LogSimplygon: Simplygon DLL not present - disabling.
[2019.05.04-20.12.11:052][  0]LogMeshReduction: Using SimplygonSwarm for distributed automatic mesh merging
[2019.05.04-20.12.11:052][  0]LogMeshReduction: Using ProxyLODMeshReduction for automatic mesh merging
[2019.05.04-20.12.11:053][  0]LogMeshReduction: Using QuadricMeshReduction for automatic static mesh reduction
[2019.05.04-20.12.11:053][  0]LogMeshReduction: No automatic skeletal mesh reduction module available
[2019.05.04-20.12.11:106][  0]LogNetVersion: LY_CityBlock 1.0.0, NetCL: 4212847, EngineNetVer: 5, GameNetVer: 0 (Checksum: 2054009876)
[2019.05.04-20.12.11:958][  0]LogPackageLocalizationCache: Processed 11 localized package path(s) for 2 prioritized culture(s) in 0.121762 seconds
[2019.05.04-20.12.11:968][  0]LogUObjectArray: 38425 objects as part of root set at end of initial load.
[2019.05.04-20.12.11:968][  0]LogUObjectAllocator: 6690864 out of 0 bytes used by permanent object pool.
[2019.05.04-20.12.11:968][  0]LogUObjectArray: CloseDisregardForGC: 0/0 objects in disregard for GC pool
[2019.05.04-20.12.13:911][  0]LogUdpMessaging: Initializing bridge on interface 0.0.0.0:0 to multicast group 230.0.0.1:6666.
[2019.05.04-20.12.13:972][  0]LogTcpMessaging: Initializing TcpMessaging bridge
[2019.05.04-20.12.14:341][  0]LogOcInput: OculusInput pre-init called
[2019.05.04-20.12.14:454][  0]LogAndroidPermission: UAndroidPermissionCallbackProxy::GetInstance
[2019.05.04-20.12.14:868][  0]SourceControl: Source control is disabled
[2019.05.04-20.12.14:868][  0]SourceControl: Source control is disabled
[2019.05.04-20.12.14:882][  0]SourceControl: Source control is disabled
[2019.05.04-20.12.14:888][  0]SourceControl: Source control is disabled
[2019.05.04-20.12.15:094][  0]LogEngine: Initializing Engine...
[2019.05.04-20.12.15:099][  0]LogHMD: Failed to initialize OpenVR with code 110
[2019.05.04-20.12.15:103][  0]LogStats: UGameplayTagsManager::ConstructGameplayTagTree: ImportINI prefixes -  0.000 s
[2019.05.04-20.12.15:103][  0]LogStats: UGameplayTagsManager::ConstructGameplayTagTree: Construct from data asset -  0.000 s
[2019.05.04-20.12.15:103][  0]LogStats: UGameplayTagsManager::ConstructGameplayTagTree: ImportINI -  0.000 s
[2019.05.04-20.12.15:104][  0]LogStats: UGameplayTagsManager::ConstructGameplayTagTree: GameplayTagTreeChangedEvent.Broadcast -  0.000 s
[2019.05.04-20.12.15:337][  0]LogInit: Initializing FReadOnlyCVARCache
[2019.05.04-20.12.15:394][  0]LogAIModule: Creating AISystem for world Untitled
[2019.05.04-20.12.15:431][  0]LogInit: XAudio2 using 'Realtek Digital Output (Realtek High Definition Audio)' : 2 channels at 48 kHz using 16 bits per sample (channel mask 0x3)
[2019.05.04-20.12.15:482][  0]LogInit: FAudioDevice initialized.
[2019.05.04-20.12.15:483][  0]LogNetVersion: Set ProjectVersion to 1.0.0.0. Version Checksum will be recalculated on next use.
[2019.05.04-20.12.15:863][  0]LogDerivedDataCache: Saved boot cache 0.38s 71MB C:/Users/u6004915/AppData/Local/UnrealEngine/4.20/DerivedDataCache/Boot.ddc.
[2019.05.04-20.12.15:902][  0]LogInit: Texture streaming: Enabled
[2019.05.04-20.12.15:944][  0]LogEngineSessionManager: EngineSessionManager initialized
[2019.05.04-20.12.15:969][  0]LogInit: Transaction tracking system initialized
[2019.05.04-20.12.16:053][  0]BlueprintLog: New page: Editor Load
[2019.05.04-20.12.16:530][  0]LocalizationService: Localization service is disabled
[2019.05.04-20.12.17:093][  0]LogCook: Display: Max memory allowance for cook 16384mb min free memory 0mb
[2019.05.04-20.12.17:094][  0]LogCook: Display: Mobile HDR setting 1
[2019.05.04-20.12.17:094][  0]LogGameplayTags: Display: UGameplayTagsManager::DoneAddingNativeTags. DelegateIsBound: 0
[2019.05.04-20.12.17:095][  0]LogStats: UGameplayTagsManager::ConstructGameplayTagTree: ImportINI prefixes -  0.000 s
[2019.05.04-20.12.17:095][  0]LogStats: UGameplayTagsManager::ConstructGameplayTagTree: Construct from data asset -  0.000 s
[2019.05.04-20.12.17:095][  0]LogStats: UGameplayTagsManager::ConstructGameplayTagTree: ImportINI -  0.000 s
[2019.05.04-20.12.17:095][  0]LogStats: UGameplayTagsManager::ConstructGameplayTagTree: GameplayTagTreeChangedEvent.Broadcast -  0.000 s
[2019.05.04-20.12.17:138][  0]LogFileCache: Scanning file cache for directory 'C:/Users/u6004915/Documents/GitHub/LY_AssetPipeline/LY_CityBlock/Content/' took 0.01s
[2019.05.04-20.12.17:395][  0]SourceControl: Source control is disabled
[2019.05.04-20.12.17:396][  0]Cmd: MAP LOAD FILE="../../../Engine/Content/Maps/Templates/Template_Default.umap" TEMPLATE=1 SHOWPROGRESS=1 FEATURELEVEL=3
[2019.05.04-20.12.17:398][  0]LightingResults: New page: Lighting Build
[2019.05.04-20.12.17:409][  0]MapCheck: New page: Map Check
[2019.05.04-20.12.17:409][  0]LightingResults: New page: Lighting Build
[2019.05.04-20.12.17:680][  0]LogAIModule: Creating AISystem for world Untitled_1
[2019.05.04-20.12.17:722][  0]LogEditorServer: Finished looking for orphan Actors (0.000 secs)
[2019.05.04-20.12.17:749][  0]Cmd: MAP CHECKDEP NOCLEARLOG
[2019.05.04-20.12.17:917][  0]MapCheck: Map check complete: 0 Error(s), 0 Warning(s), took 168.688ms to complete.
[2019.05.04-20.12.17:917][  0]LogFileHelpers: Loading map 'Template_Default' took 0.521
[2019.05.04-20.12.18:014][  0]LogWindowsTextInputMethodSystem: Display: IME system now deactivated.
[2019.05.04-20.12.18:102][  0]LogSlate: Updating window title bar state: overlay mode, drag disabled, window buttons hidden, title bar hidden
[2019.05.04-20.12.18:110][  0]LogSlate: Updating window title bar state: overlay mode, drag disabled, window buttons hidden, title bar hidden
[2019.05.04-20.12.18:116][  0]LogSlate: Updating window title bar state: overlay mode, drag disabled, window buttons hidden, title bar hidden
[2019.05.04-20.12.18:123][  0]LogSlate: Updating window title bar state: overlay mode, drag disabled, window buttons hidden, title bar hidden
[2019.05.04-20.12.18:154][  0]LogCollectionManager: Loaded 0 collections in 0.003086 seconds
[2019.05.04-20.12.18:232][  0]LogFileCache: Scanning file cache for directory 'C:/Users/u6004915/Documents/GitHub/LY_AssetPipeline/LY_CityBlock/Saved/Collections/' took 0.01s
[2019.05.04-20.12.18:232][  0]LogFileCache: Scanning file cache for directory 'C:/Users/u6004915/Documents/GitHub/LY_AssetPipeline/LY_CityBlock/Content/Developers/u6004915/Collections/' took 0.01s
[2019.05.04-20.12.18:232][  0]LogFileCache: Scanning file cache for directory 'C:/Users/u6004915/Documents/GitHub/LY_AssetPipeline/LY_CityBlock/Content/Collections/' took 0.01s
[2019.05.04-20.12.18:232][  0]LogCollectionManager: Rebuilt the GUID cache for 0 collections in 0.000000 seconds
[2019.05.04-20.12.18:244][  0]LogContentBrowser: Native class hierarchy populated in 0.0093 seconds. Added 2572 classes and 603 folders.
[2019.05.04-20.12.18:265][  0]LogContentBrowser: Native class hierarchy updated for 'WidgetCarousel' in 0.0003 seconds. Added 0 classes and 0 folders.
[2019.05.04-20.12.18:431][  0]LogContentBrowser: Native class hierarchy updated for 'AddContentDialog' in 0.0002 seconds. Added 0 classes and 0 folders.
[2019.05.04-20.12.18:445][  0]LogContentBrowser: Native class hierarchy updated for 'SceneOutliner' in 0.0003 seconds. Added 1 classes and 2 folders.
[2019.05.04-20.12.18:503][  0]LogSlate: Took 0.002182 seconds to synchronously load lazily loaded font '../../../Engine/Content/Slate/Fonts/Roboto-Regular.ttf' (155K)
[2019.05.04-20.12.18:509][  0]LogSlate: Took 0.001858 seconds to synchronously load lazily loaded font '../../../Engine/Content/Slate/Fonts/Roboto-Bold.ttf' (160K)
[2019.05.04-20.12.18:521][  0]LogSlate: Took 0.002081 seconds to synchronously load lazily loaded font '../../../Engine/Content/Editor/Slate/Fonts/FontAwesome.ttf' (139K)
[2019.05.04-20.12.18:630][  0]LogRenderer: Reallocating scene render targets to support 1208x576 Format 10 NumSamples 1 (Frame:1).
[2019.05.04-20.12.18:908][  0]LogContentBrowser: Native class hierarchy updated for 'HierarchicalLODOutliner' in 0.0003 seconds. Added 0 classes and 0 folders.
[2019.05.04-20.12.18:908][  0]LogLoad: (Engine Initialization) Total time: 20.31 seconds
[2019.05.04-20.12.18:908][  0]LogLoad: (Engine Initialization) Total Blueprint compile time: 0.00 seconds
[2019.05.04-20.12.18:952][  0]LogContentStreaming: Texture pool size now 1000 MB
[2019.05.04-20.12.18:975][  0]LogSlate: Took 0.001372 seconds to synchronously load lazily loaded font '../../../Engine/Content/Slate/Fonts/Roboto-Light.ttf' (167K)
[2019.05.04-20.12.19:005][  1]LogAssetRegistry: Asset discovery search completed in 8.7632 seconds
[2019.05.04-20.12.19:006][  1]LogCollectionManager: Rebuilt the object cache for 0 collections in 0.000000 seconds (found 0 objects)
[2019.05.04-20.12.19:006][  1]LogCollectionManager: Fixed up redirectors for 0 collections in 0.000276 seconds (updated 0 objects)
[2019.05.04-20.12.53:396][479]LogSlate: FSceneViewport::OnFocusLost() reason 0
[2019.05.04-20.12.53:528][494]LogSlate: Took 0.000440 seconds to synchronously load lazily loaded font '../../../Engine/Content/Slate/Fonts/Roboto-Light.ttf' (167K)
[2019.05.04-20.12.57:082][494]LogMaterial: Display: Missing cached shader map for material lambertTree2, compiling. 
[2019.05.04-20.12.57:129][494]LogShaderCompilers: Display: Shaders left to compile 22
[2019.05.04-20.12.57:129][494]LogShaderCompilers: Display: Shaders left to compile 12
[2019.05.04-20.12.57:129][494]LogShaderCompilers: Display: Shaders left to compile 2
[2019.05.04-20.12.57:129][494]LogMaterial: Display: Missing cached shader map for material lambertTree3, compiling. 
[2019.05.04-20.12.57:155][494]LogMaterial: Display: Missing cached shader map for material lambertWillowT, compiling. 
[2019.05.04-20.12.57:182][494]LogMaterial: Display: Missing cached shader map for material lambertBigBldg, compiling. 
[2019.05.04-20.12.57:201][494]LogMaterial: Display: Missing cached shader map for material lambertBldgFloor, compiling. 
[2019.05.04-20.12.57:253][494]LogMaterial: Display: Missing cached shader map for material lambertGateWall, compiling. 
[2019.05.04-20.12.57:278][494]LogMaterial: Display: Missing cached shader map for material lambertBridge, compiling. 
[2019.05.04-20.12.57:404][494]LogMaterial: Display: Missing cached shader map for material lambertShrine1, compiling. 
[2019.05.04-20.12.57:416][494]LogMaterial: Display: Missing cached shader map for material lambertShrine2, compiling. 
[2019.05.04-20.12.57:499][494]LogMaterial: Display: Missing cached shader map for material lambertWillow, compiling. 
[2019.05.04-20.12.57:513][494]LogAIModule: Creating AISystem for world LY_CityBlock
[2019.05.04-20.12.57:608][494]LogAssetEditorManager: Opening Asset editor for World /Game/LY_CityBlock.LY_CityBlock
[2019.05.04-20.12.57:683][494]Cmd: MAP LOAD FILE="../../../../../../Users/u6004915/Documents/GitHub/LY_AssetPipeline/LY_CityBlock/Content/LY_CityBlock.umap" TEMPLATE=0 SHOWPROGRESS=1 FEATURELEVEL=3
[2019.05.04-20.12.57:683][494]LightingResults: New page: Lighting Build
[2019.05.04-20.12.57:684][494]LoadErrors: New page: Loading map: LY_CityBlock.umap
[2019.05.04-20.12.57:687][494]MapCheck: New page: Map Check
[2019.05.04-20.12.57:687][494]LightingResults: New page: Lighting Build
[2019.05.04-20.12.57:898][494]LogEditorServer: Finished looking for orphan Actors (0.000 secs)
[2019.05.04-20.12.57:975][494]Cmd: MAP CHECKDEP NOCLEARLOG
[2019.05.04-20.12.58:230][494]LogShaderCompilers: Display: Shaders left to compile 198
[2019.05.04-20.12.58:230][494]MapCheck: Map check complete: 0 Error(s), 0 Warning(s), took 255.529ms to complete.
[2019.05.04-20.12.58:232][494]LogFileHelpers: Loading map 'LY_CityBlock' took 0.552
[2019.05.04-20.12.59:886][571]LogShaderCompilers: Display: Shaders left to compile 188
[2019.05.04-20.13.00:773][631]LogShaderCompilers: Display: Shaders left to compile 178
[2019.05.04-20.13.02:619][723]LogShaderCompilers: Display: Shaders left to compile 168
[2019.05.04-20.13.03:235][754]LogShaderCompilers: Display: Shaders left to compile 158
[2019.05.04-20.13.05:514][869]LogShaderCompilers: Display: Shaders left to compile 148
[2019.05.04-20.13.05:896][890]LogShaderCompilers: Display: Shaders left to compile 138
[2019.05.04-20.13.08:473][ 21]LogShaderCompilers: Display: Shaders left to compile 128
[2019.05.04-20.13.08:576][ 27]LogShaderCompilers: Display: Shaders left to compile 118
[2019.05.04-20.13.12:071][232]LogShaderCompilers: Display: Shaders left to compile 108
[2019.05.04-20.13.12:844][284]LogShaderCompilers: Display: Shaders left to compile 98
[2019.05.04-20.13.14:822][413]LogShaderCompilers: Display: Shaders left to compile 88
[2019.05.04-20.13.17:130][563]LogShaderCompilers: Display: Shaders left to compile 78
[2019.05.04-20.13.20:191][758]LogShaderCompilers: Display: Shaders left to compile 68
[2019.05.04-20.13.20:505][779]LogShaderCompilers: Display: Shaders left to compile 58
[2019.05.04-20.13.23:826][994]LogShaderCompilers: Display: Shaders left to compile 48
[2019.05.04-20.13.25:323][ 89]LogShaderCompilers: Display: Shaders left to compile 38
[2019.05.04-20.13.26:805][184]LogShaderCompilers: Display: Shaders left to compile 28
[2019.05.04-20.13.28:190][274]LogShaderCompilers: Display: Shaders left to compile 18
[2019.05.04-20.13.30:914][451]LogShaderCompilers: Display: Shaders left to compile 8
[2019.05.04-20.13.36:496][825]LogEditorViewport: Clicking on Actor (LMB): StaticMeshActor (Brush_WalkWay81)
[2019.05.04-20.13.38:492][898]LogSlate: FSceneViewport::OnFocusLost() reason 0
[2019.05.04-20.14.19:936][ 52]LogSlate: Window 'Warning: Many Actors' being destroyed
[2019.05.04-20.14.22:172][171]LogEditorViewport: Clicking on Actor (LMB): StaticMeshActor (Brush_WalkWay823)
[2019.05.04-20.14.22:591][187]Cmd: CAMERA ALIGN ACTIVEVIEWPORTONLY
[2019.05.04-20.14.26:338][297]LogSlate: FSceneViewport::OnFocusLost() reason 2
[2019.05.04-20.14.28:629][483]LogEditorViewport: Clicking on Actor (LMB): StaticMeshActor (Vehicle)
[2019.05.04-20.14.28:799][491]Cmd: CAMERA ALIGN ACTIVEVIEWPORTONLY
[2019.05.04-20.14.35:232][973]LogEditorViewport: Clicking on Actor (LMB): StaticMeshActor (Brush_WalkWay2062)
[2019.05.04-20.14.35:395][979]Cmd: CAMERA ALIGN ACTIVEVIEWPORTONLY
[2019.05.04-20.14.39:449][407]LogEditorViewport: Clicking on Actor (LMB): StaticMeshActor (Brush_WalkWay1906)
[2019.05.04-20.14.39:597][415]Cmd: CAMERA ALIGN ACTIVEVIEWPORTONLY
[2019.05.04-20.14.45:722][ 66]LogEditorViewport: Clicking on Actor (LMB): StaticMeshActor (Brush_WalkWay2713)
[2019.05.04-20.14.46:206][110]LogEditorViewport: Clicking on Actor (LMB): StaticMeshActor (Brush_WalkWay2697)
[2019.05.04-20.14.53:971][783]LogSlate: FSceneViewport::OnFocusLost() reason 0
[2019.05.04-20.15.22:668][265]LogFactory: FactoryCreateFile: StaticMesh with FbxFactory (0 0 ../../../../../../Users/u6004915/Documents/GitHub/LY_AssetPipeline/Maya/Manniquin/Man.obj)
[2019.05.04-20.15.22:699][265]LogFbx: Loading FBX Scene from ../../../../../../Users/u6004915/Documents/GitHub/LY_AssetPipeline/Maya/Manniquin/Man.obj
[2019.05.04-20.15.22:774][265]LogFbx: FBX Scene Loaded Succesfully
[2019.05.04-20.15.24:130][265]LogSlate: Window 'FBX Import Options' being destroyed
[2019.05.04-20.15.24:340][265]LogMaterial: Display: Missing cached shader map for material initialShadingGroup, compiling. 
[2019.05.04-20.15.24:375][265]LogShaderCompilers: Display: Shaders left to compile 22
[2019.05.04-20.15.24:375][265]LogShaderCompilers: Display: Shaders left to compile 12
[2019.05.04-20.15.24:375][265]LogShaderCompilers: Display: Shaders left to compile 2
[2019.05.04-20.15.24:411][265]LogMaterial: Display: Missing cached shader map for material initialShadingGroup1, compiling. 
[2019.05.04-20.15.24:448][265]LogFbx: Warning: Triangulating static mesh polySurface48
[2019.05.04-20.15.24:826][265]LogStaticMesh: Building static mesh Man...
[2019.05.04-20.15.24:935][265]LogStaticMesh: Built static mesh [0.11s] /Game/LY_Man/Man.Man
[2019.05.04-20.15.28:267][475]LogShaderCompilers: Display: Shaders left to compile 22
[2019.05.04-20.15.28:499][482]LogShaderCompilers: Display: Shaders left to compile 12
[2019.05.04-20.15.29:897][525]LogShaderCompilers: Display: Shaders left to compile 2
[2019.05.04-20.15.53:216][136]LogAssetEditorManager: Opening Asset editor for StaticMesh /Game/LY_Man/Man.Man
[2019.05.04-20.15.53:797][136]LogSlate: Took 0.001551 seconds to synchronously load lazily loaded font '../../../Engine/Content/Slate/Fonts/Roboto-Italic.ttf' (157K)
[2019.05.04-20.15.59:127][577]LogSlate: Window 'Man*' being destroyed
[2019.05.04-20.15.59:132][577]LogSlate: Window 'Man*' being destroyed
[2019.05.04-20.16.45:097][481]LogSlate: Window 'Delete Assets' being destroyed
[2019.05.04-20.22.58:315][232]LogSavePackage: Moving '../../../../../../Users/u6004915/Documents/GitHub/LY_AssetPipeline/LY_CityBlock/Saved/LY_CityBlock_Auto19E6789F644B65507E09BF88020A5B66B.tmp' to '../../../../../../Users/u6004915/Documents/GitHub/LY_AssetPipeline/LY_CityBlock/Saved/Autosaves/Game/LY_CityBlock_Auto1.umap'
[2019.05.04-20.22.58:324][232]LogFileHelpers: Editor autosave (incl. sublevels) for '/Game/LY_CityBlock' took 4.284
[2019.05.04-20.22.58:324][232]LogFileHelpers: Editor autosave (incl. sublevels) for all levels took 4.284
