Log file open, 04/29/19 15:59:00
LogWindows: Failed to load 'aqProf.dll' (GetLastError=126)
LogWindows: File 'aqProf.dll' does not exist
LogWindows: Failed to load 'VSPerf140.dll' (GetLastError=126)
LogWindows: File 'VSPerf140.dll' does not exist
LogWindows: Failed to load 'VtuneApi.dll' (GetLastError=126)
LogWindows: File 'VtuneApi.dll' does not exist
LogWindows: Failed to load 'VtuneApi32e.dll' (GetLastError=126)
LogWindows: File 'VtuneApi32e.dll' does not exist
LogInit: Display: Running engine for game: LY_ICWhiteBox
LogPlatformFile: Not using cached read wrapper
LogTaskGraph: Started task graph with 5 named threads and 14 total threads with 3 sets of task threads.
LogStats: Stats thread started at 0.915272
LogD3D11RHI: Loaded GFSDK_Aftermath_Lib.x64.dll
LogICUInternationalization: Display: ICU TimeZone Detection - Raw Offset: -7:00, Platform Override: ''
LogPluginManager: Mounting plugin WindowsMoviePlayer
LogPluginManager: Mounting plugin SteamVR
LogPluginManager: Mounting plugin RuntimePhysXCooking
LogPluginManager: Mounting plugin ProceduralMeshComponent
LogPluginManager: Mounting plugin PhysXVehicles
LogPluginManager: Mounting plugin OculusVR
LogPluginManager: Plugin shader directory ../../../Engine/Plugins/Runtime/Oculus/OculusVR/Shaders found
LogPluginManager: Mapping shader source directory ../../../Engine/Plugins/Runtime/Oculus/OculusVR/Shaders to virtual directory /Plugin/OculusVR
LogPluginManager: Mounting plugin MobilePatchingUtils
LogPluginManager: Mounting plugin LocationServicesBPLibrary
LogPluginManager: Mounting plugin LinuxDeviceProfileSelector
LogPluginManager: Mounting plugin IOSDeviceProfileSelector
LogPluginManager: Mounting plugin ImmediatePhysics
LogPluginManager: Mounting plugin GoogleCloudMessaging
LogPluginManager: Mounting plugin ExampleDeviceProfileSelector
LogPluginManager: Mounting plugin EditableMesh
LogPluginManager: Mounting plugin CustomMeshComponent
LogPluginManager: Mounting plugin CableComponent
LogPluginManager: Mounting plugin AudioCapture
LogPluginManager: Mounting plugin ArchVisCharacter
LogPluginManager: Mounting plugin AppleMoviePlayer
LogPluginManager: Mounting plugin AndroidPermission
LogPluginManager: Mounting plugin AndroidMoviePlayer
LogPluginManager: Mounting plugin AndroidDeviceProfileSelector
LogPluginManager: Mounting plugin LauncherChunkInstaller
LogPluginManager: Mounting plugin OnlineSubsystemUtils
LogPluginManager: Mounting plugin OnlineSubsystemNull
LogPluginManager: Mounting plugin OnlineSubsystem
LogPluginManager: Mounting plugin OnlineSubsystemIOS
LogPluginManager: Mounting plugin OnlineSubsystemGooglePlay
LogPluginManager: Mounting plugin NUTUnrealEngine4
LogPluginManager: Mounting plugin NetcodeUnitTest
LogPluginManager: Mounting plugin MatineeToLevelSequence
LogPluginManager: Mounting plugin LevelSequenceEditor
LogPluginManager: Mounting plugin ActorSequence
LogPluginManager: Mounting plugin UdpMessaging
LogPluginManager: Mounting plugin TcpMessaging
LogPluginManager: Mounting plugin WmfMedia
LogPluginManager: Mounting plugin MediaPlayerEditor
LogPluginManager: Mounting plugin MediaCompositing
LogPluginManager: Mounting plugin LinearTimecode
LogPluginManager: Mounting plugin ImgMedia
LogPluginManager: Mounting plugin AvfMedia
LogPluginManager: Mounting plugin AndroidMedia
LogPluginManager: Mounting plugin MagicLeapMedia
LogPluginManager: Mounting plugin MagicLeapEmulator
LogPluginManager: Mounting plugin MagicLeap
LogPluginManager: Mounting plugin ProxyLODPlugin
LogPluginManager: Mounting plugin HTML5Networking
LogPluginManager: Mounting plugin GeometryCache
LogPluginManager: Mounting plugin CharacterAI
LogPluginManager: Mounting plugin BackChannel
LogPluginManager: Mounting plugin AppleVision
LogPluginManager: Mounting plugin AppleImageUtils
LogPluginManager: Mounting plugin AlembicImporter
LogPluginManager: Mounting plugin DatasmithContent
LogPluginManager: Mounting plugin SpeedTreeImporter
LogPluginManager: Mounting plugin PluginBrowser
LogPluginManager: Mounting plugin MobileLauncherProfileWizard
LogPluginManager: Mounting plugin MeshEditor
LogPluginManager: Mounting plugin MacGraphicsSwitching
LogPluginManager: Mounting plugin GameplayTagsEditor
LogPluginManager: Mounting plugin FacialAnimation
LogPluginManager: Mounting plugin DataValidation
LogPluginManager: Mounting plugin CryptoKeys
LogPluginManager: Mounting plugin AssetManagerEditor
LogPluginManager: Mounting plugin XCodeSourceCodeAccess
LogPluginManager: Mounting plugin VisualStudioSourceCodeAccess
LogPluginManager: Mounting plugin VisualStudioCodeSourceCodeAccess
LogPluginManager: Mounting plugin UObjectPlugin
LogPluginManager: Mounting plugin SubversionSourceControl
LogPluginManager: Mounting plugin PerforceSourceControl
LogPluginManager: Mounting plugin NullSourceCodeAccess
LogPluginManager: Mounting plugin KDevelopSourceCodeAccess
LogPluginManager: Mounting plugin GitSourceControl
LogPluginManager: Mounting plugin CodeLiteSourceCodeAccess
LogPluginManager: Mounting plugin CLionSourceCodeAccess
LogPluginManager: Mounting plugin LightPropagationVolume
LogPluginManager: Mounting plugin AISupport
LogPluginManager: Mounting plugin Paper2D
LogStreaming: Display: Took  0.288s to configure plugins.
LogInit: Using libcurl 7.55.1-DEV
LogInit:  - built for x86_64-pc-win32
LogInit:  - supports SSL with OpenSSL/1.0.2h
LogInit:  - supports HTTP deflate (compression) using libz 1.2.8
LogInit:  - other features:
LogInit:      CURL_VERSION_SSL
LogInit:      CURL_VERSION_LIBZ
LogInit:      CURL_VERSION_IPV6
LogInit:      CURL_VERSION_ASYNCHDNS
LogInit:      CURL_VERSION_LARGEFILE
LogInit:      CURL_VERSION_IDN
LogInit:  CurlRequestOptions (configurable via config and command line):
LogInit:  - bVerifyPeer = false  - Libcurl will NOT verify peer certificate
LogInit:  - bUseHttpProxy = false  - Libcurl will NOT use HTTP proxy
LogInit:  - bDontReuseConnections = false  - Libcurl will reuse connections
LogInit:  - CertBundlePath = nullptr  - Libcurl will use whatever was configured at build time.
LogInit:  - MaxHostConnections = 16  - Libcurl will limit the number of connections to a host
LogInit:  - LocalHostAddr = Default
LogInit:  - BufferSize = 65536
LogInit: WinSock: version 1.1 (2.2), MaxSocks=32767, MaxUdp=65467
LogInit: Build: ++UE4+Release-4.20-CL-4369336
LogInit: Engine Version: 4.20.3-4369336+++UE4+Release-4.20
LogInit: Compatible Engine Version: 4.20.0-4212847+++UE4+Release-4.20
LogInit: Net CL: 4212847
LogInit: OS: Windows 10 (), CPU: Intel(R) Core(TM) i5-7500 CPU @ 3.40GHz, GPU: NVIDIA GeForce GTX 1050
LogInit: Compiled (64-bit): Sep 17 2018 12:26:19
LogInit: Compiled with Visual C++: 19.13.26129.00
LogInit: Build Configuration: Development
LogInit: Branch Name: ++UE4+Release-4.20
LogInit: Command Line:  
LogInit: Base Directory: C:/Programs/Epic Games/UE_4.20/Engine/Binaries/Win64/
LogInit: Installed Engine Build: 1
LogDevObjectVersion: Number of dev versions registered: 20
LogDevObjectVersion:   Dev-Blueprints (B0D832E4-1F89-4F0D-ACCF-7EB736FD4AA2): 10
LogDevObjectVersion:   Dev-Build (E1C64328-A22C-4D53-A36C-8E866417BD8C): 0
LogDevObjectVersion:   Dev-Core (375EC13C-06E4-48FB-B500-84F0262A717E): 2
LogDevObjectVersion:   Dev-Editor (E4B068ED-F494-42E9-A231-DA0B2E46BB41): 24
LogDevObjectVersion:   Dev-Framework (CFFC743F-43B0-4480-9391-14DF171D2073): 34
LogDevObjectVersion:   Dev-Mobile (B02B49B5-BB20-44E9-A304-32B752E40360): 2
LogDevObjectVersion:   Dev-Networking (A4E4105C-59A1-49B5-A7C5-40C4547EDFEE): 0
LogDevObjectVersion:   Dev-Online (39C831C9-5AE6-47DC-9A44-9C173E1C8E7C): 0
LogDevObjectVersion:   Dev-Physics (78F01B33-EBEA-4F98-B9B4-84EACCB95AA2): 0
LogDevObjectVersion:   Dev-Platform (6631380F-2D4D-43E0-8009-CF276956A95A): 0
LogDevObjectVersion:   Dev-Rendering (12F88B9F-8875-4AFC-A67C-D90C383ABD29): 26
LogDevObjectVersion:   Dev-Sequencer (7B5AE74C-D270-4C10-A958-57980B212A5A): 9
LogDevObjectVersion:   Dev-VR (D7296918-1DD6-4BDD-9DE2-64A83CC13884): 2
LogDevObjectVersion:   Dev-LoadTimes (C2A15278-BFE7-4AFE-6C17-90FF531DF755): 1
LogDevObjectVersion:   Private-Geometry (6EACA3D4-40EC-4CC1-B786-8BED09428FC5): 3
LogDevObjectVersion:   Dev-AnimPhys (29E575DD-E0A3-4627-9D10-D276232CDCEA): 17
LogDevObjectVersion:   Dev-ReflectionCapture (6B266CEC-1EC7-4B8F-A30B-E4D90942FC07): 1
LogDevObjectVersion:   Dev-Automation (0DF73D61-A23F-47EA-B727-89E90C41499A): 1
LogDevObjectVersion:   FortniteMain (601D1886-AC64-4F84-AA16-D3DE0DEAC7D6): 12
LogDevObjectVersion:   Dev-Enterprise (9DFFBCD6-494F-0158-E221-12823C92A888): 1
LogStreaming: Display: Took  0.014s to delete old logs.
LogInit: Presizing for max 8388607 objects, including 0 objects not considered by GC, pre-allocating 0 bytes for permanent pool.
LogInit: Object subsystem initialized
[2019.04.29-21.59.01:558][  0]LogInit: Selected Device Profile: [Windows]
[2019.04.29-21.59.01:558][  0]LogInit: Applying CVar settings loaded from the selected device profile: [Windows]
[2019.04.29-21.59.01:573][  0]LogHAL: Display: Platform has ~ 8 GB [8546631680 / 8589934592 / 8], which maps to Default [LargestMinGB=32, LargerMinGB=12, DefaultMinGB=8, SmallerMinGB=6, SmallestMinGB=0)
[2019.04.29-21.59.01:573][  0]LogInit: Setting Device Profile CVar: [[r.Vulkan.UseRealUBs:1]]
[2019.04.29-21.59.01:573][  0]LogInit: Going up to parent DeviceProfile []
[2019.04.29-21.59.01:576][  0]LogInit: Computer: MLPC-KC52
[2019.04.29-21.59.01:576][  0]LogInit: User: u6004915
[2019.04.29-21.59.01:576][  0]LogInit: CPU Page size=4096, Cores=4
[2019.04.29-21.59.01:576][  0]LogInit: High frequency timer resolution =3.328128 MHz
[2019.04.29-21.59.01:576][  0]LogMemory: Memory total: Physical=8.0GB (8GB approx)
[2019.04.29-21.59.01:576][  0]LogMemory: Platform Memory Stats for Windows
[2019.04.29-21.59.01:576][  0]LogMemory: Process Physical Memory: 100.58 MB used, 100.58 MB peak
[2019.04.29-21.59.01:576][  0]LogMemory: Process Virtual Memory: 84.25 MB used, 84.25 MB peak
[2019.04.29-21.59.01:576][  0]LogMemory: Physical Memory: 4104.86 MB used,  4045.85 MB free, 8150.70 MB total
[2019.04.29-21.59.01:576][  0]LogMemory: Virtual Memory: 4620.66 MB used,  4045.85 MB free, 134217728.00 MB total
[2019.04.29-21.59.01:729][  0]LogInit: Using OS detected language (en-US).
[2019.04.29-21.59.01:729][  0]LogInit: Using OS detected locale (en-US).
[2019.04.29-21.59.01:731][  0]LogTextLocalizationManager: No specific localization for 'en-US' exists, so the 'en' localization will be used.
[2019.04.29-21.59.02:187][  0]LogStreaming: Display: Took  0.453s to InitEngineTextLocalization.
[2019.04.29-21.59.02:188][  0]LogInit: Setting process to per monitor DPI aware
[2019.04.29-21.59.02:247][  0]LogSlate: New Slate User Created.  User Index 0, Is Virtual User: 0
[2019.04.29-21.59.02:248][  0]LogSlate: Slate User Registered.  User Index 0, Is Virtual User: 0
[2019.04.29-21.59.02:915][  0]LogHMD: Failed to initialize OpenVR with code 110
[2019.04.29-21.59.02:915][  0]LogD3D11RHI: D3D11 adapters:
[2019.04.29-21.59.02:988][  0]LogD3D11RHI:    0. 'NVIDIA GeForce GTX 1050' (Feature Level 11_0)
[2019.04.29-21.59.02:988][  0]LogD3D11RHI:       1987/0/4075 MB DedicatedVideo/DedicatedSystem/SharedSystem, Outputs:1, VendorId:0x10de
[2019.04.29-21.59.02:990][  0]LogD3D11RHI:    1. 'Microsoft Basic Render Driver' (Feature Level 11_0)
[2019.04.29-21.59.02:990][  0]LogD3D11RHI:       0/0/4075 MB DedicatedVideo/DedicatedSystem/SharedSystem, Outputs:0, VendorId:0x1414
[2019.04.29-21.59.02:990][  0]LogD3D11RHI: Chosen D3D11 Adapter: 0
[2019.04.29-21.59.02:996][  0]LogD3D11RHI: Creating new Direct3DDevice
[2019.04.29-21.59.02:997][  0]LogD3D11RHI:     GPU DeviceId: 0x1c81 (for the marketing name, search the web for "GPU Device Id")
[2019.04.29-21.59.02:997][  0]LogWindows: EnumDisplayDevices:
[2019.04.29-21.59.02:998][  0]LogWindows:    0. 'NVIDIA GeForce GTX 1050' (P:1 D:1)
[2019.04.29-21.59.02:998][  0]LogWindows:    1. 'NVIDIA GeForce GTX 1050' (P:0 D:0)
[2019.04.29-21.59.02:999][  0]LogWindows:    2. 'NVIDIA GeForce GTX 1050' (P:0 D:0)
[2019.04.29-21.59.03:000][  0]LogWindows:    3. 'NVIDIA GeForce GTX 1050' (P:0 D:0)
[2019.04.29-21.59.03:000][  0]LogWindows: DebugString: FoundDriverCount:4 
[2019.04.29-21.59.03:001][  0]LogD3D11RHI:     Adapter Name: NVIDIA GeForce GTX 1050
[2019.04.29-21.59.03:001][  0]LogD3D11RHI:   Driver Version: 388.71 (internal:23.21.13.8871, unified:388.71)
[2019.04.29-21.59.03:001][  0]LogD3D11RHI:      Driver Date: 12-15-2017
[2019.04.29-21.59.03:001][  0]LogRHI: Texture pool is 1391 MB (70% of 1987 MB)
[2019.04.29-21.59.03:032][  0]LogD3D11RHI: Async texture creation enabled
[2019.04.29-21.59.03:056][  0]LogD3D11RHI: GPU Timing Frequency: 1000.000000 (Debug: 2 1)
[2019.04.29-21.59.05:505][  0]LogWindowsTextInputMethodSystem: Display: IME system now deactivated.
[2019.04.29-21.59.05:512][  0]LogShaderCompilers: Guid format shader working directory is -32 characters bigger than the processId version (../../../../../../Users/u6004915/Documents/GitHub/LY_AssetPipeline/LY_ICWhiteBox/Intermediate/Shaders/WorkingDirectory/10852/).
[2019.04.29-21.59.05:512][  0]LogShaderCompilers: Cleaned the shader compiler working directory 'C:/Users/u6004915/AppData/Local/Temp/UnrealShaderWorkingDir/500AA84E45F5E0D48D8AC5AE41389E50/'.
[2019.04.29-21.59.06:939][  0]LogTemp: Display: Loaded TP AllDesktopTargetPlatform
[2019.04.29-21.59.06:955][  0]LogTemp: Display: Loaded TP MacClientTargetPlatform
[2019.04.29-21.59.06:972][  0]LogTemp: Display: Loaded TP MacNoEditorTargetPlatform
[2019.04.29-21.59.06:989][  0]LogTemp: Display: Loaded TP MacServerTargetPlatform
[2019.04.29-21.59.07:007][  0]LogTemp: Display: Loaded TP MacTargetPlatform
[2019.04.29-21.59.07:025][  0]LogTemp: Display: Loaded TP WindowsClientTargetPlatform
[2019.04.29-21.59.07:042][  0]LogTemp: Display: Loaded TP WindowsNoEditorTargetPlatform
[2019.04.29-21.59.07:059][  0]LogTemp: Display: Loaded TP WindowsServerTargetPlatform
[2019.04.29-21.59.07:071][  0]LogTemp: Display: Loaded TP WindowsTargetPlatform
[2019.04.29-21.59.07:082][  0]LogWindows: Failed to load 'C:/Programs/Epic Games/UE_4.20/Engine/Binaries/Win64/Lumin/UE4Editor-LuminTargetPlatform.dll' (GetLastError=126)
[2019.04.29-21.59.07:082][  0]LogWindows:   Missing import: UE4Editor-AndroidTargetPlatform.dll
[2019.04.29-21.59.07:082][  0]LogWindows:   Looked in: ../../../Engine/Binaries/Win64
[2019.04.29-21.59.07:082][  0]LogWindows:   Looked in: ../../../../../../Users/u6004915/Documents/GitHub/LY_AssetPipeline/LY_ICWhiteBox/Binaries/Win64
[2019.04.29-21.59.07:082][  0]LogWindows:   Looked in: C:\Users\u6004915\Documents\GitHub\LY_AssetPipeline\LY_ICWhiteBox\Binaries\Win64
[2019.04.29-21.59.07:082][  0]LogWindows:   Looked in: C:\Programs\Epic Games\UE_4.20\Engine\Plugins\Runtime\WindowsMoviePlayer\Binaries\Win64
[2019.04.29-21.59.07:082][  0]LogWindows:   Looked in: C:\Programs\Epic Games\UE_4.20\Engine\Plugins\Runtime\Steam\SteamVR\Binaries\Win64
[2019.04.29-21.59.07:082][  0]LogWindows:   Looked in: C:\Programs\Epic Games\UE_4.20\Engine\Plugins\Runtime\ProceduralMeshComponent\Binaries\Win64
[2019.04.29-21.59.07:082][  0]LogWindows:   Looked in: C:\Programs\Epic Games\UE_4.20\Engine\Plugins\Runtime\RuntimePhysXCooking\Binaries\Win64
[2019.04.29-21.59.07:082][  0]LogWindows:   Looked in: C:\Programs\Epic Games\UE_4.20\Engine\Plugins\Runtime\PhysXVehicles\Binaries\Win64
[2019.04.29-21.59.07:082][  0]LogWindows:   Looked in: C:\Programs\Epic Games\UE_4.20\Engine\Plugins\Runtime\Oculus\OculusVR\Binaries\Win64
[2019.04.29-21.59.07:082][  0]LogWindows:   Looked in: C:\Programs\Epic Games\UE_4.20\Engine\Plugins\Runtime\MobilePatchingUtils\Binaries\Win64
[2019.04.29-21.59.07:082][  0]LogWindows:   Looked in: C:\Programs\Epic Games\UE_4.20\Engine\Plugins\Runtime\LocationServicesBPLibrary\Binaries\Win64
[2019.04.29-21.59.07:082][  0]LogWindows:   Looked in: C:\Programs\Epic Games\UE_4.20\Engine\Plugins\Runtime\LinuxDeviceProfileSelector\Binaries\Win64
[2019.04.29-21.59.07:082][  0]LogWindows:   Looked in: C:\Programs\Epic Games\UE_4.20\Engine\Plugins\Runtime\IOSDeviceProfileSelector\Binaries\Win64
[2019.04.29-21.59.07:082][  0]LogWindows:   Looked in: C:\Programs\Epic Games\UE_4.20\Engine\Plugins\Runtime\ImmediatePhysics\Binaries\Win64
[2019.04.29-21.59.07:082][  0]LogWindows:   Looked in: C:\Programs\Epic Games\UE_4.20\Engine\Plugins\Runtime\GoogleCloudMessaging\Binaries\Win64
[2019.04.29-21.59.07:082][  0]LogWindows:   Looked in: C:\Programs\Epic Games\UE_4.20\Engine\Plugins\Runtime\ExampleDeviceProfileSelector\Binaries\Win64
[2019.04.29-21.59.07:082][  0]LogWindows:   Looked in: C:\Programs\Epic Games\UE_4.20\Engine\Plugins\Runtime\EditableMesh\Binaries\Win64
[2019.04.29-21.59.07:082][  0]LogWindows:   Looked in: C:\Programs\Epic Games\UE_4.20\Engine\Plugins\Runtime\CustomMeshComponent\Binaries\Win64
[2019.04.29-21.59.07:082][  0]LogWindows:   Looked in: C:\Programs\Epic Games\UE_4.20\Engine\Plugins\Runtime\CableComponent\Binaries\Win64
[2019.04.29-21.59.07:082][  0]LogWindows:   Looked in: C:\Programs\Epic Games\UE_4.20\Engine\Plugins\Runtime\AudioCapture\Binaries\Win64
[2019.04.29-21.59.07:082][  0]LogWindows:   Looked in: C:\Programs\Epic Games\UE_4.20\Engine\Plugins\Runtime\ArchVisCharacter\Binaries\Win64
[2019.04.29-21.59.07:082][  0]LogWindows:   Looked in: C:\Programs\Epic Games\UE_4.20\Engine\Plugins\Runtime\AppleMoviePlayer\Binaries\Win64
[2019.04.29-21.59.07:082][  0]LogWindows:   Looked in: C:\Programs\Epic Games\UE_4.20\Engine\Plugins\Runtime\AndroidPermission\Binaries\Win64
[2019.04.29-21.59.07:082][  0]LogWindows:   Looked in: C:\Programs\Epic Games\UE_4.20\Engine\Plugins\Runtime\AndroidMoviePlayer\Binaries\Win64
[2019.04.29-21.59.07:082][  0]LogWindows:   Looked in: C:\Programs\Epic Games\UE_4.20\Engine\Plugins\Runtime\AndroidDeviceProfileSelector\Binaries\Win64
[2019.04.29-21.59.07:082][  0]LogWindows:   Looked in: C:\Programs\Epic Games\UE_4.20\Engine\Plugins\Portal\LauncherChunkInstaller\Binaries\Win64
[2019.04.29-21.59.07:082][  0]LogWindows:   Looked in: C:\Programs\Epic Games\UE_4.20\Engine\Plugins\Online\OnlineSubsystemUtils\Binaries\Win64
[2019.04.29-21.59.07:082][  0]LogWindows:   Looked in: C:\Programs\Epic Games\UE_4.20\Engine\Plugins\Online\OnlineSubsystem\Binaries\Win64
[2019.04.29-21.59.07:082][  0]LogWindows:   Looked in: C:\Programs\Epic Games\UE_4.20\Engine\Plugins\Online\OnlineSubsystemNull\Binaries\Win64
[2019.04.29-21.59.07:082][  0]LogWindows:   Looked in: C:\Programs\Epic Games\UE_4.20\Engine\Plugins\Online\IOS\OnlineSubsystemIOS\Binaries\Win64
[2019.04.29-21.59.07:082][  0]LogWindows:   Looked in: C:\Programs\Epic Games\UE_4.20\Engine\Plugins\Online\Android\OnlineSubsystemGooglePlay\Binaries\Win64
[2019.04.29-21.59.07:082][  0]LogWindows:   Looked in: C:\Programs\Epic Games\UE_4.20\Engine\Plugins\NetcodeUnitTest\NUTUnrealEngine4\Binaries\Win64
[2019.04.29-21.59.07:082][  0]LogWindows:   Looked in: C:\Programs\Epic Games\UE_4.20\Engine\Plugins\NetcodeUnitTest\NetcodeUnitTest\Binaries\Win64
[2019.04.29-21.59.07:082][  0]LogWindows:   Looked in: C:\Programs\Epic Games\UE_4.20\Engine\Plugins\MovieScene\MatineeToLevelSequence\Binaries\Win64
[2019.04.29-21.59.07:082][  0]LogWindows:   Looked in: C:\Programs\Epic Games\UE_4.20\Engine\Plugins\MovieScene\LevelSequenceEditor\Binaries\Win64
[2019.04.29-21.59.07:082][  0]LogWindows:   Looked in: C:\Programs\Epic Games\UE_4.20\Engine\Plugins\MovieScene\ActorSequence\Binaries\Win64
[2019.04.29-21.59.07:082][  0]LogWindows:   Looked in: C:\Programs\Epic Games\UE_4.20\Engine\Plugins\Messaging\UdpMessaging\Binaries\Win64
[2019.04.29-21.59.07:082][  0]LogWindows:   Looked in: C:\Programs\Epic Games\UE_4.20\Engine\Plugins\Messaging\TcpMessaging\Binaries\Win64
[2019.04.29-21.59.07:082][  0]LogWindows:   Looked in: C:\Programs\Epic Games\UE_4.20\Engine\Plugins\Media\WmfMedia\Binaries\Win64
[2019.04.29-21.59.07:082][  0]LogWindows:   Looked in: C:\Programs\Epic Games\UE_4.20\Engine\Plugins\Media\MediaPlayerEditor\Binaries\Win64
[2019.04.29-21.59.07:082][  0]LogWindows:   Looked in: C:\Programs\Epic Games\UE_4.20\Engine\Plugins\Media\MediaCompositing\Binaries\Win64
[2019.04.29-21.59.07:082][  0]LogWindows:   Looked in: C:\Programs\Epic Games\UE_4.20\Engine\Plugins\Media\LinearTimecode\Binaries\Win64
[2019.04.29-21.59.07:082][  0]LogWindows:   Looked in: C:\Programs\Epic Games\UE_4.20\Engine\Plugins\Media\ImgMedia\Binaries\Win64
[2019.04.29-21.59.07:082][  0]LogWindows:   Looked in: C:\Programs\Epic Games\UE_4.20\Engine\Plugins\Media\AvfMedia\Binaries\Win64
[2019.04.29-21.59.07:082][  0]LogWindows:   Looked in: C:\Programs\Epic Games\UE_4.20\Engine\Plugins\Media\AndroidMedia\Binaries\Win64
[2019.04.29-21.59.07:082][  0]LogWindows:   Looked in: C:\Programs\Epic Games\UE_4.20\Engine\Plugins\Lumin\MagicLeapMedia\Binaries\Win64
[2019.04.29-21.59.07:082][  0]LogWindows:   Looked in: C:\Programs\Epic Games\UE_4.20\Engine\Plugins\Lumin\MagicLeap\Binaries\Win64
[2019.04.29-21.59.07:082][  0]LogWindows:   Looked in: C:\Programs\Epic Games\UE_4.20\Engine\Plugins\Lumin\MagicLeapEmulator\Binaries\Win64
[2019.04.29-21.59.07:082][  0]LogWindows:   Looked in: C:\Programs\Epic Games\UE_4.20\Engine\Plugins\Experimental\ProxyLODPlugin\Binaries\Win64
[2019.04.29-21.59.07:082][  0]LogWindows:   Looked in: C:\Programs\Epic Games\UE_4.20\Engine\Plugins\Experimental\HTML5Networking\Binaries\Win64
[2019.04.29-21.59.07:082][  0]LogWindows:   Looked in: C:\Programs\Epic Games\UE_4.20\Engine\Plugins\Experimental\GeometryCache\Binaries\Win64
[2019.04.29-21.59.07:082][  0]LogWindows:   Looked in: C:\Programs\Epic Games\UE_4.20\Engine\Plugins\Experimental\CharacterAI\Binaries\Win64
[2019.04.29-21.59.07:082][  0]LogWindows:   Looked in: C:\Programs\Epic Games\UE_4.20\Engine\Plugins\Experimental\BackChannel\Binaries\Win64
[2019.04.29-21.59.07:082][  0]LogWindows:   Looked in: C:\Programs\Epic Games\UE_4.20\Engine\Plugins\Experimental\AppleVision\Binaries\Win64
[2019.04.29-21.59.07:083][  0]LogWindows:   Looked in: C:\Programs\Epic Games\UE_4.20\Engine\Plugins\Experimental\AppleImageUtils\Binaries\Win64
[2019.04.29-21.59.07:083][  0]LogWindows:   Looked in: C:\Programs\Epic Games\UE_4.20\Engine\Plugins\Experimental\AlembicImporter\Binaries\Win64
[2019.04.29-21.59.07:083][  0]LogWindows:   Looked in: C:\Programs\Epic Games\UE_4.20\Engine\Plugins\Enterprise\DatasmithContent\Binaries\Win64
[2019.04.29-21.59.07:083][  0]LogWindows:   Looked in: C:\Programs\Epic Games\UE_4.20\Engine\Plugins\Editor\SpeedTreeImporter\Binaries\Win64
[2019.04.29-21.59.07:083][  0]LogWindows:   Looked in: C:\Programs\Epic Games\UE_4.20\Engine\Plugins\Editor\PluginBrowser\Binaries\Win64
[2019.04.29-21.59.07:083][  0]LogWindows:   Looked in: C:\Programs\Epic Games\UE_4.20\Engine\Plugins\Editor\MobileLauncherProfileWizard\Binaries\Win64
[2019.04.29-21.59.07:083][  0]LogWindows:   Looked in: C:\Programs\Epic Games\UE_4.20\Engine\Plugins\Editor\MeshEditor\Binaries\Win64
[2019.04.29-21.59.07:083][  0]LogWindows:   Looked in: C:\Programs\Epic Games\UE_4.20\Engine\Plugins\Editor\MacGraphicsSwitching\Binaries\Win64
[2019.04.29-21.59.07:083][  0]LogWindows:   Looked in: C:\Programs\Epic Games\UE_4.20\Engine\Plugins\Editor\GameplayTagsEditor\Binaries\Win64
[2019.04.29-21.59.07:083][  0]LogWindows:   Looked in: C:\Programs\Epic Games\UE_4.20\Engine\Plugins\Editor\AssetManagerEditor\Binaries\Win64
[2019.04.29-21.59.07:083][  0]LogWindows:   Looked in: C:\Programs\Epic Games\UE_4.20\Engine\Plugins\Editor\FacialAnimation\Binaries\Win64
[2019.04.29-21.59.07:083][  0]LogWindows:   Looked in: C:\Programs\Epic Games\UE_4.20\Engine\Plugins\Editor\DataValidation\Binaries\Win64
[2019.04.29-21.59.07:083][  0]LogWindows:   Looked in: C:\Programs\Epic Games\UE_4.20\Engine\Plugins\Editor\CryptoKeys\Binaries\Win64
[2019.04.29-21.59.07:083][  0]LogWindows:   Looked in: C:\Programs\Epic Games\UE_4.20\Engine\Plugins\Developer\XCodeSourceCodeAccess\Binaries\Win64
[2019.04.29-21.59.07:083][  0]LogWindows:   Looked in: C:\Programs\Epic Games\UE_4.20\Engine\Plugins\Developer\VisualStudioSourceCodeAccess\Binaries\Win64
[2019.04.29-21.59.07:083][  0]LogWindows:   Looked in: C:\Programs\Epic Games\UE_4.20\Engine\Plugins\Developer\VisualStudioCodeSourceCodeAccess\Binaries\Win64
[2019.04.29-21.59.07:083][  0]LogWindows:   Looked in: C:\Programs\Epic Games\UE_4.20\Engine\Plugins\Developer\UObjectPlugin\Binaries\Win64
[2019.04.29-21.59.07:083][  0]LogWindows:   Looked in: C:\Programs\Epic Games\UE_4.20\Engine\Plugins\Developer\SubversionSourceControl\Binaries\Win64
[2019.04.29-21.59.07:083][  0]LogWindows:   Looked in: C:\Programs\Epic Games\UE_4.20\Engine\Plugins\Developer\PerforceSourceControl\Binaries\Win64
[2019.04.29-21.59.07:083][  0]LogWindows:   Looked in: C:\Programs\Epic Games\UE_4.20\Engine\Plugins\Developer\NullSourceCodeAccess\Binaries\Win64
[2019.04.29-21.59.07:083][  0]LogWindows:   Looked in: C:\Programs\Epic Games\UE_4.20\Engine\Plugins\Developer\KDevelopSourceCodeAccess\Binaries\Win64
[2019.04.29-21.59.07:083][  0]LogWindows:   Looked in: C:\Programs\Epic Games\UE_4.20\Engine\Plugins\Developer\GitSourceControl\Binaries\Win64
[2019.04.29-21.59.07:083][  0]LogWindows:   Looked in: C:\Programs\Epic Games\UE_4.20\Engine\Plugins\Developer\CodeLiteSourceCodeAccess\Binaries\Win64
[2019.04.29-21.59.07:083][  0]LogWindows:   Looked in: C:\Programs\Epic Games\UE_4.20\Engine\Plugins\Developer\CLionSourceCodeAccess\Binaries\Win64
[2019.04.29-21.59.07:083][  0]LogWindows:   Looked in: C:\Programs\Epic Games\UE_4.20\Engine\Plugins\Blendables\LightPropagationVolume\Binaries\Win64
[2019.04.29-21.59.07:083][  0]LogWindows:   Looked in: C:\Programs\Epic Games\UE_4.20\Engine\Plugins\AI\AISupport\Binaries\Win64
[2019.04.29-21.59.07:083][  0]LogWindows:   Looked in: C:\Programs\Epic Games\UE_4.20\Engine\Plugins\2D\Paper2D\Binaries\Win64
[2019.04.29-21.59.07:083][  0]LogModuleManager: Warning: ModuleManager: Unable to load module 'C:/Programs/Epic Games/UE_4.20/Engine/Binaries/Win64/Lumin/UE4Editor-LuminTargetPlatform.dll' because the file couldn't be loaded by the OS.
[2019.04.29-21.59.07:098][  0]LogTemp: Display: Loaded TP LinuxClientTargetPlatform
[2019.04.29-21.59.07:113][  0]LogTemp: Display: Loaded TP LinuxNoEditorTargetPlatform
[2019.04.29-21.59.07:129][  0]LogTemp: Display: Loaded TP LinuxServerTargetPlatform
[2019.04.29-21.59.07:147][  0]LogTemp: Display: Loaded TP LinuxTargetPlatform
[2019.04.29-21.59.07:219][  0]LogTemp: Display: Loaded TP IOSTargetPlatform
[2019.04.29-21.59.07:219][  0]LogTemp: Display: Loaded TP IOSTargetPlatform
[2019.04.29-21.59.07:244][  0]LogTemp: Display: Loaded TP TVOSTargetPlatform
[2019.04.29-21.59.07:244][  0]LogTemp: Display: Loaded TP TVOSTargetPlatform
[2019.04.29-21.59.07:250][  0]LogTemp: Display: Loaded TP HTML5TargetPlatform
[2019.04.29-21.59.07:342][  0]LogTemp: Display: Loaded TP AndroidTargetPlatform
[2019.04.29-21.59.07:342][  0]LogTemp: Display: Loaded TP AndroidTargetPlatform
[2019.04.29-21.59.07:342][  0]LogTemp: Display: Loaded TP AndroidTargetPlatform
[2019.04.29-21.59.07:342][  0]LogTemp: Display: Loaded TP AndroidTargetPlatform
[2019.04.29-21.59.07:342][  0]LogTemp: Display: Loaded TP AndroidTargetPlatform
[2019.04.29-21.59.07:342][  0]LogTemp: Display: Loaded TP AndroidTargetPlatform
[2019.04.29-21.59.07:342][  0]LogTemp: Display: Loaded TP AndroidTargetPlatform
[2019.04.29-21.59.07:342][  0]LogTemp: Display: Loaded TP AndroidTargetPlatform
[2019.04.29-21.59.07:342][  0]LogTemp: Display: Loaded TP AndroidTargetPlatform
[2019.04.29-21.59.07:342][  0]LogTemp: Display: Loaded TP AndroidTargetPlatform
[2019.04.29-21.59.07:342][  0]LogTemp: Display: Loaded TP AndroidTargetPlatform
[2019.04.29-21.59.07:342][  0]LogTemp: Display: Loaded TP AndroidTargetPlatform
[2019.04.29-21.59.07:342][  0]LogTemp: Display: Loaded TP AndroidTargetPlatform
[2019.04.29-21.59.07:342][  0]LogTemp: Display: Loaded TP AndroidTargetPlatform
[2019.04.29-21.59.07:342][  0]LogTemp: Display: Loaded TP AndroidTargetPlatform
[2019.04.29-21.59.07:342][  0]LogTemp: Display: Loaded TP AndroidTargetPlatform
[2019.04.29-21.59.07:342][  0]LogTemp: Display: Loaded TP AndroidTargetPlatform
[2019.04.29-21.59.07:342][  0]LogTemp: Display: Loaded TP AndroidTargetPlatform
[2019.04.29-21.59.07:342][  0]LogTargetPlatformManager: Display: Building Assets For Windows
[2019.04.29-21.59.07:529][  0]LogXGEController: Cleaning working directory: C:/Users/u6004915/AppData/Local/Temp/UnrealXGEWorkingDir/
[2019.04.29-21.59.07:530][  0]LogXGEController: Cannot use XGE Controller as Incredibuild is not installed on this machine.
[2019.04.29-21.59.07:530][  0]LogShaderCompilers: Cannot use XGE Shader Compiler as Incredibuild is not installed on this machine.
[2019.04.29-21.59.07:530][  0]LogShaderCompilers: Display: Using Local Shader Compiler.
[2019.04.29-21.59.08:979][  0]LogDerivedDataCache: Display: Max Cache Size: 512 MB
[2019.04.29-21.59.09:353][  0]LogDerivedDataCache: Loaded boot cache 0.37s 87MB C:/Users/u6004915/AppData/Local/UnrealEngine/4.20/DerivedDataCache/Boot.ddc.
[2019.04.29-21.59.09:358][  0]LogDerivedDataCache: Display: Loaded Boot cache: C:/Users/u6004915/AppData/Local/UnrealEngine/4.20/DerivedDataCache/Boot.ddc
[2019.04.29-21.59.09:358][  0]LogDerivedDataCache: FDerivedDataBackendGraph:  Pak pak cache file ../../../../../../Users/u6004915/Documents/GitHub/LY_AssetPipeline/LY_ICWhiteBox/DerivedDataCache/DDC.ddp not found, will not use a pak cache.
[2019.04.29-21.59.09:358][  0]LogDerivedDataCache: Unable to find inner node Pak for hierarchical cache Hierarchy.
[2019.04.29-21.59.09:358][  0]LogDerivedDataCache: FDerivedDataBackendGraph:  CompressedPak pak cache file ../../../../../../Users/u6004915/Documents/GitHub/LY_AssetPipeline/LY_ICWhiteBox/DerivedDataCache/Compressed.ddp not found, will not use a pak cache.
[2019.04.29-21.59.09:358][  0]LogDerivedDataCache: Unable to find inner node CompressedPak for hierarchical cache Hierarchy.
[2019.04.29-21.59.09:377][  0]LogDerivedDataCache: Display: Pak cache opened for reading ../../../Engine/DerivedDataCache/Compressed.ddp.
[2019.04.29-21.59.09:391][  0]LogDerivedDataCache: Using Local data cache path C:/Users/u6004915/AppData/Local/UnrealEngine/Common/DerivedDataCache: Writable
[2019.04.29-21.59.09:391][  0]LogDerivedDataCache: Shared data cache path not found in *engine.ini, will not use an Shared cache.
[2019.04.29-21.59.09:391][  0]LogDerivedDataCache: Unable to find inner node Shared for hierarchical cache Hierarchy.
[2019.04.29-21.59.09:430][  0]LogMaterial: Verifying Global Shaders for PCD3D_SM5
[2019.04.29-21.59.09:436][  0]LogSlate: Using FreeType 2.6.0
[2019.04.29-21.59.09:440][  0]LogSlate: SlateFontServices - WITH_FREETYPE: 1, WITH_HARFBUZZ: 1
[2019.04.29-21.59.09:598][  0]LogAssetRegistry: FAssetRegistry took 0.0287 seconds to start up
[2019.04.29-21.59.10:015][  0]LogInit: Selected Device Profile: [Windows]
[2019.04.29-21.59.10:291][  0]LogSimplygon: Simplygon DLL not present - disabling.
[2019.04.29-21.59.10:319][  0]LogMeshReduction: Using SimplygonSwarm for distributed automatic mesh merging
[2019.04.29-21.59.10:319][  0]LogMeshReduction: Using ProxyLODMeshReduction for automatic mesh merging
[2019.04.29-21.59.10:320][  0]LogMeshReduction: Using QuadricMeshReduction for automatic static mesh reduction
[2019.04.29-21.59.10:320][  0]LogMeshReduction: No automatic skeletal mesh reduction module available
[2019.04.29-21.59.10:359][  0]LogNetVersion: LY_ICWhiteBox 1.0.0, NetCL: 4212847, EngineNetVer: 5, GameNetVer: 0 (Checksum: 3295391644)
[2019.04.29-21.59.11:267][  0]LogPackageLocalizationCache: Processed 11 localized package path(s) for 2 prioritized culture(s) in 0.116414 seconds
[2019.04.29-21.59.11:277][  0]LogUObjectArray: 38425 objects as part of root set at end of initial load.
[2019.04.29-21.59.11:277][  0]LogUObjectAllocator: 6690872 out of 0 bytes used by permanent object pool.
[2019.04.29-21.59.11:277][  0]LogUObjectArray: CloseDisregardForGC: 0/0 objects in disregard for GC pool
[2019.04.29-21.59.13:397][  0]LogUdpMessaging: Initializing bridge on interface 0.0.0.0:0 to multicast group 230.0.0.1:6666.
[2019.04.29-21.59.13:465][  0]LogTcpMessaging: Initializing TcpMessaging bridge
[2019.04.29-21.59.13:891][  0]LogOcInput: OculusInput pre-init called
[2019.04.29-21.59.14:020][  0]LogAndroidPermission: UAndroidPermissionCallbackProxy::GetInstance
[2019.04.29-21.59.14:422][  0]SourceControl: Source control is disabled
[2019.04.29-21.59.14:422][  0]SourceControl: Source control is disabled
[2019.04.29-21.59.14:436][  0]SourceControl: Source control is disabled
[2019.04.29-21.59.14:443][  0]SourceControl: Source control is disabled
[2019.04.29-21.59.14:645][  0]LogEngine: Initializing Engine...
[2019.04.29-21.59.14:648][  0]LogHMD: Failed to initialize OpenVR with code 110
[2019.04.29-21.59.14:651][  0]LogStats: UGameplayTagsManager::ConstructGameplayTagTree: ImportINI prefixes -  0.001 s
[2019.04.29-21.59.14:651][  0]LogStats: UGameplayTagsManager::ConstructGameplayTagTree: Construct from data asset -  0.000 s
[2019.04.29-21.59.14:652][  0]LogStats: UGameplayTagsManager::ConstructGameplayTagTree: ImportINI -  0.000 s
[2019.04.29-21.59.14:652][  0]LogStats: UGameplayTagsManager::ConstructGameplayTagTree: GameplayTagTreeChangedEvent.Broadcast -  0.000 s
[2019.04.29-21.59.14:917][  0]LogInit: Initializing FReadOnlyCVARCache
[2019.04.29-21.59.14:966][  0]LogAIModule: Creating AISystem for world Untitled
[2019.04.29-21.59.15:004][  0]LogInit: XAudio2 using 'Speakers (Realtek High Definition Audio)' : 6 channels at 48 kHz using 32 bits per sample (channel mask 0x3f)
[2019.04.29-21.59.15:035][  0]LogInit: FAudioDevice initialized.
[2019.04.29-21.59.15:036][  0]LogNetVersion: Set ProjectVersion to 1.0.0.0. Version Checksum will be recalculated on next use.
[2019.04.29-21.59.15:374][  0]LogDerivedDataCache: Saved boot cache 0.34s 87MB C:/Users/u6004915/AppData/Local/UnrealEngine/4.20/DerivedDataCache/Boot.ddc.
[2019.04.29-21.59.15:421][  0]LogInit: Texture streaming: Enabled
[2019.04.29-21.59.15:458][  0]LogEngineSessionManager: EngineSessionManager initialized
[2019.04.29-21.59.15:611][  0]LogInit: Transaction tracking system initialized
[2019.04.29-21.59.15:679][  0]BlueprintLog: New page: Editor Load
[2019.04.29-21.59.15:928][  0]LocalizationService: Localization service is disabled
[2019.04.29-21.59.16:432][  0]LogCook: Display: Max memory allowance for cook 16384mb min free memory 0mb
[2019.04.29-21.59.16:433][  0]LogCook: Display: Mobile HDR setting 1
[2019.04.29-21.59.16:433][  0]LogGameplayTags: Display: UGameplayTagsManager::DoneAddingNativeTags. DelegateIsBound: 0
[2019.04.29-21.59.16:433][  0]LogStats: UGameplayTagsManager::ConstructGameplayTagTree: ImportINI prefixes -  0.000 s
[2019.04.29-21.59.16:433][  0]LogStats: UGameplayTagsManager::ConstructGameplayTagTree: Construct from data asset -  0.000 s
[2019.04.29-21.59.16:433][  0]LogStats: UGameplayTagsManager::ConstructGameplayTagTree: ImportINI -  0.000 s
[2019.04.29-21.59.16:433][  0]LogStats: UGameplayTagsManager::ConstructGameplayTagTree: GameplayTagTreeChangedEvent.Broadcast -  0.000 s
[2019.04.29-21.59.16:716][  0]LogFileCache: Scanning file cache for directory 'C:/Users/u6004915/Documents/GitHub/LY_AssetPipeline/LY_ICWhiteBox/Content/' took 0.02s
[2019.04.29-21.59.16:742][  0]SourceControl: Source control is disabled
[2019.04.29-21.59.16:742][  0]Cmd: MAP LOAD FILE="../../../Engine/Content/Maps/Templates/Template_Default.umap" TEMPLATE=1 SHOWPROGRESS=1 FEATURELEVEL=3
[2019.04.29-21.59.16:745][  0]LightingResults: New page: Lighting Build
[2019.04.29-21.59.16:755][  0]MapCheck: New page: Map Check
[2019.04.29-21.59.16:755][  0]LightingResults: New page: Lighting Build
[2019.04.29-21.59.17:044][  0]LogAIModule: Creating AISystem for world Untitled_1
[2019.04.29-21.59.17:070][  0]LogEditorServer: Finished looking for orphan Actors (0.000 secs)
[2019.04.29-21.59.17:095][  0]Cmd: MAP CHECKDEP NOCLEARLOG
[2019.04.29-21.59.17:275][  0]MapCheck: Map check complete: 0 Error(s), 0 Warning(s), took 178.68ms to complete.
[2019.04.29-21.59.17:275][  0]LogFileHelpers: Loading map 'Template_Default' took 0.532
[2019.04.29-21.59.17:346][  0]LogWindowsTextInputMethodSystem: Display: IME system now deactivated.
[2019.04.29-21.59.17:410][  0]LogSlate: Updating window title bar state: overlay mode, drag disabled, window buttons hidden, title bar hidden
[2019.04.29-21.59.17:417][  0]LogSlate: Updating window title bar state: overlay mode, drag disabled, window buttons hidden, title bar hidden
[2019.04.29-21.59.17:424][  0]LogSlate: Updating window title bar state: overlay mode, drag disabled, window buttons hidden, title bar hidden
[2019.04.29-21.59.17:432][  0]LogSlate: Updating window title bar state: overlay mode, drag disabled, window buttons hidden, title bar hidden
[2019.04.29-21.59.17:451][  0]LogCollectionManager: Loaded 0 collections in 0.003089 seconds
[2019.04.29-21.59.17:607][  0]LogFileCache: Scanning file cache for directory 'C:/Users/u6004915/Documents/GitHub/LY_AssetPipeline/LY_ICWhiteBox/Saved/Collections/' took 0.01s
[2019.04.29-21.59.17:607][  0]LogFileCache: Scanning file cache for directory 'C:/Users/u6004915/Documents/GitHub/LY_AssetPipeline/LY_ICWhiteBox/Content/Developers/u6004915/Collections/' took 0.01s
[2019.04.29-21.59.17:607][  0]LogFileCache: Scanning file cache for directory 'C:/Users/u6004915/Documents/GitHub/LY_AssetPipeline/LY_ICWhiteBox/Content/Collections/' took 0.01s
[2019.04.29-21.59.17:607][  0]LogCollectionManager: Rebuilt the GUID cache for 0 collections in 0.000000 seconds
[2019.04.29-21.59.17:620][  0]LogContentBrowser: Native class hierarchy populated in 0.0108 seconds. Added 2572 classes and 603 folders.
[2019.04.29-21.59.17:636][  0]LogContentBrowser: Native class hierarchy updated for 'WidgetCarousel' in 0.0003 seconds. Added 0 classes and 0 folders.
[2019.04.29-21.59.17:803][  0]LogContentBrowser: Native class hierarchy updated for 'AddContentDialog' in 0.0003 seconds. Added 0 classes and 0 folders.
[2019.04.29-21.59.17:820][  0]LogContentBrowser: Native class hierarchy updated for 'SceneOutliner' in 0.0003 seconds. Added 1 classes and 2 folders.
[2019.04.29-21.59.17:876][  0]LogSlate: Took 0.001698 seconds to synchronously load lazily loaded font '../../../Engine/Content/Slate/Fonts/Roboto-Regular.ttf' (155K)
[2019.04.29-21.59.17:881][  0]LogSlate: Took 0.002019 seconds to synchronously load lazily loaded font '../../../Engine/Content/Slate/Fonts/Roboto-Bold.ttf' (160K)
[2019.04.29-21.59.17:889][  0]LogSlate: Took 0.001545 seconds to synchronously load lazily loaded font '../../../Engine/Content/Editor/Slate/Fonts/FontAwesome.ttf' (139K)
[2019.04.29-21.59.17:986][  0]LogRenderer: Reallocating scene render targets to support 1208x576 Format 10 NumSamples 1 (Frame:1).
[2019.04.29-21.59.18:176][  0]LogContentBrowser: Native class hierarchy updated for 'HierarchicalLODOutliner' in 0.0003 seconds. Added 0 classes and 0 folders.
[2019.04.29-21.59.18:176][  0]LogLoad: (Engine Initialization) Total time: 20.54 seconds
[2019.04.29-21.59.18:176][  0]LogLoad: (Engine Initialization) Total Blueprint compile time: 0.00 seconds
[2019.04.29-21.59.18:209][  0]LogContentStreaming: Texture pool size now 1000 MB
[2019.04.29-21.59.18:228][  0]LogSlate: Took 0.001638 seconds to synchronously load lazily loaded font '../../../Engine/Content/Slate/Fonts/Roboto-Light.ttf' (167K)
[2019.04.29-21.59.18:264][  1]LogAssetRegistry: Asset discovery search completed in 8.6883 seconds
[2019.04.29-21.59.18:265][  1]LogCollectionManager: Rebuilt the object cache for 0 collections in 0.000000 seconds (found 0 objects)
[2019.04.29-21.59.18:265][  1]LogCollectionManager: Fixed up redirectors for 0 collections in 0.000046 seconds (updated 0 objects)
[2019.04.29-21.59.40:636][496]LogSlate: FSceneViewport::OnFocusLost() reason 0
[2019.04.29-21.59.40:801][515]LogSlate: Took 0.000379 seconds to synchronously load lazily loaded font '../../../Engine/Content/Slate/Fonts/Roboto-Light.ttf' (167K)
[2019.04.29-21.59.45:786][515]LogAIModule: Creating AISystem for world LY_ICWhiteBox
[2019.04.29-21.59.45:953][515]LogAssetEditorManager: Opening Asset editor for World /Game/LY_ICWhiteBox.LY_ICWhiteBox
[2019.04.29-21.59.46:004][515]Cmd: MAP LOAD FILE="../../../../../../Users/u6004915/Documents/GitHub/LY_AssetPipeline/LY_ICWhiteBox/Content/LY_ICWhiteBox.umap" TEMPLATE=0 SHOWPROGRESS=1 FEATURELEVEL=3
[2019.04.29-21.59.46:004][515]LightingResults: New page: Lighting Build
[2019.04.29-21.59.46:005][515]LoadErrors: New page: Loading map: LY_ICWhiteBox.umap
[2019.04.29-21.59.46:019][515]MapCheck: New page: Map Check
[2019.04.29-21.59.46:019][515]LightingResults: New page: Lighting Build
[2019.04.29-21.59.46:244][515]LogEditorServer: Finished looking for orphan Actors (0.001 secs)
[2019.04.29-21.59.46:313][515]Cmd: MAP CHECKDEP NOCLEARLOG
[2019.04.29-21.59.46:522][515]MapCheck: Map check complete: 0 Error(s), 0 Warning(s), took 209.378ms to complete.
[2019.04.29-21.59.46:524][515]LogFileHelpers: Loading map 'LY_ICWhiteBox' took 0.521
[2019.04.29-22.00.13:722][248]LogSlate: Window 'Delete Assets' being destroyed
[2019.04.29-22.00.16:342][389]LogEditorViewport: Clicking on Actor (LMB): StaticMeshActor (Vehicle)
[2019.04.29-22.00.16:924][411]Cmd: CAMERA ALIGN ACTIVEVIEWPORTONLY
[2019.04.29-22.00.17:999][472]LogEditorViewport: Clicking on Actor (LMB): StaticMeshActor (Brush_WalkWay543)
[2019.04.29-22.00.33:774][634]LogSlate: FSceneViewport::OnFocusLost() reason 0
[2019.04.29-22.00.46:534][324]LogTexture: Display: Building textures: LY_WoodTileable001 (AutoDXT, 2048X2048)
[2019.04.29-22.00.46:534][324]LogTexture: Display: Building textures: LY_WoodTileable001Normal (BC5, 2048X2048)
[2019.04.29-22.00.46:674][324]Cmd: OBJ SAVEPACKAGE PACKAGE="/Game/Extra/BlackText" FILE="../../../../../../Users/u6004915/Documents/GitHub/LY_AssetPipeline/LY_ICWhiteBox/Content/Extra/BlackText.uasset" SILENT=true
[2019.04.29-22.00.46:686][324]LogSavePackage: Moving '../../../../../../Users/u6004915/Documents/GitHub/LY_AssetPipeline/LY_ICWhiteBox/Saved/BlackText252E91FA4BDA67B55414A3AC795FF300.tmp' to '../../../../../../Users/u6004915/Documents/GitHub/LY_AssetPipeline/LY_ICWhiteBox/Content/Extra/BlackText.uasset'
[2019.04.29-22.00.46:703][324]Cmd: OBJ SAVEPACKAGE PACKAGE="/Game/Extra/LY_WoodTileable001" FILE="../../../../../../Users/u6004915/Documents/GitHub/LY_AssetPipeline/LY_ICWhiteBox/Content/Extra/LY_WoodTileable001.uasset" SILENT=true
[2019.04.29-22.00.46:750][324]LogSavePackage: Moving '../../../../../../Users/u6004915/Documents/GitHub/LY_AssetPipeline/LY_ICWhiteBox/Saved/LY_WoodTileable001738678914781E263B9A7F1BE19AFDB40.tmp' to '../../../../../../Users/u6004915/Documents/GitHub/LY_AssetPipeline/LY_ICWhiteBox/Content/Extra/LY_WoodTileable001.uasset'
[2019.04.29-22.00.46:864][324]LogSavePackage: Moving '../../../../../../Users/u6004915/Documents/GitHub/LY_AssetPipeline/LY_ICWhiteBox/Saved/LY_WoodTileable001NormalF49822E5488DD007EAA3D8A40806AAB0.tmp' to '../../../../../../Users/u6004915/Documents/GitHub/LY_AssetPipeline/LY_ICWhiteBox/Content/Extra/LY_WoodTileable001Normal.uasset'
[2019.04.29-22.00.47:267][324]Cmd: OBJ SAVEPACKAGE PACKAGE="/Game/LY_Bldg/lambert10SG" FILE="../../../../../../Users/u6004915/Documents/GitHub/LY_AssetPipeline/LY_ICWhiteBox/Content/LY_Bldg/lambert10SG.uasset" SILENT=true
[2019.04.29-22.00.47:314][324]LogSavePackage: Moving '../../../../../../Users/u6004915/Documents/GitHub/LY_AssetPipeline/LY_ICWhiteBox/Saved/lambert10SG343C585E41E165FBB962CA9BDD179EA3.tmp' to '../../../../../../Users/u6004915/Documents/GitHub/LY_AssetPipeline/LY_ICWhiteBox/Content/LY_Bldg/lambert10SG.uasset'
[2019.04.29-22.00.47:350][324]Cmd: OBJ SAVEPACKAGE PACKAGE="/Game/LY_Bldg/lambert6SG" FILE="../../../../../../Users/u6004915/Documents/GitHub/LY_AssetPipeline/LY_ICWhiteBox/Content/LY_Bldg/lambert6SG.uasset" SILENT=true
[2019.04.29-22.00.47:387][324]LogSavePackage: Moving '../../../../../../Users/u6004915/Documents/GitHub/LY_AssetPipeline/LY_ICWhiteBox/Saved/lambert6SG987A754F4072CA6A58CB038808DF4625.tmp' to '../../../../../../Users/u6004915/Documents/GitHub/LY_AssetPipeline/LY_ICWhiteBox/Content/LY_Bldg/lambert6SG.uasset'
[2019.04.29-22.00.47:426][324]Cmd: OBJ SAVEPACKAGE PACKAGE="/Game/LY_Gazebo/lambert18SG" FILE="../../../../../../Users/u6004915/Documents/GitHub/LY_AssetPipeline/LY_ICWhiteBox/Content/LY_Gazebo/lambert18SG.uasset" SILENT=true
[2019.04.29-22.00.47:462][324]LogSavePackage: Moving '../../../../../../Users/u6004915/Documents/GitHub/LY_AssetPipeline/LY_ICWhiteBox/Saved/lambert18SG213827BA4A27F2CD995542A49D495A6D.tmp' to '../../../../../../Users/u6004915/Documents/GitHub/LY_AssetPipeline/LY_ICWhiteBox/Content/LY_Gazebo/lambert18SG.uasset'
[2019.04.29-22.00.47:501][324]Cmd: OBJ SAVEPACKAGE PACKAGE="/Game/LY_Roof/lambert14SG" FILE="../../../../../../Users/u6004915/Documents/GitHub/LY_AssetPipeline/LY_ICWhiteBox/Content/LY_Roof/lambert14SG.uasset" SILENT=true
[2019.04.29-22.00.47:538][324]LogSavePackage: Moving '../../../../../../Users/u6004915/Documents/GitHub/LY_AssetPipeline/LY_ICWhiteBox/Saved/lambert14SGBF6405154DA3EE4C51350BA868B7490B.tmp' to '../../../../../../Users/u6004915/Documents/GitHub/LY_AssetPipeline/LY_ICWhiteBox/Content/LY_Roof/lambert14SG.uasset'
[2019.04.29-22.00.47:574][324]Cmd: OBJ SAVEPACKAGE PACKAGE="/Game/LY_Roof/lambert3SG" FILE="../../../../../../Users/u6004915/Documents/GitHub/LY_AssetPipeline/LY_ICWhiteBox/Content/LY_Roof/lambert3SG.uasset" SILENT=true
[2019.04.29-22.00.47:615][324]LogSavePackage: Moving '../../../../../../Users/u6004915/Documents/GitHub/LY_AssetPipeline/LY_ICWhiteBox/Saved/lambert3SG9642A48E44A57CFEE1BEF4B0BA17D74D.tmp' to '../../../../../../Users/u6004915/Documents/GitHub/LY_AssetPipeline/LY_ICWhiteBox/Content/LY_Roof/lambert3SG.uasset'
[2019.04.29-22.00.47:653][324]Cmd: OBJ SAVEPACKAGE PACKAGE="/Game/LY_Roof/lambert8SG" FILE="../../../../../../Users/u6004915/Documents/GitHub/LY_AssetPipeline/LY_ICWhiteBox/Content/LY_Roof/lambert8SG.uasset" SILENT=true
[2019.04.29-22.00.47:691][324]LogSavePackage: Moving '../../../../../../Users/u6004915/Documents/GitHub/LY_AssetPipeline/LY_ICWhiteBox/Saved/lambert8SG886CAAD546AB0DAF4DB66D904988FD95.tmp' to '../../../../../../Users/u6004915/Documents/GitHub/LY_AssetPipeline/LY_ICWhiteBox/Content/LY_Roof/lambert8SG.uasset'
[2019.04.29-22.00.47:729][324]Cmd: OBJ SAVEPACKAGE PACKAGE="/Game/LY_Wall/lambert11SG" FILE="../../../../../../Users/u6004915/Documents/GitHub/LY_AssetPipeline/LY_ICWhiteBox/Content/LY_Wall/lambert11SG.uasset" SILENT=true
[2019.04.29-22.00.47:768][324]LogSavePackage: Moving '../../../../../../Users/u6004915/Documents/GitHub/LY_AssetPipeline/LY_ICWhiteBox/Saved/lambert11SGBABD8D2A431198C7619FA3B01D10C123.tmp' to '../../../../../../Users/u6004915/Documents/GitHub/LY_AssetPipeline/LY_ICWhiteBox/Content/LY_Wall/lambert11SG.uasset'
[2019.04.29-22.00.47:808][324]Cmd: OBJ SAVEPACKAGE PACKAGE="/Game/LY_Wall/lambert12SG" FILE="../../../../../../Users/u6004915/Documents/GitHub/LY_AssetPipeline/LY_ICWhiteBox/Content/LY_Wall/lambert12SG.uasset" SILENT=true
[2019.04.29-22.00.47:850][324]LogSavePackage: Moving '../../../../../../Users/u6004915/Documents/GitHub/LY_AssetPipeline/LY_ICWhiteBox/Saved/lambert12SGE04786984D17C526538FFAAE158EB4D3.tmp' to '../../../../../../Users/u6004915/Documents/GitHub/LY_AssetPipeline/LY_ICWhiteBox/Content/LY_Wall/lambert12SG.uasset'
[2019.04.29-22.00.47:887][324]Cmd: OBJ SAVEPACKAGE PACKAGE="/Game/LY_Wall/lambert5SG" FILE="../../../../../../Users/u6004915/Documents/GitHub/LY_AssetPipeline/LY_ICWhiteBox/Content/LY_Wall/lambert5SG.uasset" SILENT=true
[2019.04.29-22.00.47:930][324]LogSavePackage: Moving '../../../../../../Users/u6004915/Documents/GitHub/LY_AssetPipeline/LY_ICWhiteBox/Saved/lambert5SGECD2DAD04138DC33720BA591E1C31676.tmp' to '../../../../../../Users/u6004915/Documents/GitHub/LY_AssetPipeline/LY_ICWhiteBox/Content/LY_Wall/lambert5SG.uasset'
[2019.04.29-22.00.58:228][999]Cmd: OBJ SAVEPACKAGE PACKAGE="/Game/LY_Xtra/BlackText" FILE="../../../../../../Users/u6004915/Documents/GitHub/LY_AssetPipeline/LY_ICWhiteBox/Content/LY_Xtra/BlackText.uasset" SILENT=true
[2019.04.29-22.00.58:237][999]LogSavePackage: Moving '../../../../../../Users/u6004915/Documents/GitHub/LY_AssetPipeline/LY_ICWhiteBox/Saved/BlackText10F46D7D42D0360F1AC1B597C36E5BCA.tmp' to '../../../../../../Users/u6004915/Documents/GitHub/LY_AssetPipeline/LY_ICWhiteBox/Content/LY_Xtra/BlackText.uasset'
[2019.04.29-22.00.58:348][999]LogSavePackage: Moving '../../../../../../Users/u6004915/Documents/GitHub/LY_AssetPipeline/LY_ICWhiteBox/Saved/LY_WoodTileable001NormalC50E0F3E4F7D79133A0C66B2136F4526.tmp' to '../../../../../../Users/u6004915/Documents/GitHub/LY_AssetPipeline/LY_ICWhiteBox/Content/LY_Xtra/LY_WoodTileable001Normal.uasset'
[2019.04.29-22.00.58:413][999]LogSavePackage: Moving '../../../../../../Users/u6004915/Documents/GitHub/LY_AssetPipeline/LY_ICWhiteBox/Saved/LY_WoodTileable001D7508E0142E477332A713584427CE725.tmp' to '../../../../../../Users/u6004915/Documents/GitHub/LY_AssetPipeline/LY_ICWhiteBox/Content/LY_Xtra/LY_WoodTileable001.uasset'
[2019.04.29-22.00.58:771][999]Cmd: OBJ SAVEPACKAGE PACKAGE="/Game/LY_Bldg/lambert10SG" FILE="../../../../../../Users/u6004915/Documents/GitHub/LY_AssetPipeline/LY_ICWhiteBox/Content/LY_Bldg/lambert10SG.uasset" SILENT=true
[2019.04.29-22.00.58:800][999]LogSavePackage: Moving '../../../../../../Users/u6004915/Documents/GitHub/LY_AssetPipeline/LY_ICWhiteBox/Saved/lambert10SGC409775D43F2FD261C8C86AC8F0A1B6A.tmp' to '../../../../../../Users/u6004915/Documents/GitHub/LY_AssetPipeline/LY_ICWhiteBox/Content/LY_Bldg/lambert10SG.uasset'
[2019.04.29-22.00.58:805][999]Cmd: OBJ SAVEPACKAGE PACKAGE="/Game/LY_Bldg/lambert6SG" FILE="../../../../../../Users/u6004915/Documents/GitHub/LY_AssetPipeline/LY_ICWhiteBox/Content/LY_Bldg/lambert6SG.uasset" SILENT=true
[2019.04.29-22.00.58:834][999]LogSavePackage: Moving '../../../../../../Users/u6004915/Documents/GitHub/LY_AssetPipeline/LY_ICWhiteBox/Saved/lambert6SG93085AA34CF1C2072D8AB8AFE48DD4CE.tmp' to '../../../../../../Users/u6004915/Documents/GitHub/LY_AssetPipeline/LY_ICWhiteBox/Content/LY_Bldg/lambert6SG.uasset'
[2019.04.29-22.00.58:839][999]Cmd: OBJ SAVEPACKAGE PACKAGE="/Game/LY_Gazebo/lambert18SG" FILE="../../../../../../Users/u6004915/Documents/GitHub/LY_AssetPipeline/LY_ICWhiteBox/Content/LY_Gazebo/lambert18SG.uasset" SILENT=true
[2019.04.29-22.00.58:868][999]LogSavePackage: Moving '../../../../../../Users/u6004915/Documents/GitHub/LY_AssetPipeline/LY_ICWhiteBox/Saved/lambert18SGB5E0B8624F4A49ED23E1DB8BCE49154D.tmp' to '../../../../../../Users/u6004915/Documents/GitHub/LY_AssetPipeline/LY_ICWhiteBox/Content/LY_Gazebo/lambert18SG.uasset'
[2019.04.29-22.00.58:873][999]Cmd: OBJ SAVEPACKAGE PACKAGE="/Game/LY_Roof/lambert14SG" FILE="../../../../../../Users/u6004915/Documents/GitHub/LY_AssetPipeline/LY_ICWhiteBox/Content/LY_Roof/lambert14SG.uasset" SILENT=true
[2019.04.29-22.00.58:902][999]LogSavePackage: Moving '../../../../../../Users/u6004915/Documents/GitHub/LY_AssetPipeline/LY_ICWhiteBox/Saved/lambert14SG2917AD8645A5E79C198A409964657A77.tmp' to '../../../../../../Users/u6004915/Documents/GitHub/LY_AssetPipeline/LY_ICWhiteBox/Content/LY_Roof/lambert14SG.uasset'
[2019.04.29-22.00.58:908][999]Cmd: OBJ SAVEPACKAGE PACKAGE="/Game/LY_Roof/lambert3SG" FILE="../../../../../../Users/u6004915/Documents/GitHub/LY_AssetPipeline/LY_ICWhiteBox/Content/LY_Roof/lambert3SG.uasset" SILENT=true
[2019.04.29-22.00.58:937][999]LogSavePackage: Moving '../../../../../../Users/u6004915/Documents/GitHub/LY_AssetPipeline/LY_ICWhiteBox/Saved/lambert3SG70E5FDEC4467432C0056C199EDF439BF.tmp' to '../../../../../../Users/u6004915/Documents/GitHub/LY_AssetPipeline/LY_ICWhiteBox/Content/LY_Roof/lambert3SG.uasset'
[2019.04.29-22.00.58:942][999]Cmd: OBJ SAVEPACKAGE PACKAGE="/Game/LY_Roof/lambert8SG" FILE="../../../../../../Users/u6004915/Documents/GitHub/LY_AssetPipeline/LY_ICWhiteBox/Content/LY_Roof/lambert8SG.uasset" SILENT=true
[2019.04.29-22.00.58:971][999]LogSavePackage: Moving '../../../../../../Users/u6004915/Documents/GitHub/LY_AssetPipeline/LY_ICWhiteBox/Saved/lambert8SG468801A24C95C0DCF667C489BE02F99A.tmp' to '../../../../../../Users/u6004915/Documents/GitHub/LY_AssetPipeline/LY_ICWhiteBox/Content/LY_Roof/lambert8SG.uasset'
[2019.04.29-22.00.58:977][999]Cmd: OBJ SAVEPACKAGE PACKAGE="/Game/LY_Wall/lambert11SG" FILE="../../../../../../Users/u6004915/Documents/GitHub/LY_AssetPipeline/LY_ICWhiteBox/Content/LY_Wall/lambert11SG.uasset" SILENT=true
[2019.04.29-22.00.59:005][999]LogSavePackage: Moving '../../../../../../Users/u6004915/Documents/GitHub/LY_AssetPipeline/LY_ICWhiteBox/Saved/lambert11SG1E60C9F64715FEF2E0E431A0CCC7BE89.tmp' to '../../../../../../Users/u6004915/Documents/GitHub/LY_AssetPipeline/LY_ICWhiteBox/Content/LY_Wall/lambert11SG.uasset'
[2019.04.29-22.00.59:011][999]Cmd: OBJ SAVEPACKAGE PACKAGE="/Game/LY_Wall/lambert12SG" FILE="../../../../../../Users/u6004915/Documents/GitHub/LY_AssetPipeline/LY_ICWhiteBox/Content/LY_Wall/lambert12SG.uasset" SILENT=true
[2019.04.29-22.00.59:044][999]LogSavePackage: Moving '../../../../../../Users/u6004915/Documents/GitHub/LY_AssetPipeline/LY_ICWhiteBox/Saved/lambert12SG7CBB9A6A4C7E83D06FA4EAB4A631D2BC.tmp' to '../../../../../../Users/u6004915/Documents/GitHub/LY_AssetPipeline/LY_ICWhiteBox/Content/LY_Wall/lambert12SG.uasset'
[2019.04.29-22.00.59:050][999]Cmd: OBJ SAVEPACKAGE PACKAGE="/Game/LY_Wall/lambert5SG" FILE="../../../../../../Users/u6004915/Documents/GitHub/LY_AssetPipeline/LY_ICWhiteBox/Content/LY_Wall/lambert5SG.uasset" SILENT=true
[2019.04.29-22.00.59:079][999]LogSavePackage: Moving '../../../../../../Users/u6004915/Documents/GitHub/LY_AssetPipeline/LY_ICWhiteBox/Saved/lambert5SG8936F9CA4C6B46A5B091DFB7078755F4.tmp' to '../../../../../../Users/u6004915/Documents/GitHub/LY_AssetPipeline/LY_ICWhiteBox/Content/LY_Wall/lambert5SG.uasset'
[2019.04.29-22.01.38:656][523]LogFactory: FactoryCreateFile: StaticMesh with FbxFactory (0 0 ../../../../../../Users/u6004915/Documents/GitHub/LY_AssetPipeline/Maya/Blocks/LY_OCBlocks/Exports/Shrine.obj)
[2019.04.29-22.01.38:687][523]LogFbx: Loading FBX Scene from ../../../../../../Users/u6004915/Documents/GitHub/LY_AssetPipeline/Maya/Blocks/LY_OCBlocks/Exports/Shrine.obj
[2019.04.29-22.01.38:701][523]LogFbx: FBX Scene Loaded Succesfully
[2019.04.29-22.01.40:424][523]LogSlate: Window 'FBX Import Options' being destroyed
[2019.04.29-22.01.40:635][523]LogLinker: Can't find file '/Game/LY_Decor/WoodText9'
[2019.04.29-22.01.40:635][523]LogLinker: Can't find file '/Game/LY_Decor/WoodText9'
[2019.04.29-22.01.40:744][523]LogTexture: Display: Building textures: WoodText9 (AutoDXT, 2048X2048)
[2019.04.29-22.01.42:527][523]LogMaterial: Display: Missing cached shader map for material lambert8SG, compiling. 
[2019.04.29-22.01.42:628][523]LogShaderCompilers: Display: Shaders left to compile 22
[2019.04.29-22.01.42:628][523]LogShaderCompilers: Display: Shaders left to compile 12
[2019.04.29-22.01.42:628][523]LogShaderCompilers: Display: Shaders left to compile 2
[2019.04.29-22.01.42:859][523]LogTexture: Display: Building textures: WoodText9 (AutoDXT, 2048X2048)
[2019.04.29-22.01.44:665][523]LogMaterial: Display: Missing cached shader map for material lambert10SG, compiling. 
[2019.04.29-22.01.44:713][523]LogShaderCompilers: Display: Shaders left to compile 22
[2019.04.29-22.01.44:713][523]LogFbx: Warning: Triangulating static mesh BigRoof1
[2019.04.29-22.01.44:859][523]LogStaticMesh: Building static mesh Shrine...
[2019.04.29-22.01.44:878][523]LogStaticMesh: Built static mesh [0.02s] /Game/LY_Decor/Shrine.Shrine
[2019.04.29-22.01.47:996][650]LogShaderCompilers: Display: Shaders left to compile 12
[2019.04.29-22.01.48:587][676]LogShaderCompilers: Display: Shaders left to compile 2
[2019.04.29-22.02.05:834][543]LogAssetEditorManager: Opening Asset editor for Material /Game/LY_Gate/lambert13SG.lambert13SG
[2019.04.29-22.02.05:843][543]LogMaterial: Display: Missing cached shader map for material lambert13SG, compiling. 
[2019.04.29-22.02.06:256][543]LogMaterial: Display: Missing cached shader map for material lambert13SG, compiling. 
[2019.04.29-22.02.06:269][543]LogShaderCompilers: Display: Shaders left to compile 21
[2019.04.29-22.02.06:269][543]LogShaderCompilers: Display: Shaders left to compile 20
[2019.04.29-22.02.06:269][543]LogShaderCompilers: Display: Shaders left to compile 19
[2019.04.29-22.02.06:271][543]LogMaterial: Display: Missing cached shader map for material lambert13SG, compiling. 
[2019.04.29-22.02.06:312][543]LogMaterial: Display: Missing cached shader map for material FMatExpressionPreview MaterialExpressionTextureSampleParameter2D_1, compiling. 
[2019.04.29-22.02.06:317][543]LogMaterial: Display: Missing cached shader map for material FMatExpressionPreview MaterialExpressionTextureSampleParameter2D_0, compiling. 
[2019.04.29-22.02.06:322][543]LogMaterial: Display: Missing cached shader map for material FMatExpressionPreview MaterialExpressionTextureCoordinate_0, compiling. 
[2019.04.29-22.02.06:326][543]LogMaterial: Display: Missing cached shader map for material FMatExpressionPreview MaterialExpressionVectorParameter_0, compiling. 
[2019.04.29-22.02.06:357][543]LogSlate: Took 0.002117 seconds to synchronously load lazily loaded font '../../../Engine/Content/Slate/Fonts/Roboto-BoldCondensed.ttf' (158K)
[2019.04.29-22.02.06:524][544]LogSlate: Took 0.001640 seconds to synchronously load lazily loaded font '../../../Engine/Content/Slate/Fonts/Roboto-Italic.ttf' (157K)
[2019.04.29-22.02.06:596][551]LogShaderCompilers: Display: Shaders left to compile 29
[2019.04.29-22.02.06:596][551]LogShaderCompilers: Display: Shaders left to compile 28
[2019.04.29-22.02.06:612][553]LogShaderCompilers: Display: Shaders left to compile 27
[2019.04.29-22.02.06:974][594]LogShaderCompilers: Display: Shaders left to compile 26
[2019.04.29-22.02.06:983][595]LogShaderCompilers: Display: Shaders left to compile 25
[2019.04.29-22.02.07:018][599]LogShaderCompilers: Display: Shaders left to compile 24
[2019.04.29-22.02.07:275][626]LogShaderCompilers: Display: Shaders left to compile 23
[2019.04.29-22.02.07:275][626]LogShaderCompilers: Display: Shaders left to compile 22
[2019.04.29-22.02.07:338][633]LogShaderCompilers: Display: Shaders left to compile 21
[2019.04.29-22.02.07:521][654]LogShaderCompilers: Display: Shaders left to compile 20
[2019.04.29-22.02.07:571][660]LogShaderCompilers: Display: Shaders left to compile 19
[2019.04.29-22.02.07:581][661]LogShaderCompilers: Display: Shaders left to compile 18
[2019.04.29-22.02.07:916][696]LogShaderCompilers: Display: Shaders left to compile 17
[2019.04.29-22.02.08:317][739]LogShaderCompilers: Display: Shaders left to compile 16
[2019.04.29-22.02.08:317][739]LogShaderCompilers: Display: Shaders left to compile 15
[2019.04.29-22.02.08:645][775]LogShaderCompilers: Display: Shaders left to compile 14
[2019.04.29-22.02.08:654][776]LogShaderCompilers: Display: Shaders left to compile 13
[2019.04.29-22.02.09:066][823]LogShaderCompilers: Display: Shaders left to compile 12
[2019.04.29-22.02.09:389][856]LogShaderCompilers: Display: Shaders left to compile 11
[2019.04.29-22.02.09:418][859]LogShaderCompilers: Display: Shaders left to compile 10
[2019.04.29-22.02.09:544][874]LogShaderCompilers: Display: Shaders left to compile 9
[2019.04.29-22.02.10:024][903]LogShaderCompilers: Display: Shaders left to compile 8
[2019.04.29-22.02.10:192][909]LogShaderCompilers: Display: Shaders left to compile 7
[2019.04.29-22.02.10:293][915]LogShaderCompilers: Display: Shaders left to compile 6
[2019.04.29-22.02.10:363][917]MaterialEditorStats: Base pass shader: 116 instructions
[2019.04.29-22.02.10:363][917]MaterialEditorStats: Base pass shader with Volumetric Lightmap: 190 instructions
[2019.04.29-22.02.10:363][917]MaterialEditorStats: Base pass vertex shader: 36 instructions
[2019.04.29-22.02.10:363][917]MaterialEditorStats: Texture samplers: 5/16
[2019.04.29-22.02.10:363][917]MaterialEditorStats: Texture Lookups (Est.): VS(0), PS(2)
[2019.04.29-22.02.10:363][917]MaterialEditorStats: User interpolators: 2/4 Scalars (1/4 Vectors) (TexCoords: 2, Custom: 0)
[2019.04.29-22.02.10:755][932]LogShaderCompilers: Display: Shaders left to compile 5
[2019.04.29-22.02.10:767][933]LogShaderCompilers: Display: Shaders left to compile 4
[2019.04.29-22.02.11:050][948]LogShaderCompilers: Display: Shaders left to compile 3
[2019.04.29-22.02.11:277][957]LogShaderCompilers: Display: Shaders left to compile 2
[2019.04.29-22.02.11:497][966]LogShaderCompilers: Display: Shaders left to compile 1
[2019.04.29-22.02.18:986][319]LogAssetEditorManager: Opening Asset editor for Material /Game/LY_Decor/lambert10SG.lambert10SG
[2019.04.29-22.02.18:989][319]LogMaterial: Display: Missing cached shader map for material lambert10SG, compiling. 
[2019.04.29-22.02.19:059][319]LogMaterial: Display: Missing cached shader map for material lambert10SG, compiling. 
[2019.04.29-22.02.19:073][319]LogMaterial: Display: Missing cached shader map for material lambert10SG, compiling. 
[2019.04.29-22.02.19:088][319]LogShaderCompilers: Display: Shaders left to compile 21
[2019.04.29-22.02.19:088][319]LogShaderCompilers: Display: Shaders left to compile 20
[2019.04.29-22.02.19:088][319]LogShaderCompilers: Display: Shaders left to compile 19
[2019.04.29-22.02.19:113][319]LogMaterial: Display: Missing cached shader map for material FMatExpressionPreview MaterialExpressionTextureSample_0, compiling. 
[2019.04.29-22.02.19:688][340]LogShaderCompilers: Display: Shaders left to compile 20
[2019.04.29-22.02.19:741][342]LogShaderCompilers: Display: Shaders left to compile 19
[2019.04.29-22.02.19:755][343]LogShaderCompilers: Display: Shaders left to compile 18
[2019.04.29-22.02.20:165][361]LogShaderCompilers: Display: Shaders left to compile 17
[2019.04.29-22.02.20:210][361]LogShaderCompilers: Display: Shaders left to compile 16
[2019.04.29-22.02.20:382][369]LogShaderCompilers: Display: Shaders left to compile 15
[2019.04.29-22.02.20:652][381]LogShaderCompilers: Display: Shaders left to compile 14
[2019.04.29-22.02.20:652][381]LogShaderCompilers: Display: Shaders left to compile 13
[2019.04.29-22.02.20:822][387]LogShaderCompilers: Display: Shaders left to compile 12
[2019.04.29-22.02.21:129][417]LogShaderCompilers: Display: Shaders left to compile 11
[2019.04.29-22.02.21:129][417]LogShaderCompilers: Display: Shaders left to compile 10
[2019.04.29-22.02.21:150][419]LogSlate: Window 'lambert10SG*' being destroyed
[2019.04.29-22.02.21:235][429]LogShaderCompilers: Display: Shaders left to compile 9
[2019.04.29-22.02.21:678][479]LogShaderCompilers: Display: Shaders left to compile 8
[2019.04.29-22.02.21:689][480]LogShaderCompilers: Display: Shaders left to compile 7
[2019.04.29-22.02.21:767][489]LogShaderCompilers: Display: Shaders left to compile 6
[2019.04.29-22.02.22:189][537]LogShaderCompilers: Display: Shaders left to compile 5
[2019.04.29-22.02.22:268][546]LogShaderCompilers: Display: Shaders left to compile 4
[2019.04.29-22.02.22:301][550]LogShaderCompilers: Display: Shaders left to compile 3
[2019.04.29-22.02.22:614][585]LogShaderCompilers: Display: Shaders left to compile 2
[2019.04.29-22.02.22:649][589]LogShaderCompilers: Display: Shaders left to compile 1
[2019.04.29-22.02.22:778][601]MaterialEditorStats: Base pass shader: 102 instructions
[2019.04.29-22.02.22:778][601]MaterialEditorStats: Base pass shader with Volumetric Lightmap: 175 instructions
[2019.04.29-22.02.22:778][601]MaterialEditorStats: Base pass vertex shader: 36 instructions
[2019.04.29-22.02.22:779][601]MaterialEditorStats: Texture samplers: 4/16
[2019.04.29-22.02.22:779][601]MaterialEditorStats: Texture Lookups (Est.): VS(0), PS(1)
[2019.04.29-22.02.22:779][601]MaterialEditorStats: User interpolators: 2/4 Scalars (1/4 Vectors) (TexCoords: 2, Custom: 0)
[2019.04.29-22.02.26:904][ 81]LogUObjectHash: Warning: Ambiguous search, could be MaterialGraphNode /Engine/Transient.lambert13SG:MaterialGraph_0.MaterialGraphNode_5 or MaterialGraphNode /Engine/Transient.lambert10SG:MaterialGraph_0.MaterialGraphNode_5
[2019.04.29-22.02.26:904][ 81]LogProperty: Warning: ObjectProperty /Script/Engine.ExpressionInput:Expression: unresolved reference to 'MaterialExpressionMultiply'"MaterialGraphNode_5.MaterialExpressionMultiply_1"')'
[2019.04.29-22.02.26:905][ 81]LogUObjectHash: Warning: Ambiguous search, could be MaterialGraphNode /Engine/Transient.lambert13SG:MaterialGraph_0.MaterialGraphNode_15 or MaterialGraphNode /Engine/Transient.lambert10SG:MaterialGraph_0.MaterialGraphNode_15
[2019.04.29-22.02.26:905][ 81]LogProperty: Warning: ObjectProperty /Script/Engine.ExpressionInput:Expression: unresolved reference to 'MaterialExpressionAdd'"MaterialGraphNode_15.MaterialExpressionAdd_0"')'
[2019.04.29-22.02.26:905][ 81]LogUObjectHash: Warning: Ambiguous search, could be MaterialGraphNode /Engine/Transient.lambert13SG:MaterialGraph_0.MaterialGraphNode_16 or MaterialGraphNode /Engine/Transient.lambert10SG:MaterialGraph_0.MaterialGraphNode_16
[2019.04.29-22.02.26:906][ 81]LogProperty: Warning: ObjectProperty /Script/Engine.ExpressionInput:Expression: unresolved reference to 'MaterialExpressionVectorParameter'"MaterialGraphNode_16.MaterialExpressionVectorParameter_0"',Mask=1,MaskR=1,MaskG=1,MaskB=1)'
[2019.04.29-22.02.26:906][ 81]LogUObjectHash: Warning: Ambiguous search, could be MaterialGraphNode /Engine/Transient.lambert13SG:MaterialGraph_0.MaterialGraphNode_6 or MaterialGraphNode /Engine/Transient.lambert10SG:MaterialGraph_0.MaterialGraphNode_6
[2019.04.29-22.02.26:906][ 81]LogProperty: Warning: ObjectProperty /Script/Engine.ExpressionInput:Expression: unresolved reference to 'MaterialExpressionTextureSampleParameter2D'"MaterialGraphNode_6.MaterialExpressionTextureSampleParameter2D_0"',Mask=1,MaskR=1,MaskG=1,MaskB=1)'
[2019.04.29-22.02.26:906][ 81]LogUObjectHash: Warning: Ambiguous search, could be MaterialGraphNode /Engine/Transient.lambert13SG:MaterialGraph_0.MaterialGraphNode_15 or MaterialGraphNode /Engine/Transient.lambert10SG:MaterialGraph_0.MaterialGraphNode_15
[2019.04.29-22.02.26:906][ 81]LogProperty: Warning: ObjectProperty /Script/Engine.ExpressionInput:Expression: unresolved reference to 'MaterialExpressionAdd'"MaterialGraphNode_15.MaterialExpressionAdd_0"')'
[2019.04.29-22.02.26:907][ 81]LogUObjectHash: Warning: Ambiguous search, could be MaterialGraphNode /Engine/Transient.lambert13SG:MaterialGraph_0.MaterialGraphNode_8 or MaterialGraphNode /Engine/Transient.lambert10SG:MaterialGraph_0.MaterialGraphNode_8
[2019.04.29-22.02.26:907][ 81]LogProperty: Warning: ObjectProperty /Script/Engine.ExpressionInput:Expression: unresolved reference to 'MaterialExpressionScalarParameter'"MaterialGraphNode_8.MaterialExpressionScalarParameter_0"')'
[2019.04.29-22.02.26:907][ 81]LogUObjectHash: Warning: Ambiguous search, could be MaterialGraphNode /Engine/Transient.lambert13SG:MaterialGraph_0.MaterialGraphNode_9 or MaterialGraphNode /Engine/Transient.lambert10SG:MaterialGraph_0.MaterialGraphNode_9
[2019.04.29-22.02.26:907][ 81]LogProperty: Warning: ObjectProperty /Script/Engine.ExpressionInput:Expression: unresolved reference to 'MaterialExpressionScalarParameter'"MaterialGraphNode_9.MaterialExpressionScalarParameter_1"')'
[2019.04.29-22.02.26:908][ 81]LogUObjectHash: Warning: Ambiguous search, could be MaterialGraphNode /Engine/Transient.lambert13SG:MaterialGraph_0.MaterialGraphNode_7 or MaterialGraphNode /Engine/Transient.lambert10SG:MaterialGraph_0.MaterialGraphNode_7
[2019.04.29-22.02.26:908][ 81]LogProperty: Warning: ObjectProperty /Script/Engine.ExpressionInput:Expression: unresolved reference to 'MaterialExpressionTextureCoordinate'"MaterialGraphNode_7.MaterialExpressionTextureCoordinate_0"')'
[2019.04.29-22.02.26:908][ 81]LogUObjectHash: Warning: Ambiguous search, could be MaterialGraphNode /Engine/Transient.lambert13SG:MaterialGraph_0.MaterialGraphNode_12 or MaterialGraphNode /Engine/Transient.lambert10SG:MaterialGraph_0.MaterialGraphNode_12
[2019.04.29-22.02.26:908][ 81]LogProperty: Warning: ObjectProperty /Script/Engine.ExpressionInput:Expression: unresolved reference to 'MaterialExpressionAppendVector'"MaterialGraphNode_12.MaterialExpressionAppendVector_0"')'
[2019.04.29-22.02.26:908][ 81]LogUObjectHash: Warning: Ambiguous search, could be MaterialGraphNode /Engine/Transient.lambert13SG:MaterialGraph_0.MaterialGraphNode_10 or MaterialGraphNode /Engine/Transient.lambert10SG:MaterialGraph_0.MaterialGraphNode_10
[2019.04.29-22.02.26:908][ 81]LogProperty: Warning: ObjectProperty /Script/Engine.ExpressionInput:Expression: unresolved reference to 'MaterialExpressionScalarParameter'"MaterialGraphNode_10.MaterialExpressionScalarParameter_2"')'
[2019.04.29-22.02.26:908][ 81]LogUObjectHash: Warning: Ambiguous search, could be MaterialGraphNode /Engine/Transient.lambert13SG:MaterialGraph_0.MaterialGraphNode_11 or MaterialGraphNode /Engine/Transient.lambert10SG:MaterialGraph_0.MaterialGraphNode_11
[2019.04.29-22.02.26:908][ 81]LogProperty: Warning: ObjectProperty /Script/Engine.ExpressionInput:Expression: unresolved reference to 'MaterialExpressionScalarParameter'"MaterialGraphNode_11.MaterialExpressionScalarParameter_3"')'
[2019.04.29-22.02.26:908][ 81]LogUObjectHash: Warning: Ambiguous search, could be MaterialGraphNode /Engine/Transient.lambert13SG:MaterialGraph_0.MaterialGraphNode_13 or MaterialGraphNode /Engine/Transient.lambert10SG:MaterialGraph_0.MaterialGraphNode_13
[2019.04.29-22.02.26:908][ 81]LogProperty: Warning: ObjectProperty /Script/Engine.ExpressionInput:Expression: unresolved reference to 'MaterialExpressionMultiply'"MaterialGraphNode_13.MaterialExpressionMultiply_0"')'
[2019.04.29-22.02.26:909][ 81]LogUObjectHash: Warning: Ambiguous search, could be MaterialGraphNode /Engine/Transient.lambert13SG:MaterialGraph_0.MaterialGraphNode_14 or MaterialGraphNode /Engine/Transient.lambert10SG:MaterialGraph_0.MaterialGraphNode_14
[2019.04.29-22.02.26:909][ 81]LogProperty: Warning: ObjectProperty /Script/Engine.ExpressionInput:Expression: unresolved reference to 'MaterialExpressionAppendVector'"MaterialGraphNode_14.MaterialExpressionAppendVector_1"')'
[2019.04.29-22.02.26:922][ 81]LogMaterial: Display: Missing cached shader map for material lambert10SG, compiling. 
[2019.04.29-22.02.26:936][ 81]LogMaterial: Display: Missing cached shader map for material FMatExpressionPreview MaterialExpressionTextureSampleParameter2D_1, compiling. 
[2019.04.29-22.02.26:941][ 81]LogShaderCompilers: Display: Shaders left to compile 21
[2019.04.29-22.02.26:941][ 81]LogShaderCompilers: Display: Shaders left to compile 20
[2019.04.29-22.02.26:941][ 81]LogShaderCompilers: Display: Shaders left to compile 19
[2019.04.29-22.02.26:941][ 81]LogMaterial: Display: Missing cached shader map for material FMatExpressionPreview MaterialExpressionTextureSampleParameter2D_0, compiling. 
[2019.04.29-22.02.26:946][ 81]LogMaterial: Display: Missing cached shader map for material FMatExpressionPreview MaterialExpressionTextureCoordinate_0, compiling. 
[2019.04.29-22.02.26:950][ 81]LogMaterial: Display: Missing cached shader map for material FMatExpressionPreview MaterialExpressionVectorParameter_0, compiling. 
[2019.04.29-22.02.27:402][129]LogShaderCompilers: Display: Shaders left to compile 26
[2019.04.29-22.02.27:402][129]LogShaderCompilers: Display: Shaders left to compile 25
[2019.04.29-22.02.27:506][140]LogShaderCompilers: Display: Shaders left to compile 24
[2019.04.29-22.02.28:229][199]LogShaderCompilers: Display: Shaders left to compile 23
[2019.04.29-22.02.28:344][210]LogShaderCompilers: Display: Shaders left to compile 22
[2019.04.29-22.02.28:412][212]LogShaderCompilers: Display: Shaders left to compile 21
[2019.04.29-22.02.28:601][218]LogShaderCompilers: Display: Shaders left to compile 20
[2019.04.29-22.02.28:601][218]LogShaderCompilers: Display: Shaders left to compile 19
[2019.04.29-22.02.28:975][236]LogShaderCompilers: Display: Shaders left to compile 18
[2019.04.29-22.02.29:537][265]LogShaderCompilers: Display: Shaders left to compile 17
[2019.04.29-22.02.29:547][265]LogShaderCompilers: Display: Shaders left to compile 16
[2019.04.29-22.02.29:584][267]LogShaderCompilers: Display: Shaders left to compile 15
[2019.04.29-22.02.30:005][311]LogShaderCompilers: Display: Shaders left to compile 14
[2019.04.29-22.02.30:306][345]LogShaderCompilers: Display: Shaders left to compile 13
[2019.04.29-22.02.30:478][365]LogShaderCompilers: Display: Shaders left to compile 12
[2019.04.29-22.02.30:691][387]LogShaderCompilers: Display: Shaders left to compile 11
[2019.04.29-22.02.30:950][417]LogShaderCompilers: Display: Shaders left to compile 10
[2019.04.29-22.02.31:050][427]LogShaderCompilers: Display: Shaders left to compile 9
[2019.04.29-22.02.31:526][482]LogShaderCompilers: Display: Shaders left to compile 8
[2019.04.29-22.02.31:545][484]LogShaderCompilers: Display: Shaders left to compile 7
[2019.04.29-22.02.31:768][510]LogShaderCompilers: Display: Shaders left to compile 6
[2019.04.29-22.02.31:794][512]MaterialEditorStats: Base pass shader: 102 instructions
[2019.04.29-22.02.31:794][512]MaterialEditorStats: Base pass shader with Volumetric Lightmap: 175 instructions
[2019.04.29-22.02.31:794][512]MaterialEditorStats: Base pass vertex shader: 36 instructions
[2019.04.29-22.02.31:794][512]MaterialEditorStats: Texture samplers: 4/16
[2019.04.29-22.02.31:794][512]MaterialEditorStats: Texture Lookups (Est.): VS(0), PS(1)
[2019.04.29-22.02.31:794][512]MaterialEditorStats: User interpolators: 2/4 Scalars (1/4 Vectors) (TexCoords: 2, Custom: 0)
[2019.04.29-22.02.31:947][528]LogShaderCompilers: Display: Shaders left to compile 5
[2019.04.29-22.02.32:035][536]LogShaderCompilers: Display: Shaders left to compile 4
[2019.04.29-22.02.32:360][573]LogShaderCompilers: Display: Shaders left to compile 3
[2019.04.29-22.02.32:452][583]LogShaderCompilers: Display: Shaders left to compile 2
[2019.04.29-22.02.32:682][610]LogShaderCompilers: Display: Shaders left to compile 1
[2019.04.29-22.02.32:722][613]LogMaterial: Display: Missing cached shader map for material lambert10SG, compiling. 
[2019.04.29-22.02.32:749][613]LogShaderCompilers: Display: Shaders left to compile 21
[2019.04.29-22.02.32:841][613]LogMaterial: Display: Missing cached shader map for material FMatExpressionPreview MaterialExpressionTextureSampleParameter2D_1, compiling. 
[2019.04.29-22.02.32:847][613]LogMaterial: Display: Missing cached shader map for material FMatExpressionPreview MaterialExpressionTextureSampleParameter2D_0, compiling. 
[2019.04.29-22.02.32:852][613]LogMaterial: Display: Missing cached shader map for material FMatExpressionPreview MaterialExpressionTextureCoordinate_0, compiling. 
[2019.04.29-22.02.32:857][613]LogMaterial: Display: Missing cached shader map for material FMatExpressionPreview MaterialExpressionVectorParameter_0, compiling. 
[2019.04.29-22.02.32:955][620]LogShaderCompilers: Display: Shaders left to compile 28
[2019.04.29-22.02.32:965][621]LogShaderCompilers: Display: Shaders left to compile 27
[2019.04.29-22.02.33:016][627]LogShaderCompilers: Display: Shaders left to compile 26
[2019.04.29-22.02.33:295][657]LogShaderCompilers: Display: Shaders left to compile 25
[2019.04.29-22.02.33:320][660]LogShaderCompilers: Display: Shaders left to compile 24
[2019.04.29-22.02.33:330][661]LogShaderCompilers: Display: Shaders left to compile 23
[2019.04.29-22.02.33:581][690]LogShaderCompilers: Display: Shaders left to compile 22
[2019.04.29-22.02.33:582][690]LogShaderCompilers: Display: Shaders left to compile 21
[2019.04.29-22.02.33:605][693]LogShaderCompilers: Display: Shaders left to compile 20
[2019.04.29-22.02.33:769][712]LogShaderCompilers: Display: Shaders left to compile 19
[2019.04.29-22.02.33:777][713]LogShaderCompilers: Display: Shaders left to compile 18
[2019.04.29-22.02.34:189][757]LogShaderCompilers: Display: Shaders left to compile 17
[2019.04.29-22.02.34:345][775]LogShaderCompilers: Display: Shaders left to compile 16
[2019.04.29-22.02.34:442][786]LogShaderCompilers: Display: Shaders left to compile 15
[2019.04.29-22.02.34:882][835]LogShaderCompilers: Display: Shaders left to compile 14
[2019.04.29-22.02.34:978][846]LogShaderCompilers: Display: Shaders left to compile 13
[2019.04.29-22.02.35:122][860]LogShaderCompilers: Display: Shaders left to compile 12
[2019.04.29-22.02.35:444][896]LogShaderCompilers: Display: Shaders left to compile 11
[2019.04.29-22.02.35:460][898]LogShaderCompilers: Display: Shaders left to compile 10
[2019.04.29-22.02.35:582][912]LogShaderCompilers: Display: Shaders left to compile 9
[2019.04.29-22.02.35:913][949]LogShaderCompilers: Display: Shaders left to compile 8
[2019.04.29-22.02.35:921][950]LogShaderCompilers: Display: Shaders left to compile 7
[2019.04.29-22.02.35:939][951]LogShaderCompilers: Display: Shaders left to compile 6
[2019.04.29-22.02.36:047][963]LogMaterial: Display: Missing cached shader map for material lambert10SG, compiling. 
[2019.04.29-22.02.36:249][981]LogShaderCompilers: Display: Shaders left to compile 26
[2019.04.29-22.02.36:325][989]LogShaderCompilers: Display: Shaders left to compile 25
[2019.04.29-22.02.36:489][  8]LogShaderCompilers: Display: Shaders left to compile 24
[2019.04.29-22.02.36:621][ 23]LogShaderCompilers: Display: Shaders left to compile 23
[2019.04.29-22.02.36:879][ 52]LogShaderCompilers: Display: Shaders left to compile 22
[2019.04.29-22.02.36:901][ 54]LogShaderCompilers: Display: Shaders left to compile 21
[2019.04.29-22.02.37:157][ 83]LogShaderCompilers: Display: Shaders left to compile 20
[2019.04.29-22.02.37:177][ 84]LogShaderCompilers: Display: Shaders left to compile 19
[2019.04.29-22.02.37:283][ 96]LogShaderCompilers: Display: Shaders left to compile 18
[2019.04.29-22.02.37:433][113]LogShaderCompilers: Display: Shaders left to compile 17
[2019.04.29-22.02.37:469][117]LogShaderCompilers: Display: Shaders left to compile 16
[2019.04.29-22.02.37:556][127]LogShaderCompilers: Display: Shaders left to compile 15
[2019.04.29-22.02.37:677][141]LogShaderCompilers: Display: Shaders left to compile 14
[2019.04.29-22.02.37:691][142]LogMaterial: Display: Missing cached shader map for material lambert10SG, compiling. 
[2019.04.29-22.02.37:705][142]LogShaderCompilers: Display: Shaders left to compile 21
[2019.04.29-22.02.37:782][151]LogShaderCompilers: Display: Shaders left to compile 20
[2019.04.29-22.02.37:884][163]LogShaderCompilers: Display: Shaders left to compile 19
[2019.04.29-22.02.38:110][189]LogShaderCompilers: Display: Shaders left to compile 18
[2019.04.29-22.02.38:162][195]LogShaderCompilers: Display: Shaders left to compile 17
[2019.04.29-22.02.38:283][206]LogShaderCompilers: Display: Shaders left to compile 16
[2019.04.29-22.02.38:412][221]LogShaderCompilers: Display: Shaders left to compile 15
[2019.04.29-22.02.38:504][232]LogShaderCompilers: Display: Shaders left to compile 14
[2019.04.29-22.02.38:539][236]LogShaderCompilers: Display: Shaders left to compile 13
[2019.04.29-22.02.38:674][250]LogShaderCompilers: Display: Shaders left to compile 12
[2019.04.29-22.02.38:714][255]LogShaderCompilers: Display: Shaders left to compile 11
[2019.04.29-22.02.38:749][259]LogShaderCompilers: Display: Shaders left to compile 10
[2019.04.29-22.02.39:121][301]LogShaderCompilers: Display: Shaders left to compile 9
[2019.04.29-22.02.39:163][306]LogShaderCompilers: Display: Shaders left to compile 8
[2019.04.29-22.02.39:272][318]LogShaderCompilers: Display: Shaders left to compile 7
[2019.04.29-22.02.39:623][358]LogShaderCompilers: Display: Shaders left to compile 6
[2019.04.29-22.02.39:675][364]LogShaderCompilers: Display: Shaders left to compile 5
[2019.04.29-22.02.39:751][373]LogShaderCompilers: Display: Shaders left to compile 4
[2019.04.29-22.02.40:104][413]LogShaderCompilers: Display: Shaders left to compile 3
[2019.04.29-22.02.40:189][423]LogShaderCompilers: Display: Shaders left to compile 2
[2019.04.29-22.02.40:286][434]LogShaderCompilers: Display: Shaders left to compile 1
[2019.04.29-22.02.41:645][585]MaterialEditorStats: Base pass shader: 109 instructions
[2019.04.29-22.02.41:645][585]MaterialEditorStats: Base pass shader with Volumetric Lightmap: 183 instructions
[2019.04.29-22.02.41:645][585]MaterialEditorStats: Base pass vertex shader: 36 instructions
[2019.04.29-22.02.41:645][585]MaterialEditorStats: Texture samplers: 4/16
[2019.04.29-22.02.41:645][585]MaterialEditorStats: Texture Lookups (Est.): VS(0), PS(1)
[2019.04.29-22.02.41:645][585]MaterialEditorStats: User interpolators: 2/4 Scalars (1/4 Vectors) (TexCoords: 2, Custom: 0)
[2019.04.29-22.02.41:988][626]LogEditorTransaction: Undo Move Node
[2019.04.29-22.02.42:000][626]LogMaterial: Display: Missing cached shader map for material lambert10SG, compiling. 
[2019.04.29-22.02.42:011][626]LogShaderCompilers: Display: Shaders left to compile 21
[2019.04.29-22.02.42:011][626]LogShaderCompilers: Display: Shaders left to compile 20
[2019.04.29-22.02.42:011][626]LogShaderCompilers: Display: Shaders left to compile 19
[2019.04.29-22.02.42:465][668]LogShaderCompilers: Display: Shaders left to compile 18
[2019.04.29-22.02.42:509][674]LogShaderCompilers: Display: Shaders left to compile 17
[2019.04.29-22.02.42:543][678]LogShaderCompilers: Display: Shaders left to compile 16
[2019.04.29-22.02.42:770][702]LogShaderCompilers: Display: Shaders left to compile 15
[2019.04.29-22.02.42:815][707]LogShaderCompilers: Display: Shaders left to compile 14
[2019.04.29-22.02.42:910][717]LogShaderCompilers: Display: Shaders left to compile 13
[2019.04.29-22.02.43:212][751]LogShaderCompilers: Display: Shaders left to compile 12
[2019.04.29-22.02.43:296][760]LogShaderCompilers: Display: Shaders left to compile 11
[2019.04.29-22.02.43:415][774]LogShaderCompilers: Display: Shaders left to compile 10
[2019.04.29-22.02.43:677][803]LogMaterial: Display: Missing cached shader map for material lambert10SG, compiling. 
[2019.04.29-22.02.44:029][839]LogShaderCompilers: Display: Shaders left to compile 21
[2019.04.29-22.02.44:046][841]LogShaderCompilers: Display: Shaders left to compile 20
[2019.04.29-22.02.44:065][843]LogShaderCompilers: Display: Shaders left to compile 19
[2019.04.29-22.02.44:440][886]LogShaderCompilers: Display: Shaders left to compile 18
[2019.04.29-22.02.44:449][887]LogShaderCompilers: Display: Shaders left to compile 17
[2019.04.29-22.02.44:555][899]LogShaderCompilers: Display: Shaders left to compile 16
[2019.04.29-22.02.44:762][920]LogShaderCompilers: Display: Shaders left to compile 15
[2019.04.29-22.02.44:794][924]LogShaderCompilers: Display: Shaders left to compile 14
[2019.04.29-22.02.44:853][931]LogShaderCompilers: Display: Shaders left to compile 13
[2019.04.29-22.02.44:977][945]LogShaderCompilers: Display: Shaders left to compile 12
[2019.04.29-22.02.44:985][946]LogShaderCompilers: Display: Shaders left to compile 11
[2019.04.29-22.02.45:110][960]LogShaderCompilers: Display: Shaders left to compile 10
[2019.04.29-22.02.45:468][  0]LogShaderCompilers: Display: Shaders left to compile 9
[2019.04.29-22.02.45:468][  0]LogShaderCompilers: Display: Shaders left to compile 8
[2019.04.29-22.02.45:612][ 17]LogShaderCompilers: Display: Shaders left to compile 7
[2019.04.29-22.02.45:777][ 33]LogMaterial: Display: Missing cached shader map for material lambert10SG, compiling. 
[2019.04.29-22.02.45:976][ 54]LogShaderCompilers: Display: Shaders left to compile 21
[2019.04.29-22.02.46:026][ 60]LogShaderCompilers: Display: Shaders left to compile 20
[2019.04.29-22.02.46:079][ 66]LogShaderCompilers: Display: Shaders left to compile 19
[2019.04.29-22.02.46:357][ 98]LogShaderCompilers: Display: Shaders left to compile 18
[2019.04.29-22.02.46:417][105]LogShaderCompilers: Display: Shaders left to compile 17
[2019.04.29-22.02.46:426][106]LogShaderCompilers: Display: Shaders left to compile 16
[2019.04.29-22.02.46:678][135]LogShaderCompilers: Display: Shaders left to compile 15
[2019.04.29-22.02.46:720][140]LogShaderCompilers: Display: Shaders left to compile 14
[2019.04.29-22.02.46:730][141]LogShaderCompilers: Display: Shaders left to compile 13
[2019.04.29-22.02.46:883][155]LogShaderCompilers: Display: Shaders left to compile 12
[2019.04.29-22.02.46:958][164]LogShaderCompilers: Display: Shaders left to compile 11
[2019.04.29-22.02.46:966][165]LogShaderCompilers: Display: Shaders left to compile 10
[2019.04.29-22.02.47:321][205]LogShaderCompilers: Display: Shaders left to compile 9
[2019.04.29-22.02.47:515][227]LogShaderCompilers: Display: Shaders left to compile 8
[2019.04.29-22.02.47:517][227]LogShaderCompilers: Display: Shaders left to compile 7
[2019.04.29-22.02.47:764][255]LogMaterial: Display: Missing cached shader map for material lambert10SG, compiling. 
[2019.04.29-22.02.47:786][255]LogMaterial: Display: Missing cached shader map for material FMatExpressionPreview MaterialExpressionTextureSampleParameter2D_1, compiling. 
[2019.04.29-22.02.47:800][255]LogShaderCompilers: Display: Shaders left to compile 23
[2019.04.29-22.02.47:835][256]LogShaderCompilers: Display: Shaders left to compile 22
[2019.04.29-22.02.48:162][289]LogShaderCompilers: Display: Shaders left to compile 21
[2019.04.29-22.02.48:265][301]LogShaderCompilers: Display: Shaders left to compile 20
[2019.04.29-22.02.48:308][306]LogShaderCompilers: Display: Shaders left to compile 19
[2019.04.29-22.02.48:546][333]LogShaderCompilers: Display: Shaders left to compile 18
[2019.04.29-22.02.48:619][340]LogShaderCompilers: Display: Shaders left to compile 17
[2019.04.29-22.02.48:697][348]LogShaderCompilers: Display: Shaders left to compile 16
[2019.04.29-22.02.48:900][364]LogShaderCompilers: Display: Shaders left to compile 15
[2019.04.29-22.02.48:900][364]LogShaderCompilers: Display: Shaders left to compile 14
[2019.04.29-22.02.48:990][374]LogShaderCompilers: Display: Shaders left to compile 13
[2019.04.29-22.02.49:144][392]LogShaderCompilers: Display: Shaders left to compile 12
[2019.04.29-22.02.49:538][434]LogShaderCompilers: Display: Shaders left to compile 11
[2019.04.29-22.02.49:571][438]LogShaderCompilers: Display: Shaders left to compile 10
[2019.04.29-22.02.49:605][442]LogShaderCompilers: Display: Shaders left to compile 9
[2019.04.29-22.02.49:938][477]LogShaderCompilers: Display: Shaders left to compile 8
[2019.04.29-22.02.50:085][494]LogShaderCompilers: Display: Shaders left to compile 7
[2019.04.29-22.02.50:102][496]LogShaderCompilers: Display: Shaders left to compile 6
[2019.04.29-22.02.50:583][549]LogShaderCompilers: Display: Shaders left to compile 5
[2019.04.29-22.02.50:602][551]LogShaderCompilers: Display: Shaders left to compile 4
[2019.04.29-22.02.50:957][589]LogShaderCompilers: Display: Shaders left to compile 3
[2019.04.29-22.02.51:184][615]LogShaderCompilers: Display: Shaders left to compile 2
[2019.04.29-22.02.51:208][618]LogShaderCompilers: Display: Shaders left to compile 1
[2019.04.29-22.02.51:361][633]MaterialEditorStats: Base pass shader: 116 instructions
[2019.04.29-22.02.51:361][633]MaterialEditorStats: Base pass shader with Volumetric Lightmap: 190 instructions
[2019.04.29-22.02.51:361][633]MaterialEditorStats: Base pass vertex shader: 36 instructions
[2019.04.29-22.02.51:361][633]MaterialEditorStats: Texture samplers: 5/16
[2019.04.29-22.02.51:361][633]MaterialEditorStats: Texture Lookups (Est.): VS(0), PS(2)
[2019.04.29-22.02.51:361][633]MaterialEditorStats: User interpolators: 2/4 Scalars (1/4 Vectors) (TexCoords: 2, Custom: 0)
[2019.04.29-22.03.16:246][519]LogMaterial: Display: Missing cached shader map for material lambert10SG, compiling. 
[2019.04.29-22.03.16:263][519]LogShaderCompilers: Display: Shaders left to compile 21
[2019.04.29-22.03.16:263][519]LogShaderCompilers: Display: Shaders left to compile 20
[2019.04.29-22.03.16:263][519]LogShaderCompilers: Display: Shaders left to compile 19
[2019.04.29-22.03.16:266][519]LogMaterial: Display: Missing cached shader map for material FMatExpressionPreview MaterialExpressionTextureSampleParameter2D_0, compiling. 
[2019.04.29-22.03.16:294][519]LogMaterial: Display: Missing cached shader map for material lambert10SG, compiling. 
[2019.04.29-22.03.17:003][596]LogShaderCompilers: Display: Shaders left to compile 23
[2019.04.29-22.03.17:106][608]LogShaderCompilers: Display: Shaders left to compile 22
[2019.04.29-22.03.17:524][656]LogShaderCompilers: Display: Shaders left to compile 21
[2019.04.29-22.03.17:533][657]LogShaderCompilers: Display: Shaders left to compile 20
[2019.04.29-22.03.17:584][663]LogShaderCompilers: Display: Shaders left to compile 19
[2019.04.29-22.03.17:889][695]LogShaderCompilers: Display: Shaders left to compile 18
[2019.04.29-22.03.17:902][696]LogShaderCompilers: Display: Shaders left to compile 17
[2019.04.29-22.03.18:016][709]LogShaderCompilers: Display: Shaders left to compile 16
[2019.04.29-22.03.18:165][726]LogShaderCompilers: Display: Shaders left to compile 15
[2019.04.29-22.03.18:191][729]LogShaderCompilers: Display: Shaders left to compile 14
[2019.04.29-22.03.18:333][745]LogShaderCompilers: Display: Shaders left to compile 13
[2019.04.29-22.03.18:445][758]LogShaderCompilers: Display: Shaders left to compile 12
[2019.04.29-22.03.18:445][758]LogShaderCompilers: Display: Shaders left to compile 11
[2019.04.29-22.03.18:584][774]LogShaderCompilers: Display: Shaders left to compile 10
[2019.04.29-22.03.19:075][828]LogShaderCompilers: Display: Shaders left to compile 9
[2019.04.29-22.03.19:137][835]LogShaderCompilers: Display: Shaders left to compile 8
[2019.04.29-22.03.19:146][836]LogShaderCompilers: Display: Shaders left to compile 7
[2019.04.29-22.03.19:492][872]LogShaderCompilers: Display: Shaders left to compile 6
[2019.04.29-22.03.19:726][896]LogShaderCompilers: Display: Shaders left to compile 5
[2019.04.29-22.03.19:769][901]LogShaderCompilers: Display: Shaders left to compile 4
[2019.04.29-22.03.20:110][940]LogShaderCompilers: Display: Shaders left to compile 3
[2019.04.29-22.03.20:265][958]LogShaderCompilers: Display: Shaders left to compile 2
[2019.04.29-22.03.20:814][985]LogShaderCompilers: Display: Shaders left to compile 1
[2019.04.29-22.03.21:073][991]MaterialEditorStats: Base pass shader: 116 instructions
[2019.04.29-22.03.21:073][991]MaterialEditorStats: Base pass shader with Volumetric Lightmap: 190 instructions
[2019.04.29-22.03.21:073][991]MaterialEditorStats: Base pass vertex shader: 36 instructions
[2019.04.29-22.03.21:073][991]MaterialEditorStats: Texture samplers: 5/16
[2019.04.29-22.03.21:073][991]MaterialEditorStats: Texture Lookups (Est.): VS(0), PS(2)
[2019.04.29-22.03.21:073][991]MaterialEditorStats: User interpolators: 2/4 Scalars (1/4 Vectors) (TexCoords: 2, Custom: 0)
[2019.04.29-22.03.32:434][ 62]LogFactory: FactoryCreateFile: Texture with ReimportTextureFactory (0 0 ../../../../../../Users/u6004915/Documents/GitHub/LY_AssetPipeline/Texture/LY_OCTextures/WoodNorm9.tga)
[2019.04.29-22.03.32:547][ 62]LogTexture: Display: Building textures: WoodNorm9 (BC5, 2048X2048)
[2019.04.29-22.03.38:833][413]Cmd: OBJ SAVEPACKAGE PACKAGE="/Game/LY_Decor/WoodNormShrine" FILE="../../../../../../Users/u6004915/Documents/GitHub/LY_AssetPipeline/LY_ICWhiteBox/Content/LY_Decor/WoodNormShrine.uasset" SILENT=true
[2019.04.29-22.03.39:468][413]LogSavePackage: Moving '../../../../../../Users/u6004915/Documents/GitHub/LY_AssetPipeline/LY_ICWhiteBox/Saved/WoodNormShrine350A61D44BE330DACD6AA7A25CDA545E.tmp' to '../../../../../../Users/u6004915/Documents/GitHub/LY_AssetPipeline/LY_ICWhiteBox/Content/LY_Decor/WoodNormShrine.uasset'
[2019.04.29-22.03.44:426][720]Cmd: OBJ SAVEPACKAGE PACKAGE="/Game/LY_Decor/WoodTextShrine" FILE="../../../../../../Users/u6004915/Documents/GitHub/LY_AssetPipeline/LY_ICWhiteBox/Content/LY_Decor/WoodTextShrine.uasset" SILENT=true
[2019.04.29-22.03.44:827][720]LogSavePackage: Moving '../../../../../../Users/u6004915/Documents/GitHub/LY_AssetPipeline/LY_ICWhiteBox/Saved/WoodTextShrineBB254ACD45F98A164A5263917ECD194E.tmp' to '../../../../../../Users/u6004915/Documents/GitHub/LY_AssetPipeline/LY_ICWhiteBox/Content/LY_Decor/WoodTextShrine.uasset'
